[ 2015-09-01T17:14:00+08:00 ] 127.0.0.1 /club/index.php/Club/Login
INFO: [ app_init ] --START--
INFO: Run Behavior\BuildLiteBehavior [ RunTime:0.000034s ]
INFO: [ app_init ] --END-- [ RunTime:0.000854s ]

[ 2015-09-01T17:14:02+08:00 ] 127.0.0.1 /club/index.php/Club/Login/handle.html
INFO: [ app_init ] --START--
INFO: Run Behavior\BuildLiteBehavior [ RunTime:0.000017s ]
INFO: [ app_init ] --END-- [ RunTime:0.000466s ]

[ 2015-09-01T17:14:15+08:00 ] 127.0.0.1 /club/index.php/Club/Login/handle.html
INFO: [ app_init ] --START--
INFO: Run Behavior\BuildLiteBehavior [ RunTime:0.000016s ]
INFO: [ app_init ] --END-- [ RunTime:0.000483s ]

[ 2015-09-01T17:16:11+08:00 ] 127.0.0.1 /club/index.php/Club/Login/handle.html
INFO: [ app_init ] --START--
INFO: Run Behavior\BuildLiteBehavior [ RunTime:0.000020s ]
INFO: [ app_init ] --END-- [ RunTime:0.000587s ]

[ 2015-09-01T17:29:06+08:00 ] 127.0.0.1 /club/index.php/Club/Login
INFO: [ app_init ] --START--
INFO: Run Behavior\BuildLiteBehavior [ RunTime:0.000038s ]
INFO: [ app_init ] --END-- [ RunTime:0.000956s ]

[ 2015-09-01T17:29:07+08:00 ] 127.0.0.1 /club/index.php/Club/Login/handle.html
INFO: [ app_init ] --START--
INFO: Run Behavior\BuildLiteBehavior [ RunTime:0.000025s ]
INFO: [ app_init ] --END-- [ RunTime:0.000823s ]

[ 2015-09-01T17:29:42+08:00 ] 127.0.0.1 /club/index.php/Club/Login
INFO: [ app_init ] --START--
INFO: Run Behavior\BuildLiteBehavior [ RunTime:0.000030s ]
INFO: [ app_init ] --END-- [ RunTime:0.000612s ]

[ 2015-09-01T17:30:00+08:00 ] 127.0.0.1 /club/index.php/Club/Login
INFO: [ app_init ] --START--
INFO: Run Behavior\BuildLiteBehavior [ RunTime:0.000027s ]
INFO: [ app_init ] --END-- [ RunTime:0.000668s ]

[ 2015-09-01T17:30:59+08:00 ] 127.0.0.1 /club/index.php/Club/Login
INFO: [ app_init ] --START--
INFO: Run Behavior\BuildLiteBehavior [ RunTime:0.000024s ]
INFO: [ app_init ] --END-- [ RunTime:0.000652s ]

[ 2015-09-01T17:31:00+08:00 ] 127.0.0.1 /club/index.php/Club/Login/handle
INFO: [ app_init ] --START--
INFO: Run Behavior\BuildLiteBehavior [ RunTime:0.000016s ]
INFO: [ app_init ] --END-- [ RunTime:0.000411s ]
INFO: [ app_begin ] --START--
INFO: Run Behavior\ReadHtmlCacheBehavior [ RunTime:0.000997s ]
INFO: [ app_begin ] --END-- [ RunTime:0.001099s ]
NOTIC: [2] Missing argument 1 for I(), called in D:\WWW\club\Application\Club\Controller\LoginController.class.php on line 23 and defined D:\WWW\club\ThinkPHP\Common\functions.php 第 271 行.
NOTIC: [8] Undefined variable: name D:\WWW\club\ThinkPHP\Common\functions.php 第 273 行.
NOTIC: [8] Undefined variable: name D:\WWW\club\ThinkPHP\Common\functions.php 第 278 行.
NOTIC: [8] Undefined variable: name D:\WWW\club\ThinkPHP\Common\functions.php 第 339 行.
SQL: SHOW COLUMNS FROM `club_club` [ RunTime:0.0063s ]

[ 2015-09-01T17:31:08+08:00 ] 127.0.0.1 /club/index.php/Club/Login/handle
INFO: [ app_init ] --START--
INFO: Run Behavior\BuildLiteBehavior [ RunTime:0.000015s ]
INFO: [ app_init ] --END-- [ RunTime:0.000486s ]
INFO: [ app_begin ] --START--
INFO: Run Behavior\ReadHtmlCacheBehavior [ RunTime:0.000887s ]
INFO: [ app_begin ] --END-- [ RunTime:0.000967s ]
NOTIC: [2] Missing argument 1 for I(), called in D:\WWW\club\Application\Club\Controller\LoginController.class.php on line 23 and defined D:\WWW\club\ThinkPHP\Common\functions.php 第 271 行.
NOTIC: [8] Undefined variable: name D:\WWW\club\ThinkPHP\Common\functions.php 第 273 行.
NOTIC: [8] Undefined variable: name D:\WWW\club\ThinkPHP\Common\functions.php 第 278 行.
NOTIC: [8] Undefined variable: name D:\WWW\club\ThinkPHP\Common\functions.php 第 339 行.
SQL: SHOW COLUMNS FROM `club_club` [ RunTime:0.0039s ]

[ 2015-09-01T17:31:11+08:00 ] 127.0.0.1 /club/index.php/Club/Login/handle
INFO: [ app_init ] --START--
INFO: Run Behavior\BuildLiteBehavior [ RunTime:0.000016s ]
INFO: [ app_init ] --END-- [ RunTime:0.000517s ]
INFO: [ app_begin ] --START--
INFO: Run Behavior\ReadHtmlCacheBehavior [ RunTime:0.000741s ]
INFO: [ app_begin ] --END-- [ RunTime:0.000803s ]
NOTIC: [2] Missing argument 1 for I(), called in D:\WWW\club\Application\Club\Controller\LoginController.class.php on line 23 and defined D:\WWW\club\ThinkPHP\Common\functions.php 第 271 行.
NOTIC: [8] Undefined variable: name D:\WWW\club\ThinkPHP\Common\functions.php 第 273 行.
NOTIC: [8] Undefined variable: name D:\WWW\club\ThinkPHP\Common\functions.php 第 278 行.
NOTIC: [8] Undefined variable: name D:\WWW\club\ThinkPHP\Common\functions.php 第 339 行.
SQL: SHOW COLUMNS FROM `club_club` [ RunTime:0.0040s ]
SQL: SELECT * FROM `club_club` WHERE `name` = '哦哦' LIMIT 1   [ RunTime:0.0004s ]

[ 2015-09-01T17:35:21+08:00 ] 127.0.0.1 /club/index.php/Club/Login/handle
INFO: [ app_init ] --START--
INFO: Run Behavior\BuildLiteBehavior [ RunTime:0.000023s ]
INFO: [ app_init ] --END-- [ RunTime:0.000612s ]
INFO: [ app_begin ] --START--
INFO: Run Behavior\ReadHtmlCacheBehavior [ RunTime:0.000861s ]
INFO: [ app_begin ] --END-- [ RunTime:0.000966s ]
NOTIC: [2] Missing argument 1 for I(), called in D:\WWW\club\Application\Club\Controller\LoginController.class.php on line 23 and defined D:\WWW\club\ThinkPHP\Common\functions.php 第 271 行.
NOTIC: [8] Undefined variable: name D:\WWW\club\ThinkPHP\Common\functions.php 第 273 行.
NOTIC: [8] Undefined variable: name D:\WWW\club\ThinkPHP\Common\functions.php 第 278 行.
NOTIC: [8] Undefined variable: name D:\WWW\club\ThinkPHP\Common\functions.php 第 339 行.
SQL: SHOW COLUMNS FROM `club_club` [ RunTime:0.0459s ]
SQL: SELECT * FROM `club_club` WHERE `name` = '哦哦' LIMIT 1   [ RunTime:0.0004s ]

[ 2015-09-01T17:35:58+08:00 ] 127.0.0.1 /club/index.php/Club/Login/handle
INFO: [ app_init ] --START--
INFO: Run Behavior\BuildLiteBehavior [ RunTime:0.000016s ]
INFO: [ app_init ] --END-- [ RunTime:0.000530s ]

[ 2015-09-01T17:36:02+08:00 ] 127.0.0.1 /club/index.php/Club/Login/handle
INFO: [ app_init ] --START--
INFO: Run Behavior\BuildLiteBehavior [ RunTime:0.000126s ]
INFO: [ app_init ] --END-- [ RunTime:0.001077s ]

[ 2015-09-01T17:36:04+08:00 ] 127.0.0.1 /club/index.php/Club/Login/handle
INFO: [ app_init ] --START--
INFO: Run Behavior\BuildLiteBehavior [ RunTime:0.000017s ]
INFO: [ app_init ] --END-- [ RunTime:0.000445s ]

[ 2015-09-01T17:36:07+08:00 ] 127.0.0.1 /club/index.php/Club/Login/handle
INFO: [ app_init ] --START--
INFO: Run Behavior\BuildLiteBehavior [ RunTime:0.000018s ]
INFO: [ app_init ] --END-- [ RunTime:0.000546s ]

[ 2015-09-01T17:36:22+08:00 ] 127.0.0.1 /club/index.php/Club/Login/handle
INFO: [ app_init ] --START--
INFO: Run Behavior\BuildLiteBehavior [ RunTime:0.000019s ]
INFO: [ app_init ] --END-- [ RunTime:0.000496s ]

[ 2015-09-01T17:38:06+08:00 ] 127.0.0.1 /club/index.php/Club/Login/
INFO: [ app_init ] --START--
INFO: Run Behavior\BuildLiteBehavior [ RunTime:0.000044s ]
INFO: [ app_init ] --END-- [ RunTime:0.000494s ]

[ 2015-09-01T17:38:08+08:00 ] 127.0.0.1 /club/index.php/Club/Login/handle.html
INFO: [ app_init ] --START--
INFO: Run Behavior\BuildLiteBehavior [ RunTime:0.000015s ]
INFO: [ app_init ] --END-- [ RunTime:0.000414s ]
INFO: [ app_begin ] --START--
INFO: Run Behavior\ReadHtmlCacheBehavior [ RunTime:0.001172s ]
INFO: [ app_begin ] --END-- [ RunTime:0.001303s ]
NOTIC: [2] Missing argument 1 for I(), called in D:\WWW\club\Application\Club\Controller\LoginController.class.php on line 23 and defined D:\WWW\club\ThinkPHP\Common\functions.php 第 271 行.
NOTIC: [8] Undefined variable: name D:\WWW\club\ThinkPHP\Common\functions.php 第 273 行.
NOTIC: [8] Undefined variable: name D:\WWW\club\ThinkPHP\Common\functions.php 第 278 行.
NOTIC: [8] Undefined variable: name D:\WWW\club\ThinkPHP\Common\functions.php 第 339 行.
SQL: SHOW COLUMNS FROM `club_club` [ RunTime:0.0046s ]

[ 2015-09-01T17:38:44+08:00 ] 127.0.0.1 /club/index.php/Club/Login/
INFO: [ app_init ] --START--
INFO: Run Behavior\BuildLiteBehavior [ RunTime:0.000017s ]
INFO: [ app_init ] --END-- [ RunTime:0.000430s ]

[ 2015-09-01T17:38:45+08:00 ] 127.0.0.1 /club/index.php/Club/Login/www.wickedread.cn/club/index.php/Club/Login/handle
INFO: [ app_init ] --START--
INFO: Run Behavior\BuildLiteBehavior [ RunTime:0.000025s ]
INFO: [ app_init ] --END-- [ RunTime:0.000613s ]
INFO: [ app_begin ] --START--
INFO: Run Behavior\ReadHtmlCacheBehavior [ RunTime:0.000726s ]
INFO: [ app_begin ] --END-- [ RunTime:0.000799s ]
ERR: 非法操作:www.wickedread.cn

[ 2015-09-01T17:38:47+08:00 ] 127.0.0.1 /club/index.php/Club/Login/www.wickedread.cn/club/index.php/Club/Login/handle
INFO: [ app_init ] --START--
INFO: Run Behavior\BuildLiteBehavior [ RunTime:0.000114s ]
INFO: [ app_init ] --END-- [ RunTime:0.001717s ]
INFO: [ app_begin ] --START--
INFO: Run Behavior\ReadHtmlCacheBehavior [ RunTime:0.000818s ]
INFO: [ app_begin ] --END-- [ RunTime:0.000899s ]
ERR: 非法操作:www.wickedread.cn

[ 2015-09-01T17:39:06+08:00 ] 127.0.0.1 /club/index.php/Club/Login/
INFO: [ app_init ] --START--
INFO: Run Behavior\BuildLiteBehavior [ RunTime:0.000023s ]
INFO: [ app_init ] --END-- [ RunTime:0.000607s ]

[ 2015-09-01T17:41:30+08:00 ] 127.0.0.1 /club/index.php/Club/Login/
INFO: [ app_init ] --START--
INFO: Run Behavior\BuildLiteBehavior [ RunTime:0.000015s ]
INFO: [ app_init ] --END-- [ RunTime:0.000461s ]

[ 2015-09-01T17:41:56+08:00 ] 127.0.0.1 /club/index.php/Club/Login/
INFO: [ app_init ] --START--
INFO: Run Behavior\BuildLiteBehavior [ RunTime:0.000027s ]
INFO: [ app_init ] --END-- [ RunTime:0.000710s ]

[ 2015-09-01T17:41:57+08:00 ] 127.0.0.1 /club/index.php/Club/Login/[object%20Object]
INFO: [ app_init ] --START--
INFO: Run Behavior\BuildLiteBehavior [ RunTime:0.000019s ]
INFO: [ app_init ] --END-- [ RunTime:0.000461s ]
INFO: [ app_begin ] --START--
INFO: Run Behavior\ReadHtmlCacheBehavior [ RunTime:0.000870s ]
INFO: [ app_begin ] --END-- [ RunTime:0.000946s ]
ERR: 非法操作:[object Object]

[ 2015-09-01T17:42:12+08:00 ] 127.0.0.1 /club/index.php/Club/Login/[object%20Object]
INFO: [ app_init ] --START--
INFO: Run Behavior\BuildLiteBehavior [ RunTime:0.000016s ]
INFO: [ app_init ] --END-- [ RunTime:0.000407s ]
INFO: [ app_begin ] --START--
INFO: Run Behavior\ReadHtmlCacheBehavior [ RunTime:0.000882s ]
INFO: [ app_begin ] --END-- [ RunTime:0.000970s ]
ERR: 非法操作:[object Object]

[ 2015-09-01T17:42:28+08:00 ] 127.0.0.1 /club/index.php/Club/Login/
INFO: [ app_init ] --START--
INFO: Run Behavior\BuildLiteBehavior [ RunTime:0.000018s ]
INFO: [ app_init ] --END-- [ RunTime:0.000423s ]

[ 2015-09-01T17:48:14+08:00 ] 127.0.0.1 /club/index.php/Club/Login
INFO: [ app_init ] --START--
INFO: Run Behavior\BuildLiteBehavior [ RunTime:0.000019s ]
INFO: [ app_init ] --END-- [ RunTime:0.000585s ]

[ 2015-09-01T17:48:37+08:00 ] 127.0.0.1 /club/index.php/Club/Login
INFO: [ app_init ] --START--
INFO: Run Behavior\BuildLiteBehavior [ RunTime:0.000018s ]
INFO: [ app_init ] --END-- [ RunTime:0.000588s ]

[ 2015-09-01T17:48:38+08:00 ] 127.0.0.1 /club/index.php/Club/Login
INFO: [ app_init ] --START--
INFO: Run Behavior\BuildLiteBehavior [ RunTime:0.000023s ]
INFO: [ app_init ] --END-- [ RunTime:0.000499s ]

[ 2015-09-01T18:54:23+08:00 ] 127.0.0.1 /club/index.php/Club/Login
INFO: [ app_init ] --START--
INFO: Run Behavior\BuildLiteBehavior [ RunTime:0.000076s ]
INFO: [ app_init ] --END-- [ RunTime:0.001251s ]

[ 2015-09-01T18:55:20+08:00 ] 127.0.0.1 /club/index.php/Club/Login
INFO: [ app_init ] --START--
INFO: Run Behavior\BuildLiteBehavior [ RunTime:0.000019s ]
INFO: [ app_init ] --END-- [ RunTime:0.000417s ]

[ 2015-09-01T18:55:21+08:00 ] 127.0.0.1 /club/index.php/Club/Login/handle
INFO: [ app_init ] --START--
INFO: Run Behavior\BuildLiteBehavior [ RunTime:0.000037s ]
INFO: [ app_init ] --END-- [ RunTime:0.000465s ]
INFO: [ app_begin ] --START--
INFO: Run Behavior\ReadHtmlCacheBehavior [ RunTime:0.000543s ]
INFO: [ app_begin ] --END-- [ RunTime:0.000617s ]
NOTIC: [2] Missing argument 1 for I(), called in D:\WWW\club\Application\Club\Controller\LoginController.class.php on line 23 and defined D:\WWW\club\ThinkPHP\Common\functions.php 第 271 行.
NOTIC: [8] Undefined variable: name D:\WWW\club\ThinkPHP\Common\functions.php 第 273 行.
NOTIC: [8] Undefined variable: name D:\WWW\club\ThinkPHP\Common\functions.php 第 278 行.
NOTIC: [8] Undefined variable: name D:\WWW\club\ThinkPHP\Common\functions.php 第 339 行.
SQL: SHOW COLUMNS FROM `club_club` [ RunTime:0.0051s ]

[ 2015-09-01T18:55:25+08:00 ] 127.0.0.1 /club/index.php/Club/Login/handle
INFO: [ app_init ] --START--
INFO: Run Behavior\BuildLiteBehavior [ RunTime:0.000026s ]
INFO: [ app_init ] --END-- [ RunTime:0.000579s ]
INFO: [ app_begin ] --START--
INFO: Run Behavior\ReadHtmlCacheBehavior [ RunTime:0.000585s ]
INFO: [ app_begin ] --END-- [ RunTime:0.000660s ]
NOTIC: [2] Missing argument 1 for I(), called in D:\WWW\club\Application\Club\Controller\LoginController.class.php on line 23 and defined D:\WWW\club\ThinkPHP\Common\functions.php 第 271 行.
NOTIC: [8] Undefined variable: name D:\WWW\club\ThinkPHP\Common\functions.php 第 273 行.
NOTIC: [8] Undefined variable: name D:\WWW\club\ThinkPHP\Common\functions.php 第 278 行.
NOTIC: [8] Undefined variable: name D:\WWW\club\ThinkPHP\Common\functions.php 第 339 行.
SQL: SHOW COLUMNS FROM `club_club` [ RunTime:0.0041s ]

[ 2015-09-01T18:55:28+08:00 ] 127.0.0.1 /club/index.php/Club/Login/handle
INFO: [ app_init ] --START--
INFO: Run Behavior\BuildLiteBehavior [ RunTime:0.000027s ]
INFO: [ app_init ] --END-- [ RunTime:0.000653s ]
INFO: [ app_begin ] --START--
INFO: Run Behavior\ReadHtmlCacheBehavior [ RunTime:0.000882s ]
INFO: [ app_begin ] --END-- [ RunTime:0.001003s ]
NOTIC: [2] Missing argument 1 for I(), called in D:\WWW\club\Application\Club\Controller\LoginController.class.php on line 23 and defined D:\WWW\club\ThinkPHP\Common\functions.php 第 271 行.
NOTIC: [8] Undefined variable: name D:\WWW\club\ThinkPHP\Common\functions.php 第 273 行.
NOTIC: [8] Undefined variable: name D:\WWW\club\ThinkPHP\Common\functions.php 第 278 行.
NOTIC: [8] Undefined variable: name D:\WWW\club\ThinkPHP\Common\functions.php 第 339 行.
SQL: SHOW COLUMNS FROM `club_club` [ RunTime:0.0041s ]
SQL: SELECT * FROM `club_club` WHERE `name` = '的' LIMIT 1   [ RunTime:0.0006s ]

[ 2015-09-01T18:55:49+08:00 ] 127.0.0.1 /club/index.php/Club/Login/handle
INFO: [ app_init ] --START--
INFO: Run Behavior\BuildLiteBehavior [ RunTime:0.000016s ]
INFO: [ app_init ] --END-- [ RunTime:0.000454s ]
INFO: [ app_begin ] --START--
INFO: Run Behavior\ReadHtmlCacheBehavior [ RunTime:0.000593s ]
INFO: [ app_begin ] --END-- [ RunTime:0.000657s ]
NOTIC: [2] Missing argument 1 for I(), called in D:\WWW\club\Application\Club\Controller\LoginController.class.php on line 23 and defined D:\WWW\club\ThinkPHP\Common\functions.php 第 271 行.
NOTIC: [8] Undefined variable: name D:\WWW\club\ThinkPHP\Common\functions.php 第 273 行.
NOTIC: [8] Undefined variable: name D:\WWW\club\ThinkPHP\Common\functions.php 第 278 行.
NOTIC: [8] Undefined variable: name D:\WWW\club\ThinkPHP\Common\functions.php 第 339 行.
SQL: SHOW COLUMNS FROM `club_club` [ RunTime:0.0049s ]
SQL: SELECT * FROM `club_club` WHERE `name` = '鲁大学生网' LIMIT 1   [ RunTime:0.0004s ]

[ 2015-09-01T18:55:54+08:00 ] 127.0.0.1 /club/index.php/Club/Login/handle
INFO: [ app_init ] --START--
INFO: Run Behavior\BuildLiteBehavior [ RunTime:0.000023s ]
INFO: [ app_init ] --END-- [ RunTime:0.000548s ]
INFO: [ app_begin ] --START--
INFO: Run Behavior\ReadHtmlCacheBehavior [ RunTime:0.000767s ]
INFO: [ app_begin ] --END-- [ RunTime:0.000880s ]
NOTIC: [2] Missing argument 1 for I(), called in D:\WWW\club\Application\Club\Controller\LoginController.class.php on line 23 and defined D:\WWW\club\ThinkPHP\Common\functions.php 第 271 行.
NOTIC: [8] Undefined variable: name D:\WWW\club\ThinkPHP\Common\functions.php 第 273 行.
NOTIC: [8] Undefined variable: name D:\WWW\club\ThinkPHP\Common\functions.php 第 278 行.
NOTIC: [8] Undefined variable: name D:\WWW\club\ThinkPHP\Common\functions.php 第 339 行.
SQL: SHOW COLUMNS FROM `club_club` [ RunTime:0.0043s ]
SQL: SELECT * FROM `club_club` WHERE `name` = '鲁大学生' LIMIT 1   [ RunTime:0.0004s ]

[ 2015-09-01T18:56:05+08:00 ] 127.0.0.1 /club/index.php/Club/Register/index.html
INFO: [ app_init ] --START--
INFO: Run Behavior\BuildLiteBehavior [ RunTime:0.000035s ]
INFO: [ app_init ] --END-- [ RunTime:0.000905s ]

[ 2015-09-01T18:56:05+08:00 ] 127.0.0.1 /club/index.php/Club/Register/verify
INFO: [ app_init ] --START--
INFO: Run Behavior\BuildLiteBehavior [ RunTime:0.000026s ]
INFO: [ app_init ] --END-- [ RunTime:0.000729s ]

[ 2015-09-01T18:56:07+08:00 ] 127.0.0.1 /club/index.php/Club/Register/handle.html
INFO: [ app_init ] --START--
INFO: Run Behavior\BuildLiteBehavior [ RunTime:0.000021s ]
INFO: [ app_init ] --END-- [ RunTime:0.000550s ]

[ 2015-09-01T18:56:15+08:00 ] 127.0.0.1 /club/index.php/Club/Register/handle.html
INFO: [ app_init ] --START--
INFO: Run Behavior\BuildLiteBehavior [ RunTime:0.000025s ]
INFO: [ app_init ] --END-- [ RunTime:0.000662s ]

[ 2015-09-01T18:56:22+08:00 ] 127.0.0.1 /club/index.php/Club/Register/handle.html
INFO: [ app_init ] --START--
INFO: Run Behavior\BuildLiteBehavior [ RunTime:0.000017s ]
INFO: [ app_init ] --END-- [ RunTime:0.000441s ]

[ 2015-09-01T18:56:35+08:00 ] 127.0.0.1 /club/index.php/Club/Register/handle.html
INFO: [ app_init ] --START--
INFO: Run Behavior\BuildLiteBehavior [ RunTime:0.000024s ]
INFO: [ app_init ] --END-- [ RunTime:0.000695s ]

[ 2015-09-01T18:57:01+08:00 ] 127.0.0.1 /club/index.php/Club/Login/handle
INFO: [ app_init ] --START--
INFO: Run Behavior\BuildLiteBehavior [ RunTime:0.000016s ]
INFO: [ app_init ] --END-- [ RunTime:0.000393s ]
INFO: [ app_begin ] --START--
INFO: Run Behavior\ReadHtmlCacheBehavior [ RunTime:0.000545s ]
INFO: [ app_begin ] --END-- [ RunTime:0.000615s ]
NOTIC: [2] Missing argument 1 for I(), called in D:\WWW\club\Application\Club\Controller\LoginController.class.php on line 23 and defined D:\WWW\club\ThinkPHP\Common\functions.php 第 271 行.
NOTIC: [8] Undefined variable: name D:\WWW\club\ThinkPHP\Common\functions.php 第 273 行.
NOTIC: [8] Undefined variable: name D:\WWW\club\ThinkPHP\Common\functions.php 第 278 行.
NOTIC: [8] Undefined variable: name D:\WWW\club\ThinkPHP\Common\functions.php 第 339 行.
SQL: SHOW COLUMNS FROM `club_club` [ RunTime:0.0047s ]

[ 2015-09-01T18:57:32+08:00 ] 127.0.0.1 /club/index.php/Club/Login/handle
INFO: [ app_init ] --START--
INFO: Run Behavior\BuildLiteBehavior [ RunTime:0.000023s ]
INFO: [ app_init ] --END-- [ RunTime:0.000551s ]

[ 2015-09-01T18:57:37+08:00 ] 127.0.0.1 /club/index.php/Club/Login/handle
INFO: [ app_init ] --START--
INFO: Run Behavior\BuildLiteBehavior [ RunTime:0.000027s ]
INFO: [ app_init ] --END-- [ RunTime:0.000602s ]

[ 2015-09-01T21:11:43+08:00 ] 127.0.0.1 /club/index.php/Club/Login
INFO: [ app_init ] --START--
INFO: Run Behavior\BuildLiteBehavior [ RunTime:0.000023s ]
INFO: [ app_init ] --END-- [ RunTime:0.010660s ]

[ 2015-09-01T21:12:02+08:00 ] 127.0.0.1 /club/index.php/Club/Login
INFO: [ app_init ] --START--
INFO: Run Behavior\BuildLiteBehavior [ RunTime:0.000016s ]
INFO: [ app_init ] --END-- [ RunTime:0.000480s ]

[ 2015-09-01T21:12:34+08:00 ] 127.0.0.1 /club/index.php/Club/Login
INFO: [ app_init ] --START--
INFO: Run Behavior\BuildLiteBehavior [ RunTime:0.000020s ]
INFO: [ app_init ] --END-- [ RunTime:0.000539s ]

[ 2015-09-01T21:19:16+08:00 ] 127.0.0.1 /club/index.php/Club/Login
INFO: [ app_init ] --START--
INFO: Run Behavior\BuildLiteBehavior [ RunTime:0.000029s ]
INFO: [ app_init ] --END-- [ RunTime:0.000896s ]

[ 2015-09-01T21:26:03+08:00 ] 127.0.0.1 /club/index.php/Club/Login
INFO: [ app_init ] --START--
INFO: Run Behavior\BuildLiteBehavior [ RunTime:0.000029s ]
INFO: [ app_init ] --END-- [ RunTime:0.000816s ]

[ 2015-09-01T21:26:05+08:00 ] 127.0.0.1 /club/index.php/Club/Login/handle?jsoncallback=jQuery1620815049433382228_1441113963580
INFO: [ app_init ] --START--
INFO: Run Behavior\BuildLiteBehavior [ RunTime:0.000016s ]
INFO: [ app_init ] --END-- [ RunTime:0.000393s ]
INFO: [ app_begin ] --START--
INFO: Run Behavior\ReadHtmlCacheBehavior [ RunTime:0.000892s ]
INFO: [ app_begin ] --END-- [ RunTime:0.000972s ]
NOTIC: [2] Missing argument 1 for I(), called in D:\WWW\club\Application\Club\Controller\LoginController.class.php on line 23 and defined D:\WWW\club\ThinkPHP\Common\functions.php 第 271 行.
NOTIC: [8] Undefined variable: name D:\WWW\club\ThinkPHP\Common\functions.php 第 273 行.
NOTIC: [8] Undefined variable: name D:\WWW\club\ThinkPHP\Common\functions.php 第 278 行.
NOTIC: [8] Undefined variable: name D:\WWW\club\ThinkPHP\Common\functions.php 第 339 行.
SQL: SHOW COLUMNS FROM `club_club` [ RunTime:0.0876s ]

[ 2015-09-01T21:28:33+08:00 ] 127.0.0.1 /club/index.php/Club/Login
INFO: [ app_init ] --START--
INFO: Run Behavior\BuildLiteBehavior [ RunTime:0.000021s ]
INFO: [ app_init ] --END-- [ RunTime:0.000600s ]

[ 2015-09-01T21:28:35+08:00 ] 127.0.0.1 /club/index.php/Club/Login/handle?jsoncallback=jQuery16204006071761250496_1441114113312
INFO: [ app_init ] --START--
INFO: Run Behavior\BuildLiteBehavior [ RunTime:0.000016s ]
INFO: [ app_init ] --END-- [ RunTime:0.000495s ]
INFO: [ app_begin ] --START--
INFO: Run Behavior\ReadHtmlCacheBehavior [ RunTime:0.000674s ]
INFO: [ app_begin ] --END-- [ RunTime:0.000753s ]
NOTIC: [2] Missing argument 1 for I(), called in D:\WWW\club\Application\Club\Controller\LoginController.class.php on line 23 and defined D:\WWW\club\ThinkPHP\Common\functions.php 第 271 行.
NOTIC: [8] Undefined variable: name D:\WWW\club\ThinkPHP\Common\functions.php 第 273 行.
NOTIC: [8] Undefined variable: name D:\WWW\club\ThinkPHP\Common\functions.php 第 278 行.
NOTIC: [8] Undefined variable: name D:\WWW\club\ThinkPHP\Common\functions.php 第 339 行.
SQL: SHOW COLUMNS FROM `club_club` [ RunTime:0.0056s ]

[ 2015-09-01T21:31:23+08:00 ] 127.0.0.1 /club/index.php/Club/Login
INFO: [ app_init ] --START--
INFO: Run Behavior\BuildLiteBehavior [ RunTime:0.000019s ]
INFO: [ app_init ] --END-- [ RunTime:0.000495s ]

[ 2015-09-01T22:15:38+08:00 ] 127.0.0.1 /club/index.php/Club/Login
INFO: [ app_init ] --START--
INFO: Run Behavior\BuildLiteBehavior [ RunTime:0.000031s ]
INFO: [ app_init ] --END-- [ RunTime:0.000715s ]

[ 2015-09-01T22:16:26+08:00 ] 127.0.0.1 /club/index.php/Club/Login
INFO: [ app_init ] --START--
INFO: Run Behavior\BuildLiteBehavior [ RunTime:0.000054s ]
INFO: [ app_init ] --END-- [ RunTime:0.001079s ]

[ 2015-09-01T22:16:27+08:00 ] 127.0.0.1 /club/index.php/Club/Login/handle?jsoncallback=jQuery1620718176920665428_1441116986405
INFO: [ app_init ] --START--
INFO: Run Behavior\BuildLiteBehavior [ RunTime:0.000023s ]
INFO: [ app_init ] --END-- [ RunTime:0.000524s ]
INFO: [ app_begin ] --START--
INFO: Run Behavior\ReadHtmlCacheBehavior [ RunTime:0.000953s ]
INFO: [ app_begin ] --END-- [ RunTime:0.001044s ]
NOTIC: [2] Missing argument 1 for I(), called in D:\WWW\club\Application\Club\Controller\LoginController.class.php on line 23 and defined D:\WWW\club\ThinkPHP\Common\functions.php 第 271 行.
NOTIC: [8] Undefined variable: name D:\WWW\club\ThinkPHP\Common\functions.php 第 273 行.
NOTIC: [8] Undefined variable: name D:\WWW\club\ThinkPHP\Common\functions.php 第 278 行.
NOTIC: [8] Undefined variable: name D:\WWW\club\ThinkPHP\Common\functions.php 第 339 行.
SQL: SHOW COLUMNS FROM `club_club` [ RunTime:0.0293s ]

