[ 2015-08-02T11:22:56+08:00 ] 127.0.0.1 /club/index.php/Club/Login
INFO: [ app_init ] --START--
INFO: Run Behavior\BuildLiteBehavior [ RunTime:0.000026s ]
INFO: [ app_init ] --END-- [ RunTime:0.000552s ]

[ 2015-08-02T11:23:07+08:00 ] 127.0.0.1 /club/index.php/Club/Login/handle.html
INFO: [ app_init ] --START--
INFO: Run Behavior\BuildLiteBehavior [ RunTime:0.000015s ]
INFO: [ app_init ] --END-- [ RunTime:0.000519s ]
ERR: SQLSTATE[42S22]: Column not found: 1054 Unknown column 'username' in 'where clause'

[ 2015-08-02T11:23:43+08:00 ] 127.0.0.1 /club/index.php/Club/Login/handle.html
INFO: [ app_init ] --START--
INFO: Run Behavior\BuildLiteBehavior [ RunTime:0.000016s ]
INFO: [ app_init ] --END-- [ RunTime:0.000541s ]

[ 2015-08-02T11:24:10+08:00 ] 127.0.0.1 /club/index.php/Club/Login/handle.html
INFO: [ app_init ] --START--
INFO: Run Behavior\BuildLiteBehavior [ RunTime:0.000016s ]
INFO: [ app_init ] --END-- [ RunTime:0.000510s ]

[ 2015-08-02T11:24:25+08:00 ] 127.0.0.1 /club/index.php/Club/Login/handle.html
INFO: [ app_init ] --START--
INFO: Run Behavior\BuildLiteBehavior [ RunTime:0.000020s ]
INFO: [ app_init ] --END-- [ RunTime:0.000572s ]

[ 2015-08-02T11:24:32+08:00 ] 127.0.0.1 /club/index.php/Club/Login/handle.html
INFO: [ app_init ] --START--
INFO: Run Behavior\BuildLiteBehavior [ RunTime:0.000017s ]
INFO: [ app_init ] --END-- [ RunTime:0.000499s ]

[ 2015-08-02T11:24:33+08:00 ] 127.0.0.1 /club/index.php/Club/Login
INFO: [ app_init ] --START--
INFO: Run Behavior\BuildLiteBehavior [ RunTime:0.000051s ]
INFO: [ app_init ] --END-- [ RunTime:0.001303s ]

[ 2015-08-02T11:26:33+08:00 ] 127.0.0.1 /club/index.php/Club/Login/handle.html
INFO: [ app_init ] --START--
INFO: Run Behavior\BuildLiteBehavior [ RunTime:0.000019s ]
INFO: [ app_init ] --END-- [ RunTime:0.000555s ]

[ 2015-08-02T11:26:34+08:00 ] 127.0.0.1 /club/index.php/Club/Club/department.html
INFO: [ app_init ] --START--
INFO: Run Behavior\BuildLiteBehavior [ RunTime:0.000049s ]
INFO: [ app_init ] --END-- [ RunTime:0.001338s ]

[ 2015-08-02T11:27:26+08:00 ] 127.0.0.1 /club/index.php/Club/Club/department.html
INFO: [ app_init ] --START--
INFO: Run Behavior\BuildLiteBehavior [ RunTime:0.000017s ]
INFO: [ app_init ] --END-- [ RunTime:0.000407s ]

[ 2015-08-02T11:27:38+08:00 ] 127.0.0.1 /club/index.php/Club/Club/department.html
INFO: [ app_init ] --START--
INFO: Run Behavior\BuildLiteBehavior [ RunTime:0.000015s ]
INFO: [ app_init ] --END-- [ RunTime:0.000416s ]

[ 2015-08-02T13:15:22+08:00 ] 127.0.0.1 /club/index.php/Club/Club/department.html
INFO: [ app_init ] --START--
INFO: Run Behavior\BuildLiteBehavior [ RunTime:0.000017s ]
INFO: [ app_init ] --END-- [ RunTime:0.000617s ]

[ 2015-08-02T13:15:27+08:00 ] 127.0.0.1 /club/index.php/Club/Login/handle.html
INFO: [ app_init ] --START--
INFO: Run Behavior\BuildLiteBehavior [ RunTime:0.000016s ]
INFO: [ app_init ] --END-- [ RunTime:0.000476s ]

[ 2015-08-02T13:17:11+08:00 ] 127.0.0.1 /club/index.php/Club/Login
INFO: [ app_init ] --START--
INFO: Run Behavior\BuildLiteBehavior [ RunTime:0.000017s ]
INFO: [ app_init ] --END-- [ RunTime:0.000489s ]

[ 2015-08-02T13:17:18+08:00 ] 127.0.0.1 /club/index.php/Club/Login/handle.html
INFO: [ app_init ] --START--
INFO: Run Behavior\BuildLiteBehavior [ RunTime:0.000018s ]
INFO: [ app_init ] --END-- [ RunTime:0.000920s ]

[ 2015-08-02T13:17:26+08:00 ] 127.0.0.1 /club/index.php/Club/Login/handle.html
INFO: [ app_init ] --START--
INFO: Run Behavior\BuildLiteBehavior [ RunTime:0.000016s ]
INFO: [ app_init ] --END-- [ RunTime:0.000505s ]

[ 2015-08-02T13:17:33+08:00 ] 127.0.0.1 /club/index.php/Club/Login/handle.html
INFO: [ app_init ] --START--
INFO: Run Behavior\BuildLiteBehavior [ RunTime:0.000016s ]
INFO: [ app_init ] --END-- [ RunTime:0.000398s ]

[ 2015-08-02T13:17:34+08:00 ] 127.0.0.1 /club/index.php/Club/Club/department.html
INFO: [ app_init ] --START--
INFO: Run Behavior\BuildLiteBehavior [ RunTime:0.000049s ]
INFO: [ app_init ] --END-- [ RunTime:0.001277s ]

[ 2015-08-02T13:19:57+08:00 ] 127.0.0.1 /club/index.php/Club/Club/addDepartment
INFO: [ app_init ] --START--
INFO: Run Behavior\BuildLiteBehavior [ RunTime:0.000018s ]
INFO: [ app_init ] --END-- [ RunTime:0.000509s ]

[ 2015-08-02T13:19:58+08:00 ] 127.0.0.1 /club/index.php/Club/Club/department.html
INFO: [ app_init ] --START--
INFO: Run Behavior\BuildLiteBehavior [ RunTime:0.000033s ]
INFO: [ app_init ] --END-- [ RunTime:0.000803s ]

[ 2015-08-02T13:20:02+08:00 ] 127.0.0.1 /club/index.php/Club/Club/deleteDepartment/checkbox/6
INFO: [ app_init ] --START--
INFO: Run Behavior\BuildLiteBehavior [ RunTime:0.000021s ]
INFO: [ app_init ] --END-- [ RunTime:0.000485s ]

[ 2015-08-02T13:20:03+08:00 ] 127.0.0.1 /club/index.php/Club/Club/department.html
INFO: [ app_init ] --START--
INFO: Run Behavior\BuildLiteBehavior [ RunTime:0.000047s ]
INFO: [ app_init ] --END-- [ RunTime:0.001254s ]

[ 2015-08-02T21:57:04+08:00 ] 127.0.0.1 /club/index.php/Club/Login/index.html
INFO: [ app_init ] --START--
INFO: Run Behavior\BuildLiteBehavior [ RunTime:0.000030s ]
INFO: [ app_init ] --END-- [ RunTime:0.000524s ]

[ 2015-08-02T21:57:25+08:00 ] 127.0.0.1 /club/index.php/Club/Login/handle.html
INFO: [ app_init ] --START--
INFO: Run Behavior\BuildLiteBehavior [ RunTime:0.000018s ]
INFO: [ app_init ] --END-- [ RunTime:0.000516s ]

[ 2015-08-02T21:57:26+08:00 ] 127.0.0.1 /club/index.php/Club/Club/department.html
INFO: [ app_init ] --START--
INFO: Run Behavior\BuildLiteBehavior [ RunTime:0.000033s ]
INFO: [ app_init ] --END-- [ RunTime:0.000938s ]

[ 2015-08-02T22:11:12+08:00 ] 127.0.0.1 /club/index.php/Club/Club/department.html
INFO: [ app_init ] --START--
INFO: Run Behavior\BuildLiteBehavior [ RunTime:0.000019s ]
INFO: [ app_init ] --END-- [ RunTime:0.000517s ]
ERR: 无法加载控制器:Club

[ 2015-08-02T22:11:18+08:00 ] 127.0.0.1 /club/index.php/Club/Club/index
INFO: [ app_init ] --START--
INFO: Run Behavior\BuildLiteBehavior [ RunTime:0.000024s ]
INFO: [ app_init ] --END-- [ RunTime:0.000511s ]
ERR: 无法加载控制器:Club

[ 2015-08-02T22:11:26+08:00 ] 127.0.0.1 /club/index.php/Club/Department/index
INFO: [ app_init ] --START--
INFO: Run Behavior\BuildLiteBehavior [ RunTime:0.000031s ]
INFO: [ app_init ] --END-- [ RunTime:0.000931s ]

[ 2015-08-02T22:11:51+08:00 ] 127.0.0.1 /club/index.php/Club/Department/index
INFO: [ app_init ] --START--
INFO: Run Behavior\BuildLiteBehavior [ RunTime:0.000016s ]
INFO: [ app_init ] --END-- [ RunTime:0.000550s ]

[ 2015-08-02T22:13:21+08:00 ] 127.0.0.1 /club/index.php/Club/Department/index
INFO: [ app_init ] --START--
INFO: Run Behavior\BuildLiteBehavior [ RunTime:0.000017s ]
INFO: [ app_init ] --END-- [ RunTime:0.000545s ]

[ 2015-08-02T22:13:27+08:00 ] 127.0.0.1 /club/index.php/Club/Index
INFO: [ app_init ] --START--
INFO: Run Behavior\BuildLiteBehavior [ RunTime:0.000018s ]
INFO: [ app_init ] --END-- [ RunTime:0.000477s ]

[ 2015-08-02T22:13:29+08:00 ] 127.0.0.1 /club/index.php/Club/Department/index.html
INFO: [ app_init ] --START--
INFO: Run Behavior\BuildLiteBehavior [ RunTime:0.000017s ]
INFO: [ app_init ] --END-- [ RunTime:0.000477s ]

[ 2015-08-02T22:52:28+08:00 ] 127.0.0.1 /club/index.php/Club/Member
INFO: [ app_init ] --START--
INFO: Run Behavior\BuildLiteBehavior [ RunTime:0.000026s ]
INFO: [ app_init ] --END-- [ RunTime:0.000644s ]

[ 2015-08-02T22:53:49+08:00 ] 127.0.0.1 /club/index.php/Club/Member
INFO: [ app_init ] --START--
INFO: Run Behavior\BuildLiteBehavior [ RunTime:0.000015s ]
INFO: [ app_init ] --END-- [ RunTime:0.000479s ]

[ 2015-08-02T22:53:52+08:00 ] 127.0.0.1 /club/index.php/Club/Member/showMember/id/3
INFO: [ app_init ] --START--
INFO: Run Behavior\BuildLiteBehavior [ RunTime:0.000017s ]
INFO: [ app_init ] --END-- [ RunTime:0.000571s ]

[ 2015-08-02T22:53:56+08:00 ] 127.0.0.1 /club/index.php/Club/Member/index
INFO: [ app_init ] --START--
INFO: Run Behavior\BuildLiteBehavior [ RunTime:0.000026s ]
INFO: [ app_init ] --END-- [ RunTime:0.000521s ]

[ 2015-08-02T22:53:58+08:00 ] 127.0.0.1 /club/index.php/Club/Member/passedMembber.html
INFO: [ app_init ] --START--
INFO: Run Behavior\BuildLiteBehavior [ RunTime:0.000023s ]
INFO: [ app_init ] --END-- [ RunTime:0.000535s ]
ERR: 非法操作:passedMembber

[ 2015-08-02T22:54:29+08:00 ] 127.0.0.1 /club/index.php/Club/Member/index
INFO: [ app_init ] --START--
INFO: Run Behavior\BuildLiteBehavior [ RunTime:0.000016s ]
INFO: [ app_init ] --END-- [ RunTime:0.000492s ]

[ 2015-08-02T22:54:30+08:00 ] 127.0.0.1 /club/index.php/Club/Member/passedMember.html
INFO: [ app_init ] --START--
INFO: Run Behavior\BuildLiteBehavior [ RunTime:0.000018s ]
INFO: [ app_init ] --END-- [ RunTime:0.000534s ]

[ 2015-08-02T22:54:33+08:00 ] 127.0.0.1 /club/index.php/Club/Member/recycle.html
INFO: [ app_init ] --START--
INFO: Run Behavior\BuildLiteBehavior [ RunTime:0.000015s ]
INFO: [ app_init ] --END-- [ RunTime:0.000499s ]

[ 2015-08-02T22:54:36+08:00 ] 127.0.0.1 /club/index.php/Club/Member/showMember/id/3
INFO: [ app_init ] --START--
INFO: Run Behavior\BuildLiteBehavior [ RunTime:0.000017s ]
INFO: [ app_init ] --END-- [ RunTime:0.000491s ]

[ 2015-08-02T22:54:42+08:00 ] 127.0.0.1 /club/index.php/Club/Member/pass/member_id/3
INFO: [ app_init ] --START--
INFO: Run Behavior\BuildLiteBehavior [ RunTime:0.000015s ]
INFO: [ app_init ] --END-- [ RunTime:0.000472s ]

[ 2015-08-02T22:54:44+08:00 ] 127.0.0.1 /club/index.php/Club/member/index.html
INFO: [ app_init ] --START--
INFO: Run Behavior\BuildLiteBehavior [ RunTime:0.000116s ]
INFO: [ app_init ] --END-- [ RunTime:0.002791s ]

[ 2015-08-02T22:54:45+08:00 ] 127.0.0.1 /club/index.php/Club/Member/passedMember.html
INFO: [ app_init ] --START--
INFO: Run Behavior\BuildLiteBehavior [ RunTime:0.000017s ]
INFO: [ app_init ] --END-- [ RunTime:0.000463s ]

[ 2015-08-02T22:55:42+08:00 ] 127.0.0.1 /club/index.php/Club/Member/passedMember.html
INFO: [ app_init ] --START--
INFO: Run Behavior\BuildLiteBehavior [ RunTime:0.000017s ]
INFO: [ app_init ] --END-- [ RunTime:0.000518s ]

[ 2015-08-02T22:55:45+08:00 ] 127.0.0.1 /club/index.php/Club/Member/showPassedMember/id/3
INFO: [ app_init ] --START--
INFO: Run Behavior\BuildLiteBehavior [ RunTime:0.000028s ]
INFO: [ app_init ] --END-- [ RunTime:0.000758s ]

[ 2015-08-02T22:55:50+08:00 ] 127.0.0.1 /club/index.php/Club/Member/index
INFO: [ app_init ] --START--
INFO: Run Behavior\BuildLiteBehavior [ RunTime:0.000018s ]
INFO: [ app_init ] --END-- [ RunTime:0.000570s ]

[ 2015-08-02T23:00:41+08:00 ] 127.0.0.1 /club/index.php/Club/Member/passedMember.html
INFO: [ app_init ] --START--
INFO: Run Behavior\BuildLiteBehavior [ RunTime:0.000016s ]
INFO: [ app_init ] --END-- [ RunTime:0.000481s ]

[ 2015-08-02T23:00:46+08:00 ] 127.0.0.1 /club/index.php/Club/Member/passedMember.html
INFO: [ app_init ] --START--
INFO: Run Behavior\BuildLiteBehavior [ RunTime:0.000016s ]
INFO: [ app_init ] --END-- [ RunTime:0.000479s ]

[ 2015-08-02T23:02:13+08:00 ] 127.0.0.1 /club/index.php/Club/Member/showPassedMember/id/3
INFO: [ app_init ] --START--
INFO: Run Behavior\BuildLiteBehavior [ RunTime:0.000022s ]
INFO: [ app_init ] --END-- [ RunTime:0.000696s ]

[ 2015-08-02T23:07:43+08:00 ] 127.0.0.1 /club/index.php/Club/Member/index
INFO: [ app_init ] --START--
INFO: Run Behavior\BuildLiteBehavior [ RunTime:0.000018s ]
INFO: [ app_init ] --END-- [ RunTime:0.000553s ]

[ 2015-08-02T23:07:44+08:00 ] 127.0.0.1 /club/index.php/Club/Member/passedMember.html
INFO: [ app_init ] --START--
INFO: Run Behavior\BuildLiteBehavior [ RunTime:0.000016s ]
INFO: [ app_init ] --END-- [ RunTime:0.000528s ]

[ 2015-08-02T23:07:45+08:00 ] 127.0.0.1 /club/index.php/Club/Member/showPassedMember/id/3
INFO: [ app_init ] --START--
INFO: Run Behavior\BuildLiteBehavior [ RunTime:0.000025s ]
INFO: [ app_init ] --END-- [ RunTime:0.000649s ]

[ 2015-08-02T23:07:54+08:00 ] 127.0.0.1 /club/index.php/Club/Member/passedMember.html
INFO: [ app_init ] --START--
INFO: Run Behavior\BuildLiteBehavior [ RunTime:0.000015s ]
INFO: [ app_init ] --END-- [ RunTime:0.000485s ]

[ 2015-08-02T23:08:31+08:00 ] 127.0.0.1 /club/index.php/Club/Member/passedMember.html
INFO: [ app_init ] --START--
INFO: Run Behavior\BuildLiteBehavior [ RunTime:0.000021s ]
INFO: [ app_init ] --END-- [ RunTime:0.000522s ]

[ 2015-08-02T23:11:14+08:00 ] 127.0.0.1 /club/index.php/Club/Member/passedMember.html
INFO: [ app_init ] --START--
INFO: Run Behavior\BuildLiteBehavior [ RunTime:0.000018s ]
INFO: [ app_init ] --END-- [ RunTime:0.000443s ]

[ 2015-08-02T23:11:28+08:00 ] 127.0.0.1 /club/index.php/Club/Member/passedMember.html
INFO: [ app_init ] --START--
INFO: Run Behavior\BuildLiteBehavior [ RunTime:0.000017s ]
INFO: [ app_init ] --END-- [ RunTime:0.000522s ]

[ 2015-08-02T23:11:30+08:00 ] 127.0.0.1 /club/index.php/Club/Member/showPassedMember/id/3
INFO: [ app_init ] --START--
INFO: Run Behavior\BuildLiteBehavior [ RunTime:0.000017s ]
INFO: [ app_init ] --END-- [ RunTime:0.000498s ]

[ 2015-08-02T23:11:33+08:00 ] 127.0.0.1 /club/index.php/Club/Member/recycle.html
INFO: [ app_init ] --START--
INFO: Run Behavior\BuildLiteBehavior [ RunTime:0.000016s ]
INFO: [ app_init ] --END-- [ RunTime:0.000539s ]

[ 2015-08-02T23:16:42+08:00 ] 127.0.0.1 /club/index.php/Club/Member/index
INFO: [ app_init ] --START--
INFO: Run Behavior\BuildLiteBehavior [ RunTime:0.000026s ]
INFO: [ app_init ] --END-- [ RunTime:0.000712s ]

[ 2015-08-02T23:16:43+08:00 ] 127.0.0.1 /club/index.php/Club/Member/passedMember.html
INFO: [ app_init ] --START--
INFO: Run Behavior\BuildLiteBehavior [ RunTime:0.000029s ]
INFO: [ app_init ] --END-- [ RunTime:0.000597s ]

[ 2015-08-02T23:16:44+08:00 ] 127.0.0.1 /club/index.php/Club/Member/showPassedMember/id/3
INFO: [ app_init ] --START--
INFO: Run Behavior\BuildLiteBehavior [ RunTime:0.000021s ]
INFO: [ app_init ] --END-- [ RunTime:0.000476s ]

[ 2015-08-02T23:16:49+08:00 ] 127.0.0.1 /club/index.php/Club/Member/index
INFO: [ app_init ] --START--
INFO: Run Behavior\BuildLiteBehavior [ RunTime:0.000015s ]
INFO: [ app_init ] --END-- [ RunTime:0.000523s ]

