[ 2015-07-30T15:37:13+08:00 ] 127.0.0.1 /club/index.php/Club/Club/department
INFO: [ app_init ] --START--
INFO: Run Behavior\BuildLiteBehavior [ RunTime:0.000043s ]
INFO: [ app_init ] --END-- [ RunTime:0.000880s ]
ERR: 无法加载控制器:Club

[ 2015-07-30T15:42:31+08:00 ] 127.0.0.1 /club/index.php/Club/Club/department
INFO: [ app_init ] --START--
INFO: Run Behavior\BuildLiteBehavior [ RunTime:0.000016s ]
INFO: [ app_init ] --END-- [ RunTime:0.000611s ]
ERR: 无法加载控制器:Club

[ 2015-07-30T15:42:32+08:00 ] 127.0.0.1 /club/index.php/Club/Club/department
INFO: [ app_init ] --START--
INFO: Run Behavior\BuildLiteBehavior [ RunTime:0.000032s ]
INFO: [ app_init ] --END-- [ RunTime:0.000669s ]
ERR: 无法加载控制器:Club

[ 2015-07-30T15:43:07+08:00 ] 127.0.0.1 /club/index.php/Club/Club/department
INFO: [ app_init ] --START--
INFO: Run Behavior\BuildLiteBehavior [ RunTime:0.000018s ]
INFO: [ app_init ] --END-- [ RunTime:0.000519s ]
ERR: 无法加载控制器:Club

[ 2015-07-30T15:43:29+08:00 ] 127.0.0.1 /club/index.php/Club/Club/department
INFO: [ app_init ] --START--
INFO: Run Behavior\BuildLiteBehavior [ RunTime:0.000038s ]
INFO: [ app_init ] --END-- [ RunTime:0.000754s ]
ERR: 无法加载控制器:Club

[ 2015-07-30T15:43:59+08:00 ] 127.0.0.1 /club/index.php/Club/Club/department
INFO: [ app_init ] --START--
INFO: Run Behavior\BuildLiteBehavior [ RunTime:0.000016s ]
INFO: [ app_init ] --END-- [ RunTime:0.000403s ]
ERR: 无法加载控制器:Club

[ 2015-07-30T15:44:00+08:00 ] 127.0.0.1 /club/index.php/Club/Club/department
INFO: [ app_init ] --START--
INFO: Run Behavior\BuildLiteBehavior [ RunTime:0.000028s ]
INFO: [ app_init ] --END-- [ RunTime:0.000574s ]
ERR: 无法加载控制器:Club

[ 2015-07-30T15:44:00+08:00 ] 127.0.0.1 /club/index.php/Club/Club/department
INFO: [ app_init ] --START--
INFO: Run Behavior\BuildLiteBehavior [ RunTime:0.000067s ]
INFO: [ app_init ] --END-- [ RunTime:0.001009s ]
ERR: 无法加载控制器:Club

[ 2015-07-30T15:44:00+08:00 ] 127.0.0.1 /club/index.php/Club/Club/department
INFO: [ app_init ] --START--
INFO: Run Behavior\BuildLiteBehavior [ RunTime:0.000016s ]
INFO: [ app_init ] --END-- [ RunTime:0.000433s ]
ERR: 无法加载控制器:Club

[ 2015-07-30T15:44:09+08:00 ] 127.0.0.1 /club/index.php/Club/Club/department
INFO: [ app_init ] --START--
INFO: Run Behavior\BuildLiteBehavior [ RunTime:0.000020s ]
INFO: [ app_init ] --END-- [ RunTime:0.000422s ]
ERR: 无法加载控制器:Club

[ 2015-07-30T15:44:10+08:00 ] 127.0.0.1 /club/index.php/Club/Club/department
INFO: [ app_init ] --START--
INFO: Run Behavior\BuildLiteBehavior [ RunTime:0.000024s ]
INFO: [ app_init ] --END-- [ RunTime:0.000622s ]
ERR: 无法加载控制器:Club

[ 2015-07-30T15:44:10+08:00 ] 127.0.0.1 /club/index.php/Club/Club/department
INFO: [ app_init ] --START--
INFO: Run Behavior\BuildLiteBehavior [ RunTime:0.000018s ]
INFO: [ app_init ] --END-- [ RunTime:0.000474s ]
ERR: 无法加载控制器:Club

[ 2015-07-30T15:45:43+08:00 ] 127.0.0.1 /club/index.php/Club/Club/department
INFO: [ app_init ] --START--
INFO: Run Behavior\BuildLiteBehavior [ RunTime:0.000023s ]
INFO: [ app_init ] --END-- [ RunTime:0.000641s ]

