[ 2015-09-12T10:41:44+08:00 ] 127.0.0.1 /club/index.php/Club/Login
INFO: [ app_init ] --START--
INFO: Run Behavior\BuildLiteBehavior [ RunTime:0.000071s ]
INFO: [ app_init ] --END-- [ RunTime:0.052645s ]

[ 2015-09-12T10:41:46+08:00 ] 127.0.0.1 /club/index.php/Club/Index/getData
INFO: [ app_init ] --START--
INFO: Run Behavior\BuildLiteBehavior [ RunTime:0.000031s ]
INFO: [ app_init ] --END-- [ RunTime:0.000883s ]
INFO: [ app_begin ] --START--
INFO: Run Behavior\ReadHtmlCacheBehavior [ RunTime:0.001045s ]
INFO: [ app_begin ] --END-- [ RunTime:0.001171s ]
SQL: SHOW COLUMNS FROM `club_club` [ RunTime:0.6768s ]
SQL: SELECT * FROM `club_club` WHERE `id` = null LIMIT 1   [ RunTime:0.0096s ]

[ 2015-09-12T10:41:54+08:00 ] 127.0.0.1 /club/index.php/Club/Login
INFO: [ app_init ] --START--
INFO: Run Behavior\BuildLiteBehavior [ RunTime:0.000036s ]
INFO: [ app_init ] --END-- [ RunTime:0.000755s ]

[ 2015-09-12T10:41:55+08:00 ] 127.0.0.1 /club/index.php/Club/Index/getData
INFO: [ app_init ] --START--
INFO: Run Behavior\BuildLiteBehavior [ RunTime:0.000024s ]
INFO: [ app_init ] --END-- [ RunTime:0.000425s ]
INFO: [ app_begin ] --START--
INFO: Run Behavior\ReadHtmlCacheBehavior [ RunTime:0.000518s ]
INFO: [ app_begin ] --END-- [ RunTime:0.000592s ]
SQL: SHOW COLUMNS FROM `club_club` [ RunTime:0.0034s ]
SQL: SELECT * FROM `club_club` WHERE `id` = null LIMIT 1   [ RunTime:0.0004s ]

[ 2015-09-12T10:42:46+08:00 ] 127.0.0.1 /club/index.php/Club/Login
INFO: [ app_init ] --START--
INFO: Run Behavior\BuildLiteBehavior [ RunTime:0.000052s ]
INFO: [ app_init ] --END-- [ RunTime:0.000828s ]

[ 2015-09-12T10:42:47+08:00 ] 127.0.0.1 /club/index.php/Club/Login
INFO: [ app_init ] --START--
INFO: Run Behavior\BuildLiteBehavior [ RunTime:0.000023s ]
INFO: [ app_init ] --END-- [ RunTime:0.000522s ]

[ 2015-09-12T10:42:48+08:00 ] 127.0.0.1 /club/index.php/Club/Login/handle
INFO: [ app_init ] --START--
INFO: Run Behavior\BuildLiteBehavior [ RunTime:0.000016s ]
INFO: [ app_init ] --END-- [ RunTime:0.000501s ]
INFO: [ app_begin ] --START--
INFO: Run Behavior\ReadHtmlCacheBehavior [ RunTime:0.000662s ]
INFO: [ app_begin ] --END-- [ RunTime:0.000728s ]
NOTIC: [2] Missing argument 1 for I(), called in D:\WWW\club\Application\Club\Controller\LoginController.class.php on line 23 and defined D:\WWW\club\ThinkPHP\Common\functions.php 第 271 行.
NOTIC: [8] Undefined variable: name D:\WWW\club\ThinkPHP\Common\functions.php 第 273 行.
NOTIC: [8] Undefined variable: name D:\WWW\club\ThinkPHP\Common\functions.php 第 278 行.
NOTIC: [8] Undefined variable: name D:\WWW\club\ThinkPHP\Common\functions.php 第 339 行.
SQL: SHOW COLUMNS FROM `club_club` [ RunTime:0.0034s ]

[ 2015-09-12T10:42:57+08:00 ] 127.0.0.1 /club/index.php/Club/Register/index.html
INFO: [ app_init ] --START--
INFO: Run Behavior\BuildLiteBehavior [ RunTime:0.000018s ]
INFO: [ app_init ] --END-- [ RunTime:0.000403s ]

[ 2015-09-12T10:42:57+08:00 ] 127.0.0.1 /club/index.php/Club/Register/verify
INFO: [ app_init ] --START--
INFO: Run Behavior\BuildLiteBehavior [ RunTime:0.000026s ]
INFO: [ app_init ] --END-- [ RunTime:0.000615s ]

[ 2015-09-12T10:44:35+08:00 ] 127.0.0.1 /club/index.php/Club/Register/index.html
INFO: [ app_init ] --START--
INFO: Run Behavior\BuildLiteBehavior [ RunTime:0.000016s ]
INFO: [ app_init ] --END-- [ RunTime:0.000521s ]

[ 2015-09-12T10:44:35+08:00 ] 127.0.0.1 /club/index.php/Club/Register/verify
INFO: [ app_init ] --START--
INFO: Run Behavior\BuildLiteBehavior [ RunTime:0.000018s ]
INFO: [ app_init ] --END-- [ RunTime:0.000402s ]

[ 2015-09-12T10:44:56+08:00 ] 127.0.0.1 /club/index.php/Club/Register/index.html
INFO: [ app_init ] --START--
INFO: Run Behavior\BuildLiteBehavior [ RunTime:0.000035s ]
INFO: [ app_init ] --END-- [ RunTime:0.000605s ]

[ 2015-09-12T10:44:56+08:00 ] 127.0.0.1 /club/index.php/Club/Register/verify
INFO: [ app_init ] --START--
INFO: Run Behavior\BuildLiteBehavior [ RunTime:0.000016s ]
INFO: [ app_init ] --END-- [ RunTime:0.000369s ]

[ 2015-09-12T10:44:58+08:00 ] 127.0.0.1 /club/index.php/Club/Register/verify?0.08865978056564927
INFO: [ app_init ] --START--
INFO: Run Behavior\BuildLiteBehavior [ RunTime:0.000017s ]
INFO: [ app_init ] --END-- [ RunTime:0.000536s ]

[ 2015-09-12T10:44:59+08:00 ] 127.0.0.1 /club/index.php/Club/Register/verify?0.08865978056564927?0.47048119688406587
INFO: [ app_init ] --START--
INFO: Run Behavior\BuildLiteBehavior [ RunTime:0.000021s ]
INFO: [ app_init ] --END-- [ RunTime:0.000423s ]

[ 2015-09-12T10:45:00+08:00 ] 127.0.0.1 /club/index.php/Club/Register/verify?0.08865978056564927?0.47048119688406587?0.674998554866761
INFO: [ app_init ] --START--
INFO: Run Behavior\BuildLiteBehavior [ RunTime:0.000016s ]
INFO: [ app_init ] --END-- [ RunTime:0.000400s ]

[ 2015-09-12T10:45:01+08:00 ] 127.0.0.1 /club/index.php/Club/Register/verify?0.08865978056564927?0.47048119688406587?0.674998554866761?0.1593351394403726
INFO: [ app_init ] --START--
INFO: Run Behavior\BuildLiteBehavior [ RunTime:0.000017s ]
INFO: [ app_init ] --END-- [ RunTime:0.000368s ]

[ 2015-09-12T10:45:01+08:00 ] 127.0.0.1 /club/index.php/Club/Register/verify?0.08865978056564927?0.47048119688406587?0.674998554866761?0.1593351394403726?0.9466311444994062
INFO: [ app_init ] --START--
INFO: Run Behavior\BuildLiteBehavior [ RunTime:0.000028s ]
INFO: [ app_init ] --END-- [ RunTime:0.000875s ]

[ 2015-09-12T10:45:01+08:00 ] 127.0.0.1 /club/index.php/Club/Register/verify?0.08865978056564927?0.47048119688406587?0.674998554866761?0.1593351394403726?0.9466311444994062?0.6881790985353291
INFO: [ app_init ] --START--
INFO: Run Behavior\BuildLiteBehavior [ RunTime:0.000035s ]
INFO: [ app_init ] --END-- [ RunTime:0.000900s ]

[ 2015-09-12T10:45:01+08:00 ] 127.0.0.1 /club/index.php/Club/Register/verify?0.08865978056564927?0.47048119688406587?0.674998554866761?0.1593351394403726?0.9466311444994062?0.6881790985353291?0.9905308280140162
INFO: [ app_init ] --START--
INFO: Run Behavior\BuildLiteBehavior [ RunTime:0.000030s ]
INFO: [ app_init ] --END-- [ RunTime:0.000915s ]

[ 2015-09-12T10:45:01+08:00 ] 127.0.0.1 /club/index.php/Club/Register/verify?0.08865978056564927?0.47048119688406587?0.674998554866761?0.1593351394403726?0.9466311444994062?0.6881790985353291?0.9905308280140162?0.3423120314255357
INFO: [ app_init ] --START--
INFO: Run Behavior\BuildLiteBehavior [ RunTime:0.000015s ]
INFO: [ app_init ] --END-- [ RunTime:0.000371s ]

[ 2015-09-12T10:45:02+08:00 ] 127.0.0.1 /club/index.php/Club/Register/verify?0.08865978056564927?0.47048119688406587?0.674998554866761?0.1593351394403726?0.9466311444994062?0.6881790985353291?0.9905308280140162?0.3423120314255357?0.9489963871892542
INFO: [ app_init ] --START--
INFO: Run Behavior\BuildLiteBehavior [ RunTime:0.000015s ]
INFO: [ app_init ] --END-- [ RunTime:0.000365s ]

[ 2015-09-12T10:45:02+08:00 ] 127.0.0.1 /club/index.php/Club/Register/verify?0.08865978056564927?0.47048119688406587?0.674998554866761?0.1593351394403726?0.9466311444994062?0.6881790985353291?0.9905308280140162?0.3423120314255357?0.9489963871892542?0.38149606599472463
INFO: [ app_init ] --START--
INFO: Run Behavior\BuildLiteBehavior [ RunTime:0.000018s ]
INFO: [ app_init ] --END-- [ RunTime:0.000385s ]

[ 2015-09-12T10:45:02+08:00 ] 127.0.0.1 /club/index.php/Club/Register/verify?0.08865978056564927?0.47048119688406587?0.674998554866761?0.1593351394403726?0.9466311444994062?0.6881790985353291?0.9905308280140162?0.3423120314255357?0.9489963871892542?0.38149606599472463?0.43537029274739325
INFO: [ app_init ] --START--
INFO: Run Behavior\BuildLiteBehavior [ RunTime:0.000016s ]
INFO: [ app_init ] --END-- [ RunTime:0.000359s ]

[ 2015-09-12T10:45:02+08:00 ] 127.0.0.1 /club/index.php/Club/Register/verify?0.08865978056564927?0.47048119688406587?0.674998554866761?0.1593351394403726?0.9466311444994062?0.6881790985353291?0.9905308280140162?0.3423120314255357?0.9489963871892542?0.38149606599472463?0.43537029274739325?0.713727725436911
INFO: [ app_init ] --START--
INFO: Run Behavior\BuildLiteBehavior [ RunTime:0.000017s ]
INFO: [ app_init ] --END-- [ RunTime:0.000375s ]

[ 2015-09-12T10:45:02+08:00 ] 127.0.0.1 /club/index.php/Club/Register/verify?0.08865978056564927?0.47048119688406587?0.674998554866761?0.1593351394403726?0.9466311444994062?0.6881790985353291?0.9905308280140162?0.3423120314255357?0.9489963871892542?0.38149606599472463?0.43537029274739325?0.713727725436911?0.394004839239642
INFO: [ app_init ] --START--
INFO: Run Behavior\BuildLiteBehavior [ RunTime:0.000028s ]
INFO: [ app_init ] --END-- [ RunTime:0.000666s ]

[ 2015-09-12T10:45:02+08:00 ] 127.0.0.1 /club/index.php/Club/Register/verify?0.08865978056564927?0.47048119688406587?0.674998554866761?0.1593351394403726?0.9466311444994062?0.6881790985353291?0.9905308280140162?0.3423120314255357?0.9489963871892542?0.38149606599472463?0.43537029274739325?0.713727725436911?0.394004839239642?0.9657332291826606
INFO: [ app_init ] --START--
INFO: Run Behavior\BuildLiteBehavior [ RunTime:0.000018s ]
INFO: [ app_init ] --END-- [ RunTime:0.000507s ]

[ 2015-09-12T10:45:03+08:00 ] 127.0.0.1 /club/index.php/Club/Register/verify?0.08865978056564927?0.47048119688406587?0.674998554866761?0.1593351394403726?0.9466311444994062?0.6881790985353291?0.9905308280140162?0.3423120314255357?0.9489963871892542?0.38149606599472463?0.43537029274739325?0.713727725436911?0.394004839239642?0.9657332291826606?0.19793377700261772
INFO: [ app_init ] --START--
INFO: Run Behavior\BuildLiteBehavior [ RunTime:0.000016s ]
INFO: [ app_init ] --END-- [ RunTime:0.000378s ]

[ 2015-09-12T10:45:03+08:00 ] 127.0.0.1 /club/index.php/Club/Register/verify?0.08865978056564927?0.47048119688406587?0.674998554866761?0.1593351394403726?0.9466311444994062?0.6881790985353291?0.9905308280140162?0.3423120314255357?0.9489963871892542?0.38149606599472463?0.43537029274739325?0.713727725436911?0.394004839239642?0.9657332291826606?0.19793377700261772?0.794892787700519
INFO: [ app_init ] --START--
INFO: Run Behavior\BuildLiteBehavior [ RunTime:0.000018s ]
INFO: [ app_init ] --END-- [ RunTime:0.000457s ]

[ 2015-09-12T10:45:03+08:00 ] 127.0.0.1 /club/index.php/Club/Register/verify?0.08865978056564927?0.47048119688406587?0.674998554866761?0.1593351394403726?0.9466311444994062?0.6881790985353291?0.9905308280140162?0.3423120314255357?0.9489963871892542?0.38149606599472463?0.43537029274739325?0.713727725436911?0.394004839239642?0.9657332291826606?0.19793377700261772?0.794892787700519?0.9456287256907672
INFO: [ app_init ] --START--
INFO: Run Behavior\BuildLiteBehavior [ RunTime:0.000015s ]
INFO: [ app_init ] --END-- [ RunTime:0.000357s ]

[ 2015-09-12T10:49:27+08:00 ] 127.0.0.1 /club/index.php/Club/Login
INFO: [ app_init ] --START--
INFO: Run Behavior\BuildLiteBehavior [ RunTime:0.000026s ]
INFO: [ app_init ] --END-- [ RunTime:0.000726s ]

[ 2015-09-12T10:49:28+08:00 ] 127.0.0.1 /club/index.php/Club/Login/handle
INFO: [ app_init ] --START--
INFO: Run Behavior\BuildLiteBehavior [ RunTime:0.000020s ]
INFO: [ app_init ] --END-- [ RunTime:0.000484s ]
INFO: [ app_begin ] --START--
INFO: Run Behavior\ReadHtmlCacheBehavior [ RunTime:0.000611s ]
INFO: [ app_begin ] --END-- [ RunTime:0.000687s ]
NOTIC: [2] Missing argument 1 for I(), called in D:\WWW\club\Application\Club\Controller\LoginController.class.php on line 23 and defined D:\WWW\club\ThinkPHP\Common\functions.php 第 271 行.
NOTIC: [8] Undefined variable: name D:\WWW\club\ThinkPHP\Common\functions.php 第 273 行.
NOTIC: [8] Undefined variable: name D:\WWW\club\ThinkPHP\Common\functions.php 第 278 行.
NOTIC: [8] Undefined variable: name D:\WWW\club\ThinkPHP\Common\functions.php 第 339 行.
SQL: SHOW COLUMNS FROM `club_club` [ RunTime:0.0040s ]

[ 2015-09-12T10:49:37+08:00 ] 127.0.0.1 /club/index.php/Club/Login/handle
INFO: [ app_init ] --START--
INFO: Run Behavior\BuildLiteBehavior [ RunTime:0.000016s ]
INFO: [ app_init ] --END-- [ RunTime:0.000487s ]
INFO: [ app_begin ] --START--
INFO: Run Behavior\ReadHtmlCacheBehavior [ RunTime:0.000718s ]
INFO: [ app_begin ] --END-- [ RunTime:0.000800s ]
NOTIC: [2] Missing argument 1 for I(), called in D:\WWW\club\Application\Club\Controller\LoginController.class.php on line 23 and defined D:\WWW\club\ThinkPHP\Common\functions.php 第 271 行.
NOTIC: [8] Undefined variable: name D:\WWW\club\ThinkPHP\Common\functions.php 第 273 行.
NOTIC: [8] Undefined variable: name D:\WWW\club\ThinkPHP\Common\functions.php 第 278 行.
NOTIC: [8] Undefined variable: name D:\WWW\club\ThinkPHP\Common\functions.php 第 339 行.
SQL: SHOW COLUMNS FROM `club_club` [ RunTime:0.0475s ]
SQL: SELECT * FROM `club_club` WHERE `email` = '13' LIMIT 1   [ RunTime:0.0207s ]

[ 2015-09-12T10:49:42+08:00 ] 127.0.0.1 /club/index.php/Club/Login/handle
INFO: [ app_init ] --START--
INFO: Run Behavior\BuildLiteBehavior [ RunTime:0.000017s ]
INFO: [ app_init ] --END-- [ RunTime:0.000461s ]
INFO: [ app_begin ] --START--
INFO: Run Behavior\ReadHtmlCacheBehavior [ RunTime:0.000621s ]
INFO: [ app_begin ] --END-- [ RunTime:0.000706s ]
NOTIC: [2] Missing argument 1 for I(), called in D:\WWW\club\Application\Club\Controller\LoginController.class.php on line 23 and defined D:\WWW\club\ThinkPHP\Common\functions.php 第 271 行.
NOTIC: [8] Undefined variable: name D:\WWW\club\ThinkPHP\Common\functions.php 第 273 行.
NOTIC: [8] Undefined variable: name D:\WWW\club\ThinkPHP\Common\functions.php 第 278 行.
NOTIC: [8] Undefined variable: name D:\WWW\club\ThinkPHP\Common\functions.php 第 339 行.
SQL: SHOW COLUMNS FROM `club_club` [ RunTime:0.0043s ]
SQL: SELECT * FROM `club_club` WHERE `email` = '13' LIMIT 1   [ RunTime:0.0004s ]

[ 2015-09-12T10:49:48+08:00 ] 127.0.0.1 /club/index.php/Club/Login/handle
INFO: [ app_init ] --START--
INFO: Run Behavior\BuildLiteBehavior [ RunTime:0.000023s ]
INFO: [ app_init ] --END-- [ RunTime:0.000658s ]
INFO: [ app_begin ] --START--
INFO: Run Behavior\ReadHtmlCacheBehavior [ RunTime:0.000523s ]
INFO: [ app_begin ] --END-- [ RunTime:0.000601s ]
NOTIC: [2] Missing argument 1 for I(), called in D:\WWW\club\Application\Club\Controller\LoginController.class.php on line 23 and defined D:\WWW\club\ThinkPHP\Common\functions.php 第 271 行.
NOTIC: [8] Undefined variable: name D:\WWW\club\ThinkPHP\Common\functions.php 第 273 行.
NOTIC: [8] Undefined variable: name D:\WWW\club\ThinkPHP\Common\functions.php 第 278 行.
NOTIC: [8] Undefined variable: name D:\WWW\club\ThinkPHP\Common\functions.php 第 339 行.
SQL: SHOW COLUMNS FROM `club_club` [ RunTime:0.0043s ]
SQL: SELECT * FROM `club_club` WHERE `email` = '13' LIMIT 1   [ RunTime:0.0004s ]

[ 2015-09-12T10:51:38+08:00 ] 127.0.0.1 /club/index.php/Club/Login
INFO: [ app_init ] --START--
INFO: Run Behavior\BuildLiteBehavior [ RunTime:0.000042s ]
INFO: [ app_init ] --END-- [ RunTime:0.000936s ]

[ 2015-09-12T10:51:49+08:00 ] 127.0.0.1 /club/index.php/Club/Login/handle
INFO: [ app_init ] --START--
INFO: Run Behavior\BuildLiteBehavior [ RunTime:0.000018s ]
INFO: [ app_init ] --END-- [ RunTime:0.000473s ]
INFO: [ app_begin ] --START--
INFO: Run Behavior\ReadHtmlCacheBehavior [ RunTime:0.000630s ]
INFO: [ app_begin ] --END-- [ RunTime:0.000695s ]
NOTIC: [2] Missing argument 1 for I(), called in D:\WWW\club\Application\Club\Controller\LoginController.class.php on line 23 and defined D:\WWW\club\ThinkPHP\Common\functions.php 第 271 行.
NOTIC: [8] Undefined variable: name D:\WWW\club\ThinkPHP\Common\functions.php 第 273 行.
NOTIC: [8] Undefined variable: name D:\WWW\club\ThinkPHP\Common\functions.php 第 278 行.
NOTIC: [8] Undefined variable: name D:\WWW\club\ThinkPHP\Common\functions.php 第 339 行.
SQL: SHOW COLUMNS FROM `club_club` [ RunTime:0.0033s ]
SQL: SELECT * FROM `club_club` WHERE `email` = '375373223@qq.com' LIMIT 1   [ RunTime:0.0004s ]

[ 2015-09-12T10:51:49+08:00 ] 127.0.0.1 /club/index.php/Club/Index
INFO: [ app_init ] --START--
INFO: Run Behavior\BuildLiteBehavior [ RunTime:0.000016s ]
INFO: [ app_init ] --END-- [ RunTime:0.000457s ]

[ 2015-09-12T10:51:50+08:00 ] 127.0.0.1 /club/index.php/Club/Index/getData
INFO: [ app_init ] --START--
INFO: Run Behavior\BuildLiteBehavior [ RunTime:0.000041s ]
INFO: [ app_init ] --END-- [ RunTime:0.000837s ]
INFO: [ app_begin ] --START--
INFO: Run Behavior\ReadHtmlCacheBehavior [ RunTime:0.000561s ]
INFO: [ app_begin ] --END-- [ RunTime:0.000645s ]
SQL: SHOW COLUMNS FROM `club_club` [ RunTime:0.0287s ]
SQL: SELECT * FROM `club_club` WHERE `id` = 2 LIMIT 1   [ RunTime:0.0139s ]

[ 2015-09-12T10:52:11+08:00 ] 127.0.0.1 /club/index.php/Club/Department/index.html
INFO: [ app_init ] --START--
INFO: Run Behavior\BuildLiteBehavior [ RunTime:0.000018s ]
INFO: [ app_init ] --END-- [ RunTime:0.000418s ]

[ 2015-09-12T10:52:20+08:00 ] 127.0.0.1 /club/index.php/Club/Activity/index.html
INFO: [ app_init ] --START--
INFO: Run Behavior\BuildLiteBehavior [ RunTime:0.000019s ]
INFO: [ app_init ] --END-- [ RunTime:0.000414s ]

[ 2015-09-12T10:52:23+08:00 ] 127.0.0.1 /club/index.php/Club/Member/index.html
INFO: [ app_init ] --START--
INFO: Run Behavior\BuildLiteBehavior [ RunTime:0.000052s ]
INFO: [ app_init ] --END-- [ RunTime:0.000652s ]

[ 2015-09-12T10:52:24+08:00 ] 127.0.0.1 /club/index.php/Club/Suggention/index.html
INFO: [ app_init ] --START--
INFO: Run Behavior\BuildLiteBehavior [ RunTime:0.000022s ]
INFO: [ app_init ] --END-- [ RunTime:0.000535s ]
ERR: 无法加载控制器:Suggention

[ 2015-09-12T10:57:13+08:00 ] 127.0.0.1 /club/index.php/Club/Member/passedMember
INFO: [ app_init ] --START--
INFO: Run Behavior\BuildLiteBehavior [ RunTime:0.000025s ]
INFO: [ app_init ] --END-- [ RunTime:0.000699s ]

[ 2015-09-12T10:57:14+08:00 ] 127.0.0.1 /club/index.php/Club/Member/recycle
INFO: [ app_init ] --START--
INFO: Run Behavior\BuildLiteBehavior [ RunTime:0.000028s ]
INFO: [ app_init ] --END-- [ RunTime:0.000966s ]

[ 2015-09-12T10:57:15+08:00 ] 127.0.0.1 /club/index.php/Club/Member/passedMember
INFO: [ app_init ] --START--
INFO: Run Behavior\BuildLiteBehavior [ RunTime:0.000032s ]
INFO: [ app_init ] --END-- [ RunTime:0.000682s ]

[ 2015-09-12T10:57:16+08:00 ] 127.0.0.1 /club/index.php/Club/Member/showMember/id/6
INFO: [ app_init ] --START--
INFO: Run Behavior\BuildLiteBehavior [ RunTime:0.000016s ]
INFO: [ app_init ] --END-- [ RunTime:0.000486s ]

[ 2015-09-12T10:57:21+08:00 ] 127.0.0.1 /club/index.php/Club/Department/index.html
INFO: [ app_init ] --START--
INFO: Run Behavior\BuildLiteBehavior [ RunTime:0.000030s ]
INFO: [ app_init ] --END-- [ RunTime:0.000905s ]

[ 2015-09-12T10:57:22+08:00 ] 127.0.0.1 /club/index.php/Club/Activity/index.html
INFO: [ app_init ] --START--
INFO: Run Behavior\BuildLiteBehavior [ RunTime:0.000054s ]
INFO: [ app_init ] --END-- [ RunTime:0.000659s ]

[ 2015-09-12T11:13:41+08:00 ] 127.0.0.1 /club/index.php/Club/Register/verify
INFO: [ app_init ] --START--
INFO: Run Behavior\BuildLiteBehavior [ RunTime:0.000032s ]
INFO: [ app_init ] --END-- [ RunTime:0.000975s ]

[ 2015-09-12T11:14:01+08:00 ] 127.0.0.1 /club/index.php/Club/Index/loginOut.html
INFO: [ app_init ] --START--
INFO: Run Behavior\BuildLiteBehavior [ RunTime:0.000032s ]
INFO: [ app_init ] --END-- [ RunTime:0.000672s ]

[ 2015-09-12T11:14:01+08:00 ] 127.0.0.1 /club/index.php/Club/Login/index.html
INFO: [ app_init ] --START--
INFO: Run Behavior\BuildLiteBehavior [ RunTime:0.000016s ]
INFO: [ app_init ] --END-- [ RunTime:0.000464s ]

[ 2015-09-12T11:14:07+08:00 ] 127.0.0.1 /club/index.php/Club/Register/index.html
INFO: [ app_init ] --START--
INFO: Run Behavior\BuildLiteBehavior [ RunTime:0.000023s ]
INFO: [ app_init ] --END-- [ RunTime:0.000570s ]

[ 2015-09-12T11:14:07+08:00 ] 127.0.0.1 /club/index.php/Club/Register/verify
INFO: [ app_init ] --START--
INFO: Run Behavior\BuildLiteBehavior [ RunTime:0.000025s ]
INFO: [ app_init ] --END-- [ RunTime:0.000672s ]

[ 2015-09-12T11:14:34+08:00 ] 127.0.0.1 /club/index.php/Club/Register/verify
INFO: [ app_init ] --START--
INFO: Run Behavior\BuildLiteBehavior [ RunTime:0.000189s ]
INFO: [ app_init ] --END-- [ RunTime:0.003910s ]

[ 2015-09-12T11:15:25+08:00 ] 127.0.0.1 /club/index.php/Club/Register/verify
INFO: [ app_init ] --START--
INFO: Run Behavior\BuildLiteBehavior [ RunTime:0.000029s ]
INFO: [ app_init ] --END-- [ RunTime:0.000673s ]

[ 2015-09-12T11:15:49+08:00 ] 127.0.0.1 /club/index.php/Club/Register/verify
INFO: [ app_init ] --START--
INFO: Run Behavior\BuildLiteBehavior [ RunTime:0.000043s ]
INFO: [ app_init ] --END-- [ RunTime:0.001503s ]

[ 2015-09-12T11:20:53+08:00 ] 127.0.0.1 /club/index.php/Club/Register/verify
INFO: [ app_init ] --START--
INFO: Run Behavior\BuildLiteBehavior [ RunTime:0.000031s ]
INFO: [ app_init ] --END-- [ RunTime:0.000693s ]

[ 2015-09-12T11:20:56+08:00 ] 127.0.0.1 /club/index.php/Club/Register/verify
INFO: [ app_init ] --START--
INFO: Run Behavior\BuildLiteBehavior [ RunTime:0.000027s ]
INFO: [ app_init ] --END-- [ RunTime:0.000662s ]

[ 2015-09-12T11:21:33+08:00 ] 127.0.0.1 /club/index.php/Club/Register/verify
INFO: [ app_init ] --START--
INFO: Run Behavior\BuildLiteBehavior [ RunTime:0.000102s ]
INFO: [ app_init ] --END-- [ RunTime:0.002189s ]

[ 2015-09-12T11:22:12+08:00 ] 127.0.0.1 /club/index.php/Club/Register/verify
INFO: [ app_init ] --START--
INFO: Run Behavior\BuildLiteBehavior [ RunTime:0.000029s ]
INFO: [ app_init ] --END-- [ RunTime:0.003322s ]

[ 2015-09-12T11:23:00+08:00 ] 127.0.0.1 /club/index.php/Club/Register/verify
INFO: [ app_init ] --START--
INFO: Run Behavior\BuildLiteBehavior [ RunTime:0.000027s ]
INFO: [ app_init ] --END-- [ RunTime:0.000663s ]

[ 2015-09-12T11:23:27+08:00 ] 127.0.0.1 /club/index.php/Club/Register/verify
INFO: [ app_init ] --START--
INFO: Run Behavior\BuildLiteBehavior [ RunTime:0.000020s ]
INFO: [ app_init ] --END-- [ RunTime:0.000577s ]

[ 2015-09-12T11:23:41+08:00 ] 127.0.0.1 /club/index.php/Club/Register/verify
INFO: [ app_init ] --START--
INFO: Run Behavior\BuildLiteBehavior [ RunTime:0.000206s ]
INFO: [ app_init ] --END-- [ RunTime:0.003333s ]

[ 2015-09-12T11:23:41+08:00 ] 127.0.0.1 /club/index.php/Club/Register/verify
INFO: [ app_init ] --START--
INFO: Run Behavior\BuildLiteBehavior [ RunTime:0.000031s ]
INFO: [ app_init ] --END-- [ RunTime:0.000744s ]

[ 2015-09-12T11:23:42+08:00 ] 127.0.0.1 /club/index.php/Club/Register/verify
INFO: [ app_init ] --START--
INFO: Run Behavior\BuildLiteBehavior [ RunTime:0.000028s ]
INFO: [ app_init ] --END-- [ RunTime:0.000740s ]

[ 2015-09-12T11:23:42+08:00 ] 127.0.0.1 /club/index.php/Club/Register/verify
INFO: [ app_init ] --START--
INFO: Run Behavior\BuildLiteBehavior [ RunTime:0.000031s ]
INFO: [ app_init ] --END-- [ RunTime:0.000685s ]

[ 2015-09-12T11:23:42+08:00 ] 127.0.0.1 /club/index.php/Club/Register/verify
INFO: [ app_init ] --START--
INFO: Run Behavior\BuildLiteBehavior [ RunTime:0.000032s ]
INFO: [ app_init ] --END-- [ RunTime:0.000687s ]

[ 2015-09-12T11:23:42+08:00 ] 127.0.0.1 /club/index.php/Club/Register/verify
INFO: [ app_init ] --START--
INFO: Run Behavior\BuildLiteBehavior [ RunTime:0.000027s ]
INFO: [ app_init ] --END-- [ RunTime:0.000626s ]

[ 2015-09-12T11:23:42+08:00 ] 127.0.0.1 /club/index.php/Club/Register/verify
INFO: [ app_init ] --START--
INFO: Run Behavior\BuildLiteBehavior [ RunTime:0.000068s ]
INFO: [ app_init ] --END-- [ RunTime:0.001003s ]

[ 2015-09-12T11:23:42+08:00 ] 127.0.0.1 /club/index.php/Club/Register/verify
INFO: [ app_init ] --START--
INFO: Run Behavior\BuildLiteBehavior [ RunTime:0.000032s ]
INFO: [ app_init ] --END-- [ RunTime:0.000769s ]

[ 2015-09-12T11:23:42+08:00 ] 127.0.0.1 /club/index.php/Club/Register/verify
INFO: [ app_init ] --START--
INFO: Run Behavior\BuildLiteBehavior [ RunTime:0.000027s ]
INFO: [ app_init ] --END-- [ RunTime:0.000638s ]

[ 2015-09-12T11:23:43+08:00 ] 127.0.0.1 /club/index.php/Club/Register/verify
INFO: [ app_init ] --START--
INFO: Run Behavior\BuildLiteBehavior [ RunTime:0.000033s ]
INFO: [ app_init ] --END-- [ RunTime:0.000709s ]

[ 2015-09-12T11:23:43+08:00 ] 127.0.0.1 /club/index.php/Club/Register/verify
INFO: [ app_init ] --START--
INFO: Run Behavior\BuildLiteBehavior [ RunTime:0.000038s ]
INFO: [ app_init ] --END-- [ RunTime:0.000783s ]

[ 2015-09-12T11:32:05+08:00 ] 127.0.0.1 /club/index.php/Club/Register/verify
INFO: [ app_init ] --START--
INFO: Run Behavior\BuildLiteBehavior [ RunTime:0.000031s ]
INFO: [ app_init ] --END-- [ RunTime:0.000716s ]

[ 2015-09-12T11:33:02+08:00 ] 127.0.0.1 /club/index.php/Club/Register/verify
INFO: [ app_init ] --START--
INFO: Run Behavior\BuildLiteBehavior [ RunTime:0.000029s ]
INFO: [ app_init ] --END-- [ RunTime:0.000620s ]

[ 2015-09-12T11:33:34+08:00 ] 127.0.0.1 /club/index.php/Club/Register/verify
INFO: [ app_init ] --START--
INFO: Run Behavior\BuildLiteBehavior [ RunTime:0.000035s ]
INFO: [ app_init ] --END-- [ RunTime:0.000711s ]

[ 2015-09-12T11:37:34+08:00 ] 127.0.0.1 /club/index.php/Club/Register/verify
INFO: [ app_init ] --START--
INFO: Run Behavior\BuildLiteBehavior [ RunTime:0.000034s ]
INFO: [ app_init ] --END-- [ RunTime:0.000601s ]

[ 2015-09-12T11:40:19+08:00 ] 127.0.0.1 /club/index.php/Club/Register/verify
INFO: [ app_init ] --START--
INFO: Run Behavior\BuildLiteBehavior [ RunTime:0.000036s ]
INFO: [ app_init ] --END-- [ RunTime:0.000827s ]

[ 2015-09-12T11:40:53+08:00 ] 127.0.0.1 /club/index.php/Club/Register/verify
INFO: [ app_init ] --START--
INFO: Run Behavior\BuildLiteBehavior [ RunTime:0.000044s ]
INFO: [ app_init ] --END-- [ RunTime:0.000852s ]

[ 2015-09-12T11:42:41+08:00 ] 127.0.0.1 /club/index.php/Club/Register/verify
INFO: [ app_init ] --START--
INFO: Run Behavior\BuildLiteBehavior [ RunTime:0.000031s ]
INFO: [ app_init ] --END-- [ RunTime:0.000567s ]

[ 2015-09-12T11:42:59+08:00 ] 127.0.0.1 /club/index.php/Club/Register/verify
INFO: [ app_init ] --START--
INFO: Run Behavior\BuildLiteBehavior [ RunTime:0.000047s ]
INFO: [ app_init ] --END-- [ RunTime:0.000915s ]

[ 2015-09-12T11:43:28+08:00 ] 127.0.0.1 /club/index.php/Club/Register/verify?0.30980670638382435
INFO: [ app_init ] --START--
INFO: Run Behavior\BuildLiteBehavior [ RunTime:0.000055s ]
INFO: [ app_init ] --END-- [ RunTime:0.000571s ]

[ 2015-09-12T11:43:30+08:00 ] 127.0.0.1 /club/index.php/Club/Register/verify
INFO: [ app_init ] --START--
INFO: Run Behavior\BuildLiteBehavior [ RunTime:0.000019s ]
INFO: [ app_init ] --END-- [ RunTime:0.000414s ]

[ 2015-09-12T11:43:48+08:00 ] 127.0.0.1 /club/index.php/Club/Register/verify?0.5255541142541915
INFO: [ app_init ] --START--
INFO: Run Behavior\BuildLiteBehavior [ RunTime:0.000045s ]
INFO: [ app_init ] --END-- [ RunTime:0.001173s ]

[ 2015-09-12T11:44:01+08:00 ] 127.0.0.1 /club/index.php/Club/Register/verify?0.5255541142541915?0.5916348611935973
INFO: [ app_init ] --START--
INFO: Run Behavior\BuildLiteBehavior [ RunTime:0.000016s ]
INFO: [ app_init ] --END-- [ RunTime:0.000502s ]

[ 2015-09-12T11:44:06+08:00 ] 127.0.0.1 /club/index.php/Club/Index
INFO: [ app_init ] --START--
INFO: Run Behavior\BuildLiteBehavior [ RunTime:0.000029s ]
INFO: [ app_init ] --END-- [ RunTime:0.000712s ]

[ 2015-09-12T11:44:06+08:00 ] 127.0.0.1 /club/index.php/Club/Index/getData
INFO: [ app_init ] --START--
INFO: Run Behavior\BuildLiteBehavior [ RunTime:0.000029s ]
INFO: [ app_init ] --END-- [ RunTime:0.000683s ]
INFO: [ app_begin ] --START--
INFO: Run Behavior\ReadHtmlCacheBehavior [ RunTime:0.000981s ]
INFO: [ app_begin ] --END-- [ RunTime:0.001115s ]
SQL: SHOW COLUMNS FROM `club_club` [ RunTime:0.0085s ]
SQL: SELECT * FROM `club_club` WHERE `id` = null LIMIT 1   [ RunTime:0.0011s ]

[ 2015-09-12T11:47:22+08:00 ] 127.0.0.1 /club/index.php/Club/Register/verify
INFO: [ app_init ] --START--
INFO: Run Behavior\BuildLiteBehavior [ RunTime:0.000027s ]
INFO: [ app_init ] --END-- [ RunTime:0.000682s ]

[ 2015-09-12T11:47:31+08:00 ] 127.0.0.1 /club/index.php/Club/Register/verify?0.12539397552609444
INFO: [ app_init ] --START--
INFO: Run Behavior\BuildLiteBehavior [ RunTime:0.000018s ]
INFO: [ app_init ] --END-- [ RunTime:0.000463s ]

[ 2015-09-12T11:47:36+08:00 ] 127.0.0.1 /club/index.php/Club/Index
INFO: [ app_init ] --START--
INFO: Run Behavior\BuildLiteBehavior [ RunTime:0.000018s ]
INFO: [ app_init ] --END-- [ RunTime:0.000528s ]

[ 2015-09-12T11:47:36+08:00 ] 127.0.0.1 /club/index.php/Club/Index/getData
INFO: [ app_init ] --START--
INFO: Run Behavior\BuildLiteBehavior [ RunTime:0.000029s ]
INFO: [ app_init ] --END-- [ RunTime:0.000715s ]
INFO: [ app_begin ] --START--
INFO: Run Behavior\ReadHtmlCacheBehavior [ RunTime:0.001097s ]
INFO: [ app_begin ] --END-- [ RunTime:0.001253s ]
SQL: SHOW COLUMNS FROM `club_club` [ RunTime:0.0051s ]
SQL: SELECT * FROM `club_club` WHERE `id` = null LIMIT 1   [ RunTime:0.0006s ]

[ 2015-09-12T11:47:41+08:00 ] 127.0.0.1 /club/index.php/Club/Register/verify?0.9823539841454476
INFO: [ app_init ] --START--
INFO: Run Behavior\BuildLiteBehavior [ RunTime:0.000016s ]
INFO: [ app_init ] --END-- [ RunTime:0.000372s ]

[ 2015-09-12T11:47:42+08:00 ] 127.0.0.1 /club/index.php/Club/Register/verify?0.9823539841454476?0.9154398778919131
INFO: [ app_init ] --START--
INFO: Run Behavior\BuildLiteBehavior [ RunTime:0.000017s ]
INFO: [ app_init ] --END-- [ RunTime:0.000398s ]

[ 2015-09-12T11:47:42+08:00 ] 127.0.0.1 /club/index.php/Club/Register/verify?0.9823539841454476?0.9154398778919131?0.5775756239891052
INFO: [ app_init ] --START--
INFO: Run Behavior\BuildLiteBehavior [ RunTime:0.000020s ]
INFO: [ app_init ] --END-- [ RunTime:0.000468s ]

[ 2015-09-12T11:47:44+08:00 ] 127.0.0.1 /club/index.php/Club/Register/verify
INFO: [ app_init ] --START--
INFO: Run Behavior\BuildLiteBehavior [ RunTime:0.000027s ]
INFO: [ app_init ] --END-- [ RunTime:0.000691s ]

[ 2015-09-12T11:49:16+08:00 ] 127.0.0.1 /club/index.php/Club/Register/verify
INFO: [ app_init ] --START--
INFO: Run Behavior\BuildLiteBehavior [ RunTime:0.000029s ]
INFO: [ app_init ] --END-- [ RunTime:0.000609s ]

[ 2015-09-12T12:00:08+08:00 ] 127.0.0.1 /club/index.php/Club/Login
INFO: [ app_init ] --START--
INFO: Run Behavior\BuildLiteBehavior [ RunTime:0.000043s ]
INFO: [ app_init ] --END-- [ RunTime:0.000889s ]

[ 2015-09-12T12:00:19+08:00 ] 127.0.0.1 /club/index.php/Club/Login/handle
INFO: [ app_init ] --START--
INFO: Run Behavior\BuildLiteBehavior [ RunTime:0.000022s ]
INFO: [ app_init ] --END-- [ RunTime:0.000597s ]
INFO: [ app_begin ] --START--
INFO: Run Behavior\ReadHtmlCacheBehavior [ RunTime:0.000571s ]
INFO: [ app_begin ] --END-- [ RunTime:0.000649s ]
NOTIC: [2] Missing argument 1 for I(), called in D:\WWW\club\Application\Club\Controller\LoginController.class.php on line 23 and defined D:\WWW\club\ThinkPHP\Common\functions.php 第 271 行.
NOTIC: [8] Undefined variable: name D:\WWW\club\ThinkPHP\Common\functions.php 第 273 行.
NOTIC: [8] Undefined variable: name D:\WWW\club\ThinkPHP\Common\functions.php 第 278 行.
NOTIC: [8] Undefined variable: name D:\WWW\club\ThinkPHP\Common\functions.php 第 339 行.
SQL: SHOW COLUMNS FROM `club_club` [ RunTime:0.0053s ]
SQL: SELECT * FROM `club_club` WHERE `email` = '375373223@qq.com' LIMIT 1   [ RunTime:0.0117s ]

[ 2015-09-12T12:00:19+08:00 ] 127.0.0.1 /club/index.php/Club/Index
INFO: [ app_init ] --START--
INFO: Run Behavior\BuildLiteBehavior [ RunTime:0.000025s ]
INFO: [ app_init ] --END-- [ RunTime:0.000586s ]

[ 2015-09-12T12:00:19+08:00 ] 127.0.0.1 /club/index.php/Club/Index/getData
INFO: [ app_init ] --START--
INFO: Run Behavior\BuildLiteBehavior [ RunTime:0.000029s ]
INFO: [ app_init ] --END-- [ RunTime:0.000710s ]
INFO: [ app_begin ] --START--
INFO: Run Behavior\ReadHtmlCacheBehavior [ RunTime:0.002506s ]
INFO: [ app_begin ] --END-- [ RunTime:0.002648s ]
SQL: SHOW COLUMNS FROM `club_club` [ RunTime:0.0047s ]
SQL: SELECT * FROM `club_club` WHERE `id` = 2 LIMIT 1   [ RunTime:0.0007s ]

[ 2015-09-12T12:00:21+08:00 ] 127.0.0.1 /club/index.php/Club/Department/index.html
INFO: [ app_init ] --START--
INFO: Run Behavior\BuildLiteBehavior [ RunTime:0.000038s ]
INFO: [ app_init ] --END-- [ RunTime:0.000542s ]

[ 2015-09-12T12:00:24+08:00 ] 127.0.0.1 /club/index.php/Club/Member/index.html
INFO: [ app_init ] --START--
INFO: Run Behavior\BuildLiteBehavior [ RunTime:0.000018s ]
INFO: [ app_init ] --END-- [ RunTime:0.000557s ]

[ 2015-09-12T12:00:29+08:00 ] 127.0.0.1 /club/index.php/Club/Member/showMember/id/4
INFO: [ app_init ] --START--
INFO: Run Behavior\BuildLiteBehavior [ RunTime:0.000026s ]
INFO: [ app_init ] --END-- [ RunTime:0.000602s ]

[ 2015-09-12T12:00:32+08:00 ] 127.0.0.1 /club/index.php/Club/Member/passedMember
INFO: [ app_init ] --START--
INFO: Run Behavior\BuildLiteBehavior [ RunTime:0.000032s ]
INFO: [ app_init ] --END-- [ RunTime:0.000805s ]

[ 2015-09-12T12:00:34+08:00 ] 127.0.0.1 /club/index.php/Club/Member/showMember/id/6
INFO: [ app_init ] --START--
INFO: Run Behavior\BuildLiteBehavior [ RunTime:0.000028s ]
INFO: [ app_init ] --END-- [ RunTime:0.000519s ]

[ 2015-09-12T12:00:37+08:00 ] 127.0.0.1 /club/index.php/Club/Member/recycle
INFO: [ app_init ] --START--
INFO: Run Behavior\BuildLiteBehavior [ RunTime:0.000020s ]
INFO: [ app_init ] --END-- [ RunTime:0.000564s ]

[ 2015-09-12T12:00:43+08:00 ] 127.0.0.1 /club/index.php/Club/Member/index
INFO: [ app_init ] --START--
INFO: Run Behavior\BuildLiteBehavior [ RunTime:0.000018s ]
INFO: [ app_init ] --END-- [ RunTime:0.000499s ]

[ 2015-09-12T12:00:50+08:00 ] 127.0.0.1 /club/index.php/Club/Member/showMember/id/4
INFO: [ app_init ] --START--
INFO: Run Behavior\BuildLiteBehavior [ RunTime:0.000033s ]
INFO: [ app_init ] --END-- [ RunTime:0.000682s ]

[ 2015-09-12T12:01:22+08:00 ] 127.0.0.1 /club/index.php/Club/Member/passedMember
INFO: [ app_init ] --START--
INFO: Run Behavior\BuildLiteBehavior [ RunTime:0.000028s ]
INFO: [ app_init ] --END-- [ RunTime:0.000685s ]

[ 2015-09-12T12:01:24+08:00 ] 127.0.0.1 /club/index.php/Club/Member/recycle
INFO: [ app_init ] --START--
INFO: Run Behavior\BuildLiteBehavior [ RunTime:0.000024s ]
INFO: [ app_init ] --END-- [ RunTime:0.000489s ]

[ 2015-09-12T12:01:25+08:00 ] 127.0.0.1 /club/index.php/Club/Member/passedMember
INFO: [ app_init ] --START--
INFO: Run Behavior\BuildLiteBehavior [ RunTime:0.000031s ]
INFO: [ app_init ] --END-- [ RunTime:0.000717s ]

[ 2015-09-12T12:01:30+08:00 ] 127.0.0.1 /club/index.php/Club/Member/index
INFO: [ app_init ] --START--
INFO: Run Behavior\BuildLiteBehavior [ RunTime:0.000037s ]
INFO: [ app_init ] --END-- [ RunTime:0.000421s ]

[ 2015-09-12T12:01:32+08:00 ] 127.0.0.1 /club/index.php/Club/Member/passedMember
INFO: [ app_init ] --START--
INFO: Run Behavior\BuildLiteBehavior [ RunTime:0.000021s ]
INFO: [ app_init ] --END-- [ RunTime:0.000564s ]

[ 2015-09-12T12:01:34+08:00 ] 127.0.0.1 /club/index.php/Club/Member/recycle
INFO: [ app_init ] --START--
INFO: Run Behavior\BuildLiteBehavior [ RunTime:0.000017s ]
INFO: [ app_init ] --END-- [ RunTime:0.000395s ]

[ 2015-09-12T12:01:35+08:00 ] 127.0.0.1 /club/index.php/Club/Member/passedMember
INFO: [ app_init ] --START--
INFO: Run Behavior\BuildLiteBehavior [ RunTime:0.000056s ]
INFO: [ app_init ] --END-- [ RunTime:0.000873s ]

[ 2015-09-12T12:01:36+08:00 ] 127.0.0.1 /club/index.php/Club/Member/index
INFO: [ app_init ] --START--
INFO: Run Behavior\BuildLiteBehavior [ RunTime:0.000016s ]
INFO: [ app_init ] --END-- [ RunTime:0.000400s ]

[ 2015-09-12T12:01:39+08:00 ] 127.0.0.1 /club/index.php/Club/Member/passedMember
INFO: [ app_init ] --START--
INFO: Run Behavior\BuildLiteBehavior [ RunTime:0.000024s ]
INFO: [ app_init ] --END-- [ RunTime:0.000514s ]

[ 2015-09-12T12:01:40+08:00 ] 127.0.0.1 /club/index.php/Club/Member/recycle
INFO: [ app_init ] --START--
INFO: Run Behavior\BuildLiteBehavior [ RunTime:0.000020s ]
INFO: [ app_init ] --END-- [ RunTime:0.000582s ]

[ 2015-09-12T12:01:42+08:00 ] 127.0.0.1 /club/index.php/Club/Member/passedMember
INFO: [ app_init ] --START--
INFO: Run Behavior\BuildLiteBehavior [ RunTime:0.000032s ]
INFO: [ app_init ] --END-- [ RunTime:0.000770s ]

[ 2015-09-12T12:01:43+08:00 ] 127.0.0.1 /club/index.php/Club/Member/showMember/id/6
INFO: [ app_init ] --START--
INFO: Run Behavior\BuildLiteBehavior [ RunTime:0.000031s ]
INFO: [ app_init ] --END-- [ RunTime:0.000630s ]

[ 2015-09-12T12:01:57+08:00 ] 127.0.0.1 /club/index.php/Club/Member/passedMember
INFO: [ app_init ] --START--
INFO: Run Behavior\BuildLiteBehavior [ RunTime:0.000047s ]
INFO: [ app_init ] --END-- [ RunTime:0.000742s ]

[ 2015-09-12T12:01:58+08:00 ] 127.0.0.1 /club/index.php/Club/Member/showMember/id/6
INFO: [ app_init ] --START--
INFO: Run Behavior\BuildLiteBehavior [ RunTime:0.000047s ]
INFO: [ app_init ] --END-- [ RunTime:0.000742s ]

[ 2015-09-12T12:02:00+08:00 ] 127.0.0.1 /club/index.php/Club/Member/index
INFO: [ app_init ] --START--
INFO: Run Behavior\BuildLiteBehavior [ RunTime:0.000018s ]
INFO: [ app_init ] --END-- [ RunTime:0.000513s ]

[ 2015-09-12T12:02:01+08:00 ] 127.0.0.1 /club/index.php/Club/Member/showMember/id/4
INFO: [ app_init ] --START--
INFO: Run Behavior\BuildLiteBehavior [ RunTime:0.000023s ]
INFO: [ app_init ] --END-- [ RunTime:0.000653s ]

[ 2015-09-12T12:02:08+08:00 ] 127.0.0.1 /club/index.php/Club/Member/delete?id=4
INFO: [ app_init ] --START--
INFO: Run Behavior\BuildLiteBehavior [ RunTime:0.000027s ]
INFO: [ app_init ] --END-- [ RunTime:0.000584s ]
INFO: [ app_begin ] --START--
INFO: Run Behavior\ReadHtmlCacheBehavior [ RunTime:0.000598s ]
INFO: [ app_begin ] --END-- [ RunTime:0.000670s ]
SQL: SHOW COLUMNS FROM `club_member` [ RunTime:0.0049s ]
SQL: UPDATE `club_member` SET `status`='3' WHERE `id` = 4 [ RunTime:0.0395s ]

[ 2015-09-12T12:02:08+08:00 ] 127.0.0.1 /club/index.php/Club/Member
INFO: [ app_init ] --START--
INFO: Run Behavior\BuildLiteBehavior [ RunTime:0.000040s ]
INFO: [ app_init ] --END-- [ RunTime:0.001069s ]

[ 2015-09-12T12:02:10+08:00 ] 127.0.0.1 /club/index.php/Club/Member/recycle
INFO: [ app_init ] --START--
INFO: Run Behavior\BuildLiteBehavior [ RunTime:0.000043s ]
INFO: [ app_init ] --END-- [ RunTime:0.000662s ]

[ 2015-09-12T12:02:11+08:00 ] 127.0.0.1 /club/index.php/Club/Member/showDeleteMember/id/4
INFO: [ app_init ] --START--
INFO: Run Behavior\BuildLiteBehavior [ RunTime:0.000017s ]
INFO: [ app_init ] --END-- [ RunTime:0.000439s ]

[ 2015-09-12T12:02:14+08:00 ] 127.0.0.1 /club/index.php/Club/Member/recover?id=4
INFO: [ app_init ] --START--
INFO: Run Behavior\BuildLiteBehavior [ RunTime:0.000035s ]
INFO: [ app_init ] --END-- [ RunTime:0.000535s ]
INFO: [ app_begin ] --START--
INFO: Run Behavior\ReadHtmlCacheBehavior [ RunTime:0.000853s ]
INFO: [ app_begin ] --END-- [ RunTime:0.000993s ]
SQL: SHOW COLUMNS FROM `club_member` [ RunTime:0.0049s ]
SQL: UPDATE `club_member` SET `status`='0' WHERE `id` = 4 [ RunTime:0.0005s ]

[ 2015-09-12T12:02:14+08:00 ] 127.0.0.1 /club/index.php/Club//Member/recycle
INFO: [ app_init ] --START--
INFO: Run Behavior\BuildLiteBehavior [ RunTime:0.000031s ]
INFO: [ app_init ] --END-- [ RunTime:0.000654s ]

[ 2015-09-12T12:02:16+08:00 ] 127.0.0.1 /club/index.php/Club/Member/index
INFO: [ app_init ] --START--
INFO: Run Behavior\BuildLiteBehavior [ RunTime:0.000040s ]
INFO: [ app_init ] --END-- [ RunTime:0.000672s ]

[ 2015-09-12T12:02:17+08:00 ] 127.0.0.1 /club/index.php/Club/Member/passedMember
INFO: [ app_init ] --START--
INFO: Run Behavior\BuildLiteBehavior [ RunTime:0.000048s ]
INFO: [ app_init ] --END-- [ RunTime:0.000777s ]

[ 2015-09-12T12:02:19+08:00 ] 127.0.0.1 /club/index.php/Club/Member/recycle
INFO: [ app_init ] --START--
INFO: Run Behavior\BuildLiteBehavior [ RunTime:0.000027s ]
INFO: [ app_init ] --END-- [ RunTime:0.000597s ]

[ 2015-09-12T12:02:23+08:00 ] 127.0.0.1 /club/index.php/Club/Activity/index.html
INFO: [ app_init ] --START--
INFO: Run Behavior\BuildLiteBehavior [ RunTime:0.000041s ]
INFO: [ app_init ] --END-- [ RunTime:0.000819s ]

[ 2015-09-12T12:02:24+08:00 ] 127.0.0.1 /club/index.php/Club/Department/index.html
INFO: [ app_init ] --START--
INFO: Run Behavior\BuildLiteBehavior [ RunTime:0.000033s ]
INFO: [ app_init ] --END-- [ RunTime:0.000908s ]

[ 2015-09-12T12:02:25+08:00 ] 127.0.0.1 /club/index.php/Club/Index/index.html
INFO: [ app_init ] --START--
INFO: Run Behavior\BuildLiteBehavior [ RunTime:0.000017s ]
INFO: [ app_init ] --END-- [ RunTime:0.000478s ]

[ 2015-09-12T12:02:25+08:00 ] 127.0.0.1 /club/index.php/Club/Index/getData
INFO: [ app_init ] --START--
INFO: Run Behavior\BuildLiteBehavior [ RunTime:0.000045s ]
INFO: [ app_init ] --END-- [ RunTime:0.000796s ]
INFO: [ app_begin ] --START--
INFO: Run Behavior\ReadHtmlCacheBehavior [ RunTime:0.000555s ]
INFO: [ app_begin ] --END-- [ RunTime:0.000638s ]
SQL: SHOW COLUMNS FROM `club_club` [ RunTime:0.0063s ]
SQL: SELECT * FROM `club_club` WHERE `id` = 2 LIMIT 1   [ RunTime:0.0007s ]

[ 2015-09-12T12:02:32+08:00 ] 127.0.0.1 /club/index.php/Club/Index/loginOut.html
INFO: [ app_init ] --START--
INFO: Run Behavior\BuildLiteBehavior [ RunTime:0.000059s ]
INFO: [ app_init ] --END-- [ RunTime:0.000840s ]

[ 2015-09-12T12:02:32+08:00 ] 127.0.0.1 /club/index.php/Club/Login/index.html
INFO: [ app_init ] --START--
INFO: Run Behavior\BuildLiteBehavior [ RunTime:0.000018s ]
INFO: [ app_init ] --END-- [ RunTime:0.000777s ]

[ 2015-09-12T12:25:41+08:00 ] 127.0.0.1 /club/index.php/Club/Login
INFO: [ app_init ] --START--
INFO: Run Behavior\BuildLiteBehavior [ RunTime:0.000018s ]
INFO: [ app_init ] --END-- [ RunTime:0.000581s ]

[ 2015-09-12T12:25:47+08:00 ] 127.0.0.1 /club/index.php/Club/Register/verify
INFO: [ app_init ] --START--
INFO: Run Behavior\BuildLiteBehavior [ RunTime:0.000023s ]
INFO: [ app_init ] --END-- [ RunTime:0.000720s ]

[ 2015-09-12T12:34:09+08:00 ] 127.0.0.1 /club/index.php/Club/Register/verify
INFO: [ app_init ] --START--
INFO: Run Behavior\BuildLiteBehavior [ RunTime:0.000022s ]
INFO: [ app_init ] --END-- [ RunTime:0.000581s ]

[ 2015-09-12T12:34:22+08:00 ] 127.0.0.1 /club/index.php/Club/Register/verify
INFO: [ app_init ] --START--
INFO: Run Behavior\BuildLiteBehavior [ RunTime:0.000020s ]
INFO: [ app_init ] --END-- [ RunTime:0.000428s ]

[ 2015-09-12T12:34:41+08:00 ] 127.0.0.1 /club/index.php/Club/Register/verify
INFO: [ app_init ] --START--
INFO: Run Behavior\BuildLiteBehavior [ RunTime:0.000021s ]
INFO: [ app_init ] --END-- [ RunTime:0.000420s ]

[ 2015-09-12T12:37:45+08:00 ] 127.0.0.1 /club/index.php/Club/Register/verify
INFO: [ app_init ] --START--
INFO: Run Behavior\BuildLiteBehavior [ RunTime:0.000028s ]
INFO: [ app_init ] --END-- [ RunTime:0.000700s ]

[ 2015-09-12T12:37:48+08:00 ] 127.0.0.1 /club/index.php/Club/Register/verify
INFO: [ app_init ] --START--
INFO: Run Behavior\BuildLiteBehavior [ RunTime:0.000023s ]
INFO: [ app_init ] --END-- [ RunTime:0.000536s ]

[ 2015-09-12T13:25:30+08:00 ] 127.0.0.1 /club/index.php/Club/Member/recover
INFO: [ app_init ] --START--
INFO: Run Behavior\BuildLiteBehavior [ RunTime:0.000090s ]
INFO: [ app_init ] --END-- [ RunTime:0.002058s ]
INFO: [ app_begin ] --START--
INFO: Run Behavior\ReadHtmlCacheBehavior [ RunTime:0.000736s ]
INFO: [ app_begin ] --END-- [ RunTime:0.000802s ]

[ 2015-09-12T13:25:30+08:00 ] 127.0.0.1 /club/index.php/Club/Login/index.html
INFO: [ app_init ] --START--
INFO: Run Behavior\BuildLiteBehavior [ RunTime:0.000016s ]
INFO: [ app_init ] --END-- [ RunTime:0.000485s ]
INFO: [ app_begin ] --START--
INFO: Run Behavior\ReadHtmlCacheBehavior [ RunTime:0.000777s ]
INFO: [ app_begin ] --END-- [ RunTime:0.000839s ]
INFO: [ view_parse ] --START--
INFO: [ template_filter ] --START--
INFO: Run Behavior\ContentReplaceBehavior [ RunTime:0.000059s ]
INFO: [ template_filter ] --END-- [ RunTime:0.000135s ]
INFO: Run Behavior\ParseTemplateBehavior [ RunTime:0.006636s ]
INFO: [ view_parse ] --END-- [ RunTime:0.006699s ]
INFO: [ view_filter ] --START--
INFO: Run Behavior\WriteHtmlCacheBehavior [ RunTime:0.000615s ]
INFO: [ view_filter ] --END-- [ RunTime:0.000665s ]
INFO: [ app_end ] --START--
INFO: Run Behavior\ShowPageTraceBehavior [ RunTime:0.000778s ]
INFO: [ app_end ] --END-- [ RunTime:0.000837s ]

[ 2015-09-12T13:26:02+08:00 ] 127.0.0.1 /club/index.php/Club/Member/recover?id=4
INFO: [ app_init ] --START--
INFO: Run Behavior\BuildLiteBehavior [ RunTime:0.000015s ]
INFO: [ app_init ] --END-- [ RunTime:0.000405s ]
INFO: [ app_begin ] --START--
INFO: Run Behavior\ReadHtmlCacheBehavior [ RunTime:0.000946s ]
INFO: [ app_begin ] --END-- [ RunTime:0.001029s ]

[ 2015-09-12T13:26:02+08:00 ] 127.0.0.1 /club/index.php/Club/Login/index.html
INFO: [ app_init ] --START--
INFO: Run Behavior\BuildLiteBehavior [ RunTime:0.000026s ]
INFO: [ app_init ] --END-- [ RunTime:0.000639s ]
INFO: [ app_begin ] --START--
INFO: Run Behavior\ReadHtmlCacheBehavior [ RunTime:0.001309s ]
INFO: [ app_begin ] --END-- [ RunTime:0.001420s ]
INFO: [ view_parse ] --START--
INFO: [ template_filter ] --START--
INFO: Run Behavior\ContentReplaceBehavior [ RunTime:0.000099s ]
INFO: [ template_filter ] --END-- [ RunTime:0.000201s ]
INFO: Run Behavior\ParseTemplateBehavior [ RunTime:0.010176s ]
INFO: [ view_parse ] --END-- [ RunTime:0.010269s ]
INFO: [ view_filter ] --START--
INFO: Run Behavior\WriteHtmlCacheBehavior [ RunTime:0.000810s ]
INFO: [ view_filter ] --END-- [ RunTime:0.000895s ]
INFO: [ app_end ] --START--
INFO: Run Behavior\ShowPageTraceBehavior [ RunTime:0.000936s ]
INFO: [ app_end ] --END-- [ RunTime:0.001018s ]

[ 2015-09-12T13:26:06+08:00 ] 127.0.0.1 /club/index.php/Club/Member/recover?id=4
INFO: [ app_init ] --START--
INFO: Run Behavior\BuildLiteBehavior [ RunTime:0.000015s ]
INFO: [ app_init ] --END-- [ RunTime:0.000362s ]
INFO: [ app_begin ] --START--
INFO: Run Behavior\ReadHtmlCacheBehavior [ RunTime:0.000563s ]
INFO: [ app_begin ] --END-- [ RunTime:0.000626s ]

[ 2015-09-12T13:26:06+08:00 ] 127.0.0.1 /club/index.php/Club/Login/index.html
INFO: [ app_init ] --START--
INFO: Run Behavior\BuildLiteBehavior [ RunTime:0.000027s ]
INFO: [ app_init ] --END-- [ RunTime:0.000520s ]
INFO: [ app_begin ] --START--
INFO: Run Behavior\ReadHtmlCacheBehavior [ RunTime:0.000728s ]
INFO: [ app_begin ] --END-- [ RunTime:0.000832s ]
INFO: [ view_parse ] --START--
INFO: [ template_filter ] --START--
INFO: Run Behavior\ContentReplaceBehavior [ RunTime:0.000104s ]
INFO: [ template_filter ] --END-- [ RunTime:0.000205s ]
INFO: Run Behavior\ParseTemplateBehavior [ RunTime:0.006729s ]
INFO: [ view_parse ] --END-- [ RunTime:0.006795s ]
INFO: [ view_filter ] --START--
INFO: Run Behavior\WriteHtmlCacheBehavior [ RunTime:0.000490s ]
INFO: [ view_filter ] --END-- [ RunTime:0.000540s ]
INFO: [ app_end ] --START--
INFO: Run Behavior\ShowPageTraceBehavior [ RunTime:0.000625s ]
INFO: [ app_end ] --END-- [ RunTime:0.000689s ]

[ 2015-09-12T13:58:15+08:00 ] 127.0.0.1 /club/index.php/Club/Register/verify
INFO: [ app_init ] --START--
INFO: Run Behavior\BuildLiteBehavior [ RunTime:0.000027s ]
INFO: [ app_init ] --END-- [ RunTime:0.000589s ]

