[ 2015-04-04T02:25:41+08:00 ] 127.0.0.1 /think/
INFO: [ app_init ] --START--
INFO: Run Behavior\BuildLiteBehavior [ RunTime:0.000072s ]
INFO: [ app_init ] --END-- [ RunTime:0.038268s ]
INFO: [ app_begin ] --START--
INFO: Run Behavior\ReadHtmlCacheBehavior [ RunTime:0.044130s ]
INFO: [ app_begin ] --END-- [ RunTime:0.044373s ]
SQL: SHOW COLUMNS FROM `think_article` [ RunTime:0.2008s ]
SQL: SELECT COUNT(*) AS tp_count FROM `think_article` LIMIT 1   [ RunTime:0.0011s ]
SQL: SELECT * FROM `think_article` ORDER BY time DESC LIMIT 0,8   [ RunTime:0.0017s ]
INFO: [ view_parse ] --START--
INFO: [ template_filter ] --START--
INFO: Run Behavior\ContentReplaceBehavior [ RunTime:0.000164s ]
INFO: [ template_filter ] --END-- [ RunTime:0.000355s ]
INFO: Run Behavior\ParseTemplateBehavior [ RunTime:0.260216s ]
INFO: [ view_parse ] --END-- [ RunTime:0.260495s ]
INFO: [ view_filter ] --START--
INFO: Run Behavior\WriteHtmlCacheBehavior [ RunTime:0.033612s ]
INFO: [ view_filter ] --END-- [ RunTime:0.033812s ]
INFO: [ app_end ] --START--
INFO: Run Behavior\ShowPageTraceBehavior [ RunTime:0.041410s ]
INFO: [ app_end ] --END-- [ RunTime:0.041670s ]

[ 2015-04-04T02:25:43+08:00 ] 127.0.0.1 /think/index.php/Home/Index/photo.html
INFO: [ app_init ] --START--
INFO: Run Behavior\BuildLiteBehavior [ RunTime:0.000017s ]
INFO: [ app_init ] --END-- [ RunTime:0.000607s ]
INFO: [ app_begin ] --START--
INFO: Run Behavior\ReadHtmlCacheBehavior [ RunTime:0.000707s ]
INFO: [ app_begin ] --END-- [ RunTime:0.000773s ]
SQL: SHOW COLUMNS FROM `think_photo` [ RunTime:0.1008s ]
SQL: SELECT COUNT(*) AS tp_count FROM `think_photo` LIMIT 1   [ RunTime:0.0003s ]
SQL: SELECT * FROM `think_photo` ORDER BY time DESC LIMIT 0,8   [ RunTime:0.0006s ]
INFO: [ view_parse ] --START--
INFO: [ template_filter ] --START--
INFO: Run Behavior\ContentReplaceBehavior [ RunTime:0.000051s ]
INFO: [ template_filter ] --END-- [ RunTime:0.000113s ]
INFO: Run Behavior\ParseTemplateBehavior [ RunTime:0.106956s ]
INFO: [ view_parse ] --END-- [ RunTime:0.107143s ]
INFO: [ view_filter ] --START--
INFO: Run Behavior\WriteHtmlCacheBehavior [ RunTime:0.001490s ]
INFO: [ view_filter ] --END-- [ RunTime:0.001680s ]
INFO: [ app_end ] --START--
INFO: Run Behavior\ShowPageTraceBehavior [ RunTime:0.002110s ]
INFO: [ app_end ] --END-- [ RunTime:0.002299s ]

[ 2015-04-04T02:25:45+08:00 ] 127.0.0.1 /think/index.php/Home/Index/index.html
INFO: [ app_init ] --START--
INFO: Run Behavior\BuildLiteBehavior [ RunTime:0.000027s ]
INFO: [ app_init ] --END-- [ RunTime:0.000636s ]
INFO: [ app_begin ] --START--
INFO: Run Behavior\ReadHtmlCacheBehavior [ RunTime:0.000914s ]
INFO: [ app_begin ] --END-- [ RunTime:0.000991s ]
SQL: SHOW COLUMNS FROM `think_article` [ RunTime:0.0105s ]
SQL: SELECT COUNT(*) AS tp_count FROM `think_article` LIMIT 1   [ RunTime:0.0003s ]
SQL: SELECT * FROM `think_article` ORDER BY time DESC LIMIT 0,8   [ RunTime:0.0011s ]
INFO: [ view_parse ] --START--
INFO: [ template_filter ] --START--
INFO: Run Behavior\ContentReplaceBehavior [ RunTime:0.000051s ]
INFO: [ template_filter ] --END-- [ RunTime:0.000116s ]
INFO: Run Behavior\ParseTemplateBehavior [ RunTime:0.008992s ]
INFO: [ view_parse ] --END-- [ RunTime:0.009075s ]
INFO: [ view_filter ] --START--
INFO: Run Behavior\WriteHtmlCacheBehavior [ RunTime:0.000647s ]
INFO: [ view_filter ] --END-- [ RunTime:0.000703s ]
INFO: [ app_end ] --START--
INFO: Run Behavior\ShowPageTraceBehavior [ RunTime:0.000896s ]
INFO: [ app_end ] --END-- [ RunTime:0.000953s ]

[ 2015-04-04T02:25:47+08:00 ] 127.0.0.1 /think/index.php/Home/Index/photo.html
INFO: [ app_init ] --START--
INFO: Run Behavior\BuildLiteBehavior [ RunTime:0.000016s ]
INFO: [ app_init ] --END-- [ RunTime:0.000586s ]
INFO: [ app_begin ] --START--
INFO: Run Behavior\ReadHtmlCacheBehavior [ RunTime:0.000717s ]
INFO: [ app_begin ] --END-- [ RunTime:0.000785s ]
SQL: SHOW COLUMNS FROM `think_photo` [ RunTime:0.0202s ]
SQL: SELECT COUNT(*) AS tp_count FROM `think_photo` LIMIT 1   [ RunTime:0.0003s ]
SQL: SELECT * FROM `think_photo` ORDER BY time DESC LIMIT 0,8   [ RunTime:0.0004s ]
INFO: [ view_parse ] --START--
INFO: [ template_filter ] --START--
INFO: Run Behavior\ContentReplaceBehavior [ RunTime:0.000054s ]
INFO: [ template_filter ] --END-- [ RunTime:0.000121s ]
INFO: Run Behavior\ParseTemplateBehavior [ RunTime:0.009319s ]
INFO: [ view_parse ] --END-- [ RunTime:0.009394s ]
INFO: [ view_filter ] --START--
INFO: Run Behavior\WriteHtmlCacheBehavior [ RunTime:0.000558s ]
INFO: [ view_filter ] --END-- [ RunTime:0.000618s ]
INFO: [ app_end ] --START--
INFO: Run Behavior\ShowPageTraceBehavior [ RunTime:0.000728s ]
INFO: [ app_end ] --END-- [ RunTime:0.000803s ]

[ 2015-04-04T02:32:23+08:00 ] 127.0.0.1 /think/index.php/Home/Index/index.html
INFO: [ app_init ] --START--
INFO: Run Behavior\BuildLiteBehavior [ RunTime:0.000020s ]
INFO: [ app_init ] --END-- [ RunTime:0.000904s ]
INFO: [ app_begin ] --START--
INFO: Run Behavior\ReadHtmlCacheBehavior [ RunTime:0.000899s ]
INFO: [ app_begin ] --END-- [ RunTime:0.000968s ]
SQL: SHOW COLUMNS FROM `think_article` [ RunTime:0.0139s ]
SQL: SELECT COUNT(*) AS tp_count FROM `think_article` LIMIT 1   [ RunTime:0.0003s ]
SQL: SELECT * FROM `think_article` ORDER BY time DESC LIMIT 0,8   [ RunTime:0.0005s ]
INFO: [ view_parse ] --START--
INFO: [ template_filter ] --START--
INFO: Run Behavior\ContentReplaceBehavior [ RunTime:0.000095s ]
INFO: [ template_filter ] --END-- [ RunTime:0.000223s ]
INFO: Run Behavior\ParseTemplateBehavior [ RunTime:0.010438s ]
INFO: [ view_parse ] --END-- [ RunTime:0.010522s ]
INFO: [ view_filter ] --START--
INFO: Run Behavior\WriteHtmlCacheBehavior [ RunTime:0.000724s ]
INFO: [ view_filter ] --END-- [ RunTime:0.000787s ]
INFO: [ app_end ] --START--
INFO: Run Behavior\ShowPageTraceBehavior [ RunTime:0.000949s ]
INFO: [ app_end ] --END-- [ RunTime:0.001029s ]

[ 2015-04-04T02:32:28+08:00 ] 127.0.0.1 /think/index.php/Home/Index/note.html
INFO: [ app_init ] --START--
INFO: Run Behavior\BuildLiteBehavior [ RunTime:0.000017s ]
INFO: [ app_init ] --END-- [ RunTime:0.000585s ]
INFO: [ app_begin ] --START--
INFO: Run Behavior\ReadHtmlCacheBehavior [ RunTime:0.001011s ]
INFO: [ app_begin ] --END-- [ RunTime:0.001094s ]
SQL: SHOW COLUMNS FROM `think_note` [ RunTime:0.1267s ]
SQL: SELECT COUNT(*) AS tp_count FROM `think_note` LIMIT 1   [ RunTime:0.0009s ]
SQL: SELECT * FROM `think_note` ORDER BY time DESC LIMIT 0,6   [ RunTime:0.0014s ]
INFO: [ view_parse ] --START--
INFO: [ template_filter ] --START--
INFO: Run Behavior\ContentReplaceBehavior [ RunTime:0.000179s ]
INFO: [ template_filter ] --END-- [ RunTime:0.000381s ]
INFO: Run Behavior\ParseTemplateBehavior [ RunTime:0.031605s ]
INFO: [ view_parse ] --END-- [ RunTime:0.031925s ]
INFO: [ view_filter ] --START--
INFO: Run Behavior\WriteHtmlCacheBehavior [ RunTime:0.001750s ]
INFO: [ view_filter ] --END-- [ RunTime:0.002000s ]
INFO: [ app_end ] --START--
INFO: Run Behavior\ShowPageTraceBehavior [ RunTime:0.002089s ]
INFO: [ app_end ] --END-- [ RunTime:0.002281s ]

[ 2015-04-04T02:32:30+08:00 ] 127.0.0.1 /think/index.php/Home/Index/photo.html
INFO: [ app_init ] --START--
INFO: Run Behavior\BuildLiteBehavior [ RunTime:0.000019s ]
INFO: [ app_init ] --END-- [ RunTime:0.000681s ]
INFO: [ app_begin ] --START--
INFO: Run Behavior\ReadHtmlCacheBehavior [ RunTime:0.000730s ]
INFO: [ app_begin ] --END-- [ RunTime:0.000798s ]
SQL: SHOW COLUMNS FROM `think_photo` [ RunTime:0.0283s ]
SQL: SELECT COUNT(*) AS tp_count FROM `think_photo` LIMIT 1   [ RunTime:0.0004s ]
SQL: SELECT * FROM `think_photo` ORDER BY time DESC LIMIT 0,8   [ RunTime:0.0006s ]
INFO: [ view_parse ] --START--
INFO: [ template_filter ] --START--
INFO: Run Behavior\ContentReplaceBehavior [ RunTime:0.000054s ]
INFO: [ template_filter ] --END-- [ RunTime:0.000120s ]
INFO: Run Behavior\ParseTemplateBehavior [ RunTime:0.008027s ]
INFO: [ view_parse ] --END-- [ RunTime:0.008109s ]
INFO: [ view_filter ] --START--
INFO: Run Behavior\WriteHtmlCacheBehavior [ RunTime:0.000568s ]
INFO: [ view_filter ] --END-- [ RunTime:0.000629s ]
INFO: [ app_end ] --START--
INFO: Run Behavior\ShowPageTraceBehavior [ RunTime:0.000766s ]
INFO: [ app_end ] --END-- [ RunTime:0.000826s ]

[ 2015-04-04T08:07:09+08:00 ] 127.0.0.1 /think/
INFO: [ app_init ] --START--
INFO: Run Behavior\BuildLiteBehavior [ RunTime:0.000019s ]
INFO: [ app_init ] --END-- [ RunTime:0.000689s ]
INFO: [ app_begin ] --START--
INFO: Run Behavior\ReadHtmlCacheBehavior [ RunTime:0.000910s ]
INFO: [ app_begin ] --END-- [ RunTime:0.000992s ]
SQL: SHOW COLUMNS FROM `think_article` [ RunTime:0.0535s ]
SQL: SELECT COUNT(*) AS tp_count FROM `think_article` LIMIT 1   [ RunTime:0.0004s ]
SQL: SELECT * FROM `think_article` ORDER BY time DESC LIMIT 0,8   [ RunTime:0.0007s ]
INFO: [ view_parse ] --START--
INFO: [ template_filter ] --START--
INFO: Run Behavior\ContentReplaceBehavior [ RunTime:0.000061s ]
INFO: [ template_filter ] --END-- [ RunTime:0.000138s ]
INFO: Run Behavior\ParseTemplateBehavior [ RunTime:0.011867s ]
INFO: [ view_parse ] --END-- [ RunTime:0.011968s ]
INFO: [ view_filter ] --START--
INFO: Run Behavior\WriteHtmlCacheBehavior [ RunTime:0.000765s ]
INFO: [ view_filter ] --END-- [ RunTime:0.000825s ]
INFO: [ app_end ] --START--
INFO: Run Behavior\ShowPageTraceBehavior [ RunTime:0.000939s ]
INFO: [ app_end ] --END-- [ RunTime:0.000999s ]

