[ 2015-09-08T15:21:14+08:00 ] 127.0.0.1 /club/Public/js/jquery-1.11.1.min.js
INFO: [ app_init ] --START--
INFO: Run Behavior\BuildLiteBehavior [ RunTime:0.000016s ]
INFO: [ app_init ] --END-- [ RunTime:0.000514s ]
ERR: 无法加载控制器:Public

[ 2015-09-08T15:23:17+08:00 ] 127.0.0.1 /club/Public/js/jquery-1.11.1.min.js
INFO: [ app_init ] --START--
INFO: Run Behavior\BuildLiteBehavior [ RunTime:0.000015s ]
INFO: [ app_init ] --END-- [ RunTime:0.000544s ]
ERR: 无法加载控制器:Public

[ 2015-09-08T15:23:48+08:00 ] 127.0.0.1 /club/Public/js/jquery-1.11.1.min.js
INFO: [ app_init ] --START--
INFO: Run Behavior\BuildLiteBehavior [ RunTime:0.000016s ]
INFO: [ app_init ] --END-- [ RunTime:0.000505s ]
ERR: 无法加载控制器:Public

[ 2015-09-08T15:24:26+08:00 ] 127.0.0.1 /club/Public/js/jquery-1.11.1.min.js
INFO: [ app_init ] --START--
INFO: Run Behavior\BuildLiteBehavior [ RunTime:0.000015s ]
INFO: [ app_init ] --END-- [ RunTime:0.000491s ]
ERR: 无法加载控制器:Public

[ 2015-09-08T15:25:28+08:00 ] 127.0.0.1 /club/Public/js/jquery-1.11.1.min.js
INFO: [ app_init ] --START--
INFO: Run Behavior\BuildLiteBehavior [ RunTime:0.000016s ]
INFO: [ app_init ] --END-- [ RunTime:0.000459s ]
ERR: 无法加载控制器:Public

[ 2015-09-08T15:26:03+08:00 ] 127.0.0.1 /club/Public/js/jquery-1.11.1.min.js
INFO: [ app_init ] --START--
INFO: Run Behavior\BuildLiteBehavior [ RunTime:0.000024s ]
INFO: [ app_init ] --END-- [ RunTime:0.000541s ]
ERR: 无法加载控制器:Public

[ 2015-09-08T15:26:36+08:00 ] 127.0.0.1 /club/Public/js/jquery-1.11.1.min.js
INFO: [ app_init ] --START--
INFO: Run Behavior\BuildLiteBehavior [ RunTime:0.000018s ]
INFO: [ app_init ] --END-- [ RunTime:0.000603s ]
ERR: 无法加载控制器:Public

[ 2015-09-08T15:28:10+08:00 ] 127.0.0.1 /club/Public/js/jquery-1.11.1.min.js
INFO: [ app_init ] --START--
INFO: Run Behavior\BuildLiteBehavior [ RunTime:0.000015s ]
INFO: [ app_init ] --END-- [ RunTime:0.000479s ]
ERR: 无法加载控制器:Public

[ 2015-09-08T15:28:28+08:00 ] 127.0.0.1 /club/Public/js/jquery-1.11.1.min.js
INFO: [ app_init ] --START--
INFO: Run Behavior\BuildLiteBehavior [ RunTime:0.000017s ]
INFO: [ app_init ] --END-- [ RunTime:0.000404s ]
ERR: 无法加载控制器:Public

[ 2015-09-08T15:29:26+08:00 ] 127.0.0.1 /club/Public/js/jquery-1.11.1.min.js
INFO: [ app_init ] --START--
INFO: Run Behavior\BuildLiteBehavior [ RunTime:0.000016s ]
INFO: [ app_init ] --END-- [ RunTime:0.000498s ]
ERR: 无法加载控制器:Public

[ 2015-09-08T15:29:54+08:00 ] 127.0.0.1 /club/Public/js/jquery-1.11.1.min.js
INFO: [ app_init ] --START--
INFO: Run Behavior\BuildLiteBehavior [ RunTime:0.000017s ]
INFO: [ app_init ] --END-- [ RunTime:0.000409s ]
ERR: 无法加载控制器:Public

[ 2015-09-08T16:43:08+08:00 ] 127.0.0.1 /club/Public/js/placeholder.js
INFO: [ app_init ] --START--
INFO: Run Behavior\BuildLiteBehavior [ RunTime:0.000025s ]
INFO: [ app_init ] --END-- [ RunTime:0.000539s ]
ERR: 无法加载控制器:Public

[ 2015-09-08T16:43:08+08:00 ] 127.0.0.1 /club/Public/css/login.css
INFO: [ app_init ] --START--
INFO: Run Behavior\BuildLiteBehavior [ RunTime:0.000016s ]
INFO: [ app_init ] --END-- [ RunTime:0.000436s ]
ERR: 无法加载控制器:Public

[ 2015-09-08T16:55:33+08:00 ] 127.0.0.1 /club/Public/images/2015-07-26/55b44240ae111.png
INFO: [ app_init ] --START--
INFO: Run Behavior\BuildLiteBehavior [ RunTime:0.000019s ]
INFO: [ app_init ] --END-- [ RunTime:0.000432s ]

[ 2015-09-08T16:56:09+08:00 ] 127.0.0.1 /club/Public/Uploads/2015-07-26/55b44240ae111.png
INFO: [ app_init ] --START--
INFO: Run Behavior\BuildLiteBehavior [ RunTime:0.000029s ]
INFO: [ app_init ] --END-- [ RunTime:0.000729s ]

[ 2015-09-08T16:56:18+08:00 ] 127.0.0.1 /club/Public/Uploads/2015-07-26/55b44240ae111.png
INFO: [ app_init ] --START--
INFO: Run Behavior\BuildLiteBehavior [ RunTime:0.000019s ]
INFO: [ app_init ] --END-- [ RunTime:0.000391s ]

[ 2015-09-08T16:56:18+08:00 ] 127.0.0.1 /club/Public/Uploads/2015-07-26/55b44240ae111.png
INFO: [ app_init ] --START--
INFO: Run Behavior\BuildLiteBehavior [ RunTime:0.000017s ]
INFO: [ app_init ] --END-- [ RunTime:0.000379s ]

