[ 2015-08-03T11:27:17+08:00 ] 127.0.0.1 /club/
INFO: [ app_init ] --START--
INFO: Run Behavior\BuildLiteBehavior [ RunTime:0.000022s ]
INFO: [ app_init ] --END-- [ RunTime:0.000709s ]
ERR: 无法加载控制器:Index

[ 2015-08-03T11:28:02+08:00 ] 127.0.0.1 /club/Public/css/admin.css
INFO: [ app_init ] --START--
INFO: Run Behavior\BuildLiteBehavior [ RunTime:0.000030s ]
INFO: [ app_init ] --END-- [ RunTime:0.000627s ]
ERR: 无法加载控制器:Public

[ 2015-08-03T14:21:44+08:00 ] 127.0.0.1 /club/Application/Club/View/Department/__PUBLIC__/css/admin.css
INFO: [ app_init ] --START--
INFO: Run Behavior\BuildLiteBehavior [ RunTime:0.000027s ]
INFO: [ app_init ] --END-- [ RunTime:0.000689s ]
ERR: 无法加载控制器:Application

[ 2015-08-03T14:21:44+08:00 ] 127.0.0.1 /club/Application/Club/View/Department/__PUBLIC__/js/jquery-1.6.2.min.js
INFO: [ app_init ] --START--
INFO: Run Behavior\BuildLiteBehavior [ RunTime:0.000027s ]
INFO: [ app_init ] --END-- [ RunTime:0.000824s ]
ERR: 无法加载控制器:Application

[ 2015-08-03T14:22:06+08:00 ] 127.0.0.1 /club/Application/Club/Index/index
INFO: [ app_init ] --START--
INFO: Run Behavior\BuildLiteBehavior [ RunTime:0.000021s ]
INFO: [ app_init ] --END-- [ RunTime:0.000638s ]
ERR: 无法加载控制器:Application

[ 2015-08-03T14:25:09+08:00 ] 127.0.0.1 /club/Public/css/admin.css
INFO: [ app_init ] --START--
INFO: Run Behavior\BuildLiteBehavior [ RunTime:0.000017s ]
INFO: [ app_init ] --END-- [ RunTime:0.000483s ]
ERR: 无法加载控制器:Public

[ 2015-08-03T14:25:14+08:00 ] 127.0.0.1 /club/Public/css/admin.css
INFO: [ app_init ] --START--
INFO: Run Behavior\BuildLiteBehavior [ RunTime:0.000019s ]
INFO: [ app_init ] --END-- [ RunTime:0.000480s ]
ERR: 无法加载控制器:Public

[ 2015-08-03T14:25:19+08:00 ] 127.0.0.1 /club/Public/css/admin.css
INFO: [ app_init ] --START--
INFO: Run Behavior\BuildLiteBehavior [ RunTime:0.000019s ]
INFO: [ app_init ] --END-- [ RunTime:0.000596s ]
ERR: 无法加载控制器:Public

[ 2015-08-03T14:46:11+08:00 ] 127.0.0.1 /club/Public/css/admin.css
INFO: [ app_init ] --START--
INFO: Run Behavior\BuildLiteBehavior [ RunTime:0.000016s ]
INFO: [ app_init ] --END-- [ RunTime:0.000490s ]
ERR: 无法加载控制器:Public

[ 2015-08-03T14:47:40+08:00 ] 127.0.0.1 /club/Public/css/admin.css
INFO: [ app_init ] --START--
INFO: Run Behavior\BuildLiteBehavior [ RunTime:0.000022s ]
INFO: [ app_init ] --END-- [ RunTime:0.000497s ]
ERR: 无法加载控制器:Public

[ 2015-08-03T14:48:15+08:00 ] 127.0.0.1 /club/Public/css/admin.css
INFO: [ app_init ] --START--
INFO: Run Behavior\BuildLiteBehavior [ RunTime:0.000016s ]
INFO: [ app_init ] --END-- [ RunTime:0.000493s ]
ERR: 无法加载控制器:Public

[ 2015-08-03T14:48:21+08:00 ] 127.0.0.1 /club/Public/css/admin.css
INFO: [ app_init ] --START--
INFO: Run Behavior\BuildLiteBehavior [ RunTime:0.000019s ]
INFO: [ app_init ] --END-- [ RunTime:0.000472s ]
ERR: 无法加载控制器:Public

[ 2015-08-03T14:48:25+08:00 ] 127.0.0.1 /club/Public/css/admin.css
INFO: [ app_init ] --START--
INFO: Run Behavior\BuildLiteBehavior [ RunTime:0.000018s ]
INFO: [ app_init ] --END-- [ RunTime:0.000477s ]
ERR: 无法加载控制器:Public

[ 2015-08-03T14:48:42+08:00 ] 127.0.0.1 /club/Public/css/admin.css
INFO: [ app_init ] --START--
INFO: Run Behavior\BuildLiteBehavior [ RunTime:0.000019s ]
INFO: [ app_init ] --END-- [ RunTime:0.000488s ]
ERR: 无法加载控制器:Public

