[ 2015-07-30T15:28:54+08:00 ] 127.0.0.1 /club/
INFO: [ app_init ] --START--
INFO: Run Behavior\BuildLiteBehavior [ RunTime:0.000016s ]
INFO: [ app_init ] --END-- [ RunTime:0.000549s ]
ERR: SQLSTATE[42S02]: Base table or view not found: 1146 Table 'club_app.club_topic' doesn't exist

[ 2015-07-30T15:29:02+08:00 ] 127.0.0.1 /club/Home
INFO: [ app_init ] --START--
INFO: Run Behavior\BuildLiteBehavior [ RunTime:0.000028s ]
INFO: [ app_init ] --END-- [ RunTime:0.000513s ]
ERR: SQLSTATE[42S02]: Base table or view not found: 1146 Table 'club_app.club_topic' doesn't exist

[ 2015-07-30T15:29:11+08:00 ] 127.0.0.1 /club/Home/department
INFO: [ app_init ] --START--
INFO: Run Behavior\BuildLiteBehavior [ RunTime:0.000023s ]
INFO: [ app_init ] --END-- [ RunTime:0.000769s ]
ERR: 无法加载控制器:Department

[ 2015-07-30T15:29:30+08:00 ] 127.0.0.1 /club/index.php/Home/department
INFO: [ app_init ] --START--
INFO: Run Behavior\BuildLiteBehavior [ RunTime:0.000020s ]
INFO: [ app_init ] --END-- [ RunTime:0.000736s ]
ERR: 无法加载控制器:Department

[ 2015-07-30T15:29:39+08:00 ] 127.0.0.1 /club/index.php/Home/Club
INFO: [ app_init ] --START--
INFO: Run Behavior\BuildLiteBehavior [ RunTime:0.000031s ]
INFO: [ app_init ] --END-- [ RunTime:0.000681s ]
ERR: 非法操作:index

[ 2015-07-30T15:29:44+08:00 ] 127.0.0.1 /club/index.php/Home/Club/department
INFO: [ app_init ] --START--
INFO: Run Behavior\BuildLiteBehavior [ RunTime:0.000027s ]
INFO: [ app_init ] --END-- [ RunTime:0.000583s ]

[ 2015-07-30T15:43:12+08:00 ] 127.0.0.1 /club/index.php/Home/Club/department
INFO: [ app_init ] --START--
INFO: Run Behavior\BuildLiteBehavior [ RunTime:0.000031s ]
INFO: [ app_init ] --END-- [ RunTime:0.000772s ]

[ 2015-07-30T15:43:12+08:00 ] 127.0.0.1 /club/Public/css/admin.css
INFO: [ app_init ] --START--
INFO: Run Behavior\BuildLiteBehavior [ RunTime:0.000021s ]
INFO: [ app_init ] --END-- [ RunTime:0.000509s ]
ERR: 无法加载控制器:Public

[ 2015-07-30T15:45:43+08:00 ] 127.0.0.1 /club/Public/css/admin.css
INFO: [ app_init ] --START--
INFO: Run Behavior\BuildLiteBehavior [ RunTime:0.000016s ]
INFO: [ app_init ] --END-- [ RunTime:0.000405s ]
ERR: 无法加载控制器:Public

[ 2015-07-30T16:12:45+08:00 ] 127.0.0.1 /club/index.php/Home/Regiser/department
INFO: [ app_init ] --START--
INFO: Run Behavior\BuildLiteBehavior [ RunTime:0.000017s ]
INFO: [ app_init ] --END-- [ RunTime:0.000542s ]
ERR: 无法加载控制器:Regiser

[ 2015-07-30T16:12:53+08:00 ] 127.0.0.1 /club/index.php/Home/Register/department
INFO: [ app_init ] --START--
INFO: Run Behavior\BuildLiteBehavior [ RunTime:0.000048s ]
INFO: [ app_init ] --END-- [ RunTime:0.000601s ]

[ 2015-07-30T16:13:16+08:00 ] 127.0.0.1 /club/index.php/Home/Register/index
INFO: [ app_init ] --START--
INFO: Run Behavior\BuildLiteBehavior [ RunTime:0.000021s ]
INFO: [ app_init ] --END-- [ RunTime:0.000609s ]

[ 2015-07-30T16:13:18+08:00 ] 127.0.0.1 /club/index.php/Home/Register/index
INFO: [ app_init ] --START--
INFO: Run Behavior\BuildLiteBehavior [ RunTime:0.000034s ]
INFO: [ app_init ] --END-- [ RunTime:0.000680s ]

[ 2015-07-30T16:13:27+08:00 ] 127.0.0.1 /club/index.php/Home/Register/index
INFO: [ app_init ] --START--
INFO: Run Behavior\BuildLiteBehavior [ RunTime:0.000017s ]
INFO: [ app_init ] --END-- [ RunTime:0.000522s ]

[ 2015-07-30T16:13:32+08:00 ] 127.0.0.1 /club/index.php/Home/Register/index
INFO: [ app_init ] --START--
INFO: Run Behavior\BuildLiteBehavior [ RunTime:0.000017s ]
INFO: [ app_init ] --END-- [ RunTime:0.000523s ]

[ 2015-07-30T16:13:42+08:00 ] 127.0.0.1 /club/index.php/Home/Register/index
INFO: [ app_init ] --START--
INFO: Run Behavior\BuildLiteBehavior [ RunTime:0.000019s ]
INFO: [ app_init ] --END-- [ RunTime:0.000568s ]

[ 2015-07-30T16:13:42+08:00 ] 127.0.0.1 /club/index.php/Home/Register/verify
INFO: [ app_init ] --START--
INFO: Run Behavior\BuildLiteBehavior [ RunTime:0.000016s ]
INFO: [ app_init ] --END-- [ RunTime:0.000425s ]

[ 2015-07-30T16:16:39+08:00 ] 127.0.0.1 /club/index.php/Home/Register/verify?0.8735206481069326
INFO: [ app_init ] --START--
INFO: Run Behavior\BuildLiteBehavior [ RunTime:0.000017s ]
INFO: [ app_init ] --END-- [ RunTime:0.000546s ]

[ 2015-07-30T16:16:45+08:00 ] 127.0.0.1 /club/index.php/Register/handle.html
INFO: [ app_init ] --START--
INFO: Run Behavior\BuildLiteBehavior [ RunTime:0.000037s ]
INFO: [ app_init ] --END-- [ RunTime:0.000691s ]

[ 2015-07-30T16:17:03+08:00 ] 127.0.0.1 /club/index.php/Home/Register/verify?0.7831097834277898
INFO: [ app_init ] --START--
INFO: Run Behavior\BuildLiteBehavior [ RunTime:0.000020s ]
INFO: [ app_init ] --END-- [ RunTime:0.000472s ]

[ 2015-07-30T16:17:15+08:00 ] 127.0.0.1 /club/index.php/Register/handle.html
INFO: [ app_init ] --START--
INFO: Run Behavior\BuildLiteBehavior [ RunTime:0.000016s ]
INFO: [ app_init ] --END-- [ RunTime:0.000561s ]

[ 2015-07-30T16:20:40+08:00 ] 127.0.0.1 /club/index.php/Home/Register/verify?0.6884639826603234
INFO: [ app_init ] --START--
INFO: Run Behavior\BuildLiteBehavior [ RunTime:0.000016s ]
INFO: [ app_init ] --END-- [ RunTime:0.000504s ]

[ 2015-07-30T16:20:41+08:00 ] 127.0.0.1 /club/index.php/Home/Register/verify?0.6884639826603234?0.7649006100837141
INFO: [ app_init ] --START--
INFO: Run Behavior\BuildLiteBehavior [ RunTime:0.000017s ]
INFO: [ app_init ] --END-- [ RunTime:0.000489s ]

[ 2015-07-30T16:20:42+08:00 ] 127.0.0.1 /club/index.php/Home/Register/verify?0.6884639826603234?0.7649006100837141?0.8361222040839493
INFO: [ app_init ] --START--
INFO: Run Behavior\BuildLiteBehavior [ RunTime:0.000016s ]
INFO: [ app_init ] --END-- [ RunTime:0.000500s ]

[ 2015-07-30T16:20:47+08:00 ] 127.0.0.1 /club/index.php/Register/handle.html
INFO: [ app_init ] --START--
INFO: Run Behavior\BuildLiteBehavior [ RunTime:0.000016s ]
INFO: [ app_init ] --END-- [ RunTime:0.000524s ]
ERR: SQLSTATE[23000]: Integrity constraint violation: 1048 Column 'email' cannot be null

[ 2015-07-30T16:22:12+08:00 ] 127.0.0.1 /club/index.php/Home/Register/verify?0.3557723902631551
INFO: [ app_init ] --START--
INFO: Run Behavior\BuildLiteBehavior [ RunTime:0.000016s ]
INFO: [ app_init ] --END-- [ RunTime:0.000498s ]

[ 2015-07-30T16:22:15+08:00 ] 127.0.0.1 /club/index.php/Register/handle.html
INFO: [ app_init ] --START--
INFO: Run Behavior\BuildLiteBehavior [ RunTime:0.000016s ]
INFO: [ app_init ] --END-- [ RunTime:0.000499s ]

[ 2015-07-30T16:22:16+08:00 ] 127.0.0.1 /club/index.php/Home/Register/index
INFO: [ app_init ] --START--
INFO: Run Behavior\BuildLiteBehavior [ RunTime:0.000021s ]
INFO: [ app_init ] --END-- [ RunTime:0.000614s ]

[ 2015-07-30T16:22:17+08:00 ] 127.0.0.1 /club/index.php/Home/Register/verify
INFO: [ app_init ] --START--
INFO: Run Behavior\BuildLiteBehavior [ RunTime:0.000028s ]
INFO: [ app_init ] --END-- [ RunTime:0.000682s ]

[ 2015-07-30T16:59:37+08:00 ] 127.0.0.1 /club/index.php/Home/Login/index
INFO: [ app_init ] --START--
INFO: Run Behavior\BuildLiteBehavior [ RunTime:0.000030s ]
INFO: [ app_init ] --END-- [ RunTime:0.000821s ]

[ 2015-07-30T16:59:43+08:00 ] 127.0.0.1 /club/index.php/Login/index.html
INFO: [ app_init ] --START--
INFO: Run Behavior\BuildLiteBehavior [ RunTime:0.000015s ]
INFO: [ app_init ] --END-- [ RunTime:0.000503s ]

[ 2015-07-30T17:00:29+08:00 ] 127.0.0.1 /club/index.php/Login/index.html
INFO: [ app_init ] --START--
INFO: Run Behavior\BuildLiteBehavior [ RunTime:0.000019s ]
INFO: [ app_init ] --END-- [ RunTime:0.000504s ]

[ 2015-07-30T17:00:33+08:00 ] 127.0.0.1 /club/index.php/Login/handle.html
INFO: [ app_init ] --START--
INFO: Run Behavior\BuildLiteBehavior [ RunTime:0.000058s ]
INFO: [ app_init ] --END-- [ RunTime:0.000704s ]

[ 2015-07-30T17:00:44+08:00 ] 127.0.0.1 /club/index.php/Login/handle.html
INFO: [ app_init ] --START--
INFO: Run Behavior\BuildLiteBehavior [ RunTime:0.000016s ]
INFO: [ app_init ] --END-- [ RunTime:0.000487s ]

[ 2015-07-30T17:00:45+08:00 ] 127.0.0.1 /club/index.php/Login/index.html
INFO: [ app_init ] --START--
INFO: Run Behavior\BuildLiteBehavior [ RunTime:0.000028s ]
INFO: [ app_init ] --END-- [ RunTime:0.000797s ]

[ 2015-07-30T17:05:55+08:00 ] 127.0.0.1 /club/index.php/Index
INFO: [ app_init ] --START--
INFO: Run Behavior\BuildLiteBehavior [ RunTime:0.000022s ]
INFO: [ app_init ] --END-- [ RunTime:0.000557s ]

[ 2015-07-30T17:06:12+08:00 ] 127.0.0.1 /club/index.php/Index
INFO: [ app_init ] --START--
INFO: Run Behavior\BuildLiteBehavior [ RunTime:0.000015s ]
INFO: [ app_init ] --END-- [ RunTime:0.000480s ]
ERR: SQLSTATE[42S02]: Base table or view not found: 1146 Table 'club_app.club_topic' doesn't exist

[ 2015-07-30T17:19:02+08:00 ] 127.0.0.1 /club/index.php/Index
INFO: [ app_init ] --START--
INFO: Run Behavior\BuildLiteBehavior [ RunTime:0.000025s ]
INFO: [ app_init ] --END-- [ RunTime:0.000648s ]
ERR: SQLSTATE[42S02]: Base table or view not found: 1146 Table 'club_app.club_topic' doesn't exist

[ 2015-07-30T17:22:11+08:00 ] 127.0.0.1 /club/index.php/Index
INFO: [ app_init ] --START--
INFO: Run Behavior\BuildLiteBehavior [ RunTime:0.000016s ]
INFO: [ app_init ] --END-- [ RunTime:0.000478s ]
ERR: 非法操作:index

[ 2015-07-30T17:22:24+08:00 ] 127.0.0.1 /club/index.php/Home/Index
INFO: [ app_init ] --START--
INFO: Run Behavior\BuildLiteBehavior [ RunTime:0.000041s ]
INFO: [ app_init ] --END-- [ RunTime:0.000914s ]
ERR: 非法操作:index

[ 2015-07-30T17:22:28+08:00 ] 127.0.0.1 /club/index.php/Home/Index
INFO: [ app_init ] --START--
INFO: Run Behavior\BuildLiteBehavior [ RunTime:0.000016s ]
INFO: [ app_init ] --END-- [ RunTime:0.000530s ]
ERR: 非法操作:index

[ 2015-07-30T17:23:57+08:00 ] 127.0.0.1 /club/index.php/Home/Index
INFO: [ app_init ] --START--
INFO: Run Behavior\BuildLiteBehavior [ RunTime:0.000018s ]
INFO: [ app_init ] --END-- [ RunTime:0.000493s ]

[ 2015-07-30T17:25:00+08:00 ] 127.0.0.1 /club/index.php/Home/Index
INFO: [ app_init ] --START--
INFO: Run Behavior\BuildLiteBehavior [ RunTime:0.000018s ]
INFO: [ app_init ] --END-- [ RunTime:0.000576s ]

[ 2015-07-30T17:25:03+08:00 ] 127.0.0.1 /club/index.php/Home/Login/index
INFO: [ app_init ] --START--
INFO: Run Behavior\BuildLiteBehavior [ RunTime:0.000026s ]
INFO: [ app_init ] --END-- [ RunTime:0.000776s ]

[ 2015-07-30T21:35:10+08:00 ] 127.0.0.1 /club/
INFO: [ app_init ] --START--
INFO: Run Behavior\BuildLiteBehavior [ RunTime:0.000050s ]
INFO: [ app_init ] --END-- [ RunTime:0.001640s ]
ERR: 无法加载控制器:Index

[ 2015-07-30T21:35:21+08:00 ] 127.0.0.1 /club/index.php/Home/ApplyClub
INFO: [ app_init ] --START--
INFO: Run Behavior\BuildLiteBehavior [ RunTime:0.000101s ]
INFO: [ app_init ] --END-- [ RunTime:0.000668s ]

[ 2015-07-30T21:35:45+08:00 ] 127.0.0.1 /club/index.php/Home/ApplyClub
INFO: [ app_init ] --START--
INFO: Run Behavior\BuildLiteBehavior [ RunTime:0.000040s ]
INFO: [ app_init ] --END-- [ RunTime:0.001163s ]

[ 2015-07-30T21:35:48+08:00 ] 127.0.0.1 /club/index.php/Home/Login/index
INFO: [ app_init ] --START--
INFO: Run Behavior\BuildLiteBehavior [ RunTime:0.000193s ]
INFO: [ app_init ] --END-- [ RunTime:0.002266s ]

[ 2015-07-30T21:36:01+08:00 ] 127.0.0.1 /club/index.php/Login/handle.html
INFO: [ app_init ] --START--
INFO: Run Behavior\BuildLiteBehavior [ RunTime:0.000076s ]
INFO: [ app_init ] --END-- [ RunTime:0.001808s ]

[ 2015-07-30T21:36:02+08:00 ] 127.0.0.1 /club/index.php/Home/Login/index
INFO: [ app_init ] --START--
INFO: Run Behavior\BuildLiteBehavior [ RunTime:0.000054s ]
INFO: [ app_init ] --END-- [ RunTime:0.002319s ]

[ 2015-07-30T21:36:06+08:00 ] 127.0.0.1 /club/index.php/Home/ApplyClub
INFO: [ app_init ] --START--
INFO: Run Behavior\BuildLiteBehavior [ RunTime:0.000016s ]
INFO: [ app_init ] --END-- [ RunTime:0.000481s ]

[ 2015-07-30T21:36:16+08:00 ] 127.0.0.1 /club/index.php/Home/ApplyClub/showClub/2
INFO: [ app_init ] --START--
INFO: Run Behavior\BuildLiteBehavior [ RunTime:0.000047s ]
INFO: [ app_init ] --END-- [ RunTime:0.001401s ]
ERR: 非法操作:showClub

[ 2015-07-30T21:42:40+08:00 ] 127.0.0.1 /club/index.php/Home/ApplyClub
INFO: [ app_init ] --START--
INFO: Run Behavior\BuildLiteBehavior [ RunTime:0.000020s ]
INFO: [ app_init ] --END-- [ RunTime:0.000605s ]

[ 2015-07-30T21:42:42+08:00 ] 127.0.0.1 /club/index.php/Home/ApplyClub/showClub/id/2
INFO: [ app_init ] --START--
INFO: Run Behavior\BuildLiteBehavior [ RunTime:0.000016s ]
INFO: [ app_init ] --END-- [ RunTime:0.000498s ]
ERR: 模板不存在:./Application/Home/View/ApplyClub/showClub.html

[ 2015-07-30T21:45:39+08:00 ] 127.0.0.1 /club/index.php/Home/ApplyClub
INFO: [ app_init ] --START--
INFO: Run Behavior\BuildLiteBehavior [ RunTime:0.000018s ]
INFO: [ app_init ] --END-- [ RunTime:0.000596s ]

[ 2015-07-30T21:45:40+08:00 ] 127.0.0.1 /club/index.php/Home/ApplyClub/showClub/id/2
INFO: [ app_init ] --START--
INFO: Run Behavior\BuildLiteBehavior [ RunTime:0.000020s ]
INFO: [ app_init ] --END-- [ RunTime:0.000478s ]

[ 2015-07-30T21:45:43+08:00 ] 127.0.0.1 /club/index.php/Home/ApplyClub/showClub/id/3
INFO: [ app_init ] --START--
INFO: Run Behavior\BuildLiteBehavior [ RunTime:0.000018s ]
INFO: [ app_init ] --END-- [ RunTime:0.000613s ]

[ 2015-07-30T21:45:47+08:00 ] 127.0.0.1 /club/index.php/Home/ApplyClub/showClub/id/5
INFO: [ app_init ] --START--
INFO: Run Behavior\BuildLiteBehavior [ RunTime:0.000024s ]
INFO: [ app_init ] --END-- [ RunTime:0.000495s ]

[ 2015-07-30T21:46:23+08:00 ] 127.0.0.1 /club/index.php/Home/ApplyClub
INFO: [ app_init ] --START--
INFO: Run Behavior\BuildLiteBehavior [ RunTime:0.000051s ]
INFO: [ app_init ] --END-- [ RunTime:0.001537s ]

[ 2015-07-30T21:46:24+08:00 ] 127.0.0.1 /club/index.php/Home/ApplyClub/showClub/index/id/2
INFO: [ app_init ] --START--
INFO: Run Behavior\BuildLiteBehavior [ RunTime:0.000024s ]
INFO: [ app_init ] --END-- [ RunTime:0.000464s ]

[ 2015-07-30T21:46:43+08:00 ] 127.0.0.1 /club/index.php/Home/ApplyClub
INFO: [ app_init ] --START--
INFO: Run Behavior\BuildLiteBehavior [ RunTime:0.000016s ]
INFO: [ app_init ] --END-- [ RunTime:0.000446s ]

[ 2015-07-30T21:46:45+08:00 ] 127.0.0.1 /club/index.php/Home/ApplyClub/showClub/id/7
INFO: [ app_init ] --START--
INFO: Run Behavior\BuildLiteBehavior [ RunTime:0.000018s ]
INFO: [ app_init ] --END-- [ RunTime:0.000530s ]

[ 2015-07-30T21:47:48+08:00 ] 127.0.0.1 /club/index.php/Home/ApplyClub
INFO: [ app_init ] --START--
INFO: Run Behavior\BuildLiteBehavior [ RunTime:0.000017s ]
INFO: [ app_init ] --END-- [ RunTime:0.000476s ]

[ 2015-07-30T21:47:49+08:00 ] 127.0.0.1 /club/index.php/Home/ApplyClub/showClub/id/2
INFO: [ app_init ] --START--
INFO: Run Behavior\BuildLiteBehavior [ RunTime:0.000034s ]
INFO: [ app_init ] --END-- [ RunTime:0.000538s ]

[ 2015-07-30T21:47:52+08:00 ] 127.0.0.1 /club/index.php/Home/ApplyClub/showClub/id/4
INFO: [ app_init ] --START--
INFO: Run Behavior\BuildLiteBehavior [ RunTime:0.000017s ]
INFO: [ app_init ] --END-- [ RunTime:0.000499s ]

[ 2015-07-30T21:48:17+08:00 ] 127.0.0.1 /club/index.php/Home/ApplyClub
INFO: [ app_init ] --START--
INFO: Run Behavior\BuildLiteBehavior [ RunTime:0.000044s ]
INFO: [ app_init ] --END-- [ RunTime:0.001286s ]

[ 2015-07-30T21:48:18+08:00 ] 127.0.0.1 /club/index.php/Home/ApplyClub/showClub/id/2
INFO: [ app_init ] --START--
INFO: Run Behavior\BuildLiteBehavior [ RunTime:0.000018s ]
INFO: [ app_init ] --END-- [ RunTime:0.000521s ]

[ 2015-07-30T21:48:56+08:00 ] 127.0.0.1 /club/index.php/Home/ApplyClub
INFO: [ app_init ] --START--
INFO: Run Behavior\BuildLiteBehavior [ RunTime:0.000017s ]
INFO: [ app_init ] --END-- [ RunTime:0.000515s ]

[ 2015-07-30T21:48:57+08:00 ] 127.0.0.1 /club/index.php/Home/ApplyClub/showClub/id/2
INFO: [ app_init ] --START--
INFO: Run Behavior\BuildLiteBehavior [ RunTime:0.000019s ]
INFO: [ app_init ] --END-- [ RunTime:0.000423s ]

[ 2015-07-30T21:48:59+08:00 ] 127.0.0.1 /club/index.php/Home/ApplyClub/showClub/id/4
INFO: [ app_init ] --START--
INFO: Run Behavior\BuildLiteBehavior [ RunTime:0.000030s ]
INFO: [ app_init ] --END-- [ RunTime:0.000788s ]

[ 2015-07-30T21:50:27+08:00 ] 127.0.0.1 /club/index.php/Home/ApplyClub
INFO: [ app_init ] --START--
INFO: Run Behavior\BuildLiteBehavior [ RunTime:0.000016s ]
INFO: [ app_init ] --END-- [ RunTime:0.000495s ]

[ 2015-07-30T21:50:29+08:00 ] 127.0.0.1 /club/index.php/Home/ApplyClub/showClub/id/2
INFO: [ app_init ] --START--
INFO: Run Behavior\BuildLiteBehavior [ RunTime:0.000029s ]
INFO: [ app_init ] --END-- [ RunTime:0.000724s ]

[ 2015-07-30T21:51:46+08:00 ] 127.0.0.1 /club/index.php/Home/ApplyClub
INFO: [ app_init ] --START--
INFO: Run Behavior\BuildLiteBehavior [ RunTime:0.000017s ]
INFO: [ app_init ] --END-- [ RunTime:0.000554s ]

[ 2015-07-30T21:51:47+08:00 ] 127.0.0.1 /club/index.php/Home/ApplyClub/showClub/id/7
INFO: [ app_init ] --START--
INFO: Run Behavior\BuildLiteBehavior [ RunTime:0.000031s ]
INFO: [ app_init ] --END-- [ RunTime:0.000869s ]

[ 2015-07-30T21:51:51+08:00 ] 127.0.0.1 /club/index.php/Home/ApplyClub/showClub/id/5
INFO: [ app_init ] --START--
INFO: Run Behavior\BuildLiteBehavior [ RunTime:0.000018s ]
INFO: [ app_init ] --END-- [ RunTime:0.000415s ]

[ 2015-07-30T21:52:20+08:00 ] 127.0.0.1 /club/index.php/Home/ApplyClub
INFO: [ app_init ] --START--
INFO: Run Behavior\BuildLiteBehavior [ RunTime:0.000016s ]
INFO: [ app_init ] --END-- [ RunTime:0.000467s ]

[ 2015-07-30T21:52:21+08:00 ] 127.0.0.1 /club/index.php/Home/ApplyClub/showClub/id/2
INFO: [ app_init ] --START--
INFO: Run Behavior\BuildLiteBehavior [ RunTime:0.000017s ]
INFO: [ app_init ] --END-- [ RunTime:0.000445s ]

[ 2015-07-30T21:52:24+08:00 ] 127.0.0.1 /club/index.php/Home/ApplyClub/showClub/id/4
INFO: [ app_init ] --START--
INFO: Run Behavior\BuildLiteBehavior [ RunTime:0.000024s ]
INFO: [ app_init ] --END-- [ RunTime:0.000528s ]

[ 2015-07-30T21:53:13+08:00 ] 127.0.0.1 /club/index.php/Home/ApplyClub
INFO: [ app_init ] --START--
INFO: Run Behavior\BuildLiteBehavior [ RunTime:0.000020s ]
INFO: [ app_init ] --END-- [ RunTime:0.000568s ]

[ 2015-07-30T21:53:14+08:00 ] 127.0.0.1 /club/index.php/Home/ApplyClub/showClub/id/2
INFO: [ app_init ] --START--
INFO: Run Behavior\BuildLiteBehavior [ RunTime:0.000016s ]
INFO: [ app_init ] --END-- [ RunTime:0.000402s ]

[ 2015-07-30T21:53:59+08:00 ] 127.0.0.1 /club/index.php/Home/ApplyClub
INFO: [ app_init ] --START--
INFO: Run Behavior\BuildLiteBehavior [ RunTime:0.000016s ]
INFO: [ app_init ] --END-- [ RunTime:0.000495s ]

[ 2015-07-30T21:54:00+08:00 ] 127.0.0.1 /club/index.php/Home/ApplyClub/showClub/id/2
INFO: [ app_init ] --START--
INFO: Run Behavior\BuildLiteBehavior [ RunTime:0.000017s ]
INFO: [ app_init ] --END-- [ RunTime:0.000409s ]

[ 2015-07-30T21:54:00+08:00 ] 127.0.0.1 /club/Public/2015-07-26/55b44240ae111.png
INFO: [ app_init ] --START--
INFO: Run Behavior\BuildLiteBehavior [ RunTime:0.000022s ]
INFO: [ app_init ] --END-- [ RunTime:0.000647s ]

[ 2015-07-30T21:54:03+08:00 ] 127.0.0.1 /club/index.php/Home/ApplyClub/showClub/id/3
INFO: [ app_init ] --START--
INFO: Run Behavior\BuildLiteBehavior [ RunTime:0.000017s ]
INFO: [ app_init ] --END-- [ RunTime:0.000448s ]

[ 2015-07-30T21:54:03+08:00 ] 127.0.0.1 /club/Public/2015-07-26/55b448855e75a.png
INFO: [ app_init ] --START--
INFO: Run Behavior\BuildLiteBehavior [ RunTime:0.000032s ]
INFO: [ app_init ] --END-- [ RunTime:0.000681s ]

[ 2015-07-30T21:54:05+08:00 ] 127.0.0.1 /club/index.php/Home/ApplyClub/showClub/id/7
INFO: [ app_init ] --START--
INFO: Run Behavior\BuildLiteBehavior [ RunTime:0.000017s ]
INFO: [ app_init ] --END-- [ RunTime:0.000520s ]

[ 2015-07-30T21:54:05+08:00 ] 127.0.0.1 /club/Public/2015-07-26/55b46a827166f.png
INFO: [ app_init ] --START--
INFO: Run Behavior\BuildLiteBehavior [ RunTime:0.000024s ]
INFO: [ app_init ] --END-- [ RunTime:0.000528s ]

[ 2015-07-30T21:54:08+08:00 ] 127.0.0.1 /club/index.php/Home/ApplyClub/showClub/id/6
INFO: [ app_init ] --START--
INFO: Run Behavior\BuildLiteBehavior [ RunTime:0.000017s ]
INFO: [ app_init ] --END-- [ RunTime:0.000519s ]

[ 2015-07-30T21:54:08+08:00 ] 127.0.0.1 /club/Public/2015-07-26/55b463110a07a.png
INFO: [ app_init ] --START--
INFO: Run Behavior\BuildLiteBehavior [ RunTime:0.000066s ]
INFO: [ app_init ] --END-- [ RunTime:0.001516s ]

[ 2015-07-30T21:55:10+08:00 ] 127.0.0.1 /club/index.php/Home/ApplyClub/showClub/id/6
INFO: [ app_init ] --START--
INFO: Run Behavior\BuildLiteBehavior [ RunTime:0.000020s ]
INFO: [ app_init ] --END-- [ RunTime:0.000585s ]

[ 2015-07-30T21:56:17+08:00 ] 127.0.0.1 /club/index.php/Home/ApplyClub/showClub/id/6
INFO: [ app_init ] --START--
INFO: Run Behavior\BuildLiteBehavior [ RunTime:0.000016s ]
INFO: [ app_init ] --END-- [ RunTime:0.000495s ]

[ 2015-07-30T22:15:09+08:00 ] 127.0.0.1 /club/index.php/Home/ApplyClub/join
INFO: [ app_init ] --START--
INFO: Run Behavior\BuildLiteBehavior [ RunTime:0.000032s ]
INFO: [ app_init ] --END-- [ RunTime:0.000859s ]

[ 2015-07-30T22:15:34+08:00 ] 127.0.0.1 /club/index.php/Home/ApplyClub/join
INFO: [ app_init ] --START--
INFO: Run Behavior\BuildLiteBehavior [ RunTime:0.000050s ]
INFO: [ app_init ] --END-- [ RunTime:0.001941s ]

[ 2015-07-30T22:30:36+08:00 ] 127.0.0.1 /club/index.php/Home/ApplyClub/join
INFO: [ app_init ] --START--
INFO: Run Behavior\BuildLiteBehavior [ RunTime:0.000019s ]
INFO: [ app_init ] --END-- [ RunTime:0.000514s ]

[ 2015-07-30T22:30:42+08:00 ] 127.0.0.1 /club/index.php/Home/ApplyClub
INFO: [ app_init ] --START--
INFO: Run Behavior\BuildLiteBehavior [ RunTime:0.000050s ]
INFO: [ app_init ] --END-- [ RunTime:0.009590s ]

[ 2015-07-30T22:30:44+08:00 ] 127.0.0.1 /club/index.php/Home/ApplyClub/showClub/id/3
INFO: [ app_init ] --START--
INFO: Run Behavior\BuildLiteBehavior [ RunTime:0.000020s ]
INFO: [ app_init ] --END-- [ RunTime:0.000666s ]

[ 2015-07-30T22:30:44+08:00 ] 127.0.0.1 /club/Public/Uploads/2015-07-26/55b448855e75a.png
INFO: [ app_init ] --START--
INFO: Run Behavior\BuildLiteBehavior [ RunTime:0.000017s ]
INFO: [ app_init ] --END-- [ RunTime:0.000556s ]

[ 2015-07-30T22:31:24+08:00 ] 127.0.0.1 /club/index.php/Home/ApplyClub/showClub/id/3
INFO: [ app_init ] --START--
INFO: Run Behavior\BuildLiteBehavior [ RunTime:0.000017s ]
INFO: [ app_init ] --END-- [ RunTime:0.000559s ]

[ 2015-07-30T22:31:24+08:00 ] 127.0.0.1 /club/Public/Uploads/2015-07-26/55b448855e75a.png
INFO: [ app_init ] --START--
INFO: Run Behavior\BuildLiteBehavior [ RunTime:0.000025s ]
INFO: [ app_init ] --END-- [ RunTime:0.000819s ]

[ 2015-07-30T22:31:26+08:00 ] 127.0.0.1 /club/index.php/Home/ApplyClub/join/club_id/3
INFO: [ app_init ] --START--
INFO: Run Behavior\BuildLiteBehavior [ RunTime:0.000016s ]
INFO: [ app_init ] --END-- [ RunTime:0.000562s ]

[ 2015-07-30T22:32:13+08:00 ] 127.0.0.1 /club/index.php/Home/ApplyClub/showClub/id/3
INFO: [ app_init ] --START--
INFO: Run Behavior\BuildLiteBehavior [ RunTime:0.000048s ]
INFO: [ app_init ] --END-- [ RunTime:0.002075s ]

[ 2015-07-30T22:32:13+08:00 ] 127.0.0.1 /club/Public/Uploads/2015-07-26/55b448855e75a.png
INFO: [ app_init ] --START--
INFO: Run Behavior\BuildLiteBehavior [ RunTime:0.000022s ]
INFO: [ app_init ] --END-- [ RunTime:0.000771s ]

[ 2015-07-30T22:32:42+08:00 ] 127.0.0.1 /club/index.php/Home/ApplyClub/join/club_id/3
INFO: [ app_init ] --START--
INFO: Run Behavior\BuildLiteBehavior [ RunTime:0.000022s ]
INFO: [ app_init ] --END-- [ RunTime:0.000635s ]

[ 2015-07-30T22:35:11+08:00 ] 127.0.0.1 /club/index.php/Home/ApplyClub/showClub/id/3
INFO: [ app_init ] --START--
INFO: Run Behavior\BuildLiteBehavior [ RunTime:0.000022s ]
INFO: [ app_init ] --END-- [ RunTime:0.000654s ]

[ 2015-07-30T22:35:11+08:00 ] 127.0.0.1 /club/Public/Uploads/2015-07-26/55b448855e75a.png
INFO: [ app_init ] --START--
INFO: Run Behavior\BuildLiteBehavior [ RunTime:0.000030s ]
INFO: [ app_init ] --END-- [ RunTime:0.000806s ]

[ 2015-07-30T22:35:12+08:00 ] 127.0.0.1 /club/index.php/Home/ApplyClub/join/club_id/3
INFO: [ app_init ] --START--
INFO: Run Behavior\BuildLiteBehavior [ RunTime:0.000043s ]
INFO: [ app_init ] --END-- [ RunTime:0.000937s ]

[ 2015-07-30T22:35:15+08:00 ] 127.0.0.1 /club/index.php/Home/ApplyClub/join/club_id/3
INFO: [ app_init ] --START--
INFO: Run Behavior\BuildLiteBehavior [ RunTime:0.000017s ]
INFO: [ app_init ] --END-- [ RunTime:0.000578s ]

[ 2015-07-30T22:38:11+08:00 ] 127.0.0.1 /club/index.php/Home/ApplyClub/showClub/id/3
INFO: [ app_init ] --START--
INFO: Run Behavior\BuildLiteBehavior [ RunTime:0.000016s ]
INFO: [ app_init ] --END-- [ RunTime:0.000534s ]

[ 2015-07-30T22:38:11+08:00 ] 127.0.0.1 /club/Public/Uploads/2015-07-26/55b448855e75a.png
INFO: [ app_init ] --START--
INFO: Run Behavior\BuildLiteBehavior [ RunTime:0.000038s ]
INFO: [ app_init ] --END-- [ RunTime:0.001040s ]

[ 2015-07-30T22:38:12+08:00 ] 127.0.0.1 /club/index.php/Home/ApplyClub/join/club_id/3
INFO: [ app_init ] --START--
INFO: Run Behavior\BuildLiteBehavior [ RunTime:0.000017s ]
INFO: [ app_init ] --END-- [ RunTime:0.000544s ]

[ 2015-07-30T22:38:45+08:00 ] 127.0.0.1 /club/index.php/Home/ApplyClub/showClub/id/3
INFO: [ app_init ] --START--
INFO: Run Behavior\BuildLiteBehavior [ RunTime:0.000018s ]
INFO: [ app_init ] --END-- [ RunTime:0.000505s ]

[ 2015-07-30T22:38:45+08:00 ] 127.0.0.1 /club/Public/Uploads/2015-07-26/55b448855e75a.png
INFO: [ app_init ] --START--
INFO: Run Behavior\BuildLiteBehavior [ RunTime:0.000029s ]
INFO: [ app_init ] --END-- [ RunTime:0.000748s ]

[ 2015-07-30T22:38:49+08:00 ] 127.0.0.1 /club/index.php/Home/ApplyClub/join/club_id/3
INFO: [ app_init ] --START--
INFO: Run Behavior\BuildLiteBehavior [ RunTime:0.000015s ]
INFO: [ app_init ] --END-- [ RunTime:0.000526s ]

[ 2015-07-30T22:40:00+08:00 ] 127.0.0.1 /club/index.php/Home/ApplyClub/showClub/id/3
INFO: [ app_init ] --START--
INFO: Run Behavior\BuildLiteBehavior [ RunTime:0.000027s ]
INFO: [ app_init ] --END-- [ RunTime:0.000743s ]

[ 2015-07-30T22:40:00+08:00 ] 127.0.0.1 /club/Public/Uploads/2015-07-26/55b448855e75a.png
INFO: [ app_init ] --START--
INFO: Run Behavior\BuildLiteBehavior [ RunTime:0.000028s ]
INFO: [ app_init ] --END-- [ RunTime:0.000773s ]

[ 2015-07-30T22:40:01+08:00 ] 127.0.0.1 /club/index.php/Home/ApplyClub/join/club_id/3
INFO: [ app_init ] --START--
INFO: Run Behavior\BuildLiteBehavior [ RunTime:0.000017s ]
INFO: [ app_init ] --END-- [ RunTime:0.000460s ]

[ 2015-07-30T22:41:23+08:00 ] 127.0.0.1 /club/index.php/Home/ApplyClub/join/club_id/3
INFO: [ app_init ] --START--
INFO: Run Behavior\BuildLiteBehavior [ RunTime:0.000028s ]
INFO: [ app_init ] --END-- [ RunTime:0.000852s ]

[ 2015-07-30T22:41:23+08:00 ] 127.0.0.1 /club/index.php/Home/ApplyClub/join/club_id/3
INFO: [ app_init ] --START--
INFO: Run Behavior\BuildLiteBehavior [ RunTime:0.000025s ]
INFO: [ app_init ] --END-- [ RunTime:0.000661s ]

[ 2015-07-30T22:41:25+08:00 ] 127.0.0.1 /club/index.php/Home/ApplyClub/showClub/id/3
INFO: [ app_init ] --START--
INFO: Run Behavior\BuildLiteBehavior [ RunTime:0.000016s ]
INFO: [ app_init ] --END-- [ RunTime:0.000536s ]

[ 2015-07-30T22:41:25+08:00 ] 127.0.0.1 /club/Public/Uploads/2015-07-26/55b448855e75a.png
INFO: [ app_init ] --START--
INFO: Run Behavior\BuildLiteBehavior [ RunTime:0.000029s ]
INFO: [ app_init ] --END-- [ RunTime:0.000741s ]

[ 2015-07-30T22:41:27+08:00 ] 127.0.0.1 /club/index.php/Home/ApplyClub/join/club_id/3
INFO: [ app_init ] --START--
INFO: Run Behavior\BuildLiteBehavior [ RunTime:0.000016s ]
INFO: [ app_init ] --END-- [ RunTime:0.000497s ]

[ 2015-07-30T22:41:34+08:00 ] 127.0.0.1 /club/index.php/Home/ApplyClub/join/club_id/3
INFO: [ app_init ] --START--
INFO: Run Behavior\BuildLiteBehavior [ RunTime:0.000040s ]
INFO: [ app_init ] --END-- [ RunTime:0.000815s ]

[ 2015-07-30T22:43:53+08:00 ] 127.0.0.1 /club/index.php/Home/ApplyClub/join/club_id/3
INFO: [ app_init ] --START--
INFO: Run Behavior\BuildLiteBehavior [ RunTime:0.000016s ]
INFO: [ app_init ] --END-- [ RunTime:0.000518s ]

[ 2015-07-30T22:44:22+08:00 ] 127.0.0.1 /club/index.php/Home/ApplyClub/join/club_id/3
INFO: [ app_init ] --START--
INFO: Run Behavior\BuildLiteBehavior [ RunTime:0.000017s ]
INFO: [ app_init ] --END-- [ RunTime:0.000548s ]

[ 2015-07-30T22:44:41+08:00 ] 127.0.0.1 /club/index.php/Home/ApplyClub/join/club_id/3
INFO: [ app_init ] --START--
INFO: Run Behavior\BuildLiteBehavior [ RunTime:0.000016s ]
INFO: [ app_init ] --END-- [ RunTime:0.000546s ]

