[ 2015-06-06T00:00:32+08:00 ] 127.0.0.1 /yijvhu/index.php/Home/Register/register
INFO: [ app_init ] --START--
INFO: Run Behavior\BuildLiteBehavior [ RunTime:0.000016s ]
INFO: [ app_init ] --END-- [ RunTime:0.000591s ]

[ 2015-06-06T00:01:06+08:00 ] 127.0.0.1 /yijvhu/index.php/Home/Register
INFO: [ app_init ] --START--
INFO: Run Behavior\BuildLiteBehavior [ RunTime:0.000017s ]
INFO: [ app_init ] --END-- [ RunTime:0.000483s ]

[ 2015-06-06T00:01:12+08:00 ] 127.0.0.1 /yijvhu/index.php/Home/Register/register.html
INFO: [ app_init ] --START--
INFO: Run Behavior\BuildLiteBehavior [ RunTime:0.000017s ]
INFO: [ app_init ] --END-- [ RunTime:0.000582s ]
INFO: [ app_begin ] --START--
INFO: Run Behavior\ReadHtmlCacheBehavior [ RunTime:0.000729s ]
INFO: [ app_begin ] --END-- [ RunTime:0.000791s ]
SQL: SHOW COLUMNS FROM `think_user` [ RunTime:0.0034s ]
SQL: SELECT * FROM `think_user` WHERE `phone` = '发广告' LIMIT 1   [ RunTime:0.0004s ]
SQL: INSERT INTO `think_user` (`phone`,`username`,`password`) VALUES ('发广告','规范','哥哥') [ RunTime:0.0003s ]

[ 2015-06-06T00:01:53+08:00 ] 127.0.0.1 /yijvhu/index.php/Home/Register
INFO: [ app_init ] --START--
INFO: Run Behavior\BuildLiteBehavior [ RunTime:0.000017s ]
INFO: [ app_init ] --END-- [ RunTime:0.000588s ]

[ 2015-06-06T00:01:54+08:00 ] 127.0.0.1 /yijvhu/index.php/Home/Register/register.html
INFO: [ app_init ] --START--
INFO: Run Behavior\BuildLiteBehavior [ RunTime:0.000020s ]
INFO: [ app_init ] --END-- [ RunTime:0.000549s ]
INFO: [ app_begin ] --START--
INFO: Run Behavior\ReadHtmlCacheBehavior [ RunTime:0.000744s ]
INFO: [ app_begin ] --END-- [ RunTime:0.000812s ]
SQL: SHOW COLUMNS FROM `think_user` [ RunTime:0.0035s ]
SQL: SELECT * FROM `think_user` WHERE `phone` = '' LIMIT 1   [ RunTime:0.0004s ]

[ 2015-06-06T00:03:37+08:00 ] 127.0.0.1 /yijvhu/index.php/Home/Register
INFO: [ app_init ] --START--
INFO: Run Behavior\BuildLiteBehavior [ RunTime:0.000020s ]
INFO: [ app_init ] --END-- [ RunTime:0.000625s ]

[ 2015-06-06T00:03:41+08:00 ] 127.0.0.1 /yijvhu/index.php/Home/Register/register.html
INFO: [ app_init ] --START--
INFO: Run Behavior\BuildLiteBehavior [ RunTime:0.000017s ]
INFO: [ app_init ] --END-- [ RunTime:0.000510s ]
INFO: [ app_begin ] --START--
INFO: Run Behavior\ReadHtmlCacheBehavior [ RunTime:0.000710s ]
INFO: [ app_begin ] --END-- [ RunTime:0.000775s ]
SQL: SHOW COLUMNS FROM `think_user` [ RunTime:0.0029s ]
SQL: SELECT * FROM `think_user` WHERE `phone` = '法国' LIMIT 1   [ RunTime:0.0004s ]
SQL: INSERT INTO `think_user` (`phone`,`username`,`password`) VALUES ('法国','个','刚好') [ RunTime:0.0003s ]

[ 2015-06-06T00:04:08+08:00 ] 127.0.0.1 /yijvhu/index.php/Home/Register
INFO: [ app_init ] --START--
INFO: Run Behavior\BuildLiteBehavior [ RunTime:0.000015s ]
INFO: [ app_init ] --END-- [ RunTime:0.000500s ]

[ 2015-06-06T00:04:40+08:00 ] 127.0.0.1 /yijvhu/index.php/Home/Register/register
INFO: [ app_init ] --START--
INFO: Run Behavior\BuildLiteBehavior [ RunTime:0.000035s ]
INFO: [ app_init ] --END-- [ RunTime:0.000648s ]

[ 2015-06-06T00:04:50+08:00 ] 127.0.0.1 /yijvhu/index.php/Home/Register/register
INFO: [ app_init ] --START--
INFO: Run Behavior\BuildLiteBehavior [ RunTime:0.000017s ]
INFO: [ app_init ] --END-- [ RunTime:0.000548s ]

[ 2015-06-06T00:04:51+08:00 ] 127.0.0.1 /yijvhu/index.php/Home/Register/register
INFO: [ app_init ] --START--
INFO: Run Behavior\BuildLiteBehavior [ RunTime:0.000016s ]
INFO: [ app_init ] --END-- [ RunTime:0.000488s ]

[ 2015-06-06T00:04:52+08:00 ] 127.0.0.1 /yijvhu/index.php/Home/Register/register
INFO: [ app_init ] --START--
INFO: Run Behavior\BuildLiteBehavior [ RunTime:0.000016s ]
INFO: [ app_init ] --END-- [ RunTime:0.000455s ]

[ 2015-06-06T00:04:52+08:00 ] 127.0.0.1 /yijvhu/index.php/Home/Register/register
INFO: [ app_init ] --START--
INFO: Run Behavior\BuildLiteBehavior [ RunTime:0.000016s ]
INFO: [ app_init ] --END-- [ RunTime:0.000485s ]

[ 2015-06-06T00:05:10+08:00 ] 127.0.0.1 /yijvhu/index.php/Home/Register/register
INFO: [ app_init ] --START--
INFO: Run Behavior\BuildLiteBehavior [ RunTime:0.000019s ]
INFO: [ app_init ] --END-- [ RunTime:0.000588s ]

[ 2015-06-06T00:05:12+08:00 ] 127.0.0.1 /yijvhu/index.php/Home/Register/register
INFO: [ app_init ] --START--
INFO: Run Behavior\BuildLiteBehavior [ RunTime:0.000015s ]
INFO: [ app_init ] --END-- [ RunTime:0.000519s ]

[ 2015-06-06T01:08:28+08:00 ] 127.0.0.1 /yi/index.php/Home/Index/article/id/6
INFO: [ app_init ] --START--
INFO: Run Behavior\BuildLiteBehavior [ RunTime:0.000017s ]
INFO: [ app_init ] --END-- [ RunTime:0.000566s ]
ERR: 非法操作:article

[ 2015-06-06T01:08:33+08:00 ] 127.0.0.1 /yi/index.php/Home/Index/
INFO: [ app_init ] --START--
INFO: Run Behavior\BuildLiteBehavior [ RunTime:0.000020s ]
INFO: [ app_init ] --END-- [ RunTime:0.000550s ]
ERR: SQLSTATE[42S02]: Base table or view not found: 1146 Table 'yijuhua.think_article' doesn't exist

[ 2015-06-06T01:09:33+08:00 ] 127.0.0.1 /yi/index.php/Home/Index/
INFO: [ app_init ] --START--
INFO: Run Behavior\BuildLiteBehavior [ RunTime:0.000017s ]
INFO: [ app_init ] --END-- [ RunTime:0.000518s ]
ERR: SQLSTATE[42S02]: Base table or view not found: 1146 Table 'yijuhua.think_article' doesn't exist

[ 2015-06-06T01:09:34+08:00 ] 127.0.0.1 /yi/index.php/Home/Index/
INFO: [ app_init ] --START--
INFO: Run Behavior\BuildLiteBehavior [ RunTime:0.000031s ]
INFO: [ app_init ] --END-- [ RunTime:0.000566s ]
ERR: SQLSTATE[42S02]: Base table or view not found: 1146 Table 'yijuhua.think_article' doesn't exist

[ 2015-06-06T01:09:34+08:00 ] 127.0.0.1 /yi/index.php/Home/Index/
INFO: [ app_init ] --START--
INFO: Run Behavior\BuildLiteBehavior [ RunTime:0.000015s ]
INFO: [ app_init ] --END-- [ RunTime:0.000508s ]
ERR: SQLSTATE[42S02]: Base table or view not found: 1146 Table 'yijuhua.think_article' doesn't exist

[ 2015-06-06T01:09:34+08:00 ] 127.0.0.1 /yi/index.php/Home/Index/
INFO: [ app_init ] --START--
INFO: Run Behavior\BuildLiteBehavior [ RunTime:0.000018s ]
INFO: [ app_init ] --END-- [ RunTime:0.000841s ]
ERR: SQLSTATE[42S02]: Base table or view not found: 1146 Table 'yijuhua.think_article' doesn't exist

[ 2015-06-06T01:09:34+08:00 ] 127.0.0.1 /yi/index.php/Home/Index/
INFO: [ app_init ] --START--
INFO: Run Behavior\BuildLiteBehavior [ RunTime:0.000015s ]
INFO: [ app_init ] --END-- [ RunTime:0.000485s ]
ERR: SQLSTATE[42S02]: Base table or view not found: 1146 Table 'yijuhua.think_article' doesn't exist

[ 2015-06-06T01:09:34+08:00 ] 127.0.0.1 /yi/index.php/Home/Index/
INFO: [ app_init ] --START--
INFO: Run Behavior\BuildLiteBehavior [ RunTime:0.000016s ]
INFO: [ app_init ] --END-- [ RunTime:0.000422s ]
ERR: SQLSTATE[42S02]: Base table or view not found: 1146 Table 'yijuhua.think_article' doesn't exist

[ 2015-06-06T01:09:35+08:00 ] 127.0.0.1 /yi/index.php/Home/Index/
INFO: [ app_init ] --START--
INFO: Run Behavior\BuildLiteBehavior [ RunTime:0.000019s ]
INFO: [ app_init ] --END-- [ RunTime:0.000554s ]
ERR: SQLSTATE[42S02]: Base table or view not found: 1146 Table 'yijuhua.think_article' doesn't exist

[ 2015-06-06T01:09:35+08:00 ] 127.0.0.1 /yi/index.php/Home/Index/
INFO: [ app_init ] --START--
INFO: Run Behavior\BuildLiteBehavior [ RunTime:0.000017s ]
INFO: [ app_init ] --END-- [ RunTime:0.000420s ]
ERR: SQLSTATE[42S02]: Base table or view not found: 1146 Table 'yijuhua.think_article' doesn't exist

[ 2015-06-06T01:09:35+08:00 ] 127.0.0.1 /yi/index.php/Home/Index/
INFO: [ app_init ] --START--
INFO: Run Behavior\BuildLiteBehavior [ RunTime:0.000017s ]
INFO: [ app_init ] --END-- [ RunTime:0.000586s ]
ERR: SQLSTATE[42S02]: Base table or view not found: 1146 Table 'yijuhua.think_article' doesn't exist

[ 2015-06-06T01:09:35+08:00 ] 127.0.0.1 /yi/index.php/Home/Index/
INFO: [ app_init ] --START--
INFO: Run Behavior\BuildLiteBehavior [ RunTime:0.000016s ]
INFO: [ app_init ] --END-- [ RunTime:0.000501s ]
ERR: SQLSTATE[42S02]: Base table or view not found: 1146 Table 'yijuhua.think_article' doesn't exist

[ 2015-06-06T01:09:36+08:00 ] 127.0.0.1 /yi/index.php/Home/Index/
INFO: [ app_init ] --START--
INFO: Run Behavior\BuildLiteBehavior [ RunTime:0.000016s ]
INFO: [ app_init ] --END-- [ RunTime:0.000517s ]
ERR: SQLSTATE[42S02]: Base table or view not found: 1146 Table 'yijuhua.think_article' doesn't exist

[ 2015-06-06T01:09:36+08:00 ] 127.0.0.1 /yi/index.php/Home/Index/
INFO: [ app_init ] --START--
INFO: Run Behavior\BuildLiteBehavior [ RunTime:0.000015s ]
INFO: [ app_init ] --END-- [ RunTime:0.000465s ]
ERR: SQLSTATE[42S02]: Base table or view not found: 1146 Table 'yijuhua.think_article' doesn't exist

[ 2015-06-06T01:09:39+08:00 ] 127.0.0.1 /yi/index.php/Home/Index/
INFO: [ app_init ] --START--
INFO: Run Behavior\BuildLiteBehavior [ RunTime:0.000017s ]
INFO: [ app_init ] --END-- [ RunTime:0.000490s ]
ERR: SQLSTATE[42S02]: Base table or view not found: 1146 Table 'yijuhua.think_article' doesn't exist

[ 2015-06-06T01:10:16+08:00 ] 127.0.0.1 /yi/index.php/Home/Index/
INFO: [ app_init ] --START--
INFO: Run Behavior\BuildLiteBehavior [ RunTime:0.000016s ]
INFO: [ app_init ] --END-- [ RunTime:0.000495s ]

[ 2015-06-06T01:17:46+08:00 ] 127.0.0.1 /yi/index.php/Home/Index/
INFO: [ app_init ] --START--
INFO: Run Behavior\BuildLiteBehavior [ RunTime:0.000191s ]
INFO: [ app_init ] --END-- [ RunTime:0.015867s ]

[ 2015-06-06T01:17:47+08:00 ] 127.0.0.1 /yi/index.php/Home/Index/
INFO: [ app_init ] --START--
INFO: Run Behavior\BuildLiteBehavior [ RunTime:0.000018s ]
INFO: [ app_init ] --END-- [ RunTime:0.000440s ]

[ 2015-06-06T01:17:48+08:00 ] 127.0.0.1 /yi/index.php/Home/Index/
INFO: [ app_init ] --START--
INFO: Run Behavior\BuildLiteBehavior [ RunTime:0.000018s ]
INFO: [ app_init ] --END-- [ RunTime:0.000456s ]

[ 2015-06-06T01:27:42+08:00 ] 127.0.0.1 /yi/index.php/Home/Index/showcomment
INFO: [ app_init ] --START--
INFO: Run Behavior\BuildLiteBehavior [ RunTime:0.000033s ]
INFO: [ app_init ] --END-- [ RunTime:0.000817s ]

[ 2015-06-06T01:38:34+08:00 ] 127.0.0.1 /yi/index.php/Home/Index/showcomment
INFO: [ app_init ] --START--
INFO: Run Behavior\BuildLiteBehavior [ RunTime:0.000016s ]
INFO: [ app_init ] --END-- [ RunTime:0.000408s ]

[ 2015-06-06T01:38:46+08:00 ] 127.0.0.1 /yi/index.php/Home/Index/showcomment
INFO: [ app_init ] --START--
INFO: Run Behavior\BuildLiteBehavior [ RunTime:0.000015s ]
INFO: [ app_init ] --END-- [ RunTime:0.000464s ]

[ 2015-06-06T01:43:34+08:00 ] 127.0.0.1 /yi/index.php/Home/Index/showcomment
INFO: [ app_init ] --START--
INFO: Run Behavior\BuildLiteBehavior [ RunTime:0.000016s ]
INFO: [ app_init ] --END-- [ RunTime:0.000506s ]

[ 2015-06-06T07:27:00+08:00 ] 127.0.0.1 /yi/index.php/Home/Index/showcomment
INFO: [ app_init ] --START--
INFO: Run Behavior\BuildLiteBehavior [ RunTime:0.000020s ]
INFO: [ app_init ] --END-- [ RunTime:0.148157s ]

[ 2015-06-06T07:27:29+08:00 ] 127.0.0.1 /yi/index.php/Home/Index/showcomment
INFO: [ app_init ] --START--
INFO: Run Behavior\BuildLiteBehavior [ RunTime:0.000015s ]
INFO: [ app_init ] --END-- [ RunTime:0.000476s ]

[ 2015-06-06T07:28:03+08:00 ] 127.0.0.1 /yi/index.php/Home/Index/
INFO: [ app_init ] --START--
INFO: Run Behavior\BuildLiteBehavior [ RunTime:0.000028s ]
INFO: [ app_init ] --END-- [ RunTime:0.000698s ]

[ 2015-06-06T07:43:05+08:00 ] 127.0.0.1 /yi/index.php/Home/Index/comment
INFO: [ app_init ] --START--
INFO: Run Behavior\BuildLiteBehavior [ RunTime:0.000016s ]
INFO: [ app_init ] --END-- [ RunTime:0.000526s ]

[ 2015-06-06T07:43:43+08:00 ] 127.0.0.1 /yi/index.php/Home/Index/comment
INFO: [ app_init ] --START--
INFO: Run Behavior\BuildLiteBehavior [ RunTime:0.000017s ]
INFO: [ app_init ] --END-- [ RunTime:0.000511s ]

[ 2015-06-06T07:46:25+08:00 ] 127.0.0.1 /yi/index.php/Home/Index/
INFO: [ app_init ] --START--
INFO: Run Behavior\BuildLiteBehavior [ RunTime:0.000020s ]
INFO: [ app_init ] --END-- [ RunTime:0.000595s ]

[ 2015-06-06T07:46:31+08:00 ] 127.0.0.1 /yi/index.php/Home/Index/
INFO: [ app_init ] --START--
INFO: Run Behavior\BuildLiteBehavior [ RunTime:0.000017s ]
INFO: [ app_init ] --END-- [ RunTime:0.000465s ]

[ 2015-06-06T07:46:34+08:00 ] 127.0.0.1 /yi/index.php/Home/Index/
INFO: [ app_init ] --START--
INFO: Run Behavior\BuildLiteBehavior [ RunTime:0.000026s ]
INFO: [ app_init ] --END-- [ RunTime:0.000507s ]

[ 2015-06-06T07:46:36+08:00 ] 127.0.0.1 /yi/index.php/Home/Index/
INFO: [ app_init ] --START--
INFO: Run Behavior\BuildLiteBehavior [ RunTime:0.000016s ]
INFO: [ app_init ] --END-- [ RunTime:0.000478s ]

[ 2015-06-06T07:46:37+08:00 ] 127.0.0.1 /yi/index.php/Home/Index/
INFO: [ app_init ] --START--
INFO: Run Behavior\BuildLiteBehavior [ RunTime:0.000016s ]
INFO: [ app_init ] --END-- [ RunTime:0.000585s ]

[ 2015-06-06T07:46:39+08:00 ] 127.0.0.1 /yi/index.php/Home/Index/
INFO: [ app_init ] --START--
INFO: Run Behavior\BuildLiteBehavior [ RunTime:0.000016s ]
INFO: [ app_init ] --END-- [ RunTime:0.000498s ]

[ 2015-06-06T07:46:41+08:00 ] 127.0.0.1 /yi/index.php/Home/Index/
INFO: [ app_init ] --START--
INFO: Run Behavior\BuildLiteBehavior [ RunTime:0.000016s ]
INFO: [ app_init ] --END-- [ RunTime:0.000523s ]

[ 2015-06-06T07:46:43+08:00 ] 127.0.0.1 /yi/index.php/Home/Index/
INFO: [ app_init ] --START--
INFO: Run Behavior\BuildLiteBehavior [ RunTime:0.000021s ]
INFO: [ app_init ] --END-- [ RunTime:0.000743s ]

[ 2015-06-06T07:48:34+08:00 ] 127.0.0.1 /yi/index.php/Home/Index/showComment
INFO: [ app_init ] --START--
INFO: Run Behavior\BuildLiteBehavior [ RunTime:0.000016s ]
INFO: [ app_init ] --END-- [ RunTime:0.000536s ]

[ 2015-06-06T07:49:13+08:00 ] 127.0.0.1 /yi/index.php/Home/Index/showComment/tid/1
INFO: [ app_init ] --START--
INFO: Run Behavior\BuildLiteBehavior [ RunTime:0.000017s ]
INFO: [ app_init ] --END-- [ RunTime:0.000435s ]

[ 2015-06-06T07:49:50+08:00 ] 127.0.0.1 /yi/index.php/Home/Index/showComment/tid/1
INFO: [ app_init ] --START--
INFO: Run Behavior\BuildLiteBehavior [ RunTime:0.000019s ]
INFO: [ app_init ] --END-- [ RunTime:0.000560s ]

[ 2015-06-06T07:51:33+08:00 ] 127.0.0.1 /yi/index.php/Home/Index/showComment/id/1
INFO: [ app_init ] --START--
INFO: Run Behavior\BuildLiteBehavior [ RunTime:0.000018s ]
INFO: [ app_init ] --END-- [ RunTime:0.000465s ]

[ 2015-06-06T07:52:13+08:00 ] 127.0.0.1 /yi/index.php/Home/Index/showComment/uid/1
INFO: [ app_init ] --START--
INFO: Run Behavior\BuildLiteBehavior [ RunTime:0.000017s ]
INFO: [ app_init ] --END-- [ RunTime:0.000406s ]

[ 2015-06-06T07:52:19+08:00 ] 127.0.0.1 /yi/index.php/Home/Index/showComment/tid/1
INFO: [ app_init ] --START--
INFO: Run Behavior\BuildLiteBehavior [ RunTime:0.000021s ]
INFO: [ app_init ] --END-- [ RunTime:0.000583s ]

[ 2015-06-06T07:52:58+08:00 ] 127.0.0.1 /yi/index.php/Home/Index/showComment/tid/1
INFO: [ app_init ] --START--
INFO: Run Behavior\BuildLiteBehavior [ RunTime:0.000020s ]
INFO: [ app_init ] --END-- [ RunTime:0.000477s ]

[ 2015-06-06T07:54:00+08:00 ] 127.0.0.1 /yi/index.php/Home/Index/showComment/tid/1
INFO: [ app_init ] --START--
INFO: Run Behavior\BuildLiteBehavior [ RunTime:0.000015s ]
INFO: [ app_init ] --END-- [ RunTime:0.000500s ]

[ 2015-06-06T07:54:55+08:00 ] 127.0.0.1 /yi/index.php/Home/Index/showComment/id/1
INFO: [ app_init ] --START--
INFO: Run Behavior\BuildLiteBehavior [ RunTime:0.000019s ]
INFO: [ app_init ] --END-- [ RunTime:0.000517s ]

[ 2015-06-06T08:00:19+08:00 ] 127.0.0.1 /yi/index.php/Home/Index/haha
INFO: [ app_init ] --START--
INFO: Run Behavior\BuildLiteBehavior [ RunTime:0.000019s ]
INFO: [ app_init ] --END-- [ RunTime:0.000634s ]

[ 2015-06-06T08:02:12+08:00 ] 127.0.0.1 /yi/index.php/Home/Index/haha
INFO: [ app_init ] --START--
INFO: Run Behavior\BuildLiteBehavior [ RunTime:0.000017s ]
INFO: [ app_init ] --END-- [ RunTime:0.000488s ]

[ 2015-06-06T08:20:15+08:00 ] 127.0.0.1 /yi/index.php/Home/Index/haha
INFO: [ app_init ] --START--
INFO: Run Behavior\BuildLiteBehavior [ RunTime:0.000016s ]
INFO: [ app_init ] --END-- [ RunTime:0.000511s ]

[ 2015-06-06T08:20:52+08:00 ] 127.0.0.1 /yi/index.php/Home/Index/haha
INFO: [ app_init ] --START--
INFO: Run Behavior\BuildLiteBehavior [ RunTime:0.000016s ]
INFO: [ app_init ] --END-- [ RunTime:0.000548s ]

[ 2015-06-06T08:21:12+08:00 ] 127.0.0.1 /yi/index.php/Home/Index/haha
INFO: [ app_init ] --START--
INFO: Run Behavior\BuildLiteBehavior [ RunTime:0.000022s ]
INFO: [ app_init ] --END-- [ RunTime:0.000432s ]

[ 2015-06-06T09:39:10+08:00 ] 127.0.0.1 /yi/index.php/Home/User/showLove
INFO: [ app_init ] --START--
INFO: Run Behavior\BuildLiteBehavior [ RunTime:0.000016s ]
INFO: [ app_init ] --END-- [ RunTime:0.000508s ]

[ 2015-06-06T09:39:27+08:00 ] 127.0.0.1 /yi/index.php/Home/User/showLove
INFO: [ app_init ] --START--
INFO: Run Behavior\BuildLiteBehavior [ RunTime:0.000016s ]
INFO: [ app_init ] --END-- [ RunTime:0.000500s ]

[ 2015-06-06T09:39:29+08:00 ] 127.0.0.1 /yi/index.php/Home/User/showLove
INFO: [ app_init ] --START--
INFO: Run Behavior\BuildLiteBehavior [ RunTime:0.000021s ]
INFO: [ app_init ] --END-- [ RunTime:0.000514s ]

[ 2015-06-06T09:41:13+08:00 ] 127.0.0.1 /yi/index.php/Home/User/showLove
INFO: [ app_init ] --START--
INFO: Run Behavior\BuildLiteBehavior [ RunTime:0.000016s ]
INFO: [ app_init ] --END-- [ RunTime:0.000494s ]

[ 2015-06-06T09:41:49+08:00 ] 127.0.0.1 /yi/index.php/Home/User/showLove
INFO: [ app_init ] --START--
INFO: Run Behavior\BuildLiteBehavior [ RunTime:0.000016s ]
INFO: [ app_init ] --END-- [ RunTime:0.000535s ]

[ 2015-06-06T09:46:31+08:00 ] 127.0.0.1 /yi/index.php/Home/User/showLove
INFO: [ app_init ] --START--
INFO: Run Behavior\BuildLiteBehavior [ RunTime:0.000016s ]
INFO: [ app_init ] --END-- [ RunTime:0.000481s ]

[ 2015-06-06T10:01:31+08:00 ] 127.0.0.1 /yi/index.php/Home/Index/loveComment
INFO: [ app_init ] --START--
INFO: Run Behavior\BuildLiteBehavior [ RunTime:0.000017s ]
INFO: [ app_init ] --END-- [ RunTime:0.000707s ]

[ 2015-06-06T10:01:45+08:00 ] 127.0.0.1 /yi/index.php/Home/Index/loveComment
INFO: [ app_init ] --START--
INFO: Run Behavior\BuildLiteBehavior [ RunTime:0.000017s ]
INFO: [ app_init ] --END-- [ RunTime:0.000504s ]

[ 2015-06-06T10:01:56+08:00 ] 127.0.0.1 /yi/index.php/Home/Index/loveComment
INFO: [ app_init ] --START--
INFO: Run Behavior\BuildLiteBehavior [ RunTime:0.000016s ]
INFO: [ app_init ] --END-- [ RunTime:0.000548s ]

[ 2015-06-06T10:02:24+08:00 ] 127.0.0.1 /yi/index.php/Home/Index/loveComment
INFO: [ app_init ] --START--
INFO: Run Behavior\BuildLiteBehavior [ RunTime:0.000015s ]
INFO: [ app_init ] --END-- [ RunTime:0.000473s ]

[ 2015-06-06T10:04:25+08:00 ] 127.0.0.1 /yi/index.php/Home/User/showLove
INFO: [ app_init ] --START--
INFO: Run Behavior\BuildLiteBehavior [ RunTime:0.000028s ]
INFO: [ app_init ] --END-- [ RunTime:0.000565s ]

[ 2015-06-06T10:05:17+08:00 ] 127.0.0.1 /yi/index.php/Home/User/showLove
INFO: [ app_init ] --START--
INFO: Run Behavior\BuildLiteBehavior [ RunTime:0.000016s ]
INFO: [ app_init ] --END-- [ RunTime:0.000480s ]

[ 2015-06-06T10:07:43+08:00 ] 127.0.0.1 /yi/index.php/Home/Index/showComment
INFO: [ app_init ] --START--
INFO: Run Behavior\BuildLiteBehavior [ RunTime:0.000027s ]
INFO: [ app_init ] --END-- [ RunTime:0.000740s ]

[ 2015-06-06T10:09:45+08:00 ] 127.0.0.1 /yi/index.php/Home/Index/showComment
INFO: [ app_init ] --START--
INFO: Run Behavior\BuildLiteBehavior [ RunTime:0.000017s ]
INFO: [ app_init ] --END-- [ RunTime:0.000438s ]

[ 2015-06-06T10:14:13+08:00 ] 127.0.0.1 /yi/index.php/Home/Index/showComment
INFO: [ app_init ] --START--
INFO: Run Behavior\BuildLiteBehavior [ RunTime:0.000019s ]
INFO: [ app_init ] --END-- [ RunTime:0.000569s ]

[ 2015-06-06T10:43:39+08:00 ] 127.0.0.1 /yi/index.php/Home/Index/showComment
INFO: [ app_init ] --START--
INFO: Run Behavior\BuildLiteBehavior [ RunTime:0.000019s ]
INFO: [ app_init ] --END-- [ RunTime:0.000509s ]

[ 2015-06-06T10:50:43+08:00 ] 127.0.0.1 /yi/index.php/Home/Index/advice
INFO: [ app_init ] --START--
INFO: Run Behavior\BuildLiteBehavior [ RunTime:0.000019s ]
INFO: [ app_init ] --END-- [ RunTime:0.000567s ]

[ 2015-06-06T10:52:46+08:00 ] 127.0.0.1 /yi/index.php/Home/Index/showComment
INFO: [ app_init ] --START--
INFO: Run Behavior\BuildLiteBehavior [ RunTime:0.000025s ]
INFO: [ app_init ] --END-- [ RunTime:0.000580s ]

[ 2015-06-06T11:51:39+08:00 ] 127.0.0.1 /yi/index.php/Home/Index/showComment
INFO: [ app_init ] --START--
INFO: Run Behavior\BuildLiteBehavior [ RunTime:0.000019s ]
INFO: [ app_init ] --END-- [ RunTime:0.000534s ]

[ 2015-06-06T11:59:16+08:00 ] 127.0.0.1 /yi/index.php/Home/User/showLove
INFO: [ app_init ] --START--
INFO: Run Behavior\BuildLiteBehavior [ RunTime:0.000031s ]
INFO: [ app_init ] --END-- [ RunTime:0.000711s ]

[ 2015-06-06T11:59:32+08:00 ] 127.0.0.1 /yi/index.php/Home/User/showLove
INFO: [ app_init ] --START--
INFO: Run Behavior\BuildLiteBehavior [ RunTime:0.000015s ]
INFO: [ app_init ] --END-- [ RunTime:0.000620s ]

[ 2015-06-06T12:01:38+08:00 ] 127.0.0.1 /yi/index.php/Home/User/showLove
INFO: [ app_init ] --START--
INFO: Run Behavior\BuildLiteBehavior [ RunTime:0.000017s ]
INFO: [ app_init ] --END-- [ RunTime:0.000549s ]

[ 2015-06-06T12:05:19+08:00 ] 127.0.0.1 /yi/index.php/Home/User/myCommentt
INFO: [ app_init ] --START--
INFO: Run Behavior\BuildLiteBehavior [ RunTime:0.000021s ]
INFO: [ app_init ] --END-- [ RunTime:0.000818s ]
ERR: 非法操作:myCommentt

[ 2015-06-06T12:05:25+08:00 ] 127.0.0.1 /yi/index.php/Home/User/myComment
INFO: [ app_init ] --START--
INFO: Run Behavior\BuildLiteBehavior [ RunTime:0.000026s ]
INFO: [ app_init ] --END-- [ RunTime:0.000653s ]

[ 2015-06-06T13:59:15+08:00 ] 127.0.0.1 /yi/
INFO: [ app_init ] --START--
INFO: Run Behavior\BuildLiteBehavior [ RunTime:0.000051s ]
INFO: [ app_init ] --END-- [ RunTime:0.017705s ]

[ 2015-06-06T14:16:57+08:00 ] 127.0.0.1 /yi/Home
INFO: [ app_init ] --START--
INFO: Run Behavior\BuildLiteBehavior [ RunTime:0.000019s ]
INFO: [ app_init ] --END-- [ RunTime:0.000538s ]

[ 2015-06-06T14:17:10+08:00 ] 127.0.0.1 /yi/Home/Index/showUser
INFO: [ app_init ] --START--
INFO: Run Behavior\BuildLiteBehavior [ RunTime:0.000018s ]
INFO: [ app_init ] --END-- [ RunTime:0.000484s ]
ERR: SQLSTATE[42S22]: Column not found: 1054 Unknown column 'topic' in 'field list'

[ 2015-06-06T14:33:02+08:00 ] 127.0.0.1 /yi/Home/Index/comment
INFO: [ app_init ] --START--
INFO: Run Behavior\BuildLiteBehavior [ RunTime:0.000017s ]
INFO: [ app_init ] --END-- [ RunTime:0.000447s ]

[ 2015-06-06T14:39:10+08:00 ] 127.0.0.1 /yi/Home/Index/showUser
INFO: [ app_init ] --START--
INFO: Run Behavior\BuildLiteBehavior [ RunTime:0.000018s ]
INFO: [ app_init ] --END-- [ RunTime:0.000552s ]
ERR: SQLSTATE[42S22]: Column not found: 1054 Unknown column 'title' in 'field list'

[ 2015-06-06T14:40:32+08:00 ] 127.0.0.1 /yi/Home/Index/showUser
INFO: [ app_init ] --START--
INFO: Run Behavior\BuildLiteBehavior [ RunTime:0.000030s ]
INFO: [ app_init ] --END-- [ RunTime:0.001011s ]

[ 2015-06-06T14:41:15+08:00 ] 127.0.0.1 /yi/Home/Index/showUser
INFO: [ app_init ] --START--
INFO: Run Behavior\BuildLiteBehavior [ RunTime:0.000015s ]
INFO: [ app_init ] --END-- [ RunTime:0.000505s ]

[ 2015-06-06T23:15:07+08:00 ] 127.0.0.1 /yi/
INFO: [ app_init ] --START--
INFO: Run Behavior\BuildLiteBehavior [ RunTime:0.000026s ]
INFO: [ app_init ] --END-- [ RunTime:0.000745s ]
ERR: SQLSTATE[42S22]: Column not found: 1247 Reference 'id' not supported (forward reference in item list)

[ 2015-06-06T23:15:32+08:00 ] 127.0.0.1 /yi/
INFO: [ app_init ] --START--
INFO: Run Behavior\BuildLiteBehavior [ RunTime:0.000017s ]
INFO: [ app_init ] --END-- [ RunTime:0.000484s ]
ERR: SQLSTATE[42S22]: Column not found: 1247 Reference 'id' not supported (forward reference in item list)

[ 2015-06-06T23:15:33+08:00 ] 127.0.0.1 /yi/
INFO: [ app_init ] --START--
INFO: Run Behavior\BuildLiteBehavior [ RunTime:0.000027s ]
INFO: [ app_init ] --END-- [ RunTime:0.000652s ]
ERR: SQLSTATE[42S22]: Column not found: 1247 Reference 'id' not supported (forward reference in item list)

[ 2015-06-06T23:16:05+08:00 ] 127.0.0.1 /yi/
INFO: [ app_init ] --START--
INFO: Run Behavior\BuildLiteBehavior [ RunTime:0.000016s ]
INFO: [ app_init ] --END-- [ RunTime:0.000463s ]

[ 2015-06-06T23:35:44+08:00 ] 127.0.0.1 /yi/Home/Index/submitTopic
INFO: [ app_init ] --START--
INFO: Run Behavior\BuildLiteBehavior [ RunTime:0.000025s ]
INFO: [ app_init ] --END-- [ RunTime:0.000992s ]

[ 2015-06-06T23:36:09+08:00 ] 127.0.0.1 /yi/Home/Index/submitTopic
INFO: [ app_init ] --START--
INFO: Run Behavior\BuildLiteBehavior [ RunTime:0.000016s ]
INFO: [ app_init ] --END-- [ RunTime:0.000495s ]

