[ 2015-08-13T11:21:31+08:00 ] 127.0.0.1 /club/
INFO: [ app_init ] --START--
INFO: Run Behavior\BuildLiteBehavior [ RunTime:0.000025s ]
INFO: [ app_init ] --END-- [ RunTime:0.000544s ]
ERR: 无法加载控制器:Index

[ 2015-08-13T11:22:17+08:00 ] 127.0.0.1 /club/index.php/Home/Login
INFO: [ app_init ] --START--
INFO: Run Behavior\BuildLiteBehavior [ RunTime:0.000019s ]
INFO: [ app_init ] --END-- [ RunTime:0.000572s ]

[ 2015-08-13T11:22:22+08:00 ] 127.0.0.1 /club/index.php/Login/handle.html
INFO: [ app_init ] --START--
INFO: Run Behavior\BuildLiteBehavior [ RunTime:0.000016s ]
INFO: [ app_init ] --END-- [ RunTime:0.000495s ]
ERR: Think\Model:Login方法不存在！

[ 2015-08-13T11:22:28+08:00 ] 127.0.0.1 /club/index.php/Login/handle.html
INFO: [ app_init ] --START--
INFO: Run Behavior\BuildLiteBehavior [ RunTime:0.000027s ]
INFO: [ app_init ] --END-- [ RunTime:0.000679s ]
ERR: Think\Model:Login方法不存在！

[ 2015-08-13T11:23:47+08:00 ] 127.0.0.1 /club/index.php/Login/handle.html
INFO: [ app_init ] --START--
INFO: Run Behavior\BuildLiteBehavior [ RunTime:0.000017s ]
INFO: [ app_init ] --END-- [ RunTime:0.000516s ]
ERR: Think\Model:Login方法不存在！

[ 2015-08-13T11:24:05+08:00 ] 127.0.0.1 /club/index.php/Login/handle.html
INFO: [ app_init ] --START--
INFO: Run Behavior\BuildLiteBehavior [ RunTime:0.000017s ]
INFO: [ app_init ] --END-- [ RunTime:0.000446s ]

[ 2015-08-13T11:24:09+08:00 ] 127.0.0.1 /club/index.php/Login/handle.html
INFO: [ app_init ] --START--
INFO: Run Behavior\BuildLiteBehavior [ RunTime:0.000019s ]
INFO: [ app_init ] --END-- [ RunTime:0.000507s ]

[ 2015-08-13T11:24:14+08:00 ] 127.0.0.1 /club/index.php/Login/handle.html
INFO: [ app_init ] --START--
INFO: Run Behavior\BuildLiteBehavior [ RunTime:0.000035s ]
INFO: [ app_init ] --END-- [ RunTime:0.000683s ]

[ 2015-08-13T11:24:45+08:00 ] 127.0.0.1 /club/index.php/Home/Register
INFO: [ app_init ] --START--
INFO: Run Behavior\BuildLiteBehavior [ RunTime:0.000016s ]
INFO: [ app_init ] --END-- [ RunTime:0.000427s ]

[ 2015-08-13T11:24:45+08:00 ] 127.0.0.1 /club/index.php/Home/Register/verify
INFO: [ app_init ] --START--
INFO: Run Behavior\BuildLiteBehavior [ RunTime:0.000096s ]
INFO: [ app_init ] --END-- [ RunTime:0.001504s ]

[ 2015-08-13T11:24:47+08:00 ] 127.0.0.1 /club/index.php/Register/handle.html
INFO: [ app_init ] --START--
INFO: Run Behavior\BuildLiteBehavior [ RunTime:0.000019s ]
INFO: [ app_init ] --END-- [ RunTime:0.000492s ]

[ 2015-08-13T11:24:53+08:00 ] 127.0.0.1 /club/index.php/Register/handle.html
INFO: [ app_init ] --START--
INFO: Run Behavior\BuildLiteBehavior [ RunTime:0.000016s ]
INFO: [ app_init ] --END-- [ RunTime:0.000405s ]

[ 2015-08-13T11:25:12+08:00 ] 127.0.0.1 /club/index.php/Register/handle.html
INFO: [ app_init ] --START--
INFO: Run Behavior\BuildLiteBehavior [ RunTime:0.000019s ]
INFO: [ app_init ] --END-- [ RunTime:0.000503s ]

[ 2015-08-13T11:25:23+08:00 ] 127.0.0.1 /club/index.php/Register/handle.html
INFO: [ app_init ] --START--
INFO: Run Behavior\BuildLiteBehavior [ RunTime:0.000015s ]
INFO: [ app_init ] --END-- [ RunTime:0.000493s ]

[ 2015-08-13T11:27:24+08:00 ] 127.0.0.1 /club/index.php/Register/handle.html
INFO: [ app_init ] --START--
INFO: Run Behavior\BuildLiteBehavior [ RunTime:0.000016s ]
INFO: [ app_init ] --END-- [ RunTime:0.000508s ]

[ 2015-08-13T11:29:50+08:00 ] 127.0.0.1 /club/index.php/Register/handle.html
INFO: [ app_init ] --START--
INFO: Run Behavior\BuildLiteBehavior [ RunTime:0.000015s ]
INFO: [ app_init ] --END-- [ RunTime:0.000512s ]

[ 2015-08-13T11:30:02+08:00 ] 127.0.0.1 /club/index.php/Register/handle.html
INFO: [ app_init ] --START--
INFO: Run Behavior\BuildLiteBehavior [ RunTime:0.000015s ]
INFO: [ app_init ] --END-- [ RunTime:0.000481s ]

[ 2015-08-13T11:30:40+08:00 ] 127.0.0.1 /club/index.php/Register/handle.html
INFO: [ app_init ] --START--
INFO: Run Behavior\BuildLiteBehavior [ RunTime:0.000017s ]
INFO: [ app_init ] --END-- [ RunTime:0.000488s ]

[ 2015-08-13T11:34:52+08:00 ] 127.0.0.1 /club/index.php/Register/handle.html
INFO: [ app_init ] --START--
INFO: Run Behavior\BuildLiteBehavior [ RunTime:0.000018s ]
INFO: [ app_init ] --END-- [ RunTime:0.000701s ]

[ 2015-08-13T11:34:57+08:00 ] 127.0.0.1 /club/index.php/Register/handle.html
INFO: [ app_init ] --START--
INFO: Run Behavior\BuildLiteBehavior [ RunTime:0.000020s ]
INFO: [ app_init ] --END-- [ RunTime:0.000536s ]

[ 2015-08-13T11:35:06+08:00 ] 127.0.0.1 /club/index.php/Register/handle.html
INFO: [ app_init ] --START--
INFO: Run Behavior\BuildLiteBehavior [ RunTime:0.000016s ]
INFO: [ app_init ] --END-- [ RunTime:0.000491s ]

[ 2015-08-13T11:35:15+08:00 ] 127.0.0.1 /club/index.php/Register/handle.html
INFO: [ app_init ] --START--
INFO: Run Behavior\BuildLiteBehavior [ RunTime:0.000031s ]
INFO: [ app_init ] --END-- [ RunTime:0.000835s ]

[ 2015-08-13T12:16:32+08:00 ] 127.0.0.1 /club/index.php/Login/handle.html
INFO: [ app_init ] --START--
INFO: Run Behavior\BuildLiteBehavior [ RunTime:0.000024s ]
INFO: [ app_init ] --END-- [ RunTime:0.000616s ]

[ 2015-08-13T12:16:38+08:00 ] 127.0.0.1 /club/index.php/ApplyClub
INFO: [ app_init ] --START--
INFO: Run Behavior\BuildLiteBehavior [ RunTime:0.000016s ]
INFO: [ app_init ] --END-- [ RunTime:0.000455s ]

[ 2015-08-13T12:17:26+08:00 ] 127.0.0.1 /club/index.php/ApplyClub
INFO: [ app_init ] --START--
INFO: Run Behavior\BuildLiteBehavior [ RunTime:0.000017s ]
INFO: [ app_init ] --END-- [ RunTime:0.000417s ]

[ 2015-08-13T12:17:27+08:00 ] 127.0.0.1 /club/index.php/ApplyClub
INFO: [ app_init ] --START--
INFO: Run Behavior\BuildLiteBehavior [ RunTime:0.000016s ]
INFO: [ app_init ] --END-- [ RunTime:0.000474s ]

[ 2015-08-13T12:17:52+08:00 ] 127.0.0.1 /club/index.php/ApplyClub
INFO: [ app_init ] --START--
INFO: Run Behavior\BuildLiteBehavior [ RunTime:0.000016s ]
INFO: [ app_init ] --END-- [ RunTime:0.000481s ]

[ 2015-08-13T12:17:53+08:00 ] 127.0.0.1 /club/index.php/ApplyClub
INFO: [ app_init ] --START--
INFO: Run Behavior\BuildLiteBehavior [ RunTime:0.000017s ]
INFO: [ app_init ] --END-- [ RunTime:0.000480s ]

[ 2015-08-13T12:17:53+08:00 ] 127.0.0.1 /club/index.php/ApplyClub
INFO: [ app_init ] --START--
INFO: Run Behavior\BuildLiteBehavior [ RunTime:0.000016s ]
INFO: [ app_init ] --END-- [ RunTime:0.000428s ]

[ 2015-08-13T12:18:21+08:00 ] 127.0.0.1 /club/index.php/ApplyClub/showClub
INFO: [ app_init ] --START--
INFO: Run Behavior\BuildLiteBehavior [ RunTime:0.000019s ]
INFO: [ app_init ] --END-- [ RunTime:0.000441s ]

[ 2015-08-13T12:18:26+08:00 ] 127.0.0.1 /club/index.php/ApplyClub
INFO: [ app_init ] --START--
INFO: Run Behavior\BuildLiteBehavior [ RunTime:0.000018s ]
INFO: [ app_init ] --END-- [ RunTime:0.000464s ]

[ 2015-08-13T12:18:49+08:00 ] 127.0.0.1 /club/index.php/
INFO: [ app_init ] --START--
INFO: Run Behavior\BuildLiteBehavior [ RunTime:0.000022s ]
INFO: [ app_init ] --END-- [ RunTime:0.000632s ]
ERR: 无法加载控制器:Index

[ 2015-08-13T12:18:54+08:00 ] 127.0.0.1 /club/index.php/Login
INFO: [ app_init ] --START--
INFO: Run Behavior\BuildLiteBehavior [ RunTime:0.000019s ]
INFO: [ app_init ] --END-- [ RunTime:0.000440s ]

[ 2015-08-13T12:18:55+08:00 ] 127.0.0.1 /club/index.php/Login/handle.html
INFO: [ app_init ] --START--
INFO: Run Behavior\BuildLiteBehavior [ RunTime:0.000016s ]
INFO: [ app_init ] --END-- [ RunTime:0.000471s ]

[ 2015-08-13T12:19:00+08:00 ] 127.0.0.1 /club/index.php/showClub
INFO: [ app_init ] --START--
INFO: Run Behavior\BuildLiteBehavior [ RunTime:0.000018s ]
INFO: [ app_init ] --END-- [ RunTime:0.000427s ]
ERR: 无法加载控制器:ShowClub

[ 2015-08-13T12:19:06+08:00 ] 127.0.0.1 /club/index.php/ApplyClub
INFO: [ app_init ] --START--
INFO: Run Behavior\BuildLiteBehavior [ RunTime:0.000021s ]
INFO: [ app_init ] --END-- [ RunTime:0.000438s ]

[ 2015-08-13T12:19:54+08:00 ] 127.0.0.1 /club/index.php/ApplyClub/showClub/id/2
INFO: [ app_init ] --START--
INFO: Run Behavior\BuildLiteBehavior [ RunTime:0.000019s ]
INFO: [ app_init ] --END-- [ RunTime:0.000441s ]

[ 2015-08-13T12:21:42+08:00 ] 127.0.0.1 /club/index.php/ApplyClub/showClub/id/2
INFO: [ app_init ] --START--
INFO: Run Behavior\BuildLiteBehavior [ RunTime:0.000016s ]
INFO: [ app_init ] --END-- [ RunTime:0.000609s ]

[ 2015-08-13T12:21:43+08:00 ] 127.0.0.1 /club/index.php/ApplyClub/showClub/id/2
INFO: [ app_init ] --START--
INFO: Run Behavior\BuildLiteBehavior [ RunTime:0.000016s ]
INFO: [ app_init ] --END-- [ RunTime:0.000503s ]

[ 2015-08-13T12:24:54+08:00 ] 127.0.0.1 /club/index.php/ApplyClub/showClub/id/2
INFO: [ app_init ] --START--
INFO: Run Behavior\BuildLiteBehavior [ RunTime:0.000016s ]
INFO: [ app_init ] --END-- [ RunTime:0.000524s ]

[ 2015-08-13T12:25:23+08:00 ] 127.0.0.1 /club/index.php/ApplyClub/showClub/id/2
INFO: [ app_init ] --START--
INFO: Run Behavior\BuildLiteBehavior [ RunTime:0.000016s ]
INFO: [ app_init ] --END-- [ RunTime:0.000473s ]

[ 2015-08-13T12:26:35+08:00 ] 127.0.0.1 /club/index.php/ApplyClub/showClub/id/2
INFO: [ app_init ] --START--
INFO: Run Behavior\BuildLiteBehavior [ RunTime:0.000018s ]
INFO: [ app_init ] --END-- [ RunTime:0.000724s ]

[ 2015-08-13T12:26:35+08:00 ] 127.0.0.1 /club/index.php/ApplyClub/showClub/id/2
INFO: [ app_init ] --START--
INFO: Run Behavior\BuildLiteBehavior [ RunTime:0.000023s ]
INFO: [ app_init ] --END-- [ RunTime:0.000645s ]

[ 2015-08-13T12:26:36+08:00 ] 127.0.0.1 /club/index.php/ApplyClub/showClub/id/2
INFO: [ app_init ] --START--
INFO: Run Behavior\BuildLiteBehavior [ RunTime:0.000035s ]
INFO: [ app_init ] --END-- [ RunTime:0.000529s ]

[ 2015-08-13T12:26:41+08:00 ] 127.0.0.1 /club/index.php/ApplyClub/
INFO: [ app_init ] --START--
INFO: Run Behavior\BuildLiteBehavior [ RunTime:0.000020s ]
INFO: [ app_init ] --END-- [ RunTime:0.000442s ]

[ 2015-08-13T12:26:44+08:00 ] 127.0.0.1 /club/index.php/ApplyClub/showClub/id/2
INFO: [ app_init ] --START--
INFO: Run Behavior\BuildLiteBehavior [ RunTime:0.000030s ]
INFO: [ app_init ] --END-- [ RunTime:0.000467s ]

[ 2015-08-13T12:27:10+08:00 ] 127.0.0.1 /club/index.php/ApplyClub/showClub/id/2
INFO: [ app_init ] --START--
INFO: Run Behavior\BuildLiteBehavior [ RunTime:0.000017s ]
INFO: [ app_init ] --END-- [ RunTime:0.000511s ]

[ 2015-08-13T12:27:43+08:00 ] 127.0.0.1 /club/index.php/ApplyClub/showClub/id/2
INFO: [ app_init ] --START--
INFO: Run Behavior\BuildLiteBehavior [ RunTime:0.000015s ]
INFO: [ app_init ] --END-- [ RunTime:0.000479s ]

[ 2015-08-13T12:27:44+08:00 ] 127.0.0.1 /club/index.php/ApplyClub/showClub/id/2
INFO: [ app_init ] --START--
INFO: Run Behavior\BuildLiteBehavior [ RunTime:0.000016s ]
INFO: [ app_init ] --END-- [ RunTime:0.000475s ]

[ 2015-08-13T12:27:44+08:00 ] 127.0.0.1 /club/index.php/ApplyClub/showClub/id/2
INFO: [ app_init ] --START--
INFO: Run Behavior\BuildLiteBehavior [ RunTime:0.000015s ]
INFO: [ app_init ] --END-- [ RunTime:0.000466s ]

[ 2015-08-13T12:28:30+08:00 ] 127.0.0.1 /club/index.php/ApplyClub/showClub/id/2
INFO: [ app_init ] --START--
INFO: Run Behavior\BuildLiteBehavior [ RunTime:0.000021s ]
INFO: [ app_init ] --END-- [ RunTime:0.000646s ]

[ 2015-08-13T12:29:30+08:00 ] 127.0.0.1 /club/index.php/ApplyClub/showClub/id/2
INFO: [ app_init ] --START--
INFO: Run Behavior\BuildLiteBehavior [ RunTime:0.000016s ]
INFO: [ app_init ] --END-- [ RunTime:0.000516s ]

[ 2015-08-13T12:29:31+08:00 ] 127.0.0.1 /club/index.php/ApplyClub/showClub/id/2
INFO: [ app_init ] --START--
INFO: Run Behavior\BuildLiteBehavior [ RunTime:0.000015s ]
INFO: [ app_init ] --END-- [ RunTime:0.000473s ]

[ 2015-08-13T12:29:56+08:00 ] 127.0.0.1 /club/index.php/ApplyClub/showClub/id/2
INFO: [ app_init ] --START--
INFO: Run Behavior\BuildLiteBehavior [ RunTime:0.000019s ]
INFO: [ app_init ] --END-- [ RunTime:0.000579s ]

[ 2015-08-13T12:31:24+08:00 ] 127.0.0.1 /club/index.php/ApplyClub/showClub/id/2
INFO: [ app_init ] --START--
INFO: Run Behavior\BuildLiteBehavior [ RunTime:0.000017s ]
INFO: [ app_init ] --END-- [ RunTime:0.000696s ]

[ 2015-08-13T12:31:42+08:00 ] 127.0.0.1 /club/index.php/ApplyClub/showClub/id/2
INFO: [ app_init ] --START--
INFO: Run Behavior\BuildLiteBehavior [ RunTime:0.000017s ]
INFO: [ app_init ] --END-- [ RunTime:0.000466s ]

[ 2015-08-13T12:33:27+08:00 ] 127.0.0.1 /club/index.php/ApplyClub/showClub/id/2
INFO: [ app_init ] --START--
INFO: Run Behavior\BuildLiteBehavior [ RunTime:0.000020s ]
INFO: [ app_init ] --END-- [ RunTime:0.000543s ]

[ 2015-08-13T12:33:55+08:00 ] 127.0.0.1 /club/index.php/ApplyClub/showClub/id/2
INFO: [ app_init ] --START--
INFO: Run Behavior\BuildLiteBehavior [ RunTime:0.000016s ]
INFO: [ app_init ] --END-- [ RunTime:0.000535s ]

