[ 2015-06-08T12:40:09+08:00 ] 127.0.0.1 /yi/
INFO: [ app_init ] --START--
INFO: Run Behavior\BuildLiteBehavior [ RunTime:0.000022s ]
INFO: [ app_init ] --END-- [ RunTime:0.017900s ]

[ 2015-06-08T12:40:19+08:00 ] 127.0.0.1 /yi/Home/Login
INFO: [ app_init ] --START--
INFO: Run Behavior\BuildLiteBehavior [ RunTime:0.000019s ]
INFO: [ app_init ] --END-- [ RunTime:0.000472s ]

[ 2015-06-08T12:49:47+08:00 ] 127.0.0.1 /yi/Home/register
INFO: [ app_init ] --START--
INFO: Run Behavior\BuildLiteBehavior [ RunTime:0.000039s ]
INFO: [ app_init ] --END-- [ RunTime:0.000805s ]

[ 2015-06-08T12:53:44+08:00 ] 127.0.0.1 /yi/Home/register/register
INFO: [ app_init ] --START--
INFO: Run Behavior\BuildLiteBehavior [ RunTime:0.000018s ]
INFO: [ app_init ] --END-- [ RunTime:0.000554s ]

[ 2015-06-08T13:18:15+08:00 ] 127.0.0.1 /yi/Home/register/register
INFO: [ app_init ] --START--
INFO: Run Behavior\BuildLiteBehavior [ RunTime:0.000016s ]
INFO: [ app_init ] --END-- [ RunTime:0.000483s ]

[ 2015-06-08T13:19:22+08:00 ] 127.0.0.1 /yi/Home/register/register
INFO: [ app_init ] --START--
INFO: Run Behavior\BuildLiteBehavior [ RunTime:0.000016s ]
INFO: [ app_init ] --END-- [ RunTime:0.000508s ]

[ 2015-06-08T13:20:05+08:00 ] 127.0.0.1 /yi/Home/register/register
INFO: [ app_init ] --START--
INFO: Run Behavior\BuildLiteBehavior [ RunTime:0.000015s ]
INFO: [ app_init ] --END-- [ RunTime:0.000491s ]
ERR: 非法操作:register

[ 2015-06-08T13:20:09+08:00 ] 127.0.0.1 /yi/Home/register
INFO: [ app_init ] --START--
INFO: Run Behavior\BuildLiteBehavior [ RunTime:0.000020s ]
INFO: [ app_init ] --END-- [ RunTime:0.000626s ]

[ 2015-06-08T13:52:50+08:00 ] 127.0.0.1 /yi/Home/register/getComment
INFO: [ app_init ] --START--
INFO: Run Behavior\BuildLiteBehavior [ RunTime:0.000016s ]
INFO: [ app_init ] --END-- [ RunTime:0.000618s ]
ERR: 非法操作:getComment

[ 2015-06-08T13:52:59+08:00 ] 127.0.0.1 /yi/Home/index/getComment
INFO: [ app_init ] --START--
INFO: Run Behavior\BuildLiteBehavior [ RunTime:0.000021s ]
INFO: [ app_init ] --END-- [ RunTime:0.000505s ]

[ 2015-06-08T13:53:20+08:00 ] 127.0.0.1 /yi/Home/index/getComment/tid/1
INFO: [ app_init ] --START--
INFO: Run Behavior\BuildLiteBehavior [ RunTime:0.000033s ]
INFO: [ app_init ] --END-- [ RunTime:0.000831s ]

[ 2015-06-08T13:53:40+08:00 ] 127.0.0.1 /yi/Home/index/getComment/nextrow/0
INFO: [ app_init ] --START--
INFO: Run Behavior\BuildLiteBehavior [ RunTime:0.000019s ]
INFO: [ app_init ] --END-- [ RunTime:0.000462s ]

[ 2015-06-08T13:55:05+08:00 ] 127.0.0.1 /yi/Home/index/getComment/nextrow
INFO: [ app_init ] --START--
INFO: Run Behavior\BuildLiteBehavior [ RunTime:0.000019s ]
INFO: [ app_init ] --END-- [ RunTime:0.000478s ]

[ 2015-06-08T13:55:10+08:00 ] 127.0.0.1 /yi/Home/index/getComment/nextrow/2
INFO: [ app_init ] --START--
INFO: Run Behavior\BuildLiteBehavior [ RunTime:0.000018s ]
INFO: [ app_init ] --END-- [ RunTime:0.000435s ]

[ 2015-06-08T13:55:14+08:00 ] 127.0.0.1 /yi/Home/index/getComment/nextrow/1
INFO: [ app_init ] --START--
INFO: Run Behavior\BuildLiteBehavior [ RunTime:0.000026s ]
INFO: [ app_init ] --END-- [ RunTime:0.000443s ]

[ 2015-06-08T13:56:00+08:00 ] 127.0.0.1 /yi/Home/index/getComment/nextrow/2
INFO: [ app_init ] --START--
INFO: Run Behavior\BuildLiteBehavior [ RunTime:0.000018s ]
INFO: [ app_init ] --END-- [ RunTime:0.000472s ]

[ 2015-06-08T14:09:36+08:00 ] 127.0.0.1 /yi/Home/index/getComment/nextrow/3
INFO: [ app_init ] --START--
INFO: Run Behavior\BuildLiteBehavior [ RunTime:0.000018s ]
INFO: [ app_init ] --END-- [ RunTime:0.000593s ]

[ 2015-06-08T14:10:01+08:00 ] 127.0.0.1 /yi/Home/index/getComment/nextrow/0
INFO: [ app_init ] --START--
INFO: Run Behavior\BuildLiteBehavior [ RunTime:0.000026s ]
INFO: [ app_init ] --END-- [ RunTime:0.000695s ]

[ 2015-06-08T14:10:12+08:00 ] 127.0.0.1 /yi/Home/index/getComment/nextrow/1
INFO: [ app_init ] --START--
INFO: Run Behavior\BuildLiteBehavior [ RunTime:0.000018s ]
INFO: [ app_init ] --END-- [ RunTime:0.000569s ]

[ 2015-06-08T14:10:16+08:00 ] 127.0.0.1 /yi/Home/index/getComment/nextrow/2
INFO: [ app_init ] --START--
INFO: Run Behavior\BuildLiteBehavior [ RunTime:0.000019s ]
INFO: [ app_init ] --END-- [ RunTime:0.000588s ]

[ 2015-06-08T14:10:20+08:00 ] 127.0.0.1 /yi/Home/index/getComment/nextrow/3
INFO: [ app_init ] --START--
INFO: Run Behavior\BuildLiteBehavior [ RunTime:0.000028s ]
INFO: [ app_init ] --END-- [ RunTime:0.000642s ]

[ 2015-06-08T14:12:12+08:00 ] 127.0.0.1 /yi/Home/index/getComment/nextrow/3
INFO: [ app_init ] --START--
INFO: Run Behavior\BuildLiteBehavior [ RunTime:0.000017s ]
INFO: [ app_init ] --END-- [ RunTime:0.000534s ]

[ 2015-06-08T14:12:15+08:00 ] 127.0.0.1 /yi/Home/index/getComment/nextrow/1
INFO: [ app_init ] --START--
INFO: Run Behavior\BuildLiteBehavior [ RunTime:0.000018s ]
INFO: [ app_init ] --END-- [ RunTime:0.000449s ]

[ 2015-06-08T14:12:18+08:00 ] 127.0.0.1 /yi/Home/index/getComment/nextrow/0
INFO: [ app_init ] --START--
INFO: Run Behavior\BuildLiteBehavior [ RunTime:0.000033s ]
INFO: [ app_init ] --END-- [ RunTime:0.000682s ]

[ 2015-06-08T14:12:21+08:00 ] 127.0.0.1 /yi/Home/index/getComment/nextrow/2
INFO: [ app_init ] --START--
INFO: Run Behavior\BuildLiteBehavior [ RunTime:0.000032s ]
INFO: [ app_init ] --END-- [ RunTime:0.000598s ]

[ 2015-06-08T14:13:23+08:00 ] 127.0.0.1 /yi/Home/index/getComment/nextrow/2
INFO: [ app_init ] --START--
INFO: Run Behavior\BuildLiteBehavior [ RunTime:0.000015s ]
INFO: [ app_init ] --END-- [ RunTime:0.000505s ]

[ 2015-06-08T14:13:27+08:00 ] 127.0.0.1 /yi/Home/index/getComment/nextrow/0
INFO: [ app_init ] --START--
INFO: Run Behavior\BuildLiteBehavior [ RunTime:0.000020s ]
INFO: [ app_init ] --END-- [ RunTime:0.000597s ]

[ 2015-06-08T14:13:31+08:00 ] 127.0.0.1 /yi/Home/index/getComment/nextrow/1
INFO: [ app_init ] --START--
INFO: Run Behavior\BuildLiteBehavior [ RunTime:0.000016s ]
INFO: [ app_init ] --END-- [ RunTime:0.000472s ]

[ 2015-06-08T14:13:34+08:00 ] 127.0.0.1 /yi/Home/index/getComment/nextrow/2
INFO: [ app_init ] --START--
INFO: Run Behavior\BuildLiteBehavior [ RunTime:0.000019s ]
INFO: [ app_init ] --END-- [ RunTime:0.000511s ]

[ 2015-06-08T23:14:06+08:00 ] 127.0.0.1 /yi/
INFO: [ app_init ] --START--
INFO: Run Behavior\BuildLiteBehavior [ RunTime:0.000021s ]
INFO: [ app_init ] --END-- [ RunTime:0.000643s ]

[ 2015-06-08T23:14:12+08:00 ] 127.0.0.1 /yi/
INFO: [ app_init ] --START--
INFO: Run Behavior\BuildLiteBehavior [ RunTime:0.000021s ]
INFO: [ app_init ] --END-- [ RunTime:0.000542s ]

[ 2015-06-08T23:14:13+08:00 ] 127.0.0.1 /yi/
INFO: [ app_init ] --START--
INFO: Run Behavior\BuildLiteBehavior [ RunTime:0.000018s ]
INFO: [ app_init ] --END-- [ RunTime:0.000541s ]

[ 2015-06-08T23:14:13+08:00 ] 127.0.0.1 /yi/
INFO: [ app_init ] --START--
INFO: Run Behavior\BuildLiteBehavior [ RunTime:0.000021s ]
INFO: [ app_init ] --END-- [ RunTime:0.000581s ]

[ 2015-06-08T23:14:13+08:00 ] 127.0.0.1 /yi/
INFO: [ app_init ] --START--
INFO: Run Behavior\BuildLiteBehavior [ RunTime:0.000020s ]
INFO: [ app_init ] --END-- [ RunTime:0.000526s ]

[ 2015-06-08T23:18:13+08:00 ] 127.0.0.1 /yi/Home/index/index
INFO: [ app_init ] --START--
INFO: Run Behavior\BuildLiteBehavior [ RunTime:0.000032s ]
INFO: [ app_init ] --END-- [ RunTime:0.000993s ]

[ 2015-06-08T23:18:36+08:00 ] 127.0.0.1 /yi/
INFO: [ app_init ] --START--
INFO: Run Behavior\BuildLiteBehavior [ RunTime:0.000019s ]
INFO: [ app_init ] --END-- [ RunTime:0.000532s ]

[ 2015-06-08T23:18:50+08:00 ] 127.0.0.1 /yi/Home/index/index/nexttopic/1
INFO: [ app_init ] --START--
INFO: Run Behavior\BuildLiteBehavior [ RunTime:0.000022s ]
INFO: [ app_init ] --END-- [ RunTime:0.000471s ]

[ 2015-06-08T23:18:56+08:00 ] 127.0.0.1 /yi/Home/index/index/nexttopic/2
INFO: [ app_init ] --START--
INFO: Run Behavior\BuildLiteBehavior [ RunTime:0.000020s ]
INFO: [ app_init ] --END-- [ RunTime:0.000495s ]

[ 2015-06-08T23:19:00+08:00 ] 127.0.0.1 /yi/Home/index/index/nexttopic/3
INFO: [ app_init ] --START--
INFO: Run Behavior\BuildLiteBehavior [ RunTime:0.000023s ]
INFO: [ app_init ] --END-- [ RunTime:0.000650s ]

[ 2015-06-08T23:19:07+08:00 ] 127.0.0.1 /yi/Home/index/index/nexttopic/3
INFO: [ app_init ] --START--
INFO: Run Behavior\BuildLiteBehavior [ RunTime:0.000019s ]
INFO: [ app_init ] --END-- [ RunTime:0.000532s ]

[ 2015-06-08T23:19:22+08:00 ] 127.0.0.1 /yi/Home/index/index/nexttopic/3
INFO: [ app_init ] --START--
INFO: Run Behavior\BuildLiteBehavior [ RunTime:0.000021s ]
INFO: [ app_init ] --END-- [ RunTime:0.000566s ]

[ 2015-06-08T23:20:37+08:00 ] 127.0.0.1 /yi/Home/index/index/nexttopic/0
INFO: [ app_init ] --START--
INFO: Run Behavior\BuildLiteBehavior [ RunTime:0.000032s ]
INFO: [ app_init ] --END-- [ RunTime:0.000588s ]

[ 2015-06-08T23:20:39+08:00 ] 127.0.0.1 /yi/Home/index/index/nexttopic/1
INFO: [ app_init ] --START--
INFO: Run Behavior\BuildLiteBehavior [ RunTime:0.000021s ]
INFO: [ app_init ] --END-- [ RunTime:0.000856s ]

[ 2015-06-08T23:20:42+08:00 ] 127.0.0.1 /yi/Home/index/index/nexttopic/-1
INFO: [ app_init ] --START--
INFO: Run Behavior\BuildLiteBehavior [ RunTime:0.000030s ]
INFO: [ app_init ] --END-- [ RunTime:0.000742s ]

[ 2015-06-08T23:20:46+08:00 ] 127.0.0.1 /yi/Home/index/index/nexttopic/-1
INFO: [ app_init ] --START--
INFO: Run Behavior\BuildLiteBehavior [ RunTime:0.000018s ]
INFO: [ app_init ] --END-- [ RunTime:0.000540s ]

[ 2015-06-08T23:20:56+08:00 ] 127.0.0.1 /yi/Home/index/getTopic/nexttopic/-1
INFO: [ app_init ] --START--
INFO: Run Behavior\BuildLiteBehavior [ RunTime:0.000026s ]
INFO: [ app_init ] --END-- [ RunTime:0.000541s ]

[ 2015-06-08T23:21:03+08:00 ] 127.0.0.1 /yi/Home/index/getTopic/nexttopic/1
INFO: [ app_init ] --START--
INFO: Run Behavior\BuildLiteBehavior [ RunTime:0.000023s ]
INFO: [ app_init ] --END-- [ RunTime:0.000833s ]

[ 2015-06-08T23:21:08+08:00 ] 127.0.0.1 /yi/Home/index/getTopic/nexttopic/2
INFO: [ app_init ] --START--
INFO: Run Behavior\BuildLiteBehavior [ RunTime:0.000019s ]
INFO: [ app_init ] --END-- [ RunTime:0.000486s ]

[ 2015-06-08T23:21:40+08:00 ] 127.0.0.1 /yi/Home/index/getTopic/
INFO: [ app_init ] --START--
INFO: Run Behavior\BuildLiteBehavior [ RunTime:0.000020s ]
INFO: [ app_init ] --END-- [ RunTime:0.000491s ]

[ 2015-06-08T23:21:44+08:00 ] 127.0.0.1 /yi/Home/index/getTopic/
INFO: [ app_init ] --START--
INFO: Run Behavior\BuildLiteBehavior [ RunTime:0.000026s ]
INFO: [ app_init ] --END-- [ RunTime:0.000720s ]

[ 2015-06-08T23:21:52+08:00 ] 127.0.0.1 /yi/Home/index/getTopic/nexttopic/2
INFO: [ app_init ] --START--
INFO: Run Behavior\BuildLiteBehavior [ RunTime:0.000022s ]
INFO: [ app_init ] --END-- [ RunTime:0.000710s ]

[ 2015-06-08T23:21:57+08:00 ] 127.0.0.1 /yi/Home/index/getTopic/nexttopic/1
INFO: [ app_init ] --START--
INFO: Run Behavior\BuildLiteBehavior [ RunTime:0.000020s ]
INFO: [ app_init ] --END-- [ RunTime:0.000486s ]

[ 2015-06-08T23:22:04+08:00 ] 127.0.0.1 /yi/Home/index/getTopic/nexttopic/2
INFO: [ app_init ] --START--
INFO: Run Behavior\BuildLiteBehavior [ RunTime:0.000024s ]
INFO: [ app_init ] --END-- [ RunTime:0.000503s ]

[ 2015-06-08T23:22:07+08:00 ] 127.0.0.1 /yi/Home/index/getTopic/nexttopic/3
INFO: [ app_init ] --START--
INFO: Run Behavior\BuildLiteBehavior [ RunTime:0.000021s ]
INFO: [ app_init ] --END-- [ RunTime:0.000578s ]

[ 2015-06-08T23:23:05+08:00 ] 127.0.0.1 /yi/Home/index/getTopic/nexttopic/3
INFO: [ app_init ] --START--
INFO: Run Behavior\BuildLiteBehavior [ RunTime:0.000020s ]
INFO: [ app_init ] --END-- [ RunTime:0.000578s ]

[ 2015-06-08T23:23:06+08:00 ] 127.0.0.1 /yi/Home/index/getTopic/nexttopic/3
INFO: [ app_init ] --START--
INFO: Run Behavior\BuildLiteBehavior [ RunTime:0.000037s ]
INFO: [ app_init ] --END-- [ RunTime:0.000561s ]

[ 2015-06-08T23:23:12+08:00 ] 127.0.0.1 /yi/Home/index/getTopic/nexttopic/2
INFO: [ app_init ] --START--
INFO: Run Behavior\BuildLiteBehavior [ RunTime:0.000049s ]
INFO: [ app_init ] --END-- [ RunTime:0.001099s ]

[ 2015-06-08T23:23:23+08:00 ] 127.0.0.1 /yi/Home/index/getTopic/nexttopic/2
INFO: [ app_init ] --START--
INFO: Run Behavior\BuildLiteBehavior [ RunTime:0.000020s ]
INFO: [ app_init ] --END-- [ RunTime:0.000450s ]

[ 2015-06-08T23:23:23+08:00 ] 127.0.0.1 /yi/Home/index/getTopic/nexttopic/2
INFO: [ app_init ] --START--
INFO: Run Behavior\BuildLiteBehavior [ RunTime:0.000021s ]
INFO: [ app_init ] --END-- [ RunTime:0.000536s ]

[ 2015-06-08T23:27:25+08:00 ] 127.0.0.1 /yi/Home/index/getcomment/
INFO: [ app_init ] --START--
INFO: Run Behavior\BuildLiteBehavior [ RunTime:0.000022s ]
INFO: [ app_init ] --END-- [ RunTime:0.000676s ]

[ 2015-06-08T23:27:37+08:00 ] 127.0.0.1 /yi/Home/index/getcomment/nextrow
INFO: [ app_init ] --START--
INFO: Run Behavior\BuildLiteBehavior [ RunTime:0.000020s ]
INFO: [ app_init ] --END-- [ RunTime:0.000499s ]

[ 2015-06-08T23:27:45+08:00 ] 127.0.0.1 /yi/Home/index/getcomment/nextrow/2
INFO: [ app_init ] --START--
INFO: Run Behavior\BuildLiteBehavior [ RunTime:0.000028s ]
INFO: [ app_init ] --END-- [ RunTime:0.000561s ]

[ 2015-06-08T23:28:45+08:00 ] 127.0.0.1 /yi/Home/index/showComment
INFO: [ app_init ] --START--
INFO: Run Behavior\BuildLiteBehavior [ RunTime:0.000034s ]
INFO: [ app_init ] --END-- [ RunTime:0.000755s ]

[ 2015-06-08T23:30:41+08:00 ] 127.0.0.1 /yi/Home/index/getComment/nextrow/2
INFO: [ app_init ] --START--
INFO: Run Behavior\BuildLiteBehavior [ RunTime:0.000016s ]
INFO: [ app_init ] --END-- [ RunTime:0.000593s ]

[ 2015-06-08T23:31:00+08:00 ] 127.0.0.1 /yi/Home/index/getTopic/nexttopic/2
INFO: [ app_init ] --START--
INFO: Run Behavior\BuildLiteBehavior [ RunTime:0.000018s ]
INFO: [ app_init ] --END-- [ RunTime:0.000464s ]

[ 2015-06-08T23:31:20+08:00 ] 127.0.0.1 /yi/Home/index/getTopic/nexttopic/1
INFO: [ app_init ] --START--
INFO: Run Behavior\BuildLiteBehavior [ RunTime:0.000016s ]
INFO: [ app_init ] --END-- [ RunTime:0.000515s ]

[ 2015-06-08T23:31:24+08:00 ] 127.0.0.1 /yi/Home/index/getTopic/nexttopic/3
INFO: [ app_init ] --START--
INFO: Run Behavior\BuildLiteBehavior [ RunTime:0.000020s ]
INFO: [ app_init ] --END-- [ RunTime:0.000468s ]

[ 2015-06-08T23:31:46+08:00 ] 127.0.0.1 /yi/Home/index/getTopic/nexttopic/1
INFO: [ app_init ] --START--
INFO: Run Behavior\BuildLiteBehavior [ RunTime:0.000029s ]
INFO: [ app_init ] --END-- [ RunTime:0.000802s ]

[ 2015-06-08T23:31:49+08:00 ] 127.0.0.1 /yi/Home/index/getTopic/nexttopic/1
INFO: [ app_init ] --START--
INFO: Run Behavior\BuildLiteBehavior [ RunTime:0.000016s ]
INFO: [ app_init ] --END-- [ RunTime:0.000412s ]

[ 2015-06-08T23:33:49+08:00 ] 127.0.0.1 /yi/Home/index/getTopic/nexttopic/1
INFO: [ app_init ] --START--
INFO: Run Behavior\BuildLiteBehavior [ RunTime:0.000017s ]
INFO: [ app_init ] --END-- [ RunTime:0.000503s ]

[ 2015-06-08T23:34:03+08:00 ] 127.0.0.1 /yi/Home/index/getTopic/nexttopic/2
INFO: [ app_init ] --START--
INFO: Run Behavior\BuildLiteBehavior [ RunTime:0.000027s ]
INFO: [ app_init ] --END-- [ RunTime:0.000530s ]

[ 2015-06-08T23:34:06+08:00 ] 127.0.0.1 /yi/Home/index/getTopic/nexttopic/3
INFO: [ app_init ] --START--
INFO: Run Behavior\BuildLiteBehavior [ RunTime:0.000019s ]
INFO: [ app_init ] --END-- [ RunTime:0.000466s ]

[ 2015-06-08T23:34:09+08:00 ] 127.0.0.1 /yi/Home/index/getTopic/nexttopic/1
INFO: [ app_init ] --START--
INFO: Run Behavior\BuildLiteBehavior [ RunTime:0.000017s ]
INFO: [ app_init ] --END-- [ RunTime:0.000460s ]

[ 2015-06-08T23:34:39+08:00 ] 127.0.0.1 /yi/Home/index/getTopic
INFO: [ app_init ] --START--
INFO: Run Behavior\BuildLiteBehavior [ RunTime:0.000021s ]
INFO: [ app_init ] --END-- [ RunTime:0.000561s ]

[ 2015-06-08T23:40:31+08:00 ] 127.0.0.1 /yi/Home/index/getTopic
INFO: [ app_init ] --START--
INFO: Run Behavior\BuildLiteBehavior [ RunTime:0.000015s ]
INFO: [ app_init ] --END-- [ RunTime:0.000520s ]

[ 2015-06-08T23:40:41+08:00 ] 127.0.0.1 /yi/Home/index/getTopic/nexttopic/2
INFO: [ app_init ] --START--
INFO: Run Behavior\BuildLiteBehavior [ RunTime:0.000022s ]
INFO: [ app_init ] --END-- [ RunTime:0.000505s ]

[ 2015-06-08T23:40:46+08:00 ] 127.0.0.1 /yi/Home/index/getTopic/nexttopic/1
INFO: [ app_init ] --START--
INFO: Run Behavior\BuildLiteBehavior [ RunTime:0.000019s ]
INFO: [ app_init ] --END-- [ RunTime:0.000500s ]

[ 2015-06-08T23:40:49+08:00 ] 127.0.0.1 /yi/Home/index/getTopic/nexttopic/3
INFO: [ app_init ] --START--
INFO: Run Behavior\BuildLiteBehavior [ RunTime:0.000023s ]
INFO: [ app_init ] --END-- [ RunTime:0.000940s ]

[ 2015-06-08T23:40:50+08:00 ] 127.0.0.1 /yi/Home/index/getTopic/nexttopic/1
INFO: [ app_init ] --START--
INFO: Run Behavior\BuildLiteBehavior [ RunTime:0.000050s ]
INFO: [ app_init ] --END-- [ RunTime:0.001390s ]

[ 2015-06-08T23:40:59+08:00 ] 127.0.0.1 /yi/Home/index/getTopic/nexttopic/2
INFO: [ app_init ] --START--
INFO: Run Behavior\BuildLiteBehavior [ RunTime:0.000017s ]
INFO: [ app_init ] --END-- [ RunTime:0.000629s ]

[ 2015-06-08T23:41:02+08:00 ] 127.0.0.1 /yi/Home/index/getTopic/nexttopic/2
INFO: [ app_init ] --START--
INFO: Run Behavior\BuildLiteBehavior [ RunTime:0.000016s ]
INFO: [ app_init ] --END-- [ RunTime:0.000572s ]

[ 2015-06-08T23:41:34+08:00 ] 127.0.0.1 /yi/Home/index/getTopic/nexttopic/2
INFO: [ app_init ] --START--
INFO: Run Behavior\BuildLiteBehavior [ RunTime:0.000015s ]
INFO: [ app_init ] --END-- [ RunTime:0.000491s ]

[ 2015-06-08T23:41:46+08:00 ] 127.0.0.1 /yi/Home/index/getTopic/nexttopic/1
INFO: [ app_init ] --START--
INFO: Run Behavior\BuildLiteBehavior [ RunTime:0.000022s ]
INFO: [ app_init ] --END-- [ RunTime:0.000501s ]

