[ 2015-09-01T14:35:33+08:00 ] 127.0.0.1 /club/
INFO: [ app_init ] --START--
INFO: Run Behavior\BuildLiteBehavior [ RunTime:0.000021s ]
INFO: [ app_init ] --END-- [ RunTime:0.006348s ]

[ 2015-09-01T14:36:58+08:00 ] 127.0.0.1 /club/index.php/Home/ApplyClub/applyJoin
INFO: [ app_init ] --START--
INFO: Run Behavior\BuildLiteBehavior [ RunTime:0.000017s ]
INFO: [ app_init ] --END-- [ RunTime:0.000441s ]
ERR: SQLSTATE[23000]: Integrity constraint violation: 1048 Column 'name' cannot be null

[ 2015-09-01T14:40:57+08:00 ] 127.0.0.1 /club/index.php/Home/ApplyClub/applyJoin
INFO: [ app_init ] --START--
INFO: Run Behavior\BuildLiteBehavior [ RunTime:0.000029s ]
INFO: [ app_init ] --END-- [ RunTime:0.000566s ]
ERR: SQLSTATE[23000]: Integrity constraint violation: 1048 Column 'email' cannot be null

[ 2015-09-01T14:40:58+08:00 ] 127.0.0.1 /club/index.php/Home/ApplyClub/applyJoin
INFO: [ app_init ] --START--
INFO: Run Behavior\BuildLiteBehavior [ RunTime:0.000025s ]
INFO: [ app_init ] --END-- [ RunTime:0.000564s ]
ERR: SQLSTATE[23000]: Integrity constraint violation: 1048 Column 'email' cannot be null

[ 2015-09-01T14:40:59+08:00 ] 127.0.0.1 /club/index.php/Home/ApplyClub/applyJoin
INFO: [ app_init ] --START--
INFO: Run Behavior\BuildLiteBehavior [ RunTime:0.000020s ]
INFO: [ app_init ] --END-- [ RunTime:0.000575s ]
ERR: SQLSTATE[23000]: Integrity constraint violation: 1048 Column 'email' cannot be null

[ 2015-09-01T14:40:59+08:00 ] 127.0.0.1 /club/index.php/Home/ApplyClub/applyJoin
INFO: [ app_init ] --START--
INFO: Run Behavior\BuildLiteBehavior [ RunTime:0.000027s ]
INFO: [ app_init ] --END-- [ RunTime:0.000534s ]
ERR: SQLSTATE[23000]: Integrity constraint violation: 1048 Column 'email' cannot be null

[ 2015-09-01T14:40:59+08:00 ] 127.0.0.1 /club/index.php/Home/ApplyClub/applyJoin
INFO: [ app_init ] --START--
INFO: Run Behavior\BuildLiteBehavior [ RunTime:0.000022s ]
INFO: [ app_init ] --END-- [ RunTime:0.000462s ]
ERR: SQLSTATE[23000]: Integrity constraint violation: 1048 Column 'email' cannot be null

[ 2015-09-01T14:40:59+08:00 ] 127.0.0.1 /club/index.php/Home/ApplyClub/applyJoin
INFO: [ app_init ] --START--
INFO: Run Behavior\BuildLiteBehavior [ RunTime:0.000043s ]
INFO: [ app_init ] --END-- [ RunTime:0.000608s ]
ERR: SQLSTATE[23000]: Integrity constraint violation: 1048 Column 'email' cannot be null

[ 2015-09-01T14:42:28+08:00 ] 127.0.0.1 /club/index.php/Home/ApplyClub/applyJoin
INFO: [ app_init ] --START--
INFO: Run Behavior\BuildLiteBehavior [ RunTime:0.000019s ]
INFO: [ app_init ] --END-- [ RunTime:0.000545s ]
ERR: SQLSTATE[23000]: Integrity constraint violation: 1048 Column 'name' cannot be null

[ 2015-09-01T14:42:29+08:00 ] 127.0.0.1 /club/index.php/Home/ApplyClub/applyJoin
INFO: [ app_init ] --START--
INFO: Run Behavior\BuildLiteBehavior [ RunTime:0.000029s ]
INFO: [ app_init ] --END-- [ RunTime:0.000457s ]
ERR: SQLSTATE[23000]: Integrity constraint violation: 1048 Column 'name' cannot be null

[ 2015-09-01T14:42:29+08:00 ] 127.0.0.1 /club/index.php/Home/ApplyClub/applyJoin
INFO: [ app_init ] --START--
INFO: Run Behavior\BuildLiteBehavior [ RunTime:0.000022s ]
INFO: [ app_init ] --END-- [ RunTime:0.000541s ]
ERR: SQLSTATE[23000]: Integrity constraint violation: 1048 Column 'name' cannot be null

[ 2015-09-01T14:44:05+08:00 ] 127.0.0.1 /club/index.php/Home/ApplyClub/applyJoin
INFO: [ app_init ] --START--
INFO: Run Behavior\BuildLiteBehavior [ RunTime:0.000024s ]
INFO: [ app_init ] --END-- [ RunTime:0.000570s ]
ERR: SQLSTATE[23000]: Integrity constraint violation: 1048 Column 'name' cannot be null

[ 2015-09-01T14:44:06+08:00 ] 127.0.0.1 /club/index.php/Home/ApplyClub/applyJoin
INFO: [ app_init ] --START--
INFO: Run Behavior\BuildLiteBehavior [ RunTime:0.000017s ]
INFO: [ app_init ] --END-- [ RunTime:0.000376s ]
ERR: SQLSTATE[23000]: Integrity constraint violation: 1048 Column 'name' cannot be null

[ 2015-09-01T14:44:06+08:00 ] 127.0.0.1 /club/index.php/Home/ApplyClub/applyJoin
INFO: [ app_init ] --START--
INFO: Run Behavior\BuildLiteBehavior [ RunTime:0.000024s ]
INFO: [ app_init ] --END-- [ RunTime:0.001246s ]
ERR: SQLSTATE[23000]: Integrity constraint violation: 1048 Column 'name' cannot be null

[ 2015-09-01T14:44:06+08:00 ] 127.0.0.1 /club/index.php/Home/ApplyClub/applyJoin
INFO: [ app_init ] --START--
INFO: Run Behavior\BuildLiteBehavior [ RunTime:0.000023s ]
INFO: [ app_init ] --END-- [ RunTime:0.000433s ]
ERR: SQLSTATE[23000]: Integrity constraint violation: 1048 Column 'name' cannot be null

[ 2015-09-01T14:44:06+08:00 ] 127.0.0.1 /club/index.php/Home/ApplyClub/applyJoin
INFO: [ app_init ] --START--
INFO: Run Behavior\BuildLiteBehavior [ RunTime:0.000026s ]
INFO: [ app_init ] --END-- [ RunTime:0.000553s ]
ERR: SQLSTATE[23000]: Integrity constraint violation: 1048 Column 'name' cannot be null

[ 2015-09-01T14:44:07+08:00 ] 127.0.0.1 /club/index.php/Home/ApplyClub/applyJoin
INFO: [ app_init ] --START--
INFO: Run Behavior\BuildLiteBehavior [ RunTime:0.000017s ]
INFO: [ app_init ] --END-- [ RunTime:0.000379s ]
ERR: SQLSTATE[23000]: Integrity constraint violation: 1048 Column 'name' cannot be null

[ 2015-09-01T14:44:07+08:00 ] 127.0.0.1 /club/index.php/Home/ApplyClub/applyJoin
INFO: [ app_init ] --START--
INFO: Run Behavior\BuildLiteBehavior [ RunTime:0.000028s ]
INFO: [ app_init ] --END-- [ RunTime:0.000810s ]
ERR: SQLSTATE[23000]: Integrity constraint violation: 1048 Column 'name' cannot be null

[ 2015-09-01T14:44:07+08:00 ] 127.0.0.1 /club/index.php/Home/ApplyClub/applyJoin
INFO: [ app_init ] --START--
INFO: Run Behavior\BuildLiteBehavior [ RunTime:0.000036s ]
INFO: [ app_init ] --END-- [ RunTime:0.000668s ]
ERR: SQLSTATE[23000]: Integrity constraint violation: 1048 Column 'name' cannot be null

[ 2015-09-01T14:44:07+08:00 ] 127.0.0.1 /club/index.php/Home/ApplyClub/applyJoin
INFO: [ app_init ] --START--
INFO: Run Behavior\BuildLiteBehavior [ RunTime:0.000024s ]
INFO: [ app_init ] --END-- [ RunTime:0.000592s ]
ERR: SQLSTATE[23000]: Integrity constraint violation: 1048 Column 'name' cannot be null

[ 2015-09-01T14:44:07+08:00 ] 127.0.0.1 /club/index.php/Home/ApplyClub/applyJoin
INFO: [ app_init ] --START--
INFO: Run Behavior\BuildLiteBehavior [ RunTime:0.000025s ]
INFO: [ app_init ] --END-- [ RunTime:0.000660s ]
ERR: SQLSTATE[23000]: Integrity constraint violation: 1048 Column 'name' cannot be null

[ 2015-09-01T14:44:07+08:00 ] 127.0.0.1 /club/index.php/Home/ApplyClub/applyJoin
INFO: [ app_init ] --START--
INFO: Run Behavior\BuildLiteBehavior [ RunTime:0.000016s ]
INFO: [ app_init ] --END-- [ RunTime:0.000411s ]
ERR: SQLSTATE[23000]: Integrity constraint violation: 1048 Column 'name' cannot be null

[ 2015-09-01T14:44:08+08:00 ] 127.0.0.1 /club/index.php/Home/ApplyClub/applyJoin
INFO: [ app_init ] --START--
INFO: Run Behavior\BuildLiteBehavior [ RunTime:0.000019s ]
INFO: [ app_init ] --END-- [ RunTime:0.000456s ]
ERR: SQLSTATE[23000]: Integrity constraint violation: 1048 Column 'name' cannot be null

[ 2015-09-01T14:44:08+08:00 ] 127.0.0.1 /club/index.php/Home/ApplyClub/applyJoin
INFO: [ app_init ] --START--
INFO: Run Behavior\BuildLiteBehavior [ RunTime:0.000018s ]
INFO: [ app_init ] --END-- [ RunTime:0.000453s ]
ERR: SQLSTATE[23000]: Integrity constraint violation: 1048 Column 'name' cannot be null

[ 2015-09-01T14:44:08+08:00 ] 127.0.0.1 /club/index.php/Home/ApplyClub/applyJoin
INFO: [ app_init ] --START--
INFO: Run Behavior\BuildLiteBehavior [ RunTime:0.000016s ]
INFO: [ app_init ] --END-- [ RunTime:0.000363s ]
ERR: SQLSTATE[23000]: Integrity constraint violation: 1048 Column 'name' cannot be null

[ 2015-09-01T14:45:17+08:00 ] 127.0.0.1 /club/index.php/Home/ApplyClub/applyJoin
INFO: [ app_init ] --START--
INFO: Run Behavior\BuildLiteBehavior [ RunTime:0.000022s ]
INFO: [ app_init ] --END-- [ RunTime:0.000613s ]
ERR: SQLSTATE[23000]: Integrity constraint violation: 1048 Column 'name' cannot be null

[ 2015-09-01T14:45:29+08:00 ] 127.0.0.1 /club/index.php/Home/ApplyClub/
INFO: [ app_init ] --START--
INFO: Run Behavior\BuildLiteBehavior [ RunTime:0.000021s ]
INFO: [ app_init ] --END-- [ RunTime:0.000538s ]

[ 2015-09-01T14:45:45+08:00 ] 127.0.0.1 /club/index.php/Home/ApplyClub/showClub/id/2
INFO: [ app_init ] --START--
INFO: Run Behavior\BuildLiteBehavior [ RunTime:0.000042s ]
INFO: [ app_init ] --END-- [ RunTime:0.001445s ]

[ 2015-09-01T14:45:56+08:00 ] 127.0.0.1 /club/index.php/Home/ApplyClub/showDepart
INFO: [ app_init ] --START--
INFO: Run Behavior\BuildLiteBehavior [ RunTime:0.000028s ]
INFO: [ app_init ] --END-- [ RunTime:0.000653s ]

[ 2015-09-01T14:46:13+08:00 ] 127.0.0.1 /club/index.php/Home/ApplyClub/showDepart/club_id/2
INFO: [ app_init ] --START--
INFO: Run Behavior\BuildLiteBehavior [ RunTime:0.000026s ]
INFO: [ app_init ] --END-- [ RunTime:0.000627s ]

[ 2015-09-01T14:46:59+08:00 ] 127.0.0.1 /club/index.php/Home/ApplyClub/applyJoin
INFO: [ app_init ] --START--
INFO: Run Behavior\BuildLiteBehavior [ RunTime:0.000024s ]
INFO: [ app_init ] --END-- [ RunTime:0.000572s ]
ERR: SQLSTATE[23000]: Integrity constraint violation: 1048 Column 'name' cannot be null

[ 2015-09-01T14:48:05+08:00 ] 127.0.0.1 /club/index.php/Home/ApplyClub/applyJoin
INFO: [ app_init ] --START--
INFO: Run Behavior\BuildLiteBehavior [ RunTime:0.000017s ]
INFO: [ app_init ] --END-- [ RunTime:0.000499s ]
ERR: SQLSTATE[23000]: Integrity constraint violation: 1048 Column 'name' cannot be null

[ 2015-09-01T14:48:06+08:00 ] 127.0.0.1 /club/index.php/Home/ApplyClub/applyJoin
INFO: [ app_init ] --START--
INFO: Run Behavior\BuildLiteBehavior [ RunTime:0.000016s ]
INFO: [ app_init ] --END-- [ RunTime:0.000369s ]
ERR: SQLSTATE[23000]: Integrity constraint violation: 1048 Column 'name' cannot be null

[ 2015-09-01T14:48:06+08:00 ] 127.0.0.1 /club/index.php/Home/ApplyClub/applyJoin
INFO: [ app_init ] --START--
INFO: Run Behavior\BuildLiteBehavior [ RunTime:0.000025s ]
INFO: [ app_init ] --END-- [ RunTime:0.000525s ]
ERR: SQLSTATE[23000]: Integrity constraint violation: 1048 Column 'name' cannot be null

[ 2015-09-01T14:48:06+08:00 ] 127.0.0.1 /club/index.php/Home/ApplyClub/applyJoin
INFO: [ app_init ] --START--
INFO: Run Behavior\BuildLiteBehavior [ RunTime:0.000025s ]
INFO: [ app_init ] --END-- [ RunTime:0.000416s ]
ERR: SQLSTATE[23000]: Integrity constraint violation: 1048 Column 'name' cannot be null

[ 2015-09-01T14:48:06+08:00 ] 127.0.0.1 /club/index.php/Home/ApplyClub/applyJoin
INFO: [ app_init ] --START--
INFO: Run Behavior\BuildLiteBehavior [ RunTime:0.000039s ]
INFO: [ app_init ] --END-- [ RunTime:0.000794s ]
ERR: SQLSTATE[23000]: Integrity constraint violation: 1048 Column 'name' cannot be null

[ 2015-09-01T14:48:07+08:00 ] 127.0.0.1 /club/index.php/Home/ApplyClub/applyJoin
INFO: [ app_init ] --START--
INFO: Run Behavior\BuildLiteBehavior [ RunTime:0.000030s ]
INFO: [ app_init ] --END-- [ RunTime:0.000576s ]
ERR: SQLSTATE[23000]: Integrity constraint violation: 1048 Column 'name' cannot be null

[ 2015-09-01T14:48:55+08:00 ] 127.0.0.1 /club/index.php/Home/ApplyClub/applyJoin
INFO: [ app_init ] --START--
INFO: Run Behavior\BuildLiteBehavior [ RunTime:0.000016s ]
INFO: [ app_init ] --END-- [ RunTime:0.000418s ]
ERR: SQLSTATE[23000]: Integrity constraint violation: 1048 Column 'email' cannot be null

[ 2015-09-01T14:48:56+08:00 ] 127.0.0.1 /club/index.php/Home/ApplyClub/applyJoin
INFO: [ app_init ] --START--
INFO: Run Behavior\BuildLiteBehavior [ RunTime:0.000016s ]
INFO: [ app_init ] --END-- [ RunTime:0.000503s ]
ERR: SQLSTATE[23000]: Integrity constraint violation: 1048 Column 'email' cannot be null

[ 2015-09-01T14:51:49+08:00 ] 127.0.0.1 /club/index.php/Home/ApplyClub/applyJoin
INFO: [ app_init ] --START--
INFO: Run Behavior\BuildLiteBehavior [ RunTime:0.000016s ]
INFO: [ app_init ] --END-- [ RunTime:0.000526s ]
ERR: SQLSTATE[23000]: Integrity constraint violation: 1048 Column 'name' cannot be null

[ 2015-09-01T14:51:49+08:00 ] 127.0.0.1 /club/index.php/Home/ApplyClub/applyJoin
INFO: [ app_init ] --START--
INFO: Run Behavior\BuildLiteBehavior [ RunTime:0.000019s ]
INFO: [ app_init ] --END-- [ RunTime:0.001620s ]
ERR: SQLSTATE[23000]: Integrity constraint violation: 1048 Column 'name' cannot be null

[ 2015-09-01T14:51:50+08:00 ] 127.0.0.1 /club/index.php/Home/ApplyClub/applyJoin
INFO: [ app_init ] --START--
INFO: Run Behavior\BuildLiteBehavior [ RunTime:0.000021s ]
INFO: [ app_init ] --END-- [ RunTime:0.000475s ]
ERR: SQLSTATE[23000]: Integrity constraint violation: 1048 Column 'name' cannot be null

[ 2015-09-01T14:52:55+08:00 ] 127.0.0.1 /club/index.php/Home/ApplyClub/applyJoin
INFO: [ app_init ] --START--
INFO: Run Behavior\BuildLiteBehavior [ RunTime:0.000019s ]
INFO: [ app_init ] --END-- [ RunTime:0.000471s ]

[ 2015-09-01T14:53:09+08:00 ] 127.0.0.1 /club/index.php/Home/ApplyClub/applyJoin/stu_id/1
INFO: [ app_init ] --START--
INFO: Run Behavior\BuildLiteBehavior [ RunTime:0.000023s ]
INFO: [ app_init ] --END-- [ RunTime:0.000475s ]
ERR: SQLSTATE[23000]: Integrity constraint violation: 1048 Column 'name' cannot be null

[ 2015-09-01T14:56:45+08:00 ] 127.0.0.1 /club/index.php/Home/ApplyClub/applyJoin/stu_id/1
INFO: [ app_init ] --START--
INFO: Run Behavior\BuildLiteBehavior [ RunTime:0.000031s ]
INFO: [ app_init ] --END-- [ RunTime:0.000830s ]
ERR: SQLSTATE[23000]: Integrity constraint violation: 1048 Column 'name' cannot be null

[ 2015-09-01T14:56:46+08:00 ] 127.0.0.1 /club/index.php/Home/ApplyClub/applyJoin/stu_id/1
INFO: [ app_init ] --START--
INFO: Run Behavior\BuildLiteBehavior [ RunTime:0.000016s ]
INFO: [ app_init ] --END-- [ RunTime:0.000405s ]
ERR: SQLSTATE[23000]: Integrity constraint violation: 1048 Column 'name' cannot be null

[ 2015-09-01T14:56:46+08:00 ] 127.0.0.1 /club/index.php/Home/ApplyClub/applyJoin/stu_id/1
INFO: [ app_init ] --START--
INFO: Run Behavior\BuildLiteBehavior [ RunTime:0.000018s ]
INFO: [ app_init ] --END-- [ RunTime:0.000495s ]
ERR: SQLSTATE[23000]: Integrity constraint violation: 1048 Column 'name' cannot be null

[ 2015-09-01T14:56:47+08:00 ] 127.0.0.1 /club/index.php/Home/ApplyClub/applyJoin/stu_id/1
INFO: [ app_init ] --START--
INFO: Run Behavior\BuildLiteBehavior [ RunTime:0.000020s ]
INFO: [ app_init ] --END-- [ RunTime:0.000391s ]
ERR: SQLSTATE[23000]: Integrity constraint violation: 1048 Column 'name' cannot be null

[ 2015-09-01T14:56:47+08:00 ] 127.0.0.1 /club/index.php/Home/ApplyClub/applyJoin/stu_id/1
INFO: [ app_init ] --START--
INFO: Run Behavior\BuildLiteBehavior [ RunTime:0.000031s ]
INFO: [ app_init ] --END-- [ RunTime:0.000902s ]
ERR: SQLSTATE[23000]: Integrity constraint violation: 1048 Column 'name' cannot be null

[ 2015-09-01T14:56:47+08:00 ] 127.0.0.1 /club/index.php/Home/ApplyClub/applyJoin/stu_id/1
INFO: [ app_init ] --START--
INFO: Run Behavior\BuildLiteBehavior [ RunTime:0.000025s ]
INFO: [ app_init ] --END-- [ RunTime:0.000499s ]
ERR: SQLSTATE[23000]: Integrity constraint violation: 1048 Column 'name' cannot be null

[ 2015-09-01T14:56:47+08:00 ] 127.0.0.1 /club/index.php/Home/ApplyClub/applyJoin/stu_id/1
INFO: [ app_init ] --START--
INFO: Run Behavior\BuildLiteBehavior [ RunTime:0.000018s ]
INFO: [ app_init ] --END-- [ RunTime:0.000369s ]
ERR: SQLSTATE[23000]: Integrity constraint violation: 1048 Column 'name' cannot be null

[ 2015-09-01T14:56:47+08:00 ] 127.0.0.1 /club/index.php/Home/ApplyClub/applyJoin/stu_id/1
INFO: [ app_init ] --START--
INFO: Run Behavior\BuildLiteBehavior [ RunTime:0.000016s ]
INFO: [ app_init ] --END-- [ RunTime:0.000381s ]
ERR: SQLSTATE[23000]: Integrity constraint violation: 1048 Column 'name' cannot be null

[ 2015-09-01T14:56:48+08:00 ] 127.0.0.1 /club/index.php/Home/ApplyClub/applyJoin/stu_id/1
INFO: [ app_init ] --START--
INFO: Run Behavior\BuildLiteBehavior [ RunTime:0.000032s ]
INFO: [ app_init ] --END-- [ RunTime:0.000498s ]
ERR: SQLSTATE[23000]: Integrity constraint violation: 1048 Column 'name' cannot be null

[ 2015-09-01T14:56:48+08:00 ] 127.0.0.1 /club/index.php/Home/ApplyClub/applyJoin/stu_id/1
INFO: [ app_init ] --START--
INFO: Run Behavior\BuildLiteBehavior [ RunTime:0.000027s ]
INFO: [ app_init ] --END-- [ RunTime:0.000638s ]
ERR: SQLSTATE[23000]: Integrity constraint violation: 1048 Column 'name' cannot be null

[ 2015-09-01T14:56:48+08:00 ] 127.0.0.1 /club/index.php/Home/ApplyClub/applyJoin/stu_id/1
INFO: [ app_init ] --START--
INFO: Run Behavior\BuildLiteBehavior [ RunTime:0.000016s ]
INFO: [ app_init ] --END-- [ RunTime:0.000403s ]
ERR: SQLSTATE[23000]: Integrity constraint violation: 1048 Column 'name' cannot be null

[ 2015-09-01T14:56:48+08:00 ] 127.0.0.1 /club/index.php/Home/ApplyClub/applyJoin/stu_id/1
INFO: [ app_init ] --START--
INFO: Run Behavior\BuildLiteBehavior [ RunTime:0.000028s ]
INFO: [ app_init ] --END-- [ RunTime:0.000587s ]
ERR: SQLSTATE[23000]: Integrity constraint violation: 1048 Column 'name' cannot be null

[ 2015-09-01T14:56:48+08:00 ] 127.0.0.1 /club/index.php/Home/ApplyClub/applyJoin/stu_id/1
INFO: [ app_init ] --START--
INFO: Run Behavior\BuildLiteBehavior [ RunTime:0.000031s ]
INFO: [ app_init ] --END-- [ RunTime:0.001687s ]
ERR: SQLSTATE[23000]: Integrity constraint violation: 1048 Column 'name' cannot be null

[ 2015-09-01T14:56:48+08:00 ] 127.0.0.1 /club/index.php/Home/ApplyClub/applyJoin/stu_id/1
INFO: [ app_init ] --START--
INFO: Run Behavior\BuildLiteBehavior [ RunTime:0.000044s ]
INFO: [ app_init ] --END-- [ RunTime:0.001309s ]
ERR: SQLSTATE[23000]: Integrity constraint violation: 1048 Column 'name' cannot be null

[ 2015-09-01T14:56:49+08:00 ] 127.0.0.1 /club/index.php/Home/ApplyClub/applyJoin/stu_id/1
INFO: [ app_init ] --START--
INFO: Run Behavior\BuildLiteBehavior [ RunTime:0.000039s ]
INFO: [ app_init ] --END-- [ RunTime:0.000712s ]
ERR: SQLSTATE[23000]: Integrity constraint violation: 1048 Column 'name' cannot be null

[ 2015-09-01T14:56:49+08:00 ] 127.0.0.1 /club/index.php/Home/ApplyClub/applyJoin/stu_id/1
INFO: [ app_init ] --START--
INFO: Run Behavior\BuildLiteBehavior [ RunTime:0.000019s ]
INFO: [ app_init ] --END-- [ RunTime:0.000434s ]
ERR: SQLSTATE[23000]: Integrity constraint violation: 1048 Column 'name' cannot be null

[ 2015-09-01T14:56:49+08:00 ] 127.0.0.1 /club/index.php/Home/ApplyClub/applyJoin/stu_id/1
INFO: [ app_init ] --START--
INFO: Run Behavior\BuildLiteBehavior [ RunTime:0.000016s ]
INFO: [ app_init ] --END-- [ RunTime:0.000359s ]
ERR: SQLSTATE[23000]: Integrity constraint violation: 1048 Column 'name' cannot be null

[ 2015-09-01T14:56:49+08:00 ] 127.0.0.1 /club/index.php/Home/ApplyClub/applyJoin/stu_id/1
INFO: [ app_init ] --START--
INFO: Run Behavior\BuildLiteBehavior [ RunTime:0.000019s ]
INFO: [ app_init ] --END-- [ RunTime:0.000448s ]
ERR: SQLSTATE[23000]: Integrity constraint violation: 1048 Column 'name' cannot be null

[ 2015-09-01T14:56:49+08:00 ] 127.0.0.1 /club/index.php/Home/ApplyClub/applyJoin/stu_id/1
INFO: [ app_init ] --START--
INFO: Run Behavior\BuildLiteBehavior [ RunTime:0.000025s ]
INFO: [ app_init ] --END-- [ RunTime:0.000719s ]
ERR: SQLSTATE[23000]: Integrity constraint violation: 1048 Column 'name' cannot be null

[ 2015-09-01T14:56:49+08:00 ] 127.0.0.1 /club/index.php/Home/ApplyClub/applyJoin/stu_id/1
INFO: [ app_init ] --START--
INFO: Run Behavior\BuildLiteBehavior [ RunTime:0.000031s ]
INFO: [ app_init ] --END-- [ RunTime:0.000786s ]
ERR: SQLSTATE[23000]: Integrity constraint violation: 1048 Column 'name' cannot be null

[ 2015-09-01T14:56:50+08:00 ] 127.0.0.1 /club/index.php/Home/ApplyClub/applyJoin/stu_id/1
INFO: [ app_init ] --START--
INFO: Run Behavior\BuildLiteBehavior [ RunTime:0.000029s ]
INFO: [ app_init ] --END-- [ RunTime:0.000804s ]
ERR: SQLSTATE[23000]: Integrity constraint violation: 1048 Column 'name' cannot be null

[ 2015-09-01T14:56:50+08:00 ] 127.0.0.1 /club/index.php/Home/ApplyClub/applyJoin/stu_id/1
INFO: [ app_init ] --START--
INFO: Run Behavior\BuildLiteBehavior [ RunTime:0.000020s ]
INFO: [ app_init ] --END-- [ RunTime:0.000445s ]
ERR: SQLSTATE[23000]: Integrity constraint violation: 1048 Column 'name' cannot be null

[ 2015-09-01T14:56:50+08:00 ] 127.0.0.1 /club/index.php/Home/ApplyClub/applyJoin/stu_id/1
INFO: [ app_init ] --START--
INFO: Run Behavior\BuildLiteBehavior [ RunTime:0.000020s ]
INFO: [ app_init ] --END-- [ RunTime:0.000409s ]
ERR: SQLSTATE[23000]: Integrity constraint violation: 1048 Column 'name' cannot be null

[ 2015-09-01T14:56:50+08:00 ] 127.0.0.1 /club/index.php/Home/ApplyClub/applyJoin/stu_id/1
INFO: [ app_init ] --START--
INFO: Run Behavior\BuildLiteBehavior [ RunTime:0.000028s ]
INFO: [ app_init ] --END-- [ RunTime:0.000652s ]
ERR: SQLSTATE[23000]: Integrity constraint violation: 1048 Column 'name' cannot be null

[ 2015-09-01T14:56:50+08:00 ] 127.0.0.1 /club/index.php/Home/ApplyClub/applyJoin/stu_id/1
INFO: [ app_init ] --START--
INFO: Run Behavior\BuildLiteBehavior [ RunTime:0.000020s ]
INFO: [ app_init ] --END-- [ RunTime:0.000419s ]
ERR: SQLSTATE[23000]: Integrity constraint violation: 1048 Column 'name' cannot be null

[ 2015-09-01T14:56:50+08:00 ] 127.0.0.1 /club/index.php/Home/ApplyClub/applyJoin/stu_id/1
INFO: [ app_init ] --START--
INFO: Run Behavior\BuildLiteBehavior [ RunTime:0.000017s ]
INFO: [ app_init ] --END-- [ RunTime:0.000406s ]
ERR: SQLSTATE[23000]: Integrity constraint violation: 1048 Column 'name' cannot be null

[ 2015-09-01T14:56:51+08:00 ] 127.0.0.1 /club/index.php/Home/ApplyClub/applyJoin/stu_id/1
INFO: [ app_init ] --START--
INFO: Run Behavior\BuildLiteBehavior [ RunTime:0.000015s ]
INFO: [ app_init ] --END-- [ RunTime:0.000357s ]
ERR: SQLSTATE[23000]: Integrity constraint violation: 1048 Column 'name' cannot be null

[ 2015-09-01T14:56:51+08:00 ] 127.0.0.1 /club/index.php/Home/ApplyClub/applyJoin/stu_id/1
INFO: [ app_init ] --START--
INFO: Run Behavior\BuildLiteBehavior [ RunTime:0.000017s ]
INFO: [ app_init ] --END-- [ RunTime:0.000436s ]
ERR: SQLSTATE[23000]: Integrity constraint violation: 1048 Column 'name' cannot be null

[ 2015-09-01T14:56:51+08:00 ] 127.0.0.1 /club/index.php/Home/ApplyClub/applyJoin/stu_id/1
INFO: [ app_init ] --START--
INFO: Run Behavior\BuildLiteBehavior [ RunTime:0.000022s ]
INFO: [ app_init ] --END-- [ RunTime:0.000549s ]
ERR: SQLSTATE[23000]: Integrity constraint violation: 1048 Column 'name' cannot be null

[ 2015-09-01T14:56:51+08:00 ] 127.0.0.1 /club/index.php/Home/ApplyClub/applyJoin/stu_id/1
INFO: [ app_init ] --START--
INFO: Run Behavior\BuildLiteBehavior [ RunTime:0.000053s ]
INFO: [ app_init ] --END-- [ RunTime:0.001029s ]
ERR: SQLSTATE[23000]: Integrity constraint violation: 1048 Column 'name' cannot be null

[ 2015-09-01T14:59:11+08:00 ] 127.0.0.1 /club/index.php/Home/ApplyClub/applyJoin/stu_id/1
INFO: [ app_init ] --START--
INFO: Run Behavior\BuildLiteBehavior [ RunTime:0.000023s ]
INFO: [ app_init ] --END-- [ RunTime:0.000665s ]
ERR: SQLSTATE[23000]: Integrity constraint violation: 1048 Column 'name' cannot be null

[ 2015-09-01T14:59:12+08:00 ] 127.0.0.1 /club/index.php/Home/ApplyClub/applyJoin/stu_id/1
INFO: [ app_init ] --START--
INFO: Run Behavior\BuildLiteBehavior [ RunTime:0.000015s ]
INFO: [ app_init ] --END-- [ RunTime:0.000382s ]
ERR: SQLSTATE[23000]: Integrity constraint violation: 1048 Column 'name' cannot be null

[ 2015-09-01T14:59:12+08:00 ] 127.0.0.1 /club/index.php/Home/ApplyClub/applyJoin/stu_id/1
INFO: [ app_init ] --START--
INFO: Run Behavior\BuildLiteBehavior [ RunTime:0.000017s ]
INFO: [ app_init ] --END-- [ RunTime:0.000421s ]
ERR: SQLSTATE[23000]: Integrity constraint violation: 1048 Column 'name' cannot be null

[ 2015-09-01T14:59:13+08:00 ] 127.0.0.1 /club/index.php/Home/ApplyClub/applyJoin/stu_id/1
INFO: [ app_init ] --START--
INFO: Run Behavior\BuildLiteBehavior [ RunTime:0.000065s ]
INFO: [ app_init ] --END-- [ RunTime:0.000636s ]
ERR: SQLSTATE[23000]: Integrity constraint violation: 1048 Column 'name' cannot be null

[ 2015-09-01T14:59:13+08:00 ] 127.0.0.1 /club/index.php/Home/ApplyClub/applyJoin/stu_id/1
INFO: [ app_init ] --START--
INFO: Run Behavior\BuildLiteBehavior [ RunTime:0.000021s ]
INFO: [ app_init ] --END-- [ RunTime:0.000513s ]
ERR: SQLSTATE[23000]: Integrity constraint violation: 1048 Column 'name' cannot be null

[ 2015-09-01T14:59:13+08:00 ] 127.0.0.1 /club/index.php/Home/ApplyClub/applyJoin/stu_id/1
INFO: [ app_init ] --START--
INFO: Run Behavior\BuildLiteBehavior [ RunTime:0.000031s ]
INFO: [ app_init ] --END-- [ RunTime:0.000727s ]
ERR: SQLSTATE[23000]: Integrity constraint violation: 1048 Column 'name' cannot be null

[ 2015-09-01T15:01:00+08:00 ] 127.0.0.1 /club/index.php/Home/ApplyClub/applyJoin/stu_id/1
INFO: [ app_init ] --START--
INFO: Run Behavior\BuildLiteBehavior [ RunTime:0.000023s ]
INFO: [ app_init ] --END-- [ RunTime:0.001209s ]
ERR: SQLSTATE[23000]: Integrity constraint violation: 1048 Column 'name' cannot be null

[ 2015-09-01T15:01:01+08:00 ] 127.0.0.1 /club/index.php/Home/ApplyClub/applyJoin/stu_id/1
INFO: [ app_init ] --START--
INFO: Run Behavior\BuildLiteBehavior [ RunTime:0.000126s ]
INFO: [ app_init ] --END-- [ RunTime:0.001425s ]
ERR: SQLSTATE[23000]: Integrity constraint violation: 1048 Column 'name' cannot be null

[ 2015-09-01T15:04:57+08:00 ] 127.0.0.1 /club/index.php/Home/ApplyClub/applyJoin/stu_id/1
INFO: [ app_init ] --START--
INFO: Run Behavior\BuildLiteBehavior [ RunTime:0.000020s ]
INFO: [ app_init ] --END-- [ RunTime:0.000481s ]
ERR: SQLSTATE[23000]: Integrity constraint violation: 1048 Column 'name' cannot be null

[ 2015-09-01T15:04:58+08:00 ] 127.0.0.1 /club/index.php/Home/ApplyClub/applyJoin/stu_id/1
INFO: [ app_init ] --START--
INFO: Run Behavior\BuildLiteBehavior [ RunTime:0.000015s ]
INFO: [ app_init ] --END-- [ RunTime:0.000483s ]
ERR: SQLSTATE[23000]: Integrity constraint violation: 1048 Column 'name' cannot be null

[ 2015-09-01T15:04:58+08:00 ] 127.0.0.1 /club/index.php/Home/ApplyClub/applyJoin/stu_id/1
INFO: [ app_init ] --START--
INFO: Run Behavior\BuildLiteBehavior [ RunTime:0.000031s ]
INFO: [ app_init ] --END-- [ RunTime:0.000588s ]
ERR: SQLSTATE[23000]: Integrity constraint violation: 1048 Column 'name' cannot be null

[ 2015-09-01T15:04:58+08:00 ] 127.0.0.1 /club/index.php/Home/ApplyClub/applyJoin/stu_id/1
INFO: [ app_init ] --START--
INFO: Run Behavior\BuildLiteBehavior [ RunTime:0.000024s ]
INFO: [ app_init ] --END-- [ RunTime:0.000443s ]
ERR: SQLSTATE[23000]: Integrity constraint violation: 1048 Column 'name' cannot be null

[ 2015-09-01T15:04:59+08:00 ] 127.0.0.1 /club/index.php/Home/ApplyClub/applyJoin/stu_id/1
INFO: [ app_init ] --START--
INFO: Run Behavior\BuildLiteBehavior [ RunTime:0.000106s ]
INFO: [ app_init ] --END-- [ RunTime:0.001216s ]
ERR: SQLSTATE[23000]: Integrity constraint violation: 1048 Column 'name' cannot be null

[ 2015-09-01T15:04:59+08:00 ] 127.0.0.1 /club/index.php/Home/ApplyClub/applyJoin/stu_id/1
INFO: [ app_init ] --START--
INFO: Run Behavior\BuildLiteBehavior [ RunTime:0.000021s ]
INFO: [ app_init ] --END-- [ RunTime:0.000647s ]
ERR: SQLSTATE[23000]: Integrity constraint violation: 1048 Column 'name' cannot be null

[ 2015-09-01T15:04:59+08:00 ] 127.0.0.1 /club/index.php/Home/ApplyClub/applyJoin/stu_id/1
INFO: [ app_init ] --START--
INFO: Run Behavior\BuildLiteBehavior [ RunTime:0.000026s ]
INFO: [ app_init ] --END-- [ RunTime:0.000420s ]
ERR: SQLSTATE[23000]: Integrity constraint violation: 1048 Column 'name' cannot be null

[ 2015-09-01T15:04:59+08:00 ] 127.0.0.1 /club/index.php/Home/ApplyClub/applyJoin/stu_id/1
INFO: [ app_init ] --START--
INFO: Run Behavior\BuildLiteBehavior [ RunTime:0.000025s ]
INFO: [ app_init ] --END-- [ RunTime:0.000505s ]
ERR: SQLSTATE[23000]: Integrity constraint violation: 1048 Column 'name' cannot be null

[ 2015-09-01T15:04:59+08:00 ] 127.0.0.1 /club/index.php/Home/ApplyClub/applyJoin/stu_id/1
INFO: [ app_init ] --START--
INFO: Run Behavior\BuildLiteBehavior [ RunTime:0.000034s ]
INFO: [ app_init ] --END-- [ RunTime:0.000730s ]
ERR: SQLSTATE[23000]: Integrity constraint violation: 1048 Column 'name' cannot be null

[ 2015-09-01T15:04:59+08:00 ] 127.0.0.1 /club/index.php/Home/ApplyClub/applyJoin/stu_id/1
INFO: [ app_init ] --START--
INFO: Run Behavior\BuildLiteBehavior [ RunTime:0.000036s ]
INFO: [ app_init ] --END-- [ RunTime:0.000725s ]
ERR: SQLSTATE[23000]: Integrity constraint violation: 1048 Column 'name' cannot be null

[ 2015-09-01T15:04:59+08:00 ] 127.0.0.1 /club/index.php/Home/ApplyClub/applyJoin/stu_id/1
INFO: [ app_init ] --START--
INFO: Run Behavior\BuildLiteBehavior [ RunTime:0.000028s ]
INFO: [ app_init ] --END-- [ RunTime:0.000804s ]
ERR: SQLSTATE[23000]: Integrity constraint violation: 1048 Column 'name' cannot be null

[ 2015-09-01T15:05:00+08:00 ] 127.0.0.1 /club/index.php/Home/ApplyClub/applyJoin/stu_id/1
INFO: [ app_init ] --START--
INFO: Run Behavior\BuildLiteBehavior [ RunTime:0.000025s ]
INFO: [ app_init ] --END-- [ RunTime:0.000608s ]
ERR: SQLSTATE[23000]: Integrity constraint violation: 1048 Column 'name' cannot be null

[ 2015-09-01T15:05:00+08:00 ] 127.0.0.1 /club/index.php/Home/ApplyClub/applyJoin/stu_id/1
INFO: [ app_init ] --START--
INFO: Run Behavior\BuildLiteBehavior [ RunTime:0.000033s ]
INFO: [ app_init ] --END-- [ RunTime:0.000712s ]
ERR: SQLSTATE[23000]: Integrity constraint violation: 1048 Column 'name' cannot be null

[ 2015-09-01T15:06:05+08:00 ] 127.0.0.1 /club/index.php/Home/ApplyClub/applyJoin/stu_id/1
INFO: [ app_init ] --START--
INFO: Run Behavior\BuildLiteBehavior [ RunTime:0.000019s ]
INFO: [ app_init ] --END-- [ RunTime:0.000419s ]
ERR: SQLSTATE[23000]: Integrity constraint violation: 1048 Column 'name' cannot be null

[ 2015-09-01T15:06:06+08:00 ] 127.0.0.1 /club/index.php/Home/ApplyClub/applyJoin/stu_id/1
INFO: [ app_init ] --START--
INFO: Run Behavior\BuildLiteBehavior [ RunTime:0.000031s ]
INFO: [ app_init ] --END-- [ RunTime:0.000605s ]
ERR: SQLSTATE[23000]: Integrity constraint violation: 1048 Column 'name' cannot be null

[ 2015-09-01T15:06:07+08:00 ] 127.0.0.1 /club/index.php/Home/ApplyClub/applyJoin/stu_id/1
INFO: [ app_init ] --START--
INFO: Run Behavior\BuildLiteBehavior [ RunTime:0.000026s ]
INFO: [ app_init ] --END-- [ RunTime:0.000603s ]
ERR: SQLSTATE[23000]: Integrity constraint violation: 1048 Column 'name' cannot be null

[ 2015-09-01T15:06:07+08:00 ] 127.0.0.1 /club/index.php/Home/ApplyClub/applyJoin/stu_id/1
INFO: [ app_init ] --START--
INFO: Run Behavior\BuildLiteBehavior [ RunTime:0.000184s ]
INFO: [ app_init ] --END-- [ RunTime:0.001918s ]
ERR: SQLSTATE[23000]: Integrity constraint violation: 1048 Column 'name' cannot be null

[ 2015-09-01T15:07:02+08:00 ] 127.0.0.1 /club/index.php/Home/ApplyClub/applyJoin/stu_id/1
INFO: [ app_init ] --START--
INFO: Run Behavior\BuildLiteBehavior [ RunTime:0.000032s ]
INFO: [ app_init ] --END-- [ RunTime:0.000840s ]
ERR: SQLSTATE[23000]: Integrity constraint violation: 1048 Column 'name' cannot be null

[ 2015-09-01T15:07:03+08:00 ] 127.0.0.1 /club/index.php/Home/ApplyClub/applyJoin/stu_id/1
INFO: [ app_init ] --START--
INFO: Run Behavior\BuildLiteBehavior [ RunTime:0.000029s ]
INFO: [ app_init ] --END-- [ RunTime:0.000588s ]
ERR: SQLSTATE[23000]: Integrity constraint violation: 1048 Column 'name' cannot be null

[ 2015-09-01T15:07:03+08:00 ] 127.0.0.1 /club/index.php/Home/ApplyClub/applyJoin/stu_id/1
INFO: [ app_init ] --START--
INFO: Run Behavior\BuildLiteBehavior [ RunTime:0.000026s ]
INFO: [ app_init ] --END-- [ RunTime:0.000572s ]
ERR: SQLSTATE[23000]: Integrity constraint violation: 1048 Column 'name' cannot be null

[ 2015-09-01T15:07:03+08:00 ] 127.0.0.1 /club/index.php/Home/ApplyClub/applyJoin/stu_id/1
INFO: [ app_init ] --START--
INFO: Run Behavior\BuildLiteBehavior [ RunTime:0.000032s ]
INFO: [ app_init ] --END-- [ RunTime:0.001042s ]
ERR: SQLSTATE[23000]: Integrity constraint violation: 1048 Column 'name' cannot be null

[ 2015-09-01T15:07:04+08:00 ] 127.0.0.1 /club/index.php/Home/ApplyClub/applyJoin/stu_id/1
INFO: [ app_init ] --START--
INFO: Run Behavior\BuildLiteBehavior [ RunTime:0.000028s ]
INFO: [ app_init ] --END-- [ RunTime:0.000872s ]
ERR: SQLSTATE[23000]: Integrity constraint violation: 1048 Column 'name' cannot be null

[ 2015-09-01T15:07:04+08:00 ] 127.0.0.1 /club/index.php/Home/ApplyClub/applyJoin/stu_id/1
INFO: [ app_init ] --START--
INFO: Run Behavior\BuildLiteBehavior [ RunTime:0.000061s ]
INFO: [ app_init ] --END-- [ RunTime:0.001117s ]
ERR: SQLSTATE[23000]: Integrity constraint violation: 1048 Column 'name' cannot be null

[ 2015-09-01T15:07:04+08:00 ] 127.0.0.1 /club/index.php/Home/ApplyClub/applyJoin/stu_id/1
INFO: [ app_init ] --START--
INFO: Run Behavior\BuildLiteBehavior [ RunTime:0.000073s ]
INFO: [ app_init ] --END-- [ RunTime:0.001152s ]
ERR: SQLSTATE[23000]: Integrity constraint violation: 1048 Column 'name' cannot be null

[ 2015-09-01T15:07:04+08:00 ] 127.0.0.1 /club/index.php/Home/ApplyClub/applyJoin/stu_id/1
INFO: [ app_init ] --START--
INFO: Run Behavior\BuildLiteBehavior [ RunTime:0.000027s ]
INFO: [ app_init ] --END-- [ RunTime:0.000674s ]
ERR: SQLSTATE[23000]: Integrity constraint violation: 1048 Column 'name' cannot be null

[ 2015-09-01T15:07:04+08:00 ] 127.0.0.1 /club/index.php/Home/ApplyClub/applyJoin/stu_id/1
INFO: [ app_init ] --START--
INFO: Run Behavior\BuildLiteBehavior [ RunTime:0.000028s ]
INFO: [ app_init ] --END-- [ RunTime:0.000633s ]
ERR: SQLSTATE[23000]: Integrity constraint violation: 1048 Column 'name' cannot be null

[ 2015-09-01T15:07:04+08:00 ] 127.0.0.1 /club/index.php/Home/ApplyClub/applyJoin/stu_id/1
INFO: [ app_init ] --START--
INFO: Run Behavior\BuildLiteBehavior [ RunTime:0.000025s ]
INFO: [ app_init ] --END-- [ RunTime:0.000609s ]
ERR: SQLSTATE[23000]: Integrity constraint violation: 1048 Column 'name' cannot be null

[ 2015-09-01T15:07:05+08:00 ] 127.0.0.1 /club/index.php/Home/ApplyClub/applyJoin/stu_id/1
INFO: [ app_init ] --START--
INFO: Run Behavior\BuildLiteBehavior [ RunTime:0.000031s ]
INFO: [ app_init ] --END-- [ RunTime:0.000636s ]
ERR: SQLSTATE[23000]: Integrity constraint violation: 1048 Column 'name' cannot be null

[ 2015-09-01T15:07:05+08:00 ] 127.0.0.1 /club/index.php/Home/ApplyClub/applyJoin/stu_id/1
INFO: [ app_init ] --START--
INFO: Run Behavior\BuildLiteBehavior [ RunTime:0.000031s ]
INFO: [ app_init ] --END-- [ RunTime:0.000646s ]
ERR: SQLSTATE[23000]: Integrity constraint violation: 1048 Column 'name' cannot be null

[ 2015-09-01T15:07:05+08:00 ] 127.0.0.1 /club/index.php/Home/ApplyClub/applyJoin/stu_id/1
INFO: [ app_init ] --START--
INFO: Run Behavior\BuildLiteBehavior [ RunTime:0.000030s ]
INFO: [ app_init ] --END-- [ RunTime:0.000744s ]
ERR: SQLSTATE[23000]: Integrity constraint violation: 1048 Column 'name' cannot be null

[ 2015-09-01T15:07:05+08:00 ] 127.0.0.1 /club/index.php/Home/ApplyClub/applyJoin/stu_id/1
INFO: [ app_init ] --START--
INFO: Run Behavior\BuildLiteBehavior [ RunTime:0.000036s ]
INFO: [ app_init ] --END-- [ RunTime:0.000772s ]
ERR: SQLSTATE[23000]: Integrity constraint violation: 1048 Column 'name' cannot be null

[ 2015-09-01T15:07:05+08:00 ] 127.0.0.1 /club/index.php/Home/ApplyClub/applyJoin/stu_id/1
INFO: [ app_init ] --START--
INFO: Run Behavior\BuildLiteBehavior [ RunTime:0.000028s ]
INFO: [ app_init ] --END-- [ RunTime:0.000725s ]
ERR: SQLSTATE[23000]: Integrity constraint violation: 1048 Column 'name' cannot be null

[ 2015-09-01T15:07:05+08:00 ] 127.0.0.1 /club/index.php/Home/ApplyClub/applyJoin/stu_id/1
INFO: [ app_init ] --START--
INFO: Run Behavior\BuildLiteBehavior [ RunTime:0.000027s ]
INFO: [ app_init ] --END-- [ RunTime:0.000669s ]
ERR: SQLSTATE[23000]: Integrity constraint violation: 1048 Column 'name' cannot be null

[ 2015-09-01T15:07:05+08:00 ] 127.0.0.1 /club/index.php/Home/ApplyClub/applyJoin/stu_id/1
INFO: [ app_init ] --START--
INFO: Run Behavior\BuildLiteBehavior [ RunTime:0.000026s ]
INFO: [ app_init ] --END-- [ RunTime:0.000616s ]
ERR: SQLSTATE[23000]: Integrity constraint violation: 1048 Column 'name' cannot be null

[ 2015-09-01T15:07:06+08:00 ] 127.0.0.1 /club/index.php/Home/ApplyClub/applyJoin/stu_id/1
INFO: [ app_init ] --START--
INFO: Run Behavior\BuildLiteBehavior [ RunTime:0.000033s ]
INFO: [ app_init ] --END-- [ RunTime:0.000704s ]
ERR: SQLSTATE[23000]: Integrity constraint violation: 1048 Column 'name' cannot be null

[ 2015-09-01T15:07:06+08:00 ] 127.0.0.1 /club/index.php/Home/ApplyClub/applyJoin/stu_id/1
INFO: [ app_init ] --START--
INFO: Run Behavior\BuildLiteBehavior [ RunTime:0.000030s ]
INFO: [ app_init ] --END-- [ RunTime:0.001905s ]
ERR: SQLSTATE[23000]: Integrity constraint violation: 1048 Column 'name' cannot be null

[ 2015-09-01T15:10:13+08:00 ] 127.0.0.1 /club/index.php/Home/ApplyClub/applyJoin/stu_id/1
INFO: [ app_init ] --START--
INFO: Run Behavior\BuildLiteBehavior [ RunTime:0.000016s ]
INFO: [ app_init ] --END-- [ RunTime:0.000470s ]
ERR: SQLSTATE[23000]: Integrity constraint violation: 1048 Column 'name' cannot be null

[ 2015-09-01T15:10:20+08:00 ] 127.0.0.1 /club/index.php/Home/ApplyClub/applyJoin/
INFO: [ app_init ] --START--
INFO: Run Behavior\BuildLiteBehavior [ RunTime:0.000025s ]
INFO: [ app_init ] --END-- [ RunTime:0.000653s ]

[ 2015-09-01T15:10:23+08:00 ] 127.0.0.1 /club/index.php/Home/ApplyClub/applyJoin/
INFO: [ app_init ] --START--
INFO: Run Behavior\BuildLiteBehavior [ RunTime:0.000026s ]
INFO: [ app_init ] --END-- [ RunTime:0.000943s ]

[ 2015-09-01T15:10:29+08:00 ] 127.0.0.1 /club/index.php/Home/ApplyClub/applyJoin/
INFO: [ app_init ] --START--
INFO: Run Behavior\BuildLiteBehavior [ RunTime:0.000061s ]
INFO: [ app_init ] --END-- [ RunTime:0.001075s ]

[ 2015-09-01T15:10:30+08:00 ] 127.0.0.1 /club/index.php/Home/ApplyClub/applyJoin/
INFO: [ app_init ] --START--
INFO: Run Behavior\BuildLiteBehavior [ RunTime:0.000019s ]
INFO: [ app_init ] --END-- [ RunTime:0.000492s ]

[ 2015-09-01T15:10:33+08:00 ] 127.0.0.1 /club/index.php/Home/ApplyClub/applyJoin/stu_id/2
INFO: [ app_init ] --START--
INFO: Run Behavior\BuildLiteBehavior [ RunTime:0.000021s ]
INFO: [ app_init ] --END-- [ RunTime:0.000664s ]
ERR: SQLSTATE[23000]: Integrity constraint violation: 1048 Column 'name' cannot be null

[ 2015-09-01T15:10:37+08:00 ] 127.0.0.1 /club/index.php/Home/ApplyClub/applyJoin/stu_id/3
INFO: [ app_init ] --START--
INFO: Run Behavior\BuildLiteBehavior [ RunTime:0.000022s ]
INFO: [ app_init ] --END-- [ RunTime:0.000529s ]
ERR: SQLSTATE[23000]: Integrity constraint violation: 1048 Column 'name' cannot be null

[ 2015-09-01T15:10:40+08:00 ] 127.0.0.1 /club/index.php/Home/ApplyClub/applyJoin/stu_id/1
INFO: [ app_init ] --START--
INFO: Run Behavior\BuildLiteBehavior [ RunTime:0.000016s ]
INFO: [ app_init ] --END-- [ RunTime:0.000414s ]
ERR: SQLSTATE[23000]: Integrity constraint violation: 1048 Column 'name' cannot be null

[ 2015-09-01T15:10:44+08:00 ] 127.0.0.1 /club/index.php/Home/ApplyClub/applyJoin/stu_id/2
INFO: [ app_init ] --START--
INFO: Run Behavior\BuildLiteBehavior [ RunTime:0.000029s ]
INFO: [ app_init ] --END-- [ RunTime:0.001260s ]
ERR: SQLSTATE[23000]: Integrity constraint violation: 1048 Column 'name' cannot be null

[ 2015-09-01T15:11:10+08:00 ] 127.0.0.1 /club/index.php/Home/ApplyClub/applyJoin/stu_id/2
INFO: [ app_init ] --START--
INFO: Run Behavior\BuildLiteBehavior [ RunTime:0.000032s ]
INFO: [ app_init ] --END-- [ RunTime:0.000537s ]
ERR: SQLSTATE[23000]: Integrity constraint violation: 1048 Column 'email' cannot be null

[ 2015-09-01T15:11:18+08:00 ] 127.0.0.1 /club/index.php/Home/ApplyClub/applyJoin/stu_id/2
INFO: [ app_init ] --START--
INFO: Run Behavior\BuildLiteBehavior [ RunTime:0.000036s ]
INFO: [ app_init ] --END-- [ RunTime:0.000631s ]
ERR: SQLSTATE[23000]: Integrity constraint violation: 1048 Column 'college' cannot be null

[ 2015-09-01T15:11:19+08:00 ] 127.0.0.1 /club/index.php/Home/ApplyClub/applyJoin/stu_id/2
INFO: [ app_init ] --START--
INFO: Run Behavior\BuildLiteBehavior [ RunTime:0.000017s ]
INFO: [ app_init ] --END-- [ RunTime:0.000417s ]
ERR: SQLSTATE[23000]: Integrity constraint violation: 1048 Column 'college' cannot be null

[ 2015-09-01T15:11:48+08:00 ] 127.0.0.1 /club/index.php/Home/ApplyClub/applyJoin/stu_id/2
INFO: [ app_init ] --START--
INFO: Run Behavior\BuildLiteBehavior [ RunTime:0.000068s ]
INFO: [ app_init ] --END-- [ RunTime:0.000592s ]
ERR: SQLSTATE[23000]: Integrity constraint violation: 1048 Column 'name' cannot be null

[ 2015-09-01T15:12:06+08:00 ] 127.0.0.1 /club/index.php/Home/ApplyClub/applyJoin/stu_id/2/name/ggg
INFO: [ app_init ] --START--
INFO: Run Behavior\BuildLiteBehavior [ RunTime:0.000033s ]
INFO: [ app_init ] --END-- [ RunTime:0.000971s ]
ERR: SQLSTATE[23000]: Integrity constraint violation: 1048 Column 'name' cannot be null

[ 2015-09-01T15:12:20+08:00 ] 127.0.0.1 /club/index.php/Home/ApplyClub/applyJoin/stu_id/2/name/ggg
INFO: [ app_init ] --START--
INFO: Run Behavior\BuildLiteBehavior [ RunTime:0.000018s ]
INFO: [ app_init ] --END-- [ RunTime:0.000889s ]
ERR: SQLSTATE[23000]: Integrity constraint violation: 1048 Column 'name' cannot be null

[ 2015-09-01T15:13:11+08:00 ] 127.0.0.1 /club/index.php/Home/ApplyClub/applyJoin/stu_id/2/name/ggg
INFO: [ app_init ] --START--
INFO: Run Behavior\BuildLiteBehavior [ RunTime:0.000017s ]
INFO: [ app_init ] --END-- [ RunTime:0.000470s ]

[ 2015-09-01T15:13:11+08:00 ] 127.0.0.1 /club/index.php/Home/ApplyClub/applyJoin/stu_id/2/name/ggg
INFO: [ app_init ] --START--
INFO: Run Behavior\BuildLiteBehavior [ RunTime:0.000031s ]
INFO: [ app_init ] --END-- [ RunTime:0.000595s ]

[ 2015-09-01T15:15:14+08:00 ] 127.0.0.1 /club/index.php/Home/ApplyClub/applyJoin/stu_id/2/name/ggg
INFO: [ app_init ] --START--
INFO: Run Behavior\BuildLiteBehavior [ RunTime:0.000018s ]
INFO: [ app_init ] --END-- [ RunTime:0.000466s ]
ERR: SQLSTATE[23000]: Integrity constraint violation: 1048 Column 'name' cannot be null

[ 2015-09-01T15:15:16+08:00 ] 127.0.0.1 /club/index.php/Home/ApplyClub/applyJoin/stu_id/2/name/ggg
INFO: [ app_init ] --START--
INFO: Run Behavior\BuildLiteBehavior [ RunTime:0.000019s ]
INFO: [ app_init ] --END-- [ RunTime:0.000540s ]
ERR: SQLSTATE[23000]: Integrity constraint violation: 1048 Column 'name' cannot be null

[ 2015-09-01T15:15:16+08:00 ] 127.0.0.1 /club/index.php/Home/ApplyClub/applyJoin/stu_id/2/name/ggg
INFO: [ app_init ] --START--
INFO: Run Behavior\BuildLiteBehavior [ RunTime:0.000016s ]
INFO: [ app_init ] --END-- [ RunTime:0.000455s ]
ERR: SQLSTATE[23000]: Integrity constraint violation: 1048 Column 'name' cannot be null

[ 2015-09-01T15:15:16+08:00 ] 127.0.0.1 /club/index.php/Home/ApplyClub/applyJoin/stu_id/2/name/ggg
INFO: [ app_init ] --START--
INFO: Run Behavior\BuildLiteBehavior [ RunTime:0.000027s ]
INFO: [ app_init ] --END-- [ RunTime:0.000602s ]
ERR: SQLSTATE[23000]: Integrity constraint violation: 1048 Column 'name' cannot be null

[ 2015-09-01T15:15:16+08:00 ] 127.0.0.1 /club/index.php/Home/ApplyClub/applyJoin/stu_id/2/name/ggg
INFO: [ app_init ] --START--
INFO: Run Behavior\BuildLiteBehavior [ RunTime:0.000027s ]
INFO: [ app_init ] --END-- [ RunTime:0.000645s ]
ERR: SQLSTATE[23000]: Integrity constraint violation: 1048 Column 'name' cannot be null

[ 2015-09-01T15:15:17+08:00 ] 127.0.0.1 /club/index.php/Home/ApplyClub/applyJoin/stu_id/2/name/ggg
INFO: [ app_init ] --START--
INFO: Run Behavior\BuildLiteBehavior [ RunTime:0.000021s ]
INFO: [ app_init ] --END-- [ RunTime:0.000504s ]
ERR: SQLSTATE[23000]: Integrity constraint violation: 1048 Column 'name' cannot be null

[ 2015-09-01T15:15:17+08:00 ] 127.0.0.1 /club/index.php/Home/ApplyClub/applyJoin/stu_id/2/name/ggg
INFO: [ app_init ] --START--
INFO: Run Behavior\BuildLiteBehavior [ RunTime:0.000031s ]
INFO: [ app_init ] --END-- [ RunTime:0.000672s ]
ERR: SQLSTATE[23000]: Integrity constraint violation: 1048 Column 'name' cannot be null

[ 2015-09-01T15:16:11+08:00 ] 127.0.0.1 /club/index.php/Home/ApplyClub/infoCheck
INFO: [ app_init ] --START--
INFO: Run Behavior\BuildLiteBehavior [ RunTime:0.000024s ]
INFO: [ app_init ] --END-- [ RunTime:0.000446s ]

[ 2015-09-01T15:18:40+08:00 ] 127.0.0.1 /club/index.php/Home/ApplyClub/infoCheck
INFO: [ app_init ] --START--
INFO: Run Behavior\BuildLiteBehavior [ RunTime:0.000028s ]
INFO: [ app_init ] --END-- [ RunTime:0.000619s ]

[ 2015-09-01T15:18:42+08:00 ] 127.0.0.1 /club/index.php/Home/ApplyClub/infoCheck
INFO: [ app_init ] --START--
INFO: Run Behavior\BuildLiteBehavior [ RunTime:0.000020s ]
INFO: [ app_init ] --END-- [ RunTime:0.000614s ]

[ 2015-09-01T15:18:49+08:00 ] 127.0.0.1 /club/index.php/Home/ApplyClub/applyJoin/
INFO: [ app_init ] --START--
INFO: Run Behavior\BuildLiteBehavior [ RunTime:0.000032s ]
INFO: [ app_init ] --END-- [ RunTime:0.000888s ]

[ 2015-09-01T15:18:58+08:00 ] 127.0.0.1 /club/index.php/Home/ApplyClub/applyJoin/stu_id/2/name/ggg
INFO: [ app_init ] --START--
INFO: Run Behavior\BuildLiteBehavior [ RunTime:0.000037s ]
INFO: [ app_init ] --END-- [ RunTime:0.000933s ]

[ 2015-09-01T15:20:08+08:00 ] 127.0.0.1 /club/index.php/Home/ApplyClub/applyJoin/stu_id/2/name/ggg
INFO: [ app_init ] --START--
INFO: Run Behavior\BuildLiteBehavior [ RunTime:0.000017s ]
INFO: [ app_init ] --END-- [ RunTime:0.000588s ]
ERR: SQLSTATE[23000]: Integrity constraint violation: 1048 Column 'name' cannot be null

[ 2015-09-01T15:20:09+08:00 ] 127.0.0.1 /club/index.php/Home/ApplyClub/applyJoin/stu_id/2/name/ggg
INFO: [ app_init ] --START--
INFO: Run Behavior\BuildLiteBehavior [ RunTime:0.000018s ]
INFO: [ app_init ] --END-- [ RunTime:0.000594s ]
ERR: SQLSTATE[23000]: Integrity constraint violation: 1048 Column 'name' cannot be null

[ 2015-09-01T15:20:50+08:00 ] 127.0.0.1 /club/index.php/Home/ApplyClub/applyJoin/stu_id/2/name/ggg
ERR: SQLSTATE[23000]: Integrity constraint violation: 1048 Column 'name' cannot be null

[ 2015-09-01T15:20:51+08:00 ] 127.0.0.1 /club/index.php/Home/ApplyClub/applyJoin/stu_id/2/name/ggg
ERR: SQLSTATE[23000]: Integrity constraint violation: 1048 Column 'name' cannot be null

[ 2015-09-01T15:20:52+08:00 ] 127.0.0.1 /club/index.php/Home/ApplyClub/applyJoin/stu_id/2/name/ggg
ERR: SQLSTATE[23000]: Integrity constraint violation: 1048 Column 'name' cannot be null

[ 2015-09-01T15:20:52+08:00 ] 127.0.0.1 /club/index.php/Home/ApplyClub/applyJoin/stu_id/2/name/ggg
ERR: SQLSTATE[23000]: Integrity constraint violation: 1048 Column 'name' cannot be null

[ 2015-09-01T15:20:53+08:00 ] 127.0.0.1 /club/index.php/Home/ApplyClub/applyJoin/stu_id/2/name/ggg
ERR: SQLSTATE[23000]: Integrity constraint violation: 1048 Column 'name' cannot be null

[ 2015-09-01T15:20:53+08:00 ] 127.0.0.1 /club/index.php/Home/ApplyClub/applyJoin/stu_id/2/name/ggg
ERR: SQLSTATE[23000]: Integrity constraint violation: 1048 Column 'name' cannot be null

[ 2015-09-01T15:20:53+08:00 ] 127.0.0.1 /club/index.php/Home/ApplyClub/applyJoin/stu_id/2/name/ggg
ERR: SQLSTATE[23000]: Integrity constraint violation: 1048 Column 'name' cannot be null

[ 2015-09-01T15:20:53+08:00 ] 127.0.0.1 /club/index.php/Home/ApplyClub/applyJoin/stu_id/2/name/ggg
ERR: SQLSTATE[23000]: Integrity constraint violation: 1048 Column 'name' cannot be null

[ 2015-09-01T15:20:54+08:00 ] 127.0.0.1 /club/index.php/Home/ApplyClub/applyJoin/stu_id/2/name/ggg
ERR: SQLSTATE[23000]: Integrity constraint violation: 1048 Column 'name' cannot be null

[ 2015-09-01T15:20:54+08:00 ] 127.0.0.1 /club/index.php/Home/ApplyClub/applyJoin/stu_id/2/name/ggg
ERR: SQLSTATE[23000]: Integrity constraint violation: 1048 Column 'name' cannot be null

[ 2015-09-01T15:20:54+08:00 ] 127.0.0.1 /club/index.php/Home/ApplyClub/applyJoin/stu_id/2/name/ggg
ERR: SQLSTATE[23000]: Integrity constraint violation: 1048 Column 'name' cannot be null

[ 2015-09-01T15:20:54+08:00 ] 127.0.0.1 /club/index.php/Home/ApplyClub/applyJoin/stu_id/2/name/ggg
ERR: SQLSTATE[23000]: Integrity constraint violation: 1048 Column 'name' cannot be null

[ 2015-09-01T15:20:54+08:00 ] 127.0.0.1 /club/index.php/Home/ApplyClub/applyJoin/stu_id/2/name/ggg
ERR: SQLSTATE[23000]: Integrity constraint violation: 1048 Column 'name' cannot be null

[ 2015-09-01T15:21:10+08:00 ] 127.0.0.1 /club/index.php/Home/ApplyClub/applyJoin/stu_id/2/name/ggg
INFO: [ app_init ] --START--
INFO: Run Behavior\BuildLiteBehavior [ RunTime:0.000018s ]
INFO: [ app_init ] --END-- [ RunTime:0.000462s ]
ERR: SQLSTATE[23000]: Integrity constraint violation: 1048 Column 'name' cannot be null

[ 2015-09-01T15:22:59+08:00 ] 127.0.0.1 /club/index.php/Home/ApplyClub/applyJoin/stu_id/2/name/ggg
INFO: [ app_init ] --START--
INFO: Run Behavior\BuildLiteBehavior [ RunTime:0.000019s ]
INFO: [ app_init ] --END-- [ RunTime:0.000530s ]
ERR: SQLSTATE[23000]: Integrity constraint violation: 1048 Column 'name' cannot be null

[ 2015-09-01T15:23:01+08:00 ] 127.0.0.1 /club/index.php/Home/ApplyClub/applyJoin/stu_id/2/name/ggg
INFO: [ app_init ] --START--
INFO: Run Behavior\BuildLiteBehavior [ RunTime:0.000017s ]
INFO: [ app_init ] --END-- [ RunTime:0.000455s ]
ERR: SQLSTATE[23000]: Integrity constraint violation: 1048 Column 'name' cannot be null

[ 2015-09-01T15:23:01+08:00 ] 127.0.0.1 /club/index.php/Home/ApplyClub/applyJoin/stu_id/2/name/ggg
INFO: [ app_init ] --START--
INFO: Run Behavior\BuildLiteBehavior [ RunTime:0.000024s ]
INFO: [ app_init ] --END-- [ RunTime:0.000438s ]
ERR: SQLSTATE[23000]: Integrity constraint violation: 1048 Column 'name' cannot be null

[ 2015-09-01T15:23:02+08:00 ] 127.0.0.1 /club/index.php/Home/ApplyClub/applyJoin/stu_id/2/name/ggg
INFO: [ app_init ] --START--
INFO: Run Behavior\BuildLiteBehavior [ RunTime:0.000028s ]
INFO: [ app_init ] --END-- [ RunTime:0.000694s ]
ERR: SQLSTATE[23000]: Integrity constraint violation: 1048 Column 'name' cannot be null

[ 2015-09-01T15:23:02+08:00 ] 127.0.0.1 /club/index.php/Home/ApplyClub/applyJoin/stu_id/2/name/ggg
INFO: [ app_init ] --START--
INFO: Run Behavior\BuildLiteBehavior [ RunTime:0.000017s ]
INFO: [ app_init ] --END-- [ RunTime:0.000430s ]
ERR: SQLSTATE[23000]: Integrity constraint violation: 1048 Column 'name' cannot be null

[ 2015-09-01T15:23:02+08:00 ] 127.0.0.1 /club/index.php/Home/ApplyClub/applyJoin/stu_id/2/name/ggg
INFO: [ app_init ] --START--
INFO: Run Behavior\BuildLiteBehavior [ RunTime:0.000017s ]
INFO: [ app_init ] --END-- [ RunTime:0.000378s ]
ERR: SQLSTATE[23000]: Integrity constraint violation: 1048 Column 'name' cannot be null

[ 2015-09-01T15:23:02+08:00 ] 127.0.0.1 /club/index.php/Home/ApplyClub/applyJoin/stu_id/2/name/ggg
INFO: [ app_init ] --START--
INFO: Run Behavior\BuildLiteBehavior [ RunTime:0.000018s ]
INFO: [ app_init ] --END-- [ RunTime:0.000374s ]
ERR: SQLSTATE[23000]: Integrity constraint violation: 1048 Column 'name' cannot be null

[ 2015-09-01T15:23:02+08:00 ] 127.0.0.1 /club/index.php/Home/ApplyClub/applyJoin/stu_id/2/name/ggg
INFO: [ app_init ] --START--
INFO: Run Behavior\BuildLiteBehavior [ RunTime:0.000046s ]
INFO: [ app_init ] --END-- [ RunTime:0.000731s ]
ERR: SQLSTATE[23000]: Integrity constraint violation: 1048 Column 'name' cannot be null

[ 2015-09-01T15:23:10+08:00 ] 127.0.0.1 /club/index.php/Home/ApplyClub/applyJoin/stu_id/2/name/ggg
INFO: [ app_init ] --START--
INFO: Run Behavior\BuildLiteBehavior [ RunTime:0.000017s ]
INFO: [ app_init ] --END-- [ RunTime:0.000482s ]
ERR: SQLSTATE[23000]: Integrity constraint violation: 1048 Column 'name' cannot be null

[ 2015-09-01T15:23:10+08:00 ] 127.0.0.1 /club/index.php/Home/ApplyClub/applyJoin/stu_id/2/name/ggg
INFO: [ app_init ] --START--
INFO: Run Behavior\BuildLiteBehavior [ RunTime:0.000034s ]
INFO: [ app_init ] --END-- [ RunTime:0.001804s ]
ERR: SQLSTATE[23000]: Integrity constraint violation: 1048 Column 'name' cannot be null

[ 2015-09-01T15:23:10+08:00 ] 127.0.0.1 /club/index.php/Home/ApplyClub/applyJoin/stu_id/2/name/ggg
INFO: [ app_init ] --START--
INFO: Run Behavior\BuildLiteBehavior [ RunTime:0.000016s ]
INFO: [ app_init ] --END-- [ RunTime:0.000355s ]
ERR: SQLSTATE[23000]: Integrity constraint violation: 1048 Column 'name' cannot be null

[ 2015-09-01T15:23:10+08:00 ] 127.0.0.1 /club/index.php/Home/ApplyClub/applyJoin/stu_id/2/name/ggg
INFO: [ app_init ] --START--
INFO: Run Behavior\BuildLiteBehavior [ RunTime:0.000028s ]
INFO: [ app_init ] --END-- [ RunTime:0.000437s ]
ERR: SQLSTATE[23000]: Integrity constraint violation: 1048 Column 'name' cannot be null

[ 2015-09-01T15:23:40+08:00 ] 127.0.0.1 /club/index.php/Home/ApplyClub/applyJoin/stu_id/2/name/ggg
INFO: [ app_init ] --START--
INFO: Run Behavior\BuildLiteBehavior [ RunTime:0.000032s ]
INFO: [ app_init ] --END-- [ RunTime:0.000562s ]

[ 2015-09-01T15:23:57+08:00 ] 127.0.0.1 /club/index.php/Home/ApplyClub/applyJoin/stu_id/2/name/ggg
INFO: [ app_init ] --START--
INFO: Run Behavior\BuildLiteBehavior [ RunTime:0.000018s ]
INFO: [ app_init ] --END-- [ RunTime:0.000426s ]

[ 2015-09-01T15:24:37+08:00 ] 127.0.0.1 /club/index.php/Home/ApplyClub/applyJoin/stu_id/2/name/ggg
INFO: [ app_init ] --START--
INFO: Run Behavior\BuildLiteBehavior [ RunTime:0.000020s ]
INFO: [ app_init ] --END-- [ RunTime:0.000518s ]
ERR: SQLSTATE[23000]: Integrity constraint violation: 1048 Column 'name' cannot be null

[ 2015-09-01T15:25:15+08:00 ] 127.0.0.1 /club/index.php/Home/Register
INFO: [ app_init ] --START--
INFO: Run Behavior\BuildLiteBehavior [ RunTime:0.000032s ]
INFO: [ app_init ] --END-- [ RunTime:0.000513s ]

[ 2015-09-01T15:25:15+08:00 ] 127.0.0.1 /club/index.php/Home/Register/verify
INFO: [ app_init ] --START--
INFO: Run Behavior\BuildLiteBehavior [ RunTime:0.000016s ]
INFO: [ app_init ] --END-- [ RunTime:0.000457s ]

[ 2015-09-01T15:25:17+08:00 ] 127.0.0.1 /club/index.php/Register/handle.html
INFO: [ app_init ] --START--
INFO: Run Behavior\BuildLiteBehavior [ RunTime:0.000016s ]
INFO: [ app_init ] --END-- [ RunTime:0.000459s ]

[ 2015-09-01T15:25:34+08:00 ] 127.0.0.1 /club/index.php/Register/handle.html
INFO: [ app_init ] --START--
INFO: Run Behavior\BuildLiteBehavior [ RunTime:0.000019s ]
INFO: [ app_init ] --END-- [ RunTime:0.000447s ]

[ 2015-09-01T15:25:59+08:00 ] 127.0.0.1 /club/index.php/Home/Register
INFO: [ app_init ] --START--
INFO: Run Behavior\BuildLiteBehavior [ RunTime:0.000021s ]
INFO: [ app_init ] --END-- [ RunTime:0.000444s ]

[ 2015-09-01T15:25:59+08:00 ] 127.0.0.1 /club/index.php/Home/Register/verify
INFO: [ app_init ] --START--
INFO: Run Behavior\BuildLiteBehavior [ RunTime:0.000019s ]
INFO: [ app_init ] --END-- [ RunTime:0.000570s ]

[ 2015-09-01T15:26:05+08:00 ] 127.0.0.1 /club/index.php/Register/handle.html
INFO: [ app_init ] --START--
INFO: Run Behavior\BuildLiteBehavior [ RunTime:0.000022s ]
INFO: [ app_init ] --END-- [ RunTime:0.000440s ]

[ 2015-09-01T15:26:09+08:00 ] 127.0.0.1 /club/index.php/Register/handle
INFO: [ app_init ] --START--
INFO: Run Behavior\BuildLiteBehavior [ RunTime:0.000047s ]
INFO: [ app_init ] --END-- [ RunTime:0.000589s ]
ERR: SQLSTATE[23000]: Integrity constraint violation: 1048 Column 'name' cannot be null

[ 2015-09-01T15:26:14+08:00 ] 127.0.0.1 /club/index.php/Register/handle
INFO: [ app_init ] --START--
INFO: Run Behavior\BuildLiteBehavior [ RunTime:0.000020s ]
INFO: [ app_init ] --END-- [ RunTime:0.000654s ]
ERR: SQLSTATE[23000]: Integrity constraint violation: 1048 Column 'name' cannot be null

[ 2015-09-01T15:26:20+08:00 ] 127.0.0.1 /club/index.php/Register/handle
INFO: [ app_init ] --START--
INFO: Run Behavior\BuildLiteBehavior [ RunTime:0.000039s ]
INFO: [ app_init ] --END-- [ RunTime:0.000563s ]
ERR: SQLSTATE[23000]: Integrity constraint violation: 1048 Column 'name' cannot be null

[ 2015-09-01T15:30:09+08:00 ] 127.0.0.1 /club/index.php/Register/handle
INFO: [ app_init ] --START--
INFO: Run Behavior\BuildLiteBehavior [ RunTime:0.000019s ]
INFO: [ app_init ] --END-- [ RunTime:0.000576s ]
ERR: SQLSTATE[23000]: Integrity constraint violation: 1048 Column 'name' cannot be null

[ 2015-09-01T15:30:10+08:00 ] 127.0.0.1 /club/index.php/Register/handle
INFO: [ app_init ] --START--
INFO: Run Behavior\BuildLiteBehavior [ RunTime:0.000045s ]
INFO: [ app_init ] --END-- [ RunTime:0.000970s ]
ERR: SQLSTATE[23000]: Integrity constraint violation: 1048 Column 'name' cannot be null

[ 2015-09-01T15:30:10+08:00 ] 127.0.0.1 /club/index.php/Register/handle
INFO: [ app_init ] --START--
INFO: Run Behavior\BuildLiteBehavior [ RunTime:0.000065s ]
INFO: [ app_init ] --END-- [ RunTime:0.000824s ]
ERR: SQLSTATE[23000]: Integrity constraint violation: 1048 Column 'name' cannot be null

[ 2015-09-01T15:30:10+08:00 ] 127.0.0.1 /club/index.php/Register/handle
INFO: [ app_init ] --START--
INFO: Run Behavior\BuildLiteBehavior [ RunTime:0.000027s ]
INFO: [ app_init ] --END-- [ RunTime:0.000778s ]
ERR: SQLSTATE[23000]: Integrity constraint violation: 1048 Column 'name' cannot be null

[ 2015-09-01T15:30:10+08:00 ] 127.0.0.1 /club/index.php/Register/handle
INFO: [ app_init ] --START--
INFO: Run Behavior\BuildLiteBehavior [ RunTime:0.000033s ]
INFO: [ app_init ] --END-- [ RunTime:0.000809s ]
ERR: SQLSTATE[23000]: Integrity constraint violation: 1048 Column 'name' cannot be null

[ 2015-09-01T15:30:10+08:00 ] 127.0.0.1 /club/index.php/Register/handle
INFO: [ app_init ] --START--
INFO: Run Behavior\BuildLiteBehavior [ RunTime:0.000057s ]
INFO: [ app_init ] --END-- [ RunTime:0.001320s ]
ERR: SQLSTATE[23000]: Integrity constraint violation: 1048 Column 'name' cannot be null

[ 2015-09-01T15:30:11+08:00 ] 127.0.0.1 /club/index.php/Register/handle
INFO: [ app_init ] --START--
INFO: Run Behavior\BuildLiteBehavior [ RunTime:0.000040s ]
INFO: [ app_init ] --END-- [ RunTime:0.000568s ]
ERR: SQLSTATE[23000]: Integrity constraint violation: 1048 Column 'name' cannot be null

[ 2015-09-01T15:30:11+08:00 ] 127.0.0.1 /club/index.php/Register/handle
INFO: [ app_init ] --START--
INFO: Run Behavior\BuildLiteBehavior [ RunTime:0.000018s ]
INFO: [ app_init ] --END-- [ RunTime:0.000398s ]
ERR: SQLSTATE[23000]: Integrity constraint violation: 1048 Column 'name' cannot be null

[ 2015-09-01T15:30:11+08:00 ] 127.0.0.1 /club/index.php/Register/handle
INFO: [ app_init ] --START--
INFO: Run Behavior\BuildLiteBehavior [ RunTime:0.000021s ]
INFO: [ app_init ] --END-- [ RunTime:0.000615s ]
ERR: SQLSTATE[23000]: Integrity constraint violation: 1048 Column 'name' cannot be null

[ 2015-09-01T15:30:11+08:00 ] 127.0.0.1 /club/index.php/Register/handle
INFO: [ app_init ] --START--
INFO: Run Behavior\BuildLiteBehavior [ RunTime:0.000031s ]
INFO: [ app_init ] --END-- [ RunTime:0.000618s ]
ERR: SQLSTATE[23000]: Integrity constraint violation: 1048 Column 'name' cannot be null

[ 2015-09-01T15:30:11+08:00 ] 127.0.0.1 /club/index.php/Register/handle
INFO: [ app_init ] --START--
INFO: Run Behavior\BuildLiteBehavior [ RunTime:0.000034s ]
INFO: [ app_init ] --END-- [ RunTime:0.000798s ]
ERR: SQLSTATE[23000]: Integrity constraint violation: 1048 Column 'name' cannot be null

[ 2015-09-01T15:30:11+08:00 ] 127.0.0.1 /club/index.php/Register/handle
INFO: [ app_init ] --START--
INFO: Run Behavior\BuildLiteBehavior [ RunTime:0.000018s ]
INFO: [ app_init ] --END-- [ RunTime:0.000442s ]
ERR: SQLSTATE[23000]: Integrity constraint violation: 1048 Column 'name' cannot be null

[ 2015-09-01T15:30:12+08:00 ] 127.0.0.1 /club/index.php/Register/handle
INFO: [ app_init ] --START--
INFO: Run Behavior\BuildLiteBehavior [ RunTime:0.000027s ]
INFO: [ app_init ] --END-- [ RunTime:0.000796s ]
ERR: SQLSTATE[23000]: Integrity constraint violation: 1048 Column 'name' cannot be null

[ 2015-09-01T15:30:12+08:00 ] 127.0.0.1 /club/index.php/Register/handle
INFO: [ app_init ] --START--
INFO: Run Behavior\BuildLiteBehavior [ RunTime:0.000039s ]
INFO: [ app_init ] --END-- [ RunTime:0.000749s ]
ERR: SQLSTATE[23000]: Integrity constraint violation: 1048 Column 'name' cannot be null

[ 2015-09-01T15:30:12+08:00 ] 127.0.0.1 /club/index.php/Register/handle
INFO: [ app_init ] --START--
INFO: Run Behavior\BuildLiteBehavior [ RunTime:0.000036s ]
INFO: [ app_init ] --END-- [ RunTime:0.000827s ]
ERR: SQLSTATE[23000]: Integrity constraint violation: 1048 Column 'name' cannot be null

[ 2015-09-01T15:30:12+08:00 ] 127.0.0.1 /club/index.php/Register/handle
INFO: [ app_init ] --START--
INFO: Run Behavior\BuildLiteBehavior [ RunTime:0.000025s ]
INFO: [ app_init ] --END-- [ RunTime:0.000587s ]
ERR: SQLSTATE[23000]: Integrity constraint violation: 1048 Column 'name' cannot be null

[ 2015-09-01T15:30:12+08:00 ] 127.0.0.1 /club/index.php/Register/handle
INFO: [ app_init ] --START--
INFO: Run Behavior\BuildLiteBehavior [ RunTime:0.000033s ]
INFO: [ app_init ] --END-- [ RunTime:0.000578s ]
ERR: SQLSTATE[23000]: Integrity constraint violation: 1048 Column 'name' cannot be null

[ 2015-09-01T15:30:12+08:00 ] 127.0.0.1 /club/index.php/Register/handle
INFO: [ app_init ] --START--
INFO: Run Behavior\BuildLiteBehavior [ RunTime:0.000026s ]
INFO: [ app_init ] --END-- [ RunTime:0.000614s ]
ERR: SQLSTATE[23000]: Integrity constraint violation: 1048 Column 'name' cannot be null

[ 2015-09-01T15:30:13+08:00 ] 127.0.0.1 /club/index.php/Register/handle
INFO: [ app_init ] --START--
INFO: Run Behavior\BuildLiteBehavior [ RunTime:0.000022s ]
INFO: [ app_init ] --END-- [ RunTime:0.000768s ]
ERR: SQLSTATE[23000]: Integrity constraint violation: 1048 Column 'name' cannot be null

[ 2015-09-01T15:30:13+08:00 ] 127.0.0.1 /club/index.php/Register/handle
INFO: [ app_init ] --START--
INFO: Run Behavior\BuildLiteBehavior [ RunTime:0.000051s ]
INFO: [ app_init ] --END-- [ RunTime:0.000955s ]
ERR: SQLSTATE[23000]: Integrity constraint violation: 1048 Column 'name' cannot be null

[ 2015-09-01T15:30:13+08:00 ] 127.0.0.1 /club/index.php/Register/handle
INFO: [ app_init ] --START--
INFO: Run Behavior\BuildLiteBehavior [ RunTime:0.000049s ]
INFO: [ app_init ] --END-- [ RunTime:0.000608s ]
ERR: SQLSTATE[23000]: Integrity constraint violation: 1048 Column 'name' cannot be null

[ 2015-09-01T15:30:13+08:00 ] 127.0.0.1 /club/index.php/Register/handle
INFO: [ app_init ] --START--
INFO: Run Behavior\BuildLiteBehavior [ RunTime:0.000018s ]
INFO: [ app_init ] --END-- [ RunTime:0.000457s ]
ERR: SQLSTATE[23000]: Integrity constraint violation: 1048 Column 'name' cannot be null

[ 2015-09-01T15:30:13+08:00 ] 127.0.0.1 /club/index.php/Register/handle
INFO: [ app_init ] --START--
INFO: Run Behavior\BuildLiteBehavior [ RunTime:0.000035s ]
INFO: [ app_init ] --END-- [ RunTime:0.000740s ]
ERR: SQLSTATE[23000]: Integrity constraint violation: 1048 Column 'name' cannot be null

[ 2015-09-01T15:30:13+08:00 ] 127.0.0.1 /club/index.php/Register/handle
INFO: [ app_init ] --START--
INFO: Run Behavior\BuildLiteBehavior [ RunTime:0.000018s ]
INFO: [ app_init ] --END-- [ RunTime:0.000713s ]
ERR: SQLSTATE[23000]: Integrity constraint violation: 1048 Column 'name' cannot be null

[ 2015-09-01T15:30:45+08:00 ] 127.0.0.1 /club/index.php/Register/handle
INFO: [ app_init ] --START--
INFO: Run Behavior\BuildLiteBehavior [ RunTime:0.000020s ]
INFO: [ app_init ] --END-- [ RunTime:0.000439s ]
ERR: SQLSTATE[23000]: Integrity constraint violation: 1048 Column 'name' cannot be null

[ 2015-09-01T15:30:54+08:00 ] 127.0.0.1 /club/index.php/Register/showDepart
INFO: [ app_init ] --START--
INFO: Run Behavior\BuildLiteBehavior [ RunTime:0.000026s ]
INFO: [ app_init ] --END-- [ RunTime:0.000636s ]
ERR: :showDepart

[ 2015-09-01T15:31:04+08:00 ] 127.0.0.1 /club/index.php/Register/showClub
INFO: [ app_init ] --START--
INFO: Run Behavior\BuildLiteBehavior [ RunTime:0.000019s ]
INFO: [ app_init ] --END-- [ RunTime:0.000548s ]
ERR: :showClub

[ 2015-09-01T15:31:22+08:00 ] 127.0.0.1 /club/index.php/ApplyClub/showClub
INFO: [ app_init ] --START--
INFO: Run Behavior\BuildLiteBehavior [ RunTime:0.000018s ]
INFO: [ app_init ] --END-- [ RunTime:0.000509s ]

[ 2015-09-01T15:31:33+08:00 ] 127.0.0.1 /club/index.php/ApplyClub/applyJoin
INFO: [ app_init ] --START--
INFO: Run Behavior\BuildLiteBehavior [ RunTime:0.000020s ]
INFO: [ app_init ] --END-- [ RunTime:0.000463s ]

[ 2015-09-01T15:31:44+08:00 ] 127.0.0.1 /club/index.php/ApplyClub/applyJoin/stu_id/2
INFO: [ app_init ] --START--
INFO: Run Behavior\BuildLiteBehavior [ RunTime:0.000034s ]
INFO: [ app_init ] --END-- [ RunTime:0.000673s ]
ERR: SQLSTATE[23000]: Integrity constraint violation: 1048 Column 'name' cannot be null

[ 2015-09-01T15:32:29+08:00 ] 127.0.0.1 /club/index.php/ApplyClub/applyJoin/stu_id/2
INFO: [ app_init ] --START--
INFO: Run Behavior\BuildLiteBehavior [ RunTime:0.000017s ]
INFO: [ app_init ] --END-- [ RunTime:0.000532s ]
ERR: SQLSTATE[23000]: Integrity constraint violation: 1048 Column 'name' cannot be null

[ 2015-09-01T15:32:41+08:00 ] 127.0.0.1 /club/index.php/ApplyClub/showClub/id/2
INFO: [ app_init ] --START--
INFO: Run Behavior\BuildLiteBehavior [ RunTime:0.000047s ]
INFO: [ app_init ] --END-- [ RunTime:0.000751s ]

[ 2015-09-01T15:33:40+08:00 ] 127.0.0.1 /club/index.php/ApplyClub/showClub/id/2
INFO: [ app_init ] --START--
INFO: Run Behavior\BuildLiteBehavior [ RunTime:0.000016s ]
INFO: [ app_init ] --END-- [ RunTime:0.000501s ]

[ 2015-09-01T15:33:45+08:00 ] 127.0.0.1 /club/index.php/Home/ApplyClub/join/club_id/
INFO: [ app_init ] --START--
INFO: Run Behavior\BuildLiteBehavior [ RunTime:0.000044s ]
INFO: [ app_init ] --END-- [ RunTime:0.000894s ]

[ 2015-09-01T15:33:49+08:00 ] 127.0.0.1 /club/index.php/ApplyClub/applyJoin.html
INFO: [ app_init ] --START--
INFO: Run Behavior\BuildLiteBehavior [ RunTime:0.000017s ]
INFO: [ app_init ] --END-- [ RunTime:0.000467s ]

[ 2015-09-01T15:33:56+08:00 ] 127.0.0.1 /club/index.php/ApplyClub/applyJoin.html
INFO: [ app_init ] --START--
INFO: Run Behavior\BuildLiteBehavior [ RunTime:0.000027s ]
INFO: [ app_init ] --END-- [ RunTime:0.000694s ]

[ 2015-09-01T15:34:12+08:00 ] 127.0.0.1 /club/index.php/ApplyClub/applyJoin.html
INFO: [ app_init ] --START--
INFO: Run Behavior\BuildLiteBehavior [ RunTime:0.000015s ]
INFO: [ app_init ] --END-- [ RunTime:0.000507s ]

[ 2015-09-01T15:34:18+08:00 ] 127.0.0.1 /club/index.php/ApplyClub/applyJoin.html
INFO: [ app_init ] --START--
INFO: Run Behavior\BuildLiteBehavior [ RunTime:0.000020s ]
INFO: [ app_init ] --END-- [ RunTime:0.000535s ]

[ 2015-09-01T15:34:43+08:00 ] 127.0.0.1 /club/index.php/ApplyClub/applyJoin.html
INFO: [ app_init ] --START--
INFO: Run Behavior\BuildLiteBehavior [ RunTime:0.000033s ]
INFO: [ app_init ] --END-- [ RunTime:0.001507s ]

[ 2015-09-01T15:35:18+08:00 ] 127.0.0.1 /club/index.php/ApplyClub/applyJoin.html
INFO: [ app_init ] --START--
INFO: Run Behavior\BuildLiteBehavior [ RunTime:0.000018s ]
INFO: [ app_init ] --END-- [ RunTime:0.000475s ]

[ 2015-09-01T15:35:28+08:00 ] 127.0.0.1 /club/index.php/ApplyClub/applyJoin.html
INFO: [ app_init ] --START--
INFO: Run Behavior\BuildLiteBehavior [ RunTime:0.000016s ]
INFO: [ app_init ] --END-- [ RunTime:0.000499s ]

[ 2015-09-01T15:35:36+08:00 ] 127.0.0.1 /club/index.php/ApplyClub/applyJoin.html
INFO: [ app_init ] --START--
INFO: Run Behavior\BuildLiteBehavior [ RunTime:0.000024s ]
INFO: [ app_init ] --END-- [ RunTime:0.000796s ]

[ 2015-09-01T15:35:51+08:00 ] 127.0.0.1 /club/index.php/ApplyClub/applyJoin.html
INFO: [ app_init ] --START--
INFO: Run Behavior\BuildLiteBehavior [ RunTime:0.000019s ]
INFO: [ app_init ] --END-- [ RunTime:0.000825s ]
ERR: SQLSTATE[23000]: Integrity constraint violation: 1048 Column 'name' cannot be null

[ 2015-09-01T15:36:18+08:00 ] 127.0.0.1 /club/index.php/ApplyClub/applyJoin.html
INFO: [ app_init ] --START--
INFO: Run Behavior\BuildLiteBehavior [ RunTime:0.000018s ]
INFO: [ app_init ] --END-- [ RunTime:0.000440s ]
ERR: SQLSTATE[23000]: Integrity constraint violation: 1048 Column 'name' cannot be null

[ 2015-09-01T15:36:38+08:00 ] 127.0.0.1 /club/index.php/ApplyClub/applyJoin.html
INFO: [ app_init ] --START--
INFO: Run Behavior\BuildLiteBehavior [ RunTime:0.000024s ]
INFO: [ app_init ] --END-- [ RunTime:0.000548s ]

[ 2015-09-01T15:36:43+08:00 ] 127.0.0.1 /club/index.php/ApplyClub/applyJoin.html
INFO: [ app_init ] --START--
INFO: Run Behavior\BuildLiteBehavior [ RunTime:0.000019s ]
INFO: [ app_init ] --END-- [ RunTime:0.000450s ]
ERR: SQLSTATE[23000]: Integrity constraint violation: 1048 Column 'name' cannot be null

[ 2015-09-01T15:37:17+08:00 ] 127.0.0.1 /club/index.php/ApplyClub/applyJoin.html
INFO: [ app_init ] --START--
INFO: Run Behavior\BuildLiteBehavior [ RunTime:0.000034s ]
INFO: [ app_init ] --END-- [ RunTime:0.000536s ]
ERR: SQLSTATE[23000]: Integrity constraint violation: 1048 Column 'name' cannot be null

[ 2015-09-01T15:37:46+08:00 ] 127.0.0.1 /club/index.php/ApplyClub/applyJoin.html
INFO: [ app_init ] --START--
INFO: Run Behavior\BuildLiteBehavior [ RunTime:0.000022s ]
INFO: [ app_init ] --END-- [ RunTime:0.000520s ]

[ 2015-09-01T15:37:59+08:00 ] 127.0.0.1 /club/index.php/ApplyClub/applyJoin.html
INFO: [ app_init ] --START--
INFO: Run Behavior\BuildLiteBehavior [ RunTime:0.000026s ]
INFO: [ app_init ] --END-- [ RunTime:0.000685s ]
ERR: SQLSTATE[23000]: Integrity constraint violation: 1048 Column 'stu_id' cannot be null

[ 2015-09-01T15:38:11+08:00 ] 127.0.0.1 /club/index.php/ApplyClub/applyJoin.html
INFO: [ app_init ] --START--
INFO: Run Behavior\BuildLiteBehavior [ RunTime:0.000030s ]
INFO: [ app_init ] --END-- [ RunTime:0.000534s ]
ERR: SQLSTATE[23000]: Integrity constraint violation: 1048 Column 'stu_id' cannot be null

[ 2015-09-01T15:38:30+08:00 ] 127.0.0.1 /club/index.php/ApplyClub/applyJoin.html
INFO: [ app_init ] --START--
INFO: Run Behavior\BuildLiteBehavior [ RunTime:0.000022s ]
INFO: [ app_init ] --END-- [ RunTime:0.000525s ]

[ 2015-09-01T15:39:31+08:00 ] 127.0.0.1 /club/index.php/ApplyClub/applyJoin
INFO: [ app_init ] --START--
INFO: Run Behavior\BuildLiteBehavior [ RunTime:0.000018s ]
INFO: [ app_init ] --END-- [ RunTime:0.000509s ]
ERR: SQLSTATE[23000]: Integrity constraint violation: 1048 Column 'name' cannot be null

[ 2015-09-01T15:47:11+08:00 ] 127.0.0.1 /club/index.php/ApplyClub/applyJoin
INFO: [ app_init ] --START--
INFO: Run Behavior\BuildLiteBehavior [ RunTime:0.000040s ]
INFO: [ app_init ] --END-- [ RunTime:0.000678s ]
ERR: SQLSTATE[23000]: Integrity constraint violation: 1048 Column 'name' cannot be null

[ 2015-09-01T17:13:52+08:00 ] 127.0.0.1 /club/
INFO: [ app_init ] --START--
INFO: Run Behavior\BuildLiteBehavior [ RunTime:0.000043s ]
INFO: [ app_init ] --END-- [ RunTime:0.010513s ]

[ 2015-09-01T18:56:05+08:00 ] 127.0.0.1 /club/Public/css/login.css
INFO: [ app_init ] --START--
INFO: Run Behavior\BuildLiteBehavior [ RunTime:0.000025s ]
INFO: [ app_init ] --END-- [ RunTime:0.000615s ]
ERR: :Public

[ 2015-09-01T18:56:05+08:00 ] 127.0.0.1 /club/Public/js/placeholder.js
INFO: [ app_init ] --START--
INFO: Run Behavior\BuildLiteBehavior [ RunTime:0.000026s ]
INFO: [ app_init ] --END-- [ RunTime:0.000692s ]
ERR: :Public

[ 2015-09-01T18:57:44+08:00 ] 127.0.0.1 /club/index.php/Home/ApplyClub
INFO: [ app_init ] --START--
INFO: Run Behavior\BuildLiteBehavior [ RunTime:0.000025s ]
INFO: [ app_init ] --END-- [ RunTime:0.000665s ]

[ 2015-09-01T18:57:49+08:00 ] 127.0.0.1 /club/index.php/Home/ApplyClub/applyJoin/
INFO: [ app_init ] --START--
INFO: Run Behavior\BuildLiteBehavior [ RunTime:0.000029s ]
INFO: [ app_init ] --END-- [ RunTime:0.000690s ]
ERR: SQLSTATE[23000]: Integrity constraint violation: 1048 Column 'name' cannot be null

[ 2015-09-01T18:57:57+08:00 ] 127.0.0.1 /club/index.php/Home/ApplyClub
INFO: [ app_init ] --START--
INFO: Run Behavior\BuildLiteBehavior [ RunTime:0.000034s ]
INFO: [ app_init ] --END-- [ RunTime:0.000407s ]

[ 2015-09-01T18:58:04+08:00 ] 127.0.0.1 /club/index.php/Home/Login
INFO: [ app_init ] --START--
INFO: Run Behavior\BuildLiteBehavior [ RunTime:0.000028s ]
INFO: [ app_init ] --END-- [ RunTime:0.000883s ]

[ 2015-09-01T18:58:05+08:00 ] 127.0.0.1 /club/index.php/Login/handle.html
INFO: [ app_init ] --START--
INFO: Run Behavior\BuildLiteBehavior [ RunTime:0.000030s ]
INFO: [ app_init ] --END-- [ RunTime:0.000653s ]

[ 2015-09-01T18:58:16+08:00 ] 127.0.0.1 /club/index.php/Register/index.html
INFO: [ app_init ] --START--
INFO: Run Behavior\BuildLiteBehavior [ RunTime:0.000027s ]
INFO: [ app_init ] --END-- [ RunTime:0.000749s ]

[ 2015-09-01T18:58:16+08:00 ] 127.0.0.1 /club/index.php/Home/Register/verify
INFO: [ app_init ] --START--
INFO: Run Behavior\BuildLiteBehavior [ RunTime:0.000026s ]
INFO: [ app_init ] --END-- [ RunTime:0.000633s ]

[ 2015-09-01T18:58:17+08:00 ] 127.0.0.1 /club/index.php/Register/handle.html
INFO: [ app_init ] --START--
INFO: Run Behavior\BuildLiteBehavior [ RunTime:0.000045s ]
INFO: [ app_init ] --END-- [ RunTime:0.000882s ]

[ 2015-09-01T22:09:28+08:00 ] 127.0.0.1 /club/index.php/Home/Login
INFO: [ app_init ] --START--
INFO: Run Behavior\BuildLiteBehavior [ RunTime:0.000055s ]
INFO: [ app_init ] --END-- [ RunTime:0.011024s ]

[ 2015-09-01T22:09:30+08:00 ] 127.0.0.1 /club/index.php/Home/Login
INFO: [ app_init ] --START--
INFO: Run Behavior\BuildLiteBehavior [ RunTime:0.000022s ]
INFO: [ app_init ] --END-- [ RunTime:0.000524s ]

[ 2015-09-01T22:09:31+08:00 ] 127.0.0.1 /club/index.php/Login/handle.html
INFO: [ app_init ] --START--
INFO: Run Behavior\BuildLiteBehavior [ RunTime:0.000019s ]
INFO: [ app_init ] --END-- [ RunTime:0.000494s ]

[ 2015-09-01T22:09:41+08:00 ] 127.0.0.1 /club/index.php/Login/handle.html
INFO: [ app_init ] --START--
INFO: Run Behavior\BuildLiteBehavior [ RunTime:0.000021s ]
INFO: [ app_init ] --END-- [ RunTime:0.000538s ]

[ 2015-09-01T22:11:26+08:00 ] 127.0.0.1 /club/index.php/Home/Login
INFO: [ app_init ] --START--
INFO: Run Behavior\BuildLiteBehavior [ RunTime:0.000032s ]
INFO: [ app_init ] --END-- [ RunTime:0.000989s ]

[ 2015-09-01T22:15:21+08:00 ] 127.0.0.1 /club/index.php/Home/Login
INFO: [ app_init ] --START--
INFO: Run Behavior\BuildLiteBehavior [ RunTime:0.000023s ]
INFO: [ app_init ] --END-- [ RunTime:0.000629s ]

[ 2015-09-01T22:15:25+08:00 ] 127.0.0.1 /club/index.php/Login/handle.html
INFO: [ app_init ] --START--
INFO: Run Behavior\BuildLiteBehavior [ RunTime:0.000026s ]
INFO: [ app_init ] --END-- [ RunTime:0.000692s ]

[ 2015-09-01T22:15:32+08:00 ] 127.0.0.1 /club/index.php/Login/handle.html
INFO: [ app_init ] --START--
INFO: Run Behavior\BuildLiteBehavior [ RunTime:0.000030s ]
INFO: [ app_init ] --END-- [ RunTime:0.000730s ]

