[ 2015-08-25T15:08:59+08:00 ] 127.0.0.1 /club/
INFO: [ app_init ] --START--
INFO: Run Behavior\BuildLiteBehavior [ RunTime:0.000015s ]
INFO: [ app_init ] --END-- [ RunTime:0.000519s ]
ERR: 无法加载控制器:Index

[ 2015-08-25T15:09:06+08:00 ] 127.0.0.1 /club/Home
INFO: [ app_init ] --START--
INFO: Run Behavior\BuildLiteBehavior [ RunTime:0.000022s ]
INFO: [ app_init ] --END-- [ RunTime:0.000410s ]
ERR: 无法加载控制器:Index

[ 2015-08-25T15:09:17+08:00 ] 127.0.0.1 /club/Home/Login
INFO: [ app_init ] --START--
INFO: Run Behavior\BuildLiteBehavior [ RunTime:0.000018s ]
INFO: [ app_init ] --END-- [ RunTime:0.000473s ]

[ 2015-08-25T15:09:40+08:00 ] 127.0.0.1 /club/index.php/Home/Login
INFO: [ app_init ] --START--
INFO: Run Behavior\BuildLiteBehavior [ RunTime:0.000032s ]
INFO: [ app_init ] --END-- [ RunTime:0.000704s ]

[ 2015-08-25T15:43:40+08:00 ] 127.0.0.1 /club/index.php/Login/handle.html
INFO: [ app_init ] --START--
INFO: Run Behavior\BuildLiteBehavior [ RunTime:0.000031s ]
INFO: [ app_init ] --END-- [ RunTime:0.000995s ]

[ 2015-08-25T16:50:36+08:00 ] 127.0.0.1 /club/index.php/ApplyClub
INFO: [ app_init ] --START--
INFO: Run Behavior\BuildLiteBehavior [ RunTime:0.000022s ]
INFO: [ app_init ] --END-- [ RunTime:0.000706s ]

[ 2015-08-25T16:51:55+08:00 ] 127.0.0.1 /club/index.php/ApplyClub
INFO: [ app_init ] --START--
INFO: Run Behavior\BuildLiteBehavior [ RunTime:0.000017s ]
INFO: [ app_init ] --END-- [ RunTime:0.000515s ]

[ 2015-08-25T16:52:24+08:00 ] 127.0.0.1 /club/index.php/ApplyClub
INFO: [ app_init ] --START--
INFO: Run Behavior\BuildLiteBehavior [ RunTime:0.000019s ]
INFO: [ app_init ] --END-- [ RunTime:0.000502s ]

[ 2015-08-25T16:53:16+08:00 ] 127.0.0.1 /club/index.php/ApplyClub
INFO: [ app_init ] --START--
INFO: Run Behavior\BuildLiteBehavior [ RunTime:0.000017s ]
INFO: [ app_init ] --END-- [ RunTime:0.000519s ]

[ 2015-08-25T16:53:27+08:00 ] 127.0.0.1 /club/index.php/ApplyClub
INFO: [ app_init ] --START--
INFO: Run Behavior\BuildLiteBehavior [ RunTime:0.000026s ]
INFO: [ app_init ] --END-- [ RunTime:0.000595s ]

[ 2015-08-25T17:14:19+08:00 ] 127.0.0.1 /club/Public/css/admin.css
INFO: [ app_init ] --START--
INFO: Run Behavior\BuildLiteBehavior [ RunTime:0.000027s ]
INFO: [ app_init ] --END-- [ RunTime:0.000578s ]
ERR: 无法加载控制器:Public

[ 2015-08-25T17:14:22+08:00 ] 127.0.0.1 /club/Public/css/admin.css
INFO: [ app_init ] --START--
INFO: Run Behavior\BuildLiteBehavior [ RunTime:0.000028s ]
INFO: [ app_init ] --END-- [ RunTime:0.000599s ]
ERR: 无法加载控制器:Public

[ 2015-08-25T17:39:43+08:00 ] 127.0.0.1 /club/index.php/ApplyClub
INFO: [ app_init ] --START--
INFO: Run Behavior\BuildLiteBehavior [ RunTime:0.000032s ]
INFO: [ app_init ] --END-- [ RunTime:0.000969s ]

[ 2015-08-25T17:41:18+08:00 ] 127.0.0.1 /club/index.php/ApplyClub
INFO: [ app_init ] --START--
INFO: Run Behavior\BuildLiteBehavior [ RunTime:0.000019s ]
INFO: [ app_init ] --END-- [ RunTime:0.000505s ]

[ 2015-08-25T17:44:34+08:00 ] 127.0.0.1 /club/index.php/ApplyClub
INFO: [ app_init ] --START--
INFO: Run Behavior\BuildLiteBehavior [ RunTime:0.000016s ]
INFO: [ app_init ] --END-- [ RunTime:0.000511s ]

[ 2015-08-25T17:45:04+08:00 ] 127.0.0.1 /club/index.php/ApplyClub
INFO: [ app_init ] --START--
INFO: Run Behavior\BuildLiteBehavior [ RunTime:0.000017s ]
INFO: [ app_init ] --END-- [ RunTime:0.000503s ]

[ 2015-08-25T17:45:05+08:00 ] 127.0.0.1 /club/index.php/ApplyClub
INFO: [ app_init ] --START--
INFO: Run Behavior\BuildLiteBehavior [ RunTime:0.000016s ]
INFO: [ app_init ] --END-- [ RunTime:0.000481s ]

[ 2015-08-25T17:45:05+08:00 ] 127.0.0.1 /club/index.php/ApplyClub
INFO: [ app_init ] --START--
INFO: Run Behavior\BuildLiteBehavior [ RunTime:0.000015s ]
INFO: [ app_init ] --END-- [ RunTime:0.000403s ]

[ 2015-08-25T17:45:06+08:00 ] 127.0.0.1 /club/index.php/ApplyClub
INFO: [ app_init ] --START--
INFO: Run Behavior\BuildLiteBehavior [ RunTime:0.000029s ]
INFO: [ app_init ] --END-- [ RunTime:0.000508s ]

[ 2015-08-25T17:45:29+08:00 ] 127.0.0.1 /club/index.php/ApplyClub
INFO: [ app_init ] --START--
INFO: Run Behavior\BuildLiteBehavior [ RunTime:0.000016s ]
INFO: [ app_init ] --END-- [ RunTime:0.000406s ]

[ 2015-08-25T17:45:44+08:00 ] 127.0.0.1 /club/index.php/ApplyClub
INFO: [ app_init ] --START--
INFO: Run Behavior\BuildLiteBehavior [ RunTime:0.000016s ]
INFO: [ app_init ] --END-- [ RunTime:0.000475s ]

[ 2015-08-25T17:45:44+08:00 ] 127.0.0.1 /club/index.php/ApplyClub
INFO: [ app_init ] --START--
INFO: Run Behavior\BuildLiteBehavior [ RunTime:0.000016s ]
INFO: [ app_init ] --END-- [ RunTime:0.000492s ]

[ 2015-08-25T17:45:45+08:00 ] 127.0.0.1 /club/index.php/ApplyClub
INFO: [ app_init ] --START--
INFO: Run Behavior\BuildLiteBehavior [ RunTime:0.000021s ]
INFO: [ app_init ] --END-- [ RunTime:0.000807s ]

[ 2015-08-25T17:46:06+08:00 ] 127.0.0.1 /club/index.php/ApplyClub
INFO: [ app_init ] --START--
INFO: Run Behavior\BuildLiteBehavior [ RunTime:0.000030s ]
INFO: [ app_init ] --END-- [ RunTime:0.000497s ]

[ 2015-08-25T17:47:30+08:00 ] 127.0.0.1 /club/index.php/ApplyClub
INFO: [ app_init ] --START--
INFO: Run Behavior\BuildLiteBehavior [ RunTime:0.000015s ]
INFO: [ app_init ] --END-- [ RunTime:0.000496s ]

[ 2015-08-25T17:48:00+08:00 ] 127.0.0.1 /club/index.php/ApplyClub
INFO: [ app_init ] --START--
INFO: Run Behavior\BuildLiteBehavior [ RunTime:0.000029s ]
INFO: [ app_init ] --END-- [ RunTime:0.000756s ]

[ 2015-08-25T17:57:26+08:00 ] 127.0.0.1 /club/index.php/ApplyClub/showClub
INFO: [ app_init ] --START--
INFO: Run Behavior\BuildLiteBehavior [ RunTime:0.000019s ]
INFO: [ app_init ] --END-- [ RunTime:0.000514s ]

[ 2015-08-25T17:57:35+08:00 ] 127.0.0.1 /club/index.php/ApplyClub/showClub/id/2
INFO: [ app_init ] --START--
INFO: Run Behavior\BuildLiteBehavior [ RunTime:0.000027s ]
INFO: [ app_init ] --END-- [ RunTime:0.000653s ]

[ 2015-08-25T17:58:38+08:00 ] 127.0.0.1 /club/index.php/ApplyClub/showClub
INFO: [ app_init ] --START--
INFO: Run Behavior\BuildLiteBehavior [ RunTime:0.000018s ]
INFO: [ app_init ] --END-- [ RunTime:0.000824s ]

[ 2015-08-25T17:58:45+08:00 ] 127.0.0.1 /club/index.php/ApplyClub/showClub/id/2
INFO: [ app_init ] --START--
INFO: Run Behavior\BuildLiteBehavior [ RunTime:0.000020s ]
INFO: [ app_init ] --END-- [ RunTime:0.000554s ]

[ 2015-08-25T18:06:00+08:00 ] 127.0.0.1 /club/index.php/ApplyClub/showClub
INFO: [ app_init ] --START--
INFO: Run Behavior\BuildLiteBehavior [ RunTime:0.000032s ]
INFO: [ app_init ] --END-- [ RunTime:0.001074s ]

[ 2015-08-25T18:06:03+08:00 ] 127.0.0.1 /club/index.php/ApplyClub/showClub/id/2
INFO: [ app_init ] --START--
INFO: Run Behavior\BuildLiteBehavior [ RunTime:0.000032s ]
INFO: [ app_init ] --END-- [ RunTime:0.000890s ]

[ 2015-08-25T18:35:54+08:00 ] 127.0.0.1 /club/index.php/ApplyClub/showDepart/club_id/2
INFO: [ app_init ] --START--
INFO: Run Behavior\BuildLiteBehavior [ RunTime:0.000025s ]
INFO: [ app_init ] --END-- [ RunTime:0.000892s ]

[ 2015-08-25T18:36:04+08:00 ] 127.0.0.1 /club/index.php/ApplyClub/showDepart/club_id/3
INFO: [ app_init ] --START--
INFO: Run Behavior\BuildLiteBehavior [ RunTime:0.000026s ]
INFO: [ app_init ] --END-- [ RunTime:0.000676s ]

[ 2015-08-25T18:36:09+08:00 ] 127.0.0.1 /club/index.php/ApplyClub/showDepart/club_id/4
INFO: [ app_init ] --START--
INFO: Run Behavior\BuildLiteBehavior [ RunTime:0.000018s ]
INFO: [ app_init ] --END-- [ RunTime:0.000479s ]

[ 2015-08-25T18:36:12+08:00 ] 127.0.0.1 /club/index.php/ApplyClub/showDepart/club_id/1
INFO: [ app_init ] --START--
INFO: Run Behavior\BuildLiteBehavior [ RunTime:0.000017s ]
INFO: [ app_init ] --END-- [ RunTime:0.000467s ]

[ 2015-08-25T18:36:15+08:00 ] 127.0.0.1 /club/index.php/ApplyClub/showDepart/club_id/2
INFO: [ app_init ] --START--
INFO: Run Behavior\BuildLiteBehavior [ RunTime:0.000037s ]
INFO: [ app_init ] --END-- [ RunTime:0.000772s ]

[ 2015-08-25T18:40:27+08:00 ] 127.0.0.1 /club/index.php/ApplyClub/showDepart/club_id/3
INFO: [ app_init ] --START--
INFO: Run Behavior\BuildLiteBehavior [ RunTime:0.000018s ]
INFO: [ app_init ] --END-- [ RunTime:0.000454s ]

[ 2015-08-25T18:40:56+08:00 ] 127.0.0.1 /club/index.php/ApplyClub/showDepart/club_id/3
INFO: [ app_init ] --START--
INFO: Run Behavior\BuildLiteBehavior [ RunTime:0.000027s ]
INFO: [ app_init ] --END-- [ RunTime:0.000704s ]

[ 2015-08-25T18:48:14+08:00 ] 127.0.0.1 /club/index.php/ApplyClub/showDepart/club_id/3
INFO: [ app_init ] --START--
INFO: Run Behavior\BuildLiteBehavior [ RunTime:0.000020s ]
INFO: [ app_init ] --END-- [ RunTime:0.000586s ]

[ 2015-08-25T18:49:56+08:00 ] 127.0.0.1 /club/index.php/ApplyClub/showDepart/club_id/3
INFO: [ app_init ] --START--
INFO: Run Behavior\BuildLiteBehavior [ RunTime:0.000023s ]
INFO: [ app_init ] --END-- [ RunTime:0.010558s ]

[ 2015-08-25T18:49:56+08:00 ] 127.0.0.1 /club/index.php/ApplyClub/showDepart/club_id/3
INFO: [ app_init ] --START--
INFO: Run Behavior\BuildLiteBehavior [ RunTime:0.000016s ]
INFO: [ app_init ] --END-- [ RunTime:0.000455s ]

