[ 2015-08-02T11:22:35+08:00 ] 127.0.0.1 /club/
INFO: [ app_init ] --START--
INFO: Run Behavior\BuildLiteBehavior [ RunTime:0.000018s ]
INFO: [ app_init ] --END-- [ RunTime:0.000513s ]
ERR: 无法加载控制器:Index

[ 2015-08-02T11:26:34+08:00 ] 127.0.0.1 /club/Public/css/admin.css
INFO: [ app_init ] --START--
INFO: Run Behavior\BuildLiteBehavior [ RunTime:0.000027s ]
INFO: [ app_init ] --END-- [ RunTime:0.000598s ]
ERR: 无法加载控制器:Public

[ 2015-08-02T11:27:38+08:00 ] 127.0.0.1 /club/Public/css/admin.css
INFO: [ app_init ] --START--
INFO: Run Behavior\BuildLiteBehavior [ RunTime:0.000027s ]
INFO: [ app_init ] --END-- [ RunTime:0.000653s ]
ERR: 无法加载控制器:Public

[ 2015-08-02T13:15:22+08:00 ] 127.0.0.1 /club/Public/css/admin.css
INFO: [ app_init ] --START--
INFO: Run Behavior\BuildLiteBehavior [ RunTime:0.000017s ]
INFO: [ app_init ] --END-- [ RunTime:0.000427s ]
ERR: 无法加载控制器:Public

[ 2015-08-02T13:17:34+08:00 ] 127.0.0.1 /club/Public/css/admin.css
INFO: [ app_init ] --START--
INFO: Run Behavior\BuildLiteBehavior [ RunTime:0.000027s ]
INFO: [ app_init ] --END-- [ RunTime:0.000650s ]
ERR: 无法加载控制器:Public

[ 2015-08-02T13:19:58+08:00 ] 127.0.0.1 /club/Public/css/admin.css
INFO: [ app_init ] --START--
INFO: Run Behavior\BuildLiteBehavior [ RunTime:0.000017s ]
INFO: [ app_init ] --END-- [ RunTime:0.000387s ]
ERR: 无法加载控制器:Public

[ 2015-08-02T13:20:03+08:00 ] 127.0.0.1 /club/Public/css/admin.css
INFO: [ app_init ] --START--
INFO: Run Behavior\BuildLiteBehavior [ RunTime:0.000019s ]
INFO: [ app_init ] --END-- [ RunTime:0.000543s ]
ERR: 无法加载控制器:Public

[ 2015-08-02T13:54:27+08:00 ] 127.0.0.1 /club/Public/css/admin.css
INFO: [ app_init ] --START--
INFO: Run Behavior\BuildLiteBehavior [ RunTime:0.000017s ]
INFO: [ app_init ] --END-- [ RunTime:0.000434s ]
ERR: 无法加载控制器:Public

[ 2015-08-02T13:54:27+08:00 ] 127.0.0.1 /club/Public/images/gb5.jpg
INFO: [ app_init ] --START--
INFO: Run Behavior\BuildLiteBehavior [ RunTime:0.000018s ]
INFO: [ app_init ] --END-- [ RunTime:0.000509s ]

[ 2015-08-02T13:54:43+08:00 ] 127.0.0.1 /club/Public/css/admin.css
INFO: [ app_init ] --START--
INFO: Run Behavior\BuildLiteBehavior [ RunTime:0.000024s ]
INFO: [ app_init ] --END-- [ RunTime:0.000469s ]
ERR: 无法加载控制器:Public

[ 2015-08-02T13:54:43+08:00 ] 127.0.0.1 /club/Public/images/gb5.jpg
INFO: [ app_init ] --START--
INFO: Run Behavior\BuildLiteBehavior [ RunTime:0.000026s ]
INFO: [ app_init ] --END-- [ RunTime:0.000501s ]

[ 2015-08-02T13:54:58+08:00 ] 127.0.0.1 /club/Public/css/admin.css
INFO: [ app_init ] --START--
INFO: Run Behavior\BuildLiteBehavior [ RunTime:0.000016s ]
INFO: [ app_init ] --END-- [ RunTime:0.000388s ]
ERR: 无法加载控制器:Public

[ 2015-08-02T13:54:58+08:00 ] 127.0.0.1 /club/Public/images/gb5.jpg
INFO: [ app_init ] --START--
INFO: Run Behavior\BuildLiteBehavior [ RunTime:0.000017s ]
INFO: [ app_init ] --END-- [ RunTime:0.000400s ]

[ 2015-08-02T13:55:34+08:00 ] 127.0.0.1 /club/Public/css/admin.css
INFO: [ app_init ] --START--
INFO: Run Behavior\BuildLiteBehavior [ RunTime:0.000017s ]
INFO: [ app_init ] --END-- [ RunTime:0.000448s ]
ERR: 无法加载控制器:Public

[ 2015-08-02T13:55:34+08:00 ] 127.0.0.1 /club/Public/images/gb5.jpg
INFO: [ app_init ] --START--
INFO: Run Behavior\BuildLiteBehavior [ RunTime:0.000028s ]
INFO: [ app_init ] --END-- [ RunTime:0.000660s ]

[ 2015-08-02T13:56:01+08:00 ] 127.0.0.1 /club/Public/css/admin.css
INFO: [ app_init ] --START--
INFO: Run Behavior\BuildLiteBehavior [ RunTime:0.000015s ]
INFO: [ app_init ] --END-- [ RunTime:0.000475s ]
ERR: 无法加载控制器:Public

[ 2015-08-02T13:56:01+08:00 ] 127.0.0.1 /club/Public/images/gb5.jpg
INFO: [ app_init ] --START--
INFO: Run Behavior\BuildLiteBehavior [ RunTime:0.000019s ]
INFO: [ app_init ] --END-- [ RunTime:0.000420s ]

[ 2015-08-02T13:56:21+08:00 ] 127.0.0.1 /club/Public/css/admin.css
INFO: [ app_init ] --START--
INFO: Run Behavior\BuildLiteBehavior [ RunTime:0.000015s ]
INFO: [ app_init ] --END-- [ RunTime:0.000482s ]
ERR: 无法加载控制器:Public

[ 2015-08-02T13:56:21+08:00 ] 127.0.0.1 /club/Public/images/gb5.jpg
INFO: [ app_init ] --START--
INFO: Run Behavior\BuildLiteBehavior [ RunTime:0.000017s ]
INFO: [ app_init ] --END-- [ RunTime:0.000466s ]

[ 2015-08-02T14:04:48+08:00 ] 127.0.0.1 /club/Public/css/admin.css
INFO: [ app_init ] --START--
INFO: Run Behavior\BuildLiteBehavior [ RunTime:0.000034s ]
INFO: [ app_init ] --END-- [ RunTime:0.000555s ]
ERR: 无法加载控制器:Public

[ 2015-08-02T14:04:48+08:00 ] 127.0.0.1 /club/Public/images/gb5.jpg
INFO: [ app_init ] --START--
INFO: Run Behavior\BuildLiteBehavior [ RunTime:0.000033s ]
INFO: [ app_init ] --END-- [ RunTime:0.000624s ]

[ 2015-08-02T14:04:49+08:00 ] 127.0.0.1 /club/Public/Uploads/2015-07-26/55b44240ae111.png
INFO: [ app_init ] --START--
INFO: Run Behavior\BuildLiteBehavior [ RunTime:0.000018s ]
INFO: [ app_init ] --END-- [ RunTime:0.000525s ]

[ 2015-08-02T14:04:59+08:00 ] 127.0.0.1 /club/Public/Uploads/2015-07-26/55b448855e75a.png
INFO: [ app_init ] --START--
INFO: Run Behavior\BuildLiteBehavior [ RunTime:0.000025s ]
INFO: [ app_init ] --END-- [ RunTime:0.000781s ]

[ 2015-08-02T20:19:35+08:00 ] 127.0.0.1 /club/Public/css/admin.css
INFO: [ app_init ] --START--
INFO: Run Behavior\BuildLiteBehavior [ RunTime:0.000019s ]
INFO: [ app_init ] --END-- [ RunTime:0.000440s ]
ERR: 无法加载控制器:Public

[ 2015-08-02T20:19:41+08:00 ] 127.0.0.1 /club/Public/Uploads/2015-07-26/55b44240ae111.png
INFO: [ app_init ] --START--
INFO: Run Behavior\BuildLiteBehavior [ RunTime:0.000016s ]
INFO: [ app_init ] --END-- [ RunTime:0.000530s ]

[ 2015-08-02T20:21:57+08:00 ] 127.0.0.1 /club/Public/css/admin.css
INFO: [ app_init ] --START--
INFO: Run Behavior\BuildLiteBehavior [ RunTime:0.000030s ]
INFO: [ app_init ] --END-- [ RunTime:0.000699s ]
ERR: 无法加载控制器:Public

[ 2015-08-02T20:22:35+08:00 ] 127.0.0.1 /club/Public/Uploads/2015-07-26/55b44240ae111.png
INFO: [ app_init ] --START--
INFO: Run Behavior\BuildLiteBehavior [ RunTime:0.000028s ]
INFO: [ app_init ] --END-- [ RunTime:0.000679s ]

[ 2015-08-02T20:23:13+08:00 ] 127.0.0.1 /club/Public/Uploads/2015-07-26/55b44240ae111.png
INFO: [ app_init ] --START--
INFO: Run Behavior\BuildLiteBehavior [ RunTime:0.000080s ]
INFO: [ app_init ] --END-- [ RunTime:0.000656s ]

[ 2015-08-02T20:23:36+08:00 ] 127.0.0.1 /club/Public/Uploads/2015-07-26/55b44240ae111.png
INFO: [ app_init ] --START--
INFO: Run Behavior\BuildLiteBehavior [ RunTime:0.000018s ]
INFO: [ app_init ] --END-- [ RunTime:0.000460s ]

[ 2015-08-02T20:24:33+08:00 ] 127.0.0.1 /club/Public/Uploads/2015-07-26/55b44240ae111.png
INFO: [ app_init ] --START--
INFO: Run Behavior\BuildLiteBehavior [ RunTime:0.000021s ]
INFO: [ app_init ] --END-- [ RunTime:0.000457s ]

[ 2015-08-02T20:24:44+08:00 ] 127.0.0.1 /club/Public/css/admin.css
INFO: [ app_init ] --START--
INFO: Run Behavior\BuildLiteBehavior [ RunTime:0.000016s ]
INFO: [ app_init ] --END-- [ RunTime:0.000425s ]
ERR: 无法加载控制器:Public

[ 2015-08-02T20:27:22+08:00 ] 127.0.0.1 /club/Public/css/admin.css
INFO: [ app_init ] --START--
INFO: Run Behavior\BuildLiteBehavior [ RunTime:0.000017s ]
INFO: [ app_init ] --END-- [ RunTime:0.000412s ]
ERR: 无法加载控制器:Public

[ 2015-08-02T20:27:57+08:00 ] 127.0.0.1 /club/Public/css/admin.css
INFO: [ app_init ] --START--
INFO: Run Behavior\BuildLiteBehavior [ RunTime:0.000016s ]
INFO: [ app_init ] --END-- [ RunTime:0.000407s ]
ERR: 无法加载控制器:Public

[ 2015-08-02T20:27:58+08:00 ] 127.0.0.1 /club/Public/Uploads/2015-07-26/55b4602fd7323.png
INFO: [ app_init ] --START--
INFO: Run Behavior\BuildLiteBehavior [ RunTime:0.000017s ]
INFO: [ app_init ] --END-- [ RunTime:0.000451s ]

[ 2015-08-02T20:28:00+08:00 ] 127.0.0.1 /club/Public/css/admin.css
INFO: [ app_init ] --START--
INFO: Run Behavior\BuildLiteBehavior [ RunTime:0.000028s ]
INFO: [ app_init ] --END-- [ RunTime:0.000674s ]
ERR: 无法加载控制器:Public

[ 2015-08-02T20:30:00+08:00 ] 127.0.0.1 /club/Public/css/admin.css
INFO: [ app_init ] --START--
INFO: Run Behavior\BuildLiteBehavior [ RunTime:0.000016s ]
INFO: [ app_init ] --END-- [ RunTime:0.000387s ]
ERR: 无法加载控制器:Public

[ 2015-08-02T20:30:06+08:00 ] 127.0.0.1 /club/Public/Uploads/2015-07-26/55b4602fd7323.png
INFO: [ app_init ] --START--
INFO: Run Behavior\BuildLiteBehavior [ RunTime:0.000031s ]
INFO: [ app_init ] --END-- [ RunTime:0.000656s ]

[ 2015-08-02T20:30:09+08:00 ] 127.0.0.1 /club/Public/css/admin.css
INFO: [ app_init ] --START--
INFO: Run Behavior\BuildLiteBehavior [ RunTime:0.000030s ]
INFO: [ app_init ] --END-- [ RunTime:0.000602s ]
ERR: 无法加载控制器:Public

[ 2015-08-02T20:30:13+08:00 ] 127.0.0.1 /club/Public/css/admin.css
INFO: [ app_init ] --START--
INFO: Run Behavior\BuildLiteBehavior [ RunTime:0.000017s ]
INFO: [ app_init ] --END-- [ RunTime:0.000397s ]
ERR: 无法加载控制器:Public

[ 2015-08-02T20:30:54+08:00 ] 127.0.0.1 /club/Public/css/admin.css
INFO: [ app_init ] --START--
INFO: Run Behavior\BuildLiteBehavior [ RunTime:0.000025s ]
INFO: [ app_init ] --END-- [ RunTime:0.000585s ]
ERR: 无法加载控制器:Public

[ 2015-08-02T20:36:15+08:00 ] 127.0.0.1 /club/Public/css/admin.css
INFO: [ app_init ] --START--
INFO: Run Behavior\BuildLiteBehavior [ RunTime:0.000021s ]
INFO: [ app_init ] --END-- [ RunTime:0.000507s ]
ERR: 无法加载控制器:Public

[ 2015-08-02T20:36:37+08:00 ] 127.0.0.1 /club/Public/css/admin.css
INFO: [ app_init ] --START--
INFO: Run Behavior\BuildLiteBehavior [ RunTime:0.000016s ]
INFO: [ app_init ] --END-- [ RunTime:0.000398s ]
ERR: 无法加载控制器:Public

[ 2015-08-02T20:36:40+08:00 ] 127.0.0.1 /club/Public/Uploads/2015-07-26/55b44240ae111.png
INFO: [ app_init ] --START--
INFO: Run Behavior\BuildLiteBehavior [ RunTime:0.000029s ]
INFO: [ app_init ] --END-- [ RunTime:0.000721s ]

[ 2015-08-02T20:38:12+08:00 ] 127.0.0.1 /club/Public/Uploads/2015-07-26/55b4602fd7323.png
INFO: [ app_init ] --START--
INFO: Run Behavior\BuildLiteBehavior [ RunTime:0.000016s ]
INFO: [ app_init ] --END-- [ RunTime:0.000387s ]

[ 2015-08-02T20:39:07+08:00 ] 127.0.0.1 /club/Public/css/admin.css
INFO: [ app_init ] --START--
INFO: Run Behavior\BuildLiteBehavior [ RunTime:0.000016s ]
INFO: [ app_init ] --END-- [ RunTime:0.000417s ]
ERR: 无法加载控制器:Public

[ 2015-08-02T20:39:37+08:00 ] 127.0.0.1 /club/Public/Uploads/2015-07-26/55b4602fd7323.png
INFO: [ app_init ] --START--
INFO: Run Behavior\BuildLiteBehavior [ RunTime:0.000017s ]
INFO: [ app_init ] --END-- [ RunTime:0.000416s ]

[ 2015-08-02T20:39:40+08:00 ] 127.0.0.1 /club/Public/css/admin.css
INFO: [ app_init ] --START--
INFO: Run Behavior\BuildLiteBehavior [ RunTime:0.000021s ]
INFO: [ app_init ] --END-- [ RunTime:0.000425s ]
ERR: 无法加载控制器:Public

[ 2015-08-02T20:39:51+08:00 ] 127.0.0.1 /club/Public/css/admin.css
INFO: [ app_init ] --START--
INFO: Run Behavior\BuildLiteBehavior [ RunTime:0.000017s ]
INFO: [ app_init ] --END-- [ RunTime:0.000398s ]
ERR: 无法加载控制器:Public

[ 2015-08-02T20:39:52+08:00 ] 127.0.0.1 /club/Public/Uploads/2015-07-26/55b4602fd7323.png
INFO: [ app_init ] --START--
INFO: Run Behavior\BuildLiteBehavior [ RunTime:0.000031s ]
INFO: [ app_init ] --END-- [ RunTime:0.000545s ]

[ 2015-08-02T20:41:25+08:00 ] 127.0.0.1 /club/Public/css/admin.css
INFO: [ app_init ] --START--
INFO: Run Behavior\BuildLiteBehavior [ RunTime:0.000025s ]
INFO: [ app_init ] --END-- [ RunTime:0.000594s ]
ERR: 无法加载控制器:Public

[ 2015-08-02T20:41:27+08:00 ] 127.0.0.1 /club/Public/Uploads/2015-07-26/55b44240ae111.png
INFO: [ app_init ] --START--
INFO: Run Behavior\BuildLiteBehavior [ RunTime:0.000017s ]
INFO: [ app_init ] --END-- [ RunTime:0.000400s ]

[ 2015-08-02T20:41:29+08:00 ] 127.0.0.1 /club/Public/css/admin.css
INFO: [ app_init ] --START--
INFO: Run Behavior\BuildLiteBehavior [ RunTime:0.000017s ]
INFO: [ app_init ] --END-- [ RunTime:0.000421s ]
ERR: 无法加载控制器:Public

[ 2015-08-02T20:41:31+08:00 ] 127.0.0.1 /club/Public/Uploads/2015-07-26/55b4602fd7323.png
INFO: [ app_init ] --START--
INFO: Run Behavior\BuildLiteBehavior [ RunTime:0.000024s ]
INFO: [ app_init ] --END-- [ RunTime:0.000579s ]

[ 2015-08-02T20:42:46+08:00 ] 127.0.0.1 /club/Public/Uploads/2015-07-26/55b4602fd7323.png
INFO: [ app_init ] --START--
INFO: Run Behavior\BuildLiteBehavior [ RunTime:0.000017s ]
INFO: [ app_init ] --END-- [ RunTime:0.000422s ]

[ 2015-08-02T20:42:48+08:00 ] 127.0.0.1 /club/Public/css/admin.css
INFO: [ app_init ] --START--
INFO: Run Behavior\BuildLiteBehavior [ RunTime:0.000018s ]
INFO: [ app_init ] --END-- [ RunTime:0.000401s ]
ERR: 无法加载控制器:Public

[ 2015-08-02T20:42:55+08:00 ] 127.0.0.1 /club/Public/Uploads/2015-07-26/55b448855e75a.png
INFO: [ app_init ] --START--
INFO: Run Behavior\BuildLiteBehavior [ RunTime:0.000017s ]
INFO: [ app_init ] --END-- [ RunTime:0.000392s ]

[ 2015-08-02T21:55:04+08:00 ] 127.0.0.1 /club/
INFO: [ app_init ] --START--
INFO: Run Behavior\BuildLiteBehavior [ RunTime:0.000015s ]
INFO: [ app_init ] --END-- [ RunTime:0.000573s ]
ERR: 无法加载控制器:Index

[ 2015-08-02T21:56:34+08:00 ] 127.0.0.1 /club/index.php/Home/ApplyClub
INFO: [ app_init ] --START--
INFO: Run Behavior\BuildLiteBehavior [ RunTime:0.000021s ]
INFO: [ app_init ] --END-- [ RunTime:0.000552s ]

[ 2015-08-02T21:56:37+08:00 ] 127.0.0.1 /club/index.php/Login/index.html
INFO: [ app_init ] --START--
INFO: Run Behavior\BuildLiteBehavior [ RunTime:0.000047s ]
INFO: [ app_init ] --END-- [ RunTime:0.001545s ]

[ 2015-08-02T21:57:26+08:00 ] 127.0.0.1 /club/Public/css/admin.css
INFO: [ app_init ] --START--
INFO: Run Behavior\BuildLiteBehavior [ RunTime:0.000031s ]
INFO: [ app_init ] --END-- [ RunTime:0.000853s ]
ERR: 无法加载控制器:Public

[ 2015-08-02T22:11:51+08:00 ] 127.0.0.1 /club/Public/css/admin.css
INFO: [ app_init ] --START--
INFO: Run Behavior\BuildLiteBehavior [ RunTime:0.000026s ]
INFO: [ app_init ] --END-- [ RunTime:0.000670s ]
ERR: 无法加载控制器:Public

[ 2015-08-02T22:13:21+08:00 ] 127.0.0.1 /club/Public/css/admin.css
INFO: [ app_init ] --START--
INFO: Run Behavior\BuildLiteBehavior [ RunTime:0.000017s ]
INFO: [ app_init ] --END-- [ RunTime:0.000439s ]
ERR: 无法加载控制器:Public

[ 2015-08-02T22:13:29+08:00 ] 127.0.0.1 /club/Public/css/admin.css
INFO: [ app_init ] --START--
INFO: Run Behavior\BuildLiteBehavior [ RunTime:0.000017s ]
INFO: [ app_init ] --END-- [ RunTime:0.000449s ]
ERR: 无法加载控制器:Public

[ 2015-08-02T22:53:49+08:00 ] 127.0.0.1 /club/Public/css/admin.css
INFO: [ app_init ] --START--
INFO: Run Behavior\BuildLiteBehavior [ RunTime:0.000016s ]
INFO: [ app_init ] --END-- [ RunTime:0.000426s ]
ERR: 无法加载控制器:Public

[ 2015-08-02T22:53:56+08:00 ] 127.0.0.1 /club/Public/css/admin.css
INFO: [ app_init ] --START--
INFO: Run Behavior\BuildLiteBehavior [ RunTime:0.000016s ]
INFO: [ app_init ] --END-- [ RunTime:0.000429s ]
ERR: 无法加载控制器:Public

[ 2015-08-02T22:54:29+08:00 ] 127.0.0.1 /club/Public/css/admin.css
INFO: [ app_init ] --START--
INFO: Run Behavior\BuildLiteBehavior [ RunTime:0.000019s ]
INFO: [ app_init ] --END-- [ RunTime:0.000663s ]
ERR: 无法加载控制器:Public

[ 2015-08-02T22:54:44+08:00 ] 127.0.0.1 /club/Public/css/admin.css
INFO: [ app_init ] --START--
INFO: Run Behavior\BuildLiteBehavior [ RunTime:0.000027s ]
INFO: [ app_init ] --END-- [ RunTime:0.000584s ]
ERR: 无法加载控制器:Public

[ 2015-08-02T22:55:51+08:00 ] 127.0.0.1 /club/Public/css/admin.css
INFO: [ app_init ] --START--
INFO: Run Behavior\BuildLiteBehavior [ RunTime:0.000016s ]
INFO: [ app_init ] --END-- [ RunTime:0.000454s ]
ERR: 无法加载控制器:Public

[ 2015-08-02T23:07:43+08:00 ] 127.0.0.1 /club/Public/css/admin.css
INFO: [ app_init ] --START--
INFO: Run Behavior\BuildLiteBehavior [ RunTime:0.000016s ]
INFO: [ app_init ] --END-- [ RunTime:0.000423s ]
ERR: 无法加载控制器:Public

[ 2015-08-02T23:16:42+08:00 ] 127.0.0.1 /club/Public/css/admin.css
INFO: [ app_init ] --START--
INFO: Run Behavior\BuildLiteBehavior [ RunTime:0.000024s ]
INFO: [ app_init ] --END-- [ RunTime:0.000629s ]
ERR: 无法加载控制器:Public

[ 2015-08-02T23:16:49+08:00 ] 127.0.0.1 /club/Public/css/admin.css
INFO: [ app_init ] --START--
INFO: Run Behavior\BuildLiteBehavior [ RunTime:0.000032s ]
INFO: [ app_init ] --END-- [ RunTime:0.000654s ]
ERR: 无法加载控制器:Public

