[ 2015-07-31T10:42:55+08:00 ] 127.0.0.1 /club/index.php/Register/handle.html
INFO: [ app_init ] --START--
INFO: Run Behavior\BuildLiteBehavior [ RunTime:0.000056s ]
INFO: [ app_init ] --END-- [ RunTime:0.009195s ]

[ 2015-07-31T10:43:40+08:00 ] 127.0.0.1 /club/index.php/Register/handle.html
INFO: [ app_init ] --START--
INFO: Run Behavior\BuildLiteBehavior [ RunTime:0.000016s ]
INFO: [ app_init ] --END-- [ RunTime:0.000495s ]

[ 2015-07-31T10:44:30+08:00 ] 127.0.0.1 /club/index.php/Home/ApplyClub/join/club_id/3
INFO: [ app_init ] --START--
INFO: Run Behavior\BuildLiteBehavior [ RunTime:0.000016s ]
INFO: [ app_init ] --END-- [ RunTime:0.000461s ]

[ 2015-07-31T10:44:39+08:00 ] 127.0.0.1 /club/index.php/ApplyClub/applyJoin.html
INFO: [ app_init ] --START--
INFO: Run Behavior\BuildLiteBehavior [ RunTime:0.000015s ]
INFO: [ app_init ] --END-- [ RunTime:0.000470s ]

[ 2015-07-31T10:44:58+08:00 ] 127.0.0.1 /club/index.php/Home/ApplyClub/join/club_id/3
INFO: [ app_init ] --START--
INFO: Run Behavior\BuildLiteBehavior [ RunTime:0.000016s ]
INFO: [ app_init ] --END-- [ RunTime:0.000466s ]

[ 2015-07-31T10:44:59+08:00 ] 127.0.0.1 /club/index.php/ApplyClub/applyJoin.html
INFO: [ app_init ] --START--
INFO: Run Behavior\BuildLiteBehavior [ RunTime:0.000018s ]
INFO: [ app_init ] --END-- [ RunTime:0.000526s ]

[ 2015-07-31T10:46:05+08:00 ] 127.0.0.1 /club/index.php/Home/ApplyClub/join/club_id/3
INFO: [ app_init ] --START--
INFO: Run Behavior\BuildLiteBehavior [ RunTime:0.000017s ]
INFO: [ app_init ] --END-- [ RunTime:0.000514s ]

[ 2015-07-31T10:46:06+08:00 ] 127.0.0.1 /club/index.php/ApplyClub/applyJoin.html
INFO: [ app_init ] --START--
INFO: Run Behavior\BuildLiteBehavior [ RunTime:0.000017s ]
INFO: [ app_init ] --END-- [ RunTime:0.000483s ]

[ 2015-07-31T11:05:28+08:00 ] 127.0.0.1 /club/index.php/Home/Login
INFO: [ app_init ] --START--
INFO: Run Behavior\BuildLiteBehavior [ RunTime:0.000020s ]
INFO: [ app_init ] --END-- [ RunTime:0.000562s ]

[ 2015-07-31T11:05:47+08:00 ] 127.0.0.1 /club/index.php/Login/handle.html
INFO: [ app_init ] --START--
INFO: Run Behavior\BuildLiteBehavior [ RunTime:0.000019s ]
INFO: [ app_init ] --END-- [ RunTime:0.000608s ]

[ 2015-07-31T11:05:49+08:00 ] 127.0.0.1 /club/index.php/Home/Login
INFO: [ app_init ] --START--
INFO: Run Behavior\BuildLiteBehavior [ RunTime:0.000080s ]
INFO: [ app_init ] --END-- [ RunTime:0.002134s ]

[ 2015-07-31T11:06:04+08:00 ] 127.0.0.1 /club/index.php/Home/ApplyClub
INFO: [ app_init ] --START--
INFO: Run Behavior\BuildLiteBehavior [ RunTime:0.000019s ]
INFO: [ app_init ] --END-- [ RunTime:0.000604s ]

[ 2015-07-31T11:06:21+08:00 ] 127.0.0.1 /club/index.php/Home/ApplyClub
INFO: [ app_init ] --START--
INFO: Run Behavior\BuildLiteBehavior [ RunTime:0.000016s ]
INFO: [ app_init ] --END-- [ RunTime:0.000549s ]

[ 2015-07-31T11:06:23+08:00 ] 127.0.0.1 /club/index.php/Home/ApplyClub/showClub/id/3
INFO: [ app_init ] --START--
INFO: Run Behavior\BuildLiteBehavior [ RunTime:0.000063s ]
INFO: [ app_init ] --END-- [ RunTime:0.001722s ]

[ 2015-07-31T11:06:23+08:00 ] 127.0.0.1 /club/Public/Uploads/2015-07-26/55b448855e75a.png
INFO: [ app_init ] --START--
INFO: Run Behavior\BuildLiteBehavior [ RunTime:0.000033s ]
INFO: [ app_init ] --END-- [ RunTime:0.000835s ]

[ 2015-07-31T11:06:25+08:00 ] 127.0.0.1 /club/index.php/Home/ApplyClub/join/club_id/3
INFO: [ app_init ] --START--
INFO: Run Behavior\BuildLiteBehavior [ RunTime:0.000020s ]
INFO: [ app_init ] --END-- [ RunTime:0.000900s ]

[ 2015-07-31T11:06:32+08:00 ] 127.0.0.1 /club/index.php/ApplyClub/applyJoin.html
INFO: [ app_init ] --START--
INFO: Run Behavior\BuildLiteBehavior [ RunTime:0.000016s ]
INFO: [ app_init ] --END-- [ RunTime:0.000550s ]

[ 2015-07-31T11:07:08+08:00 ] 127.0.0.1 /club/index.php/ApplyClub/applyJoin.html
INFO: [ app_init ] --START--
INFO: Run Behavior\BuildLiteBehavior [ RunTime:0.000029s ]
INFO: [ app_init ] --END-- [ RunTime:0.001297s ]

[ 2015-07-31T11:07:09+08:00 ] 127.0.0.1 /club/index.php/ApplyClub/ApplyClub/index
INFO: [ app_init ] --START--
INFO: Run Behavior\BuildLiteBehavior [ RunTime:0.000049s ]
INFO: [ app_init ] --END-- [ RunTime:0.001495s ]
ERR: 非法操作:ApplyClub

[ 2015-07-31T11:07:24+08:00 ] 127.0.0.1 /club/index.php/ApplyClub/ApplyClub/index
INFO: [ app_init ] --START--
INFO: Run Behavior\BuildLiteBehavior [ RunTime:0.000018s ]
INFO: [ app_init ] --END-- [ RunTime:0.000512s ]
ERR: 非法操作:ApplyClub

[ 2015-07-31T11:07:26+08:00 ] 127.0.0.1 /club/index.php/ApplyClub/ApplyClub/index
INFO: [ app_init ] --START--
INFO: Run Behavior\BuildLiteBehavior [ RunTime:0.000111s ]
INFO: [ app_init ] --END-- [ RunTime:0.001011s ]
ERR: 非法操作:ApplyClub

[ 2015-07-31T11:08:42+08:00 ] 127.0.0.1 /club/index.php/ApplyClub/applyJoin.html
INFO: [ app_init ] --START--
INFO: Run Behavior\BuildLiteBehavior [ RunTime:0.000026s ]
INFO: [ app_init ] --END-- [ RunTime:0.000969s ]

[ 2015-07-31T11:08:43+08:00 ] 127.0.0.1 /club/index.php/ApplyClub/index
INFO: [ app_init ] --START--
INFO: Run Behavior\BuildLiteBehavior [ RunTime:0.000033s ]
INFO: [ app_init ] --END-- [ RunTime:0.001125s ]

[ 2015-07-31T11:11:29+08:00 ] 127.0.0.1 /club/index.php/ApplyClub/applyJoin.html
INFO: [ app_init ] --START--
INFO: Run Behavior\BuildLiteBehavior [ RunTime:0.000018s ]
INFO: [ app_init ] --END-- [ RunTime:0.000807s ]

[ 2015-07-31T11:15:40+08:00 ] 127.0.0.1 /club/index.php/ApplyClub/applyJoin.html
INFO: [ app_init ] --START--
INFO: Run Behavior\BuildLiteBehavior [ RunTime:0.000017s ]
INFO: [ app_init ] --END-- [ RunTime:0.000462s ]

[ 2015-07-31T11:16:11+08:00 ] 127.0.0.1 /club/index.php/Home/ApplyClub/join/club_id/3
INFO: [ app_init ] --START--
INFO: Run Behavior\BuildLiteBehavior [ RunTime:0.000016s ]
INFO: [ app_init ] --END-- [ RunTime:0.000496s ]

[ 2015-07-31T11:16:15+08:00 ] 127.0.0.1 /club/index.php/Home/ApplyClub/join/club_id/3
INFO: [ app_init ] --START--
INFO: Run Behavior\BuildLiteBehavior [ RunTime:0.000016s ]
INFO: [ app_init ] --END-- [ RunTime:0.000523s ]

[ 2015-07-31T11:16:38+08:00 ] 127.0.0.1 /club/index.php/ApplyClub/applyJoin.html
INFO: [ app_init ] --START--
INFO: Run Behavior\BuildLiteBehavior [ RunTime:0.000019s ]
INFO: [ app_init ] --END-- [ RunTime:0.000586s ]

[ 2015-07-31T11:16:40+08:00 ] 127.0.0.1 /club/index.php/ApplyClub/index
INFO: [ app_init ] --START--
INFO: Run Behavior\BuildLiteBehavior [ RunTime:0.000032s ]
INFO: [ app_init ] --END-- [ RunTime:0.000974s ]

[ 2015-07-31T11:26:19+08:00 ] 127.0.0.1 /club/index.php/ApplyClub/index
INFO: [ app_init ] --START--
INFO: Run Behavior\BuildLiteBehavior [ RunTime:0.000078s ]
INFO: [ app_init ] --END-- [ RunTime:0.002966s ]

[ 2015-07-31T11:26:23+08:00 ] 127.0.0.1 /club/index.php/ApplyClub/Login/index
INFO: [ app_init ] --START--
INFO: Run Behavior\BuildLiteBehavior [ RunTime:0.000033s ]
INFO: [ app_init ] --END-- [ RunTime:0.001044s ]

[ 2015-07-31T11:26:26+08:00 ] 127.0.0.1 /club/index.php/ApplyClub/Login/Login/index
INFO: [ app_init ] --START--
INFO: Run Behavior\BuildLiteBehavior [ RunTime:0.000048s ]
INFO: [ app_init ] --END-- [ RunTime:0.001516s ]

[ 2015-07-31T11:26:29+08:00 ] 127.0.0.1 /club/index.php/ApplyClub/Login/Login/Login/index
INFO: [ app_init ] --START--
INFO: Run Behavior\BuildLiteBehavior [ RunTime:0.000047s ]
INFO: [ app_init ] --END-- [ RunTime:0.001457s ]

[ 2015-07-31T11:26:32+08:00 ] 127.0.0.1 /club/index.php/ApplyClub/Login/Login/Login/Login/index
INFO: [ app_init ] --START--
INFO: Run Behavior\BuildLiteBehavior [ RunTime:0.000049s ]
INFO: [ app_init ] --END-- [ RunTime:0.001668s ]

[ 2015-07-31T11:26:35+08:00 ] 127.0.0.1 /club/index.php/ApplyClub/Login/Login/Login/Login/Login/index
INFO: [ app_init ] --START--
INFO: Run Behavior\BuildLiteBehavior [ RunTime:0.000052s ]
INFO: [ app_init ] --END-- [ RunTime:0.001460s ]

[ 2015-07-31T11:26:38+08:00 ] 127.0.0.1 /club/index.php/ApplyClub/Login/Login/Login/Login/Login/Login/index
INFO: [ app_init ] --START--
INFO: Run Behavior\BuildLiteBehavior [ RunTime:0.000067s ]
INFO: [ app_init ] --END-- [ RunTime:0.001428s ]

[ 2015-07-31T11:26:42+08:00 ] 127.0.0.1 /club/index.php/ApplyClub/Login/Login/Login/Login/Login/Login/Login/index
INFO: [ app_init ] --START--
INFO: Run Behavior\BuildLiteBehavior [ RunTime:0.000057s ]
INFO: [ app_init ] --END-- [ RunTime:0.001568s ]

[ 2015-07-31T11:26:45+08:00 ] 127.0.0.1 /club/index.php/ApplyClub/Login/Login/Login/Login/Login/Login/Login/Login/index
INFO: [ app_init ] --START--
INFO: Run Behavior\BuildLiteBehavior [ RunTime:0.000048s ]
INFO: [ app_init ] --END-- [ RunTime:0.001402s ]

[ 2015-07-31T11:26:48+08:00 ] 127.0.0.1 /club/index.php/ApplyClub/Login/Login/Login/Login/Login/Login/Login/Login/Login/index
INFO: [ app_init ] --START--
INFO: Run Behavior\BuildLiteBehavior [ RunTime:0.000062s ]
INFO: [ app_init ] --END-- [ RunTime:0.001463s ]

[ 2015-07-31T11:26:51+08:00 ] 127.0.0.1 /club/index.php/ApplyClub/Login/Login/Login/Login/Login/Login/Login/Login/Login/:U%7BLogin/index%7D
INFO: [ app_init ] --START--
INFO: Run Behavior\BuildLiteBehavior [ RunTime:0.000047s ]
INFO: [ app_init ] --END-- [ RunTime:0.001408s ]

[ 2015-07-31T11:26:54+08:00 ] 127.0.0.1 /club/index.php/ApplyClub/Login/Login/Login/Login/Login/Login/Login/Login/Login/:U%7BLogin/:U%7BLogin/index%7D
INFO: [ app_init ] --START--
INFO: Run Behavior\BuildLiteBehavior [ RunTime:0.000131s ]
INFO: [ app_init ] --END-- [ RunTime:0.001916s ]

[ 2015-07-31T11:26:57+08:00 ] 127.0.0.1 /club/index.php/ApplyClub/Login/Login/Login/Login/Login/Login/Login/Login/Login/:U%7BLogin/:U%7BLogin/:U%7BLogin/index%7D
INFO: [ app_init ] --START--
INFO: Run Behavior\BuildLiteBehavior [ RunTime:0.000052s ]
INFO: [ app_init ] --END-- [ RunTime:0.001666s ]

[ 2015-07-31T11:27:01+08:00 ] 127.0.0.1 /club/index.php/ApplyClub/Login/Login/Login/Login/Login/Login/Login/Login/Login/:U%7BLogin/:U%7BLogin/:U%7BLogin/:U%7BLogin/index%7D
INFO: [ app_init ] --START--
INFO: Run Behavior\BuildLiteBehavior [ RunTime:0.000037s ]
INFO: [ app_init ] --END-- [ RunTime:0.000950s ]

[ 2015-07-31T11:27:04+08:00 ] 127.0.0.1 /club/index.php/ApplyClub/Login/Login/Login/Login/Login/Login/Login/Login/Login/:U%7BLogin/:U%7BLogin/:U%7BLogin/:U%7BLogin/:U%7BLogin/index%7D
INFO: [ app_init ] --START--
INFO: Run Behavior\BuildLiteBehavior [ RunTime:0.000051s ]
INFO: [ app_init ] --END-- [ RunTime:0.001416s ]

[ 2015-07-31T11:27:07+08:00 ] 127.0.0.1 /club/index.php/ApplyClub/Login/Login/Login/Login/Login/Login/Login/Login/Login/:U%7BLogin/:U%7BLogin/:U%7BLogin/:U%7BLogin/:U%7BLogin/:U%7BLogin/index%7D
INFO: [ app_init ] --START--
INFO: Run Behavior\BuildLiteBehavior [ RunTime:0.000047s ]
INFO: [ app_init ] --END-- [ RunTime:0.001343s ]

[ 2015-07-31T11:27:10+08:00 ] 127.0.0.1 /club/index.php/ApplyClub/Login/Login/Login/Login/Login/Login/Login/Login/Login/:U%7BLogin/:U%7BLogin/:U%7BLogin/:U%7BLogin/:U%7BLogin/:U%7BLogin/:U%7BLogin/index%7D
INFO: [ app_init ] --START--
INFO: Run Behavior\BuildLiteBehavior [ RunTime:0.000050s ]
INFO: [ app_init ] --END-- [ RunTime:0.001444s ]

[ 2015-07-31T11:27:13+08:00 ] 127.0.0.1 /club/index.php/ApplyClub/Login/Login/Login/Login/Login/Login/Login/Login/Login/:U%7BLogin/:U%7BLogin/:U%7BLogin/:U%7BLogin/:U%7BLogin/:U%7BLogin/:U%7BLogin/:U%7BLogin/index%7D
INFO: [ app_init ] --START--
INFO: Run Behavior\BuildLiteBehavior [ RunTime:0.000061s ]
INFO: [ app_init ] --END-- [ RunTime:0.001456s ]

[ 2015-07-31T11:27:17+08:00 ] 127.0.0.1 /club/index.php/ApplyClub/Login/Login/Login/Login/Login/Login/Login/Login/Login/:U%7BLogin/:U%7BLogin/:U%7BLogin/:U%7BLogin/:U%7BLogin/:U%7BLogin/:U%7BLogin/:U%7BLogin/index%7D
INFO: [ app_init ] --START--
INFO: Run Behavior\BuildLiteBehavior [ RunTime:0.000016s ]
INFO: [ app_init ] --END-- [ RunTime:0.000477s ]

[ 2015-07-31T11:27:24+08:00 ] 127.0.0.1 /club/index.php/ApplyClub
INFO: [ app_init ] --START--
INFO: Run Behavior\BuildLiteBehavior [ RunTime:0.000036s ]
INFO: [ app_init ] --END-- [ RunTime:0.001036s ]

[ 2015-07-31T11:27:41+08:00 ] 127.0.0.1 /club/index.php/ApplyClub
INFO: [ app_init ] --START--
INFO: Run Behavior\BuildLiteBehavior [ RunTime:0.000029s ]
INFO: [ app_init ] --END-- [ RunTime:0.000775s ]

[ 2015-07-31T11:27:41+08:00 ] 127.0.0.1 /club/index.php/ApplyClub
INFO: [ app_init ] --START--
INFO: Run Behavior\BuildLiteBehavior [ RunTime:0.000017s ]
INFO: [ app_init ] --END-- [ RunTime:0.000512s ]

[ 2015-07-31T11:27:44+08:00 ] 127.0.0.1 /club/index.php/%7B:U(
INFO: [ app_init ] --START--
INFO: Run Behavior\BuildLiteBehavior [ RunTime:0.000031s ]
INFO: [ app_init ] --END-- [ RunTime:0.000887s ]
ERR: 无法加载控制器:{:U(

[ 2015-07-31T11:29:57+08:00 ] 127.0.0.1 /club/index.php/%7B:U(
INFO: [ app_init ] --START--
INFO: Run Behavior\BuildLiteBehavior [ RunTime:0.000017s ]
INFO: [ app_init ] --END-- [ RunTime:0.000524s ]
ERR: 无法加载控制器:{:U(

[ 2015-07-31T11:30:08+08:00 ] 127.0.0.1 /club/index.php/Home/ApplyClub
INFO: [ app_init ] --START--
INFO: Run Behavior\BuildLiteBehavior [ RunTime:0.000020s ]
INFO: [ app_init ] --END-- [ RunTime:0.000589s ]

[ 2015-07-31T11:30:12+08:00 ] 127.0.0.1 /club/index.php/Home/Login/index
INFO: [ app_init ] --START--
INFO: Run Behavior\BuildLiteBehavior [ RunTime:0.000049s ]
INFO: [ app_init ] --END-- [ RunTime:0.001450s ]

[ 2015-07-31T11:30:48+08:00 ] 127.0.0.1 /club/index.php/%7B:U(
INFO: [ app_init ] --START--
INFO: Run Behavior\BuildLiteBehavior [ RunTime:0.000015s ]
INFO: [ app_init ] --END-- [ RunTime:0.000515s ]
ERR: 无法加载控制器:{:U(

[ 2015-07-31T11:35:19+08:00 ] 127.0.0.1 /club/index.php/Home
INFO: [ app_init ] --START--
INFO: Run Behavior\BuildLiteBehavior [ RunTime:0.000018s ]
INFO: [ app_init ] --END-- [ RunTime:0.000553s ]
ERR: 无法加载控制器:Index

[ 2015-07-31T11:35:25+08:00 ] 127.0.0.1 /club/index.php/Home/ApplyClub
INFO: [ app_init ] --START--
INFO: Run Behavior\BuildLiteBehavior [ RunTime:0.000017s ]
INFO: [ app_init ] --END-- [ RunTime:0.000455s ]

[ 2015-07-31T11:35:28+08:00 ] 127.0.0.1 /club/index.php/Home/Login/index
INFO: [ app_init ] --START--
INFO: Run Behavior\BuildLiteBehavior [ RunTime:0.000023s ]
INFO: [ app_init ] --END-- [ RunTime:0.000692s ]

[ 2015-07-31T11:35:35+08:00 ] 127.0.0.1 /club/index.php/Login/handle.html
INFO: [ app_init ] --START--
INFO: Run Behavior\BuildLiteBehavior [ RunTime:0.000016s ]
INFO: [ app_init ] --END-- [ RunTime:0.000463s ]

[ 2015-07-31T11:35:36+08:00 ] 127.0.0.1 /club/index.php/Login/ApplyClub/index
INFO: [ app_init ] --START--
INFO: Run Behavior\BuildLiteBehavior [ RunTime:0.000020s ]
INFO: [ app_init ] --END-- [ RunTime:0.000597s ]
ERR: 非法操作:ApplyClub

[ 2015-07-31T11:49:01+08:00 ] 127.0.0.1 /club/index.php/Login/handle.html
INFO: [ app_init ] --START--
INFO: Run Behavior\BuildLiteBehavior [ RunTime:0.000017s ]
INFO: [ app_init ] --END-- [ RunTime:0.000484s ]

[ 2015-07-31T11:49:02+08:00 ] 127.0.0.1 /club/index.php/Login/ApplyClub/index
INFO: [ app_init ] --START--
INFO: Run Behavior\BuildLiteBehavior [ RunTime:0.000017s ]
INFO: [ app_init ] --END-- [ RunTime:0.000439s ]
ERR: 非法操作:ApplyClub

[ 2015-07-31T11:51:46+08:00 ] 127.0.0.1 /club/index.php/Login/handle.html
INFO: [ app_init ] --START--
INFO: Run Behavior\BuildLiteBehavior [ RunTime:0.000017s ]
INFO: [ app_init ] --END-- [ RunTime:0.000601s ]

[ 2015-07-31T11:57:25+08:00 ] 127.0.0.1 /club/index.php/Login/handle.html
INFO: [ app_init ] --START--
INFO: Run Behavior\BuildLiteBehavior [ RunTime:0.000016s ]
INFO: [ app_init ] --END-- [ RunTime:0.000488s ]

[ 2015-07-31T11:57:52+08:00 ] 127.0.0.1 /club/index.php/Login/handle.html
INFO: [ app_init ] --START--
INFO: Run Behavior\BuildLiteBehavior [ RunTime:0.000017s ]
INFO: [ app_init ] --END-- [ RunTime:0.000537s ]

[ 2015-07-31T11:57:53+08:00 ] 127.0.0.1 /club/index.php/ApplyClub/index.html
INFO: [ app_init ] --START--
INFO: Run Behavior\BuildLiteBehavior [ RunTime:0.000022s ]
INFO: [ app_init ] --END-- [ RunTime:0.000613s ]

[ 2015-07-31T11:59:03+08:00 ] 127.0.0.1 /club/index.php/Home/ApplyClub/showClub/id/3
INFO: [ app_init ] --START--
INFO: Run Behavior\BuildLiteBehavior [ RunTime:0.000017s ]
INFO: [ app_init ] --END-- [ RunTime:0.000498s ]

[ 2015-07-31T11:59:03+08:00 ] 127.0.0.1 /club/Public/Uploads/2015-07-26/55b448855e75a.png
INFO: [ app_init ] --START--
INFO: Run Behavior\BuildLiteBehavior [ RunTime:0.000018s ]
INFO: [ app_init ] --END-- [ RunTime:0.000435s ]

