[ 2015-04-07T16:00:27+08:00 ] 127.0.0.1 /think/
INFO: [ app_init ] --START--
INFO: Run Behavior\BuildLiteBehavior [ RunTime:0.000024s ]
INFO: [ app_init ] --END-- [ RunTime:0.012483s ]
INFO: [ app_begin ] --START--
INFO: Run Behavior\ReadHtmlCacheBehavior [ RunTime:0.021572s ]
INFO: [ app_begin ] --END-- [ RunTime:0.021667s ]
SQL: SHOW COLUMNS FROM `think_article` [ RunTime:0.0847s ]
SQL: SELECT COUNT(*) AS tp_count FROM `think_article` LIMIT 1   [ RunTime:0.0005s ]
SQL: SELECT * FROM `think_article` ORDER BY time DESC LIMIT 0,8   [ RunTime:0.0120s ]
INFO: [ view_parse ] --START--
INFO: [ template_filter ] --START--
INFO: Run Behavior\ContentReplaceBehavior [ RunTime:0.000060s ]
INFO: [ template_filter ] --END-- [ RunTime:0.000129s ]
INFO: Run Behavior\ParseTemplateBehavior [ RunTime:0.077894s ]
INFO: [ view_parse ] --END-- [ RunTime:0.078027s ]
INFO: [ view_filter ] --START--
INFO: Run Behavior\WriteHtmlCacheBehavior [ RunTime:0.024331s ]
INFO: [ view_filter ] --END-- [ RunTime:0.024411s ]
INFO: [ app_end ] --START--
INFO: Run Behavior\ShowPageTraceBehavior [ RunTime:0.006545s ]
INFO: [ app_end ] --END-- [ RunTime:0.006624s ]

[ 2015-04-07T17:18:02+08:00 ] 127.0.0.1 /think/
INFO: [ app_init ] --START--
INFO: Run Behavior\BuildLiteBehavior [ RunTime:0.000022s ]
INFO: [ app_init ] --END-- [ RunTime:0.105960s ]
INFO: [ app_begin ] --START--
INFO: Run Behavior\ReadHtmlCacheBehavior [ RunTime:0.069378s ]
INFO: [ app_begin ] --END-- [ RunTime:0.069563s ]
SQL: SHOW COLUMNS FROM `think_article` [ RunTime:0.4602s ]
SQL: SELECT COUNT(*) AS tp_count FROM `think_article` LIMIT 1   [ RunTime:0.0209s ]
SQL: SELECT * FROM `think_article` ORDER BY time DESC LIMIT 0,8   [ RunTime:0.0007s ]
INFO: [ view_parse ] --START--
INFO: [ template_filter ] --START--
INFO: Run Behavior\ContentReplaceBehavior [ RunTime:0.000090s ]
INFO: [ template_filter ] --END-- [ RunTime:0.000213s ]
INFO: Run Behavior\ParseTemplateBehavior [ RunTime:0.212822s ]
INFO: [ view_parse ] --END-- [ RunTime:0.212911s ]
INFO: [ view_filter ] --START--
INFO: Run Behavior\WriteHtmlCacheBehavior [ RunTime:0.047499s ]
INFO: [ view_filter ] --END-- [ RunTime:0.047564s ]
INFO: [ app_end ] --START--
INFO: Run Behavior\ShowPageTraceBehavior [ RunTime:0.036162s ]
INFO: [ app_end ] --END-- [ RunTime:0.036296s ]

[ 2015-04-07T17:23:07+08:00 ] 127.0.0.1 /think/
INFO: [ app_init ] --START--
INFO: Run Behavior\BuildLiteBehavior [ RunTime:0.000019s ]
INFO: [ app_init ] --END-- [ RunTime:0.000757s ]
INFO: [ app_begin ] --START--
INFO: Run Behavior\ReadHtmlCacheBehavior [ RunTime:0.003455s ]
INFO: [ app_begin ] --END-- [ RunTime:0.003762s ]
SQL: SHOW COLUMNS FROM `think_article` [ RunTime:0.0599s ]
SQL: SELECT COUNT(*) AS tp_count FROM `think_article` LIMIT 1   [ RunTime:0.0006s ]
SQL: SELECT * FROM `think_article` ORDER BY time DESC LIMIT 0,8   [ RunTime:0.0009s ]
INFO: [ view_parse ] --START--
INFO: [ template_filter ] --START--
INFO: Run Behavior\ContentReplaceBehavior [ RunTime:0.000093s ]
INFO: [ template_filter ] --END-- [ RunTime:0.000221s ]
INFO: Run Behavior\ParseTemplateBehavior [ RunTime:0.017970s ]
INFO: [ view_parse ] --END-- [ RunTime:0.018116s ]
INFO: [ view_filter ] --START--
INFO: Run Behavior\WriteHtmlCacheBehavior [ RunTime:0.001148s ]
INFO: [ view_filter ] --END-- [ RunTime:0.001245s ]
INFO: [ app_end ] --START--
INFO: Run Behavior\ShowPageTraceBehavior [ RunTime:0.001098s ]
INFO: [ app_end ] --END-- [ RunTime:0.001186s ]

