[ 2015-04-14T12:54:11+08:00 ] 127.0.0.1 /think/
INFO: [ app_init ] --START--
INFO: Run Behavior\BuildLiteBehavior [ RunTime:0.000057s ]
INFO: [ app_init ] --END-- [ RunTime:0.003072s ]
INFO: [ app_begin ] --START--
INFO: Run Behavior\ReadHtmlCacheBehavior [ RunTime:0.007987s ]
INFO: [ app_begin ] --END-- [ RunTime:0.008123s ]
SQL: SHOW COLUMNS FROM `think_article` [ RunTime:0.0747s ]
SQL: SELECT COUNT(*) AS tp_count FROM `think_article` LIMIT 1   [ RunTime:0.0003s ]
SQL: SELECT * FROM `think_article` ORDER BY time DESC LIMIT 0,8   [ RunTime:0.0225s ]
INFO: [ view_parse ] --START--
INFO: [ template_filter ] --START--
INFO: Run Behavior\ContentReplaceBehavior [ RunTime:0.000175s ]
INFO: [ template_filter ] --END-- [ RunTime:0.000371s ]
INFO: Run Behavior\ParseTemplateBehavior [ RunTime:0.165715s ]
INFO: [ view_parse ] --END-- [ RunTime:0.165939s ]
INFO: [ view_filter ] --START--
INFO: Run Behavior\WriteHtmlCacheBehavior [ RunTime:0.012838s ]
INFO: [ view_filter ] --END-- [ RunTime:0.013033s ]
INFO: [ app_end ] --START--
INFO: Run Behavior\ShowPageTraceBehavior [ RunTime:0.006668s ]
INFO: [ app_end ] --END-- [ RunTime:0.006886s ]

[ 2015-04-14T23:52:05+08:00 ] 127.0.0.1 /think/
INFO: [ app_init ] --START--
INFO: Run Behavior\BuildLiteBehavior [ RunTime:0.000053s ]
INFO: [ app_init ] --END-- [ RunTime:0.015468s ]
INFO: [ app_begin ] --START--
INFO: Run Behavior\ReadHtmlCacheBehavior [ RunTime:0.017376s ]
INFO: [ app_begin ] --END-- [ RunTime:0.017609s ]
SQL: SHOW COLUMNS FROM `think_article` [ RunTime:0.0786s ]
SQL: SELECT COUNT(*) AS tp_count FROM `think_article` LIMIT 1   [ RunTime:0.0003s ]
SQL: SELECT * FROM `think_article` ORDER BY time DESC LIMIT 0,8   [ RunTime:0.0120s ]
INFO: [ view_parse ] --START--
INFO: [ template_filter ] --START--
INFO: Run Behavior\ContentReplaceBehavior [ RunTime:0.000167s ]
INFO: [ template_filter ] --END-- [ RunTime:0.000357s ]
INFO: Run Behavior\ParseTemplateBehavior [ RunTime:0.156133s ]
INFO: [ view_parse ] --END-- [ RunTime:0.156311s ]
INFO: [ view_filter ] --START--
INFO: Run Behavior\WriteHtmlCacheBehavior [ RunTime:0.012959s ]
INFO: [ view_filter ] --END-- [ RunTime:0.013152s ]
INFO: [ app_end ] --START--
INFO: Run Behavior\ShowPageTraceBehavior [ RunTime:0.008420s ]
INFO: [ app_end ] --END-- [ RunTime:0.008696s ]

