[ 2015-04-02T16:09:41+08:00 ] 127.0.0.1 /think/test
INFO: [ app_init ] --START--
INFO: Run Behavior\BuildLiteBehavior [ RunTime:0.000029s ]
INFO: [ app_init ] --END-- [ RunTime:0.001030s ]
ERR: æ— æ³•åŠ è½½æ¨¡å—:Test

[ 2015-04-02T16:13:03+08:00 ] 127.0.0.1 /think/test
INFO: [ app_init ] --START--
INFO: Run Behavior\BuildLiteBehavior [ RunTime:0.000028s ]
INFO: [ app_init ] --END-- [ RunTime:0.000970s ]
ERR: æ— æ³•åŠ è½½æ¨¡å—:Test

[ 2015-04-02T16:13:03+08:00 ] 127.0.0.1 /think/test
INFO: [ app_init ] --START--
INFO: Run Behavior\BuildLiteBehavior [ RunTime:0.000023s ]
INFO: [ app_init ] --END-- [ RunTime:0.000860s ]
ERR: æ— æ³•åŠ è½½æ¨¡å—:Test

[ 2015-04-02T16:13:04+08:00 ] 127.0.0.1 /think/test
INFO: [ app_init ] --START--
INFO: Run Behavior\BuildLiteBehavior [ RunTime:0.000025s ]
INFO: [ app_init ] --END-- [ RunTime:0.001072s ]
ERR: æ— æ³•åŠ è½½æ¨¡å—:Test

[ 2015-04-02T16:13:59+08:00 ] 127.0.0.1 /think/test
INFO: [ app_init ] --START--
INFO: Run Behavior\BuildLiteBehavior [ RunTime:0.000024s ]
INFO: [ app_init ] --END-- [ RunTime:0.000967s ]
ERR: æ— æ³•åŠ è½½æ¨¡å—:Test

[ 2015-04-02T16:14:24+08:00 ] 127.0.0.1 /think/test
INFO: [ app_init ] --START--
INFO: Run Behavior\BuildLiteBehavior [ RunTime:0.000027s ]
INFO: [ app_init ] --END-- [ RunTime:0.001180s ]
ERR: æ— æ³•åŠ è½½æ¨¡å—:Test

[ 2015-04-02T16:14:25+08:00 ] 127.0.0.1 /think/test
INFO: [ app_init ] --START--
INFO: Run Behavior\BuildLiteBehavior [ RunTime:0.000025s ]
INFO: [ app_init ] --END-- [ RunTime:0.000893s ]
ERR: æ— æ³•åŠ è½½æ¨¡å—:Test

[ 2015-04-02T16:15:14+08:00 ] 127.0.0.1 /think/test
INFO: [ app_init ] --START--
INFO: Run Behavior\BuildLiteBehavior [ RunTime:0.000025s ]
INFO: [ app_init ] --END-- [ RunTime:0.000880s ]
ERR: æ— æ³•åŠ è½½æ¨¡å—:Test

[ 2015-04-02T16:15:15+08:00 ] 127.0.0.1 /think/test
INFO: [ app_init ] --START--
INFO: Run Behavior\BuildLiteBehavior [ RunTime:0.000024s ]
INFO: [ app_init ] --END-- [ RunTime:0.000900s ]
ERR: æ— æ³•åŠ è½½æ¨¡å—:Test

[ 2015-04-02T16:15:15+08:00 ] 127.0.0.1 /think/test
INFO: [ app_init ] --START--
INFO: Run Behavior\BuildLiteBehavior [ RunTime:0.000025s ]
INFO: [ app_init ] --END-- [ RunTime:0.000922s ]
ERR: æ— æ³•åŠ è½½æ¨¡å—:Test

[ 2015-04-02T16:15:16+08:00 ] 127.0.0.1 /think/test
INFO: [ app_init ] --START--
INFO: Run Behavior\BuildLiteBehavior [ RunTime:0.000025s ]
INFO: [ app_init ] --END-- [ RunTime:0.000912s ]
ERR: æ— æ³•åŠ è½½æ¨¡å—:Test

[ 2015-04-02T16:15:16+08:00 ] 127.0.0.1 /think/test
INFO: [ app_init ] --START--
INFO: Run Behavior\BuildLiteBehavior [ RunTime:0.000040s ]
INFO: [ app_init ] --END-- [ RunTime:0.001306s ]
ERR: æ— æ³•åŠ è½½æ¨¡å—:Test

[ 2015-04-02T16:15:16+08:00 ] 127.0.0.1 /think/test
INFO: [ app_init ] --START--
INFO: Run Behavior\BuildLiteBehavior [ RunTime:0.000043s ]
INFO: [ app_init ] --END-- [ RunTime:0.001141s ]
ERR: æ— æ³•åŠ è½½æ¨¡å—:Test

[ 2015-04-02T16:15:16+08:00 ] 127.0.0.1 /think/test
INFO: [ app_init ] --START--
INFO: Run Behavior\BuildLiteBehavior [ RunTime:0.000024s ]
INFO: [ app_init ] --END-- [ RunTime:0.000865s ]
ERR: æ— æ³•åŠ è½½æ¨¡å—:Test

[ 2015-04-02T16:15:16+08:00 ] 127.0.0.1 /think/test
INFO: [ app_init ] --START--
INFO: Run Behavior\BuildLiteBehavior [ RunTime:0.000038s ]
INFO: [ app_init ] --END-- [ RunTime:0.000865s ]
ERR: æ— æ³•åŠ è½½æ¨¡å—:Test

[ 2015-04-02T16:15:17+08:00 ] 127.0.0.1 /think/test
INFO: [ app_init ] --START--
INFO: Run Behavior\BuildLiteBehavior [ RunTime:0.000023s ]
INFO: [ app_init ] --END-- [ RunTime:0.000868s ]
ERR: æ— æ³•åŠ è½½æ¨¡å—:Test

[ 2015-04-02T16:15:17+08:00 ] 127.0.0.1 /think/test
INFO: [ app_init ] --START--
INFO: Run Behavior\BuildLiteBehavior [ RunTime:0.000025s ]
INFO: [ app_init ] --END-- [ RunTime:0.000818s ]
ERR: æ— æ³•åŠ è½½æ¨¡å—:Test

[ 2015-04-02T16:23:42+08:00 ] 127.0.0.1 /think/Public/images/skin1.png
INFO: [ app_init ] --START--
INFO: Run Behavior\BuildLiteBehavior [ RunTime:0.000028s ]
INFO: [ app_init ] --END-- [ RunTime:0.001062s ]
ERR: æ— æ³•åŠ è½½æ¨¡å—:Public

[ 2015-04-02T16:29:23+08:00 ] 127.0.0.1 /think/Public/images/skin1.png
INFO: [ app_init ] --START--
INFO: Run Behavior\BuildLiteBehavior [ RunTime:0.000025s ]
INFO: [ app_init ] --END-- [ RunTime:0.000868s ]
ERR: æ— æ³•åŠ è½½æ¨¡å—:Public

[ 2015-04-02T16:29:23+08:00 ] 127.0.0.1 /think/Public/images/skin1.png
INFO: [ app_init ] --START--
INFO: Run Behavior\BuildLiteBehavior [ RunTime:0.000025s ]
INFO: [ app_init ] --END-- [ RunTime:0.000791s ]
ERR: æ— æ³•åŠ è½½æ¨¡å—:Public

[ 2015-04-02T16:29:41+08:00 ] 127.0.0.1 /think/Public/images/skin1.png
INFO: [ app_init ] --START--
INFO: Run Behavior\BuildLiteBehavior [ RunTime:0.000025s ]
INFO: [ app_init ] --END-- [ RunTime:0.000891s ]
ERR: æ— æ³•åŠ è½½æ¨¡å—:Public

[ 2015-04-02T16:29:45+08:00 ] 127.0.0.1 /think/Public/images/skin1.png
INFO: [ app_init ] --START--
INFO: Run Behavior\BuildLiteBehavior [ RunTime:0.000023s ]
INFO: [ app_init ] --END-- [ RunTime:0.000808s ]
ERR: æ— æ³•åŠ è½½æ¨¡å—:Public

[ 2015-04-02T16:29:45+08:00 ] 127.0.0.1 /think/Public/images/skin1.png
INFO: [ app_init ] --START--
INFO: Run Behavior\BuildLiteBehavior [ RunTime:0.000026s ]
INFO: [ app_init ] --END-- [ RunTime:0.000797s ]
ERR: æ— æ³•åŠ è½½æ¨¡å—:Public

[ 2015-04-02T16:29:48+08:00 ] 127.0.0.1 /think/Public/images/skin1.png
INFO: [ app_init ] --START--
INFO: Run Behavior\BuildLiteBehavior [ RunTime:0.000036s ]
INFO: [ app_init ] --END-- [ RunTime:0.001050s ]
ERR: æ— æ³•åŠ è½½æ¨¡å—:Public

[ 2015-04-02T16:29:48+08:00 ] 127.0.0.1 /think/Public/images/skin1.png
INFO: [ app_init ] --START--
INFO: Run Behavior\BuildLiteBehavior [ RunTime:0.000025s ]
INFO: [ app_init ] --END-- [ RunTime:0.000797s ]
ERR: æ— æ³•åŠ è½½æ¨¡å—:Public

[ 2015-04-02T16:29:53+08:00 ] 127.0.0.1 /think/Public/images/skin1.png
INFO: [ app_init ] --START--
INFO: Run Behavior\BuildLiteBehavior [ RunTime:0.000025s ]
INFO: [ app_init ] --END-- [ RunTime:0.000895s ]
ERR: æ— æ³•åŠ è½½æ¨¡å—:Public

[ 2015-04-02T16:29:53+08:00 ] 127.0.0.1 /think/Public/images/skin1.png
INFO: [ app_init ] --START--
INFO: Run Behavior\BuildLiteBehavior [ RunTime:0.000025s ]
INFO: [ app_init ] --END-- [ RunTime:0.000872s ]
ERR: æ— æ³•åŠ è½½æ¨¡å—:Public

[ 2015-04-02T16:31:16+08:00 ] 127.0.0.1 /think/Public/images/skin1.png
INFO: [ app_init ] --START--
INFO: Run Behavior\BuildLiteBehavior [ RunTime:0.000037s ]
INFO: [ app_init ] --END-- [ RunTime:0.001114s ]
ERR: æ— æ³•åŠ è½½æ¨¡å—:Public

[ 2015-04-02T16:36:24+08:00 ] 127.0.0.1 /think/Public/editor/php/upload/20150402/14279634549378.jpg
INFO: [ app_init ] --START--
INFO: Run Behavior\BuildLiteBehavior [ RunTime:0.000024s ]
INFO: [ app_init ] --END-- [ RunTime:0.000946s ]
ERR: æ— æ³•åŠ è½½æ¨¡å—:Public

[ 2015-04-02T16:36:44+08:00 ] 127.0.0.1 /think/Public/images/skin1.png
INFO: [ app_init ] --START--
INFO: Run Behavior\BuildLiteBehavior [ RunTime:0.000023s ]
INFO: [ app_init ] --END-- [ RunTime:0.000850s ]
ERR: æ— æ³•åŠ è½½æ¨¡å—:Public

[ 2015-04-02T16:36:44+08:00 ] 127.0.0.1 /think/Public/images/skin1.png
INFO: [ app_init ] --START--
INFO: Run Behavior\BuildLiteBehavior [ RunTime:0.000025s ]
INFO: [ app_init ] --END-- [ RunTime:0.000980s ]
ERR: æ— æ³•åŠ è½½æ¨¡å—:Public

[ 2015-04-02T16:36:55+08:00 ] 127.0.0.1 /think/Public/images/skin1.png
INFO: [ app_init ] --START--
INFO: Run Behavior\BuildLiteBehavior [ RunTime:0.000026s ]
INFO: [ app_init ] --END-- [ RunTime:0.000874s ]
ERR: æ— æ³•åŠ è½½æ¨¡å—:Public

[ 2015-04-02T16:36:56+08:00 ] 127.0.0.1 /think/Public/images/skin1.png
INFO: [ app_init ] --START--
INFO: Run Behavior\BuildLiteBehavior [ RunTime:0.000029s ]
INFO: [ app_init ] --END-- [ RunTime:0.000950s ]
ERR: æ— æ³•åŠ è½½æ¨¡å—:Public

[ 2015-04-02T16:37:48+08:00 ] 127.0.0.1 /think/Public/images/skin1.png
INFO: [ app_init ] --START--
INFO: Run Behavior\BuildLiteBehavior [ RunTime:0.000028s ]
INFO: [ app_init ] --END-- [ RunTime:0.001168s ]
ERR: æ— æ³•åŠ è½½æ¨¡å—:Public

[ 2015-04-02T16:37:53+08:00 ] 127.0.0.1 /think/Public/images/skin1.png
INFO: [ app_init ] --START--
INFO: Run Behavior\BuildLiteBehavior [ RunTime:0.000025s ]
INFO: [ app_init ] --END-- [ RunTime:0.000907s ]
ERR: æ— æ³•åŠ è½½æ¨¡å—:Public

[ 2015-04-02T16:37:56+08:00 ] 127.0.0.1 /think/Public/images/skin1.png
INFO: [ app_init ] --START--
INFO: Run Behavior\BuildLiteBehavior [ RunTime:0.000024s ]
INFO: [ app_init ] --END-- [ RunTime:0.000900s ]
ERR: æ— æ³•åŠ è½½æ¨¡å—:Public

[ 2015-04-02T16:37:57+08:00 ] 127.0.0.1 /think/Public/images/skin1.png
INFO: [ app_init ] --START--
INFO: Run Behavior\BuildLiteBehavior [ RunTime:0.000025s ]
INFO: [ app_init ] --END-- [ RunTime:0.000774s ]
ERR: æ— æ³•åŠ è½½æ¨¡å—:Public

[ 2015-04-02T16:38:02+08:00 ] 127.0.0.1 /think/Public/images/skin1.png
INFO: [ app_init ] --START--
INFO: Run Behavior\BuildLiteBehavior [ RunTime:0.000023s ]
INFO: [ app_init ] --END-- [ RunTime:0.000782s ]
ERR: æ— æ³•åŠ è½½æ¨¡å—:Public

[ 2015-04-02T16:38:03+08:00 ] 127.0.0.1 /think/Public/images/skin1.png
INFO: [ app_init ] --START--
INFO: Run Behavior\BuildLiteBehavior [ RunTime:0.000028s ]
INFO: [ app_init ] --END-- [ RunTime:0.001215s ]
ERR: æ— æ³•åŠ è½½æ¨¡å—:Public

[ 2015-04-02T17:20:36+08:00 ] 127.0.0.1 /think/Public/images/skin1.png
INFO: [ app_init ] --START--
INFO: Run Behavior\BuildLiteBehavior [ RunTime:0.000025s ]
INFO: [ app_init ] --END-- [ RunTime:0.000875s ]
ERR: æ— æ³•åŠ è½½æ¨¡å—:Public

[ 2015-04-02T17:20:36+08:00 ] 127.0.0.1 /think/Public/images/skin1.png
INFO: [ app_init ] --START--
INFO: Run Behavior\BuildLiteBehavior [ RunTime:0.000033s ]
INFO: [ app_init ] --END-- [ RunTime:0.001657s ]
ERR: æ— æ³•åŠ è½½æ¨¡å—:Public

[ 2015-04-02T17:30:20+08:00 ] 127.0.0.1 /think/Public/images/skin1.png
INFO: [ app_init ] --START--
INFO: Run Behavior\BuildLiteBehavior [ RunTime:0.000024s ]
INFO: [ app_init ] --END-- [ RunTime:0.000894s ]
ERR: æ— æ³•åŠ è½½æ¨¡å—:Public

[ 2015-04-02T17:30:20+08:00 ] 127.0.0.1 /think/Public/images/skin1.png
INFO: [ app_init ] --START--
INFO: Run Behavior\BuildLiteBehavior [ RunTime:0.000026s ]
INFO: [ app_init ] --END-- [ RunTime:0.000993s ]
ERR: æ— æ³•åŠ è½½æ¨¡å—:Public

[ 2015-04-02T17:41:54+08:00 ] 127.0.0.1 /think/Public/images/skin1.png
INFO: [ app_init ] --START--
INFO: Run Behavior\BuildLiteBehavior [ RunTime:0.000026s ]
INFO: [ app_init ] --END-- [ RunTime:0.000925s ]
ERR: æ— æ³•åŠ è½½æ¨¡å—:Public

[ 2015-04-02T17:41:54+08:00 ] 127.0.0.1 /think/Public/images/skin1.png
INFO: [ app_init ] --START--
INFO: Run Behavior\BuildLiteBehavior [ RunTime:0.000038s ]
INFO: [ app_init ] --END-- [ RunTime:0.001374s ]
ERR: æ— æ³•åŠ è½½æ¨¡å—:Public

[ 2015-04-02T18:35:48+08:00 ] 127.0.0.1 /think/Public/images/skin1.png
INFO: [ app_init ] --START--
INFO: Run Behavior\BuildLiteBehavior [ RunTime:0.000034s ]
INFO: [ app_init ] --END-- [ RunTime:0.001345s ]
ERR: æ— æ³•åŠ è½½æ¨¡å—:Public

[ 2015-04-02T18:35:50+08:00 ] 127.0.0.1 /think/Public/images/skin1.png
INFO: [ app_init ] --START--
INFO: Run Behavior\BuildLiteBehavior [ RunTime:0.000027s ]
INFO: [ app_init ] --END-- [ RunTime:0.000994s ]
ERR: æ— æ³•åŠ è½½æ¨¡å—:Public

[ 2015-04-02T18:35:50+08:00 ] 127.0.0.1 /think/Public/images/skin1.png
INFO: [ app_init ] --START--
INFO: Run Behavior\BuildLiteBehavior [ RunTime:0.000050s ]
INFO: [ app_init ] --END-- [ RunTime:0.001509s ]
ERR: æ— æ³•åŠ è½½æ¨¡å—:Public

[ 2015-04-02T18:35:56+08:00 ] 127.0.0.1 /think/Public/images/skin1.png
INFO: [ app_init ] --START--
INFO: Run Behavior\BuildLiteBehavior [ RunTime:0.000026s ]
INFO: [ app_init ] --END-- [ RunTime:0.000951s ]
ERR: æ— æ³•åŠ è½½æ¨¡å—:Public

[ 2015-04-02T21:43:36+08:00 ] 127.0.0.1 /think/Public/images/skin1.png
INFO: [ app_init ] --START--
INFO: Run Behavior\BuildLiteBehavior [ RunTime:0.000025s ]
INFO: [ app_init ] --END-- [ RunTime:0.000908s ]
ERR: æ— æ³•åŠ è½½æ¨¡å—:Public

[ 2015-04-02T21:44:01+08:00 ] 127.0.0.1 /think/Public/images/skin1.png
INFO: [ app_init ] --START--
INFO: Run Behavior\BuildLiteBehavior [ RunTime:0.000018s ]
INFO: [ app_init ] --END-- [ RunTime:0.000597s ]
ERR: æ— æ³•åŠ è½½æ¨¡å—:Public

[ 2015-04-02T21:44:01+08:00 ] 127.0.0.1 /think/Public/images/skin1.png
INFO: [ app_init ] --START--
INFO: Run Behavior\BuildLiteBehavior [ RunTime:0.000018s ]
INFO: [ app_init ] --END-- [ RunTime:0.000571s ]
ERR: æ— æ³•åŠ è½½æ¨¡å—:Public

[ 2015-04-02T21:44:02+08:00 ] 127.0.0.1 /think/Public/images/skin1.png
INFO: [ app_init ] --START--
INFO: Run Behavior\BuildLiteBehavior [ RunTime:0.000018s ]
INFO: [ app_init ] --END-- [ RunTime:0.000803s ]
ERR: æ— æ³•åŠ è½½æ¨¡å—:Public

[ 2015-04-02T21:47:53+08:00 ] 127.0.0.1 /think/Public/images/skin1.png
INFO: [ app_init ] --START--
INFO: Run Behavior\BuildLiteBehavior [ RunTime:0.000019s ]
INFO: [ app_init ] --END-- [ RunTime:0.000638s ]
ERR: æ— æ³•åŠ è½½æ¨¡å—:Public

[ 2015-04-02T21:47:55+08:00 ] 127.0.0.1 /think/Public/images/skin1.png
INFO: [ app_init ] --START--
INFO: Run Behavior\BuildLiteBehavior [ RunTime:0.000019s ]
INFO: [ app_init ] --END-- [ RunTime:0.000626s ]
ERR: æ— æ³•åŠ è½½æ¨¡å—:Public

[ 2015-04-02T21:48:09+08:00 ] 127.0.0.1 /think/Public/images/skin1.png
INFO: [ app_init ] --START--
INFO: Run Behavior\BuildLiteBehavior [ RunTime:0.000026s ]
INFO: [ app_init ] --END-- [ RunTime:0.000810s ]
ERR: æ— æ³•åŠ è½½æ¨¡å—:Public

[ 2015-04-02T21:48:09+08:00 ] 127.0.0.1 /think/Public/images/skin1.png
INFO: [ app_init ] --START--
INFO: Run Behavior\BuildLiteBehavior [ RunTime:0.000039s ]
INFO: [ app_init ] --END-- [ RunTime:0.001550s ]
ERR: æ— æ³•åŠ è½½æ¨¡å—:Public

[ 2015-04-02T22:00:57+08:00 ] 127.0.0.1 /think/Public/images/skin1.png
INFO: [ app_init ] --START--
INFO: Run Behavior\BuildLiteBehavior [ RunTime:0.000031s ]
INFO: [ app_init ] --END-- [ RunTime:0.000838s ]
ERR: æ— æ³•åŠ è½½æ¨¡å—:Public

[ 2015-04-02T22:00:58+08:00 ] 127.0.0.1 /think/Public/images/skin1.png
INFO: [ app_init ] --START--
INFO: Run Behavior\BuildLiteBehavior [ RunTime:0.000025s ]
INFO: [ app_init ] --END-- [ RunTime:0.001153s ]
ERR: æ— æ³•åŠ è½½æ¨¡å—:Public

[ 2015-04-02T22:01:00+08:00 ] 127.0.0.1 /think/Public/images/skin1.png
INFO: [ app_init ] --START--
INFO: Run Behavior\BuildLiteBehavior [ RunTime:0.000026s ]
INFO: [ app_init ] --END-- [ RunTime:0.000801s ]
ERR: æ— æ³•åŠ è½½æ¨¡å—:Public

[ 2015-04-02T22:01:00+08:00 ] 127.0.0.1 /think/Public/images/skin1.png
INFO: [ app_init ] --START--
INFO: Run Behavior\BuildLiteBehavior [ RunTime:0.000025s ]
INFO: [ app_init ] --END-- [ RunTime:0.000774s ]
ERR: æ— æ³•åŠ è½½æ¨¡å—:Public

[ 2015-04-02T22:01:00+08:00 ] 127.0.0.1 /think/Public/images/skin1.png
INFO: [ app_init ] --START--
INFO: Run Behavior\BuildLiteBehavior [ RunTime:0.000023s ]
INFO: [ app_init ] --END-- [ RunTime:0.000702s ]
ERR: æ— æ³•åŠ è½½æ¨¡å—:Public

[ 2015-04-02T22:01:00+08:00 ] 127.0.0.1 /think/Public/images/skin1.png
INFO: [ app_init ] --START--
INFO: Run Behavior\BuildLiteBehavior [ RunTime:0.000027s ]
INFO: [ app_init ] --END-- [ RunTime:0.000860s ]
ERR: æ— æ³•åŠ è½½æ¨¡å—:Public

[ 2015-04-02T22:01:01+08:00 ] 127.0.0.1 /think/Public/images/skin1.png
INFO: [ app_init ] --START--
INFO: Run Behavior\BuildLiteBehavior [ RunTime:0.000024s ]
INFO: [ app_init ] --END-- [ RunTime:0.000814s ]
ERR: æ— æ³•åŠ è½½æ¨¡å—:Public

[ 2015-04-02T22:01:55+08:00 ] 127.0.0.1 /think/Public/images/skin1.png
INFO: [ app_init ] --START--
INFO: Run Behavior\BuildLiteBehavior [ RunTime:0.000045s ]
INFO: [ app_init ] --END-- [ RunTime:0.001082s ]
ERR: æ— æ³•åŠ è½½æ¨¡å—:Public

[ 2015-04-02T22:01:55+08:00 ] 127.0.0.1 /think/Public/images/skin1.png
INFO: [ app_init ] --START--
INFO: Run Behavior\BuildLiteBehavior [ RunTime:0.000019s ]
INFO: [ app_init ] --END-- [ RunTime:0.000623s ]
ERR: æ— æ³•åŠ è½½æ¨¡å—:Public

[ 2015-04-02T22:01:56+08:00 ] 127.0.0.1 /think/Public/images/skin1.png
INFO: [ app_init ] --START--
INFO: Run Behavior\BuildLiteBehavior [ RunTime:0.000026s ]
INFO: [ app_init ] --END-- [ RunTime:0.000739s ]
ERR: æ— æ³•åŠ è½½æ¨¡å—:Public

[ 2015-04-02T22:01:56+08:00 ] 127.0.0.1 /think/Public/images/skin1.png
INFO: [ app_init ] --START--
INFO: Run Behavior\BuildLiteBehavior [ RunTime:0.000028s ]
INFO: [ app_init ] --END-- [ RunTime:0.000843s ]
ERR: æ— æ³•åŠ è½½æ¨¡å—:Public

[ 2015-04-02T22:02:14+08:00 ] 127.0.0.1 /think/Public/images/skin1.png
INFO: [ app_init ] --START--
INFO: Run Behavior\BuildLiteBehavior [ RunTime:0.000020s ]
INFO: [ app_init ] --END-- [ RunTime:0.000574s ]
ERR: æ— æ³•åŠ è½½æ¨¡å—:Public

[ 2015-04-02T22:02:14+08:00 ] 127.0.0.1 /think/Public/images/skin1.png
INFO: [ app_init ] --START--
INFO: Run Behavior\BuildLiteBehavior [ RunTime:0.000036s ]
INFO: [ app_init ] --END-- [ RunTime:0.001068s ]
ERR: æ— æ³•åŠ è½½æ¨¡å—:Public

[ 2015-04-02T22:02:15+08:00 ] 127.0.0.1 /think/Public/images/skin1.png
INFO: [ app_init ] --START--
INFO: Run Behavior\BuildLiteBehavior [ RunTime:0.000018s ]
INFO: [ app_init ] --END-- [ RunTime:0.000550s ]
ERR: æ— æ³•åŠ è½½æ¨¡å—:Public

[ 2015-04-02T22:02:15+08:00 ] 127.0.0.1 /think/Public/images/skin1.png
INFO: [ app_init ] --START--
INFO: Run Behavior\BuildLiteBehavior [ RunTime:0.000027s ]
INFO: [ app_init ] --END-- [ RunTime:0.001086s ]
ERR: æ— æ³•åŠ è½½æ¨¡å—:Public

[ 2015-04-02T22:02:37+08:00 ] 127.0.0.1 /think/Public/images/skin1.png
INFO: [ app_init ] --START--
INFO: Run Behavior\BuildLiteBehavior [ RunTime:0.000019s ]
INFO: [ app_init ] --END-- [ RunTime:0.000607s ]
ERR: æ— æ³•åŠ è½½æ¨¡å—:Public

[ 2015-04-02T22:02:37+08:00 ] 127.0.0.1 /think/Public/images/skin1.png
INFO: [ app_init ] --START--
INFO: Run Behavior\BuildLiteBehavior [ RunTime:0.000032s ]
INFO: [ app_init ] --END-- [ RunTime:0.000886s ]
ERR: æ— æ³•åŠ è½½æ¨¡å—:Public

[ 2015-04-02T22:02:38+08:00 ] 127.0.0.1 /think/Public/images/skin1.png
INFO: [ app_init ] --START--
INFO: Run Behavior\BuildLiteBehavior [ RunTime:0.000026s ]
INFO: [ app_init ] --END-- [ RunTime:0.000815s ]
ERR: æ— æ³•åŠ è½½æ¨¡å—:Public

[ 2015-04-02T22:02:38+08:00 ] 127.0.0.1 /think/Public/images/skin1.png
INFO: [ app_init ] --START--
INFO: Run Behavior\BuildLiteBehavior [ RunTime:0.000018s ]
INFO: [ app_init ] --END-- [ RunTime:0.000570s ]
ERR: æ— æ³•åŠ è½½æ¨¡å—:Public

[ 2015-04-02T22:02:59+08:00 ] 127.0.0.1 /think/Public/images/skin1.png
INFO: [ app_init ] --START--
INFO: Run Behavior\BuildLiteBehavior [ RunTime:0.000025s ]
INFO: [ app_init ] --END-- [ RunTime:0.000666s ]
ERR: æ— æ³•åŠ è½½æ¨¡å—:Public

[ 2015-04-02T22:03:00+08:00 ] 127.0.0.1 /think/Public/images/skin1.png
INFO: [ app_init ] --START--
INFO: Run Behavior\BuildLiteBehavior [ RunTime:0.000030s ]
INFO: [ app_init ] --END-- [ RunTime:0.002480s ]
ERR: æ— æ³•åŠ è½½æ¨¡å—:Public

[ 2015-04-02T22:04:52+08:00 ] 127.0.0.1 /think/Public/images/skin1.png
INFO: [ app_init ] --START--
INFO: Run Behavior\BuildLiteBehavior [ RunTime:0.000026s ]
INFO: [ app_init ] --END-- [ RunTime:0.001059s ]
ERR: æ— æ³•åŠ è½½æ¨¡å—:Public

[ 2015-04-02T22:06:39+08:00 ] 127.0.0.1 /think/Public/images/skin1.png
INFO: [ app_init ] --START--
INFO: Run Behavior\BuildLiteBehavior [ RunTime:0.000017s ]
INFO: [ app_init ] --END-- [ RunTime:0.000635s ]
ERR: æ— æ³•åŠ è½½æ¨¡å—:Public

[ 2015-04-02T22:06:40+08:00 ] 127.0.0.1 /think/Public/images/skin1.png
INFO: [ app_init ] --START--
INFO: Run Behavior\BuildLiteBehavior [ RunTime:0.000016s ]
INFO: [ app_init ] --END-- [ RunTime:0.000533s ]
ERR: æ— æ³•åŠ è½½æ¨¡å—:Public

[ 2015-04-02T22:06:40+08:00 ] 127.0.0.1 /think/Public/images/skin1.png
INFO: [ app_init ] --START--
INFO: Run Behavior\BuildLiteBehavior [ RunTime:0.000017s ]
INFO: [ app_init ] --END-- [ RunTime:0.000614s ]
ERR: æ— æ³•åŠ è½½æ¨¡å—:Public

[ 2015-04-02T22:08:23+08:00 ] 127.0.0.1 /think/Public/images/skin1.png
INFO: [ app_init ] --START--
INFO: Run Behavior\BuildLiteBehavior [ RunTime:0.000018s ]
INFO: [ app_init ] --END-- [ RunTime:0.000586s ]
ERR: æ— æ³•åŠ è½½æ¨¡å—:Public

[ 2015-04-02T22:08:24+08:00 ] 127.0.0.1 /think/Public/images/skin1.png
INFO: [ app_init ] --START--
INFO: Run Behavior\BuildLiteBehavior [ RunTime:0.000022s ]
INFO: [ app_init ] --END-- [ RunTime:0.000589s ]
ERR: æ— æ³•åŠ è½½æ¨¡å—:Public

[ 2015-04-02T22:08:24+08:00 ] 127.0.0.1 /think/Public/images/skin1.png
INFO: [ app_init ] --START--
INFO: Run Behavior\BuildLiteBehavior [ RunTime:0.000021s ]
INFO: [ app_init ] --END-- [ RunTime:0.000707s ]
ERR: æ— æ³•åŠ è½½æ¨¡å—:Public

[ 2015-04-02T22:10:45+08:00 ] 127.0.0.1 /think/Public/images/skin1.png
INFO: [ app_init ] --START--
INFO: Run Behavior\BuildLiteBehavior [ RunTime:0.000030s ]
INFO: [ app_init ] --END-- [ RunTime:0.000857s ]
ERR: æ— æ³•åŠ è½½æ¨¡å—:Public

[ 2015-04-02T22:11:12+08:00 ] 127.0.0.1 /think/Public/images/skin1.png
INFO: [ app_init ] --START--
INFO: Run Behavior\BuildLiteBehavior [ RunTime:0.000031s ]
INFO: [ app_init ] --END-- [ RunTime:0.000928s ]
ERR: æ— æ³•åŠ è½½æ¨¡å—:Public

[ 2015-04-02T22:11:12+08:00 ] 127.0.0.1 /think/Public/images/skin1.png
INFO: [ app_init ] --START--
INFO: Run Behavior\BuildLiteBehavior [ RunTime:0.000016s ]
INFO: [ app_init ] --END-- [ RunTime:0.000555s ]
ERR: æ— æ³•åŠ è½½æ¨¡å—:Public

[ 2015-04-02T22:11:34+08:00 ] 127.0.0.1 /think/Public/images/skin1.png
INFO: [ app_init ] --START--
INFO: Run Behavior\BuildLiteBehavior [ RunTime:0.000026s ]
INFO: [ app_init ] --END-- [ RunTime:0.000764s ]
ERR: æ— æ³•åŠ è½½æ¨¡å—:Public

[ 2015-04-02T22:11:34+08:00 ] 127.0.0.1 /think/Public/images/skin1.png
INFO: [ app_init ] --START--
INFO: Run Behavior\BuildLiteBehavior [ RunTime:0.000019s ]
INFO: [ app_init ] --END-- [ RunTime:0.000575s ]
ERR: æ— æ³•åŠ è½½æ¨¡å—:Public

[ 2015-04-02T22:13:06+08:00 ] 127.0.0.1 /think/Public/images/skin1.png
INFO: [ app_init ] --START--
INFO: Run Behavior\BuildLiteBehavior [ RunTime:0.000031s ]
INFO: [ app_init ] --END-- [ RunTime:0.000824s ]
ERR: æ— æ³•åŠ è½½æ¨¡å—:Public

[ 2015-04-02T22:13:43+08:00 ] 127.0.0.1 /think/Public/images/skin1.png
INFO: [ app_init ] --START--
INFO: Run Behavior\BuildLiteBehavior [ RunTime:0.000123s ]
INFO: [ app_init ] --END-- [ RunTime:0.001692s ]
ERR: æ— æ³•åŠ è½½æ¨¡å—:Public

[ 2015-04-02T22:13:43+08:00 ] 127.0.0.1 /think/Public/images/skin1.png
INFO: [ app_init ] --START--
INFO: Run Behavior\BuildLiteBehavior [ RunTime:0.000024s ]
INFO: [ app_init ] --END-- [ RunTime:0.002425s ]
ERR: æ— æ³•åŠ è½½æ¨¡å—:Public

[ 2015-04-02T22:14:50+08:00 ] 127.0.0.1 /think/Public/images/skin1.png
INFO: [ app_init ] --START--
INFO: Run Behavior\BuildLiteBehavior [ RunTime:0.000020s ]
INFO: [ app_init ] --END-- [ RunTime:0.000623s ]
ERR: æ— æ³•åŠ è½½æ¨¡å—:Public

[ 2015-04-02T22:14:51+08:00 ] 127.0.0.1 /think/Public/images/skin1.png
INFO: [ app_init ] --START--
INFO: Run Behavior\BuildLiteBehavior [ RunTime:0.000033s ]
INFO: [ app_init ] --END-- [ RunTime:0.001042s ]
ERR: æ— æ³•åŠ è½½æ¨¡å—:Public

[ 2015-04-02T22:15:13+08:00 ] 127.0.0.1 /think/Public/images/skin1.png
INFO: [ app_init ] --START--
INFO: Run Behavior\BuildLiteBehavior [ RunTime:0.000034s ]
INFO: [ app_init ] --END-- [ RunTime:0.000937s ]
ERR: æ— æ³•åŠ è½½æ¨¡å—:Public

[ 2015-04-02T22:15:13+08:00 ] 127.0.0.1 /think/Public/images/skin1.png
INFO: [ app_init ] --START--
INFO: Run Behavior\BuildLiteBehavior [ RunTime:0.000033s ]
INFO: [ app_init ] --END-- [ RunTime:0.001018s ]
ERR: æ— æ³•åŠ è½½æ¨¡å—:Public

[ 2015-04-02T22:16:07+08:00 ] 127.0.0.1 /think/Public/images/skin1.png
INFO: [ app_init ] --START--
INFO: Run Behavior\BuildLiteBehavior [ RunTime:0.000120s ]
INFO: [ app_init ] --END-- [ RunTime:0.001268s ]
ERR: æ— æ³•åŠ è½½æ¨¡å—:Public

[ 2015-04-02T22:16:07+08:00 ] 127.0.0.1 /think/Public/images/skin1.png
INFO: [ app_init ] --START--
INFO: Run Behavior\BuildLiteBehavior [ RunTime:0.000020s ]
INFO: [ app_init ] --END-- [ RunTime:0.000799s ]
ERR: æ— æ³•åŠ è½½æ¨¡å—:Public

[ 2015-04-02T22:26:45+08:00 ] 127.0.0.1 /think/Public/images/skin1.png
INFO: [ app_init ] --START--
INFO: Run Behavior\BuildLiteBehavior [ RunTime:0.000065s ]
INFO: [ app_init ] --END-- [ RunTime:0.001015s ]
ERR: æ— æ³•åŠ è½½æ¨¡å—:Public

[ 2015-04-02T22:26:45+08:00 ] 127.0.0.1 /think/Public/%E5%8C%BF%E5%90%8D%E7%94%A8%E6%88%B7
INFO: [ app_init ] --START--
INFO: Run Behavior\BuildLiteBehavior [ RunTime:0.000105s ]
INFO: [ app_init ] --END-- [ RunTime:0.001002s ]
ERR: æ— æ³•åŠ è½½æ¨¡å—:Public

[ 2015-04-02T22:26:45+08:00 ] 127.0.0.1 /think/Public/%E6%96%B9%E6%96%B9%E6%96%B9
INFO: [ app_init ] --START--
INFO: Run Behavior\BuildLiteBehavior [ RunTime:0.000025s ]
INFO: [ app_init ] --END-- [ RunTime:0.001193s ]
ERR: æ— æ³•åŠ è½½æ¨¡å—:Public

[ 2015-04-02T22:26:45+08:00 ] 127.0.0.1 /think/Public/%E5%93%A5%E5%93%A5
INFO: [ app_init ] --START--
INFO: Run Behavior\BuildLiteBehavior [ RunTime:0.000028s ]
INFO: [ app_init ] --END-- [ RunTime:0.000856s ]
ERR: æ— æ³•åŠ è½½æ¨¡å—:Public

[ 2015-04-02T22:26:45+08:00 ] 127.0.0.1 /think/Public/%E5%93%8E%E5%91%80
INFO: [ app_init ] --START--
INFO: Run Behavior\BuildLiteBehavior [ RunTime:0.000018s ]
INFO: [ app_init ] --END-- [ RunTime:0.000545s ]
ERR: æ— æ³•åŠ è½½æ¨¡å—:Public

[ 2015-04-02T22:26:45+08:00 ] 127.0.0.1 /think/Public/%E6%B3%95%E5%9B%BD%E9%82%A3
INFO: [ app_init ] --START--
INFO: Run Behavior\BuildLiteBehavior [ RunTime:0.000025s ]
INFO: [ app_init ] --END-- [ RunTime:0.000858s ]
ERR: æ— æ³•åŠ è½½æ¨¡å—:Public

[ 2015-04-02T22:26:45+08:00 ] 127.0.0.1 /think/Public/%E5%B9%B2%E7%82%92%E7%89%9B%E6%B2%B3%E5%90%97
INFO: [ app_init ] --START--
INFO: Run Behavior\BuildLiteBehavior [ RunTime:0.000019s ]
INFO: [ app_init ] --END-- [ RunTime:0.000866s ]
ERR: æ— æ³•åŠ è½½æ¨¡å—:Public

[ 2015-04-02T22:27:11+08:00 ] 127.0.0.1 /think/Public/images/skin1.png
INFO: [ app_init ] --START--
INFO: Run Behavior\BuildLiteBehavior [ RunTime:0.000020s ]
INFO: [ app_init ] --END-- [ RunTime:0.000675s ]
ERR: æ— æ³•åŠ è½½æ¨¡å—:Public

[ 2015-04-02T22:27:11+08:00 ] 127.0.0.1 /think/Public/%E6%96%B9%E6%96%B9%E6%96%B9
INFO: [ app_init ] --START--
INFO: Run Behavior\BuildLiteBehavior [ RunTime:0.000031s ]
INFO: [ app_init ] --END-- [ RunTime:0.000901s ]
ERR: æ— æ³•åŠ è½½æ¨¡å—:Public

[ 2015-04-02T22:27:11+08:00 ] 127.0.0.1 /think/Public/%E6%B3%95%E5%9B%BD%E9%82%A3
INFO: [ app_init ] --START--
INFO: Run Behavior\BuildLiteBehavior [ RunTime:0.000035s ]
INFO: [ app_init ] --END-- [ RunTime:0.001034s ]
ERR: æ— æ³•åŠ è½½æ¨¡å—:Public

[ 2015-04-02T22:27:11+08:00 ] 127.0.0.1 /think/Public/%E5%B9%B2%E7%82%92%E7%89%9B%E6%B2%B3%E5%90%97
INFO: [ app_init ] --START--
INFO: Run Behavior\BuildLiteBehavior [ RunTime:0.000030s ]
INFO: [ app_init ] --END-- [ RunTime:0.001217s ]
ERR: æ— æ³•åŠ è½½æ¨¡å—:Public

[ 2015-04-02T22:27:12+08:00 ] 127.0.0.1 /think/Public/%E5%93%8E%E5%91%80
INFO: [ app_init ] --START--
INFO: Run Behavior\BuildLiteBehavior [ RunTime:0.000030s ]
INFO: [ app_init ] --END-- [ RunTime:0.001002s ]
ERR: æ— æ³•åŠ è½½æ¨¡å—:Public

[ 2015-04-02T22:27:12+08:00 ] 127.0.0.1 /think/Public/images/skin1.png
INFO: [ app_init ] --START--
INFO: Run Behavior\BuildLiteBehavior [ RunTime:0.000022s ]
INFO: [ app_init ] --END-- [ RunTime:0.000717s ]
ERR: æ— æ³•åŠ è½½æ¨¡å—:Public

[ 2015-04-02T22:27:12+08:00 ] 127.0.0.1 /think/Public/%E5%8C%BF%E5%90%8D%E7%94%A8%E6%88%B7
INFO: [ app_init ] --START--
INFO: Run Behavior\BuildLiteBehavior [ RunTime:0.000027s ]
INFO: [ app_init ] --END-- [ RunTime:0.000871s ]
ERR: æ— æ³•åŠ è½½æ¨¡å—:Public

[ 2015-04-02T22:27:12+08:00 ] 127.0.0.1 /think/Public/%E5%93%A5%E5%93%A5
INFO: [ app_init ] --START--
INFO: Run Behavior\BuildLiteBehavior [ RunTime:0.000018s ]
INFO: [ app_init ] --END-- [ RunTime:0.000632s ]
ERR: æ— æ³•åŠ è½½æ¨¡å—:Public

[ 2015-04-02T22:29:45+08:00 ] 127.0.0.1 /think/Public/images/skin1.png
INFO: [ app_init ] --START--
INFO: Run Behavior\BuildLiteBehavior [ RunTime:0.000018s ]
INFO: [ app_init ] --END-- [ RunTime:0.000626s ]
ERR: æ— æ³•åŠ è½½æ¨¡å—:Public

[ 2015-04-02T22:29:45+08:00 ] 127.0.0.1 /think/Public/%E5%8C%BF%E5%90%8D%E7%94%A8%E6%88%B7
INFO: [ app_init ] --START--
INFO: Run Behavior\BuildLiteBehavior [ RunTime:0.000029s ]
INFO: [ app_init ] --END-- [ RunTime:0.000871s ]
ERR: æ— æ³•åŠ è½½æ¨¡å—:Public

[ 2015-04-02T22:29:45+08:00 ] 127.0.0.1 /think/Public/%E5%B9%B2%E7%82%92%E7%89%9B%E6%B2%B3%E5%90%97
INFO: [ app_init ] --START--
INFO: Run Behavior\BuildLiteBehavior [ RunTime:0.000036s ]
INFO: [ app_init ] --END-- [ RunTime:0.001013s ]
ERR: æ— æ³•åŠ è½½æ¨¡å—:Public

[ 2015-04-02T22:29:45+08:00 ] 127.0.0.1 /think/Public/%E5%93%A5%E5%93%A5
INFO: [ app_init ] --START--
INFO: Run Behavior\BuildLiteBehavior [ RunTime:0.000028s ]
INFO: [ app_init ] --END-- [ RunTime:0.000866s ]
ERR: æ— æ³•åŠ è½½æ¨¡å—:Public

[ 2015-04-02T22:29:45+08:00 ] 127.0.0.1 /think/Public/%E5%93%8E%E5%91%80
INFO: [ app_init ] --START--
INFO: Run Behavior\BuildLiteBehavior [ RunTime:0.000028s ]
INFO: [ app_init ] --END-- [ RunTime:0.000823s ]
ERR: æ— æ³•åŠ è½½æ¨¡å—:Public

[ 2015-04-02T22:29:45+08:00 ] 127.0.0.1 /think/Public/%E6%96%B9%E6%96%B9%E6%96%B9
INFO: [ app_init ] --START--
INFO: Run Behavior\BuildLiteBehavior [ RunTime:0.000020s ]
INFO: [ app_init ] --END-- [ RunTime:0.000721s ]
ERR: æ— æ³•åŠ è½½æ¨¡å—:Public

[ 2015-04-02T22:29:45+08:00 ] 127.0.0.1 /think/Public/%E6%B3%95%E5%9B%BD%E9%82%A3
INFO: [ app_init ] --START--
INFO: Run Behavior\BuildLiteBehavior [ RunTime:0.000027s ]
INFO: [ app_init ] --END-- [ RunTime:0.000885s ]
ERR: æ— æ³•åŠ è½½æ¨¡å—:Public

[ 2015-04-02T22:29:45+08:00 ] 127.0.0.1 /think/Public/images/skin1.png
INFO: [ app_init ] --START--
INFO: Run Behavior\BuildLiteBehavior [ RunTime:0.000019s ]
INFO: [ app_init ] --END-- [ RunTime:0.000714s ]
ERR: æ— æ³•åŠ è½½æ¨¡å—:Public

[ 2015-04-02T22:30:40+08:00 ] 127.0.0.1 /think/Public/images/skin1.png
INFO: [ app_init ] --START--
INFO: Run Behavior\BuildLiteBehavior [ RunTime:0.000018s ]
INFO: [ app_init ] --END-- [ RunTime:0.000639s ]
ERR: æ— æ³•åŠ è½½æ¨¡å—:Public

[ 2015-04-02T22:30:40+08:00 ] 127.0.0.1 /think/Public/%E5%B9%B2%E7%82%92%E7%89%9B%E6%B2%B3%E5%90%97
INFO: [ app_init ] --START--
INFO: Run Behavior\BuildLiteBehavior [ RunTime:0.000031s ]
INFO: [ app_init ] --END-- [ RunTime:0.000941s ]
ERR: æ— æ³•åŠ è½½æ¨¡å—:Public

[ 2015-04-02T22:30:40+08:00 ] 127.0.0.1 /think/Public/%E5%93%A5%E5%93%A5
INFO: [ app_init ] --START--
INFO: Run Behavior\BuildLiteBehavior [ RunTime:0.000029s ]
INFO: [ app_init ] --END-- [ RunTime:0.001267s ]
ERR: æ— æ³•åŠ è½½æ¨¡å—:Public

[ 2015-04-02T22:30:40+08:00 ] 127.0.0.1 /think/Public/%E6%96%B9%E6%96%B9%E6%96%B9
INFO: [ app_init ] --START--
INFO: Run Behavior\BuildLiteBehavior [ RunTime:0.000029s ]
INFO: [ app_init ] --END-- [ RunTime:0.000889s ]
ERR: æ— æ³•åŠ è½½æ¨¡å—:Public

[ 2015-04-02T22:30:40+08:00 ] 127.0.0.1 /think/Public/%E5%8C%BF%E5%90%8D%E7%94%A8%E6%88%B7
INFO: [ app_init ] --START--
INFO: Run Behavior\BuildLiteBehavior [ RunTime:0.000028s ]
INFO: [ app_init ] --END-- [ RunTime:0.000904s ]
ERR: æ— æ³•åŠ è½½æ¨¡å—:Public

[ 2015-04-02T22:30:40+08:00 ] 127.0.0.1 /think/Public/%E5%93%8E%E5%91%80
INFO: [ app_init ] --START--
INFO: Run Behavior\BuildLiteBehavior [ RunTime:0.000030s ]
INFO: [ app_init ] --END-- [ RunTime:0.001104s ]
ERR: æ— æ³•åŠ è½½æ¨¡å—:Public

[ 2015-04-02T22:30:40+08:00 ] 127.0.0.1 /think/Public/%E6%B3%95%E5%9B%BD%E9%82%A3
INFO: [ app_init ] --START--
INFO: Run Behavior\BuildLiteBehavior [ RunTime:0.000019s ]
INFO: [ app_init ] --END-- [ RunTime:0.000574s ]
ERR: æ— æ³•åŠ è½½æ¨¡å—:Public

[ 2015-04-02T22:30:40+08:00 ] 127.0.0.1 /think/Public/images/skin1.png
INFO: [ app_init ] --START--
INFO: Run Behavior\BuildLiteBehavior [ RunTime:0.000031s ]
INFO: [ app_init ] --END-- [ RunTime:0.000812s ]
ERR: æ— æ³•åŠ è½½æ¨¡å—:Public

[ 2015-04-02T22:30:44+08:00 ] 127.0.0.1 /think/Public/images/skin1.png
INFO: [ app_init ] --START--
INFO: Run Behavior\BuildLiteBehavior [ RunTime:0.000020s ]
INFO: [ app_init ] --END-- [ RunTime:0.000661s ]
ERR: æ— æ³•åŠ è½½æ¨¡å—:Public

[ 2015-04-02T22:30:44+08:00 ] 127.0.0.1 /think/Public/%E5%93%A5%E5%93%A5
INFO: [ app_init ] --START--
INFO: Run Behavior\BuildLiteBehavior [ RunTime:0.000031s ]
INFO: [ app_init ] --END-- [ RunTime:0.000967s ]
ERR: æ— æ³•åŠ è½½æ¨¡å—:Public

[ 2015-04-02T22:30:45+08:00 ] 127.0.0.1 /think/Public/%E6%B3%95%E5%9B%BD%E9%82%A3
INFO: [ app_init ] --START--
INFO: Run Behavior\BuildLiteBehavior [ RunTime:0.000026s ]
INFO: [ app_init ] --END-- [ RunTime:0.000868s ]
ERR: æ— æ³•åŠ è½½æ¨¡å—:Public

[ 2015-04-02T22:30:45+08:00 ] 127.0.0.1 /think/Public/%E5%B9%B2%E7%82%92%E7%89%9B%E6%B2%B3%E5%90%97
INFO: [ app_init ] --START--
INFO: Run Behavior\BuildLiteBehavior [ RunTime:0.000100s ]
INFO: [ app_init ] --END-- [ RunTime:0.001193s ]
ERR: æ— æ³•åŠ è½½æ¨¡å—:Public

[ 2015-04-02T22:30:45+08:00 ] 127.0.0.1 /think/Public/%E5%93%8E%E5%91%80
INFO: [ app_init ] --START--
INFO: Run Behavior\BuildLiteBehavior [ RunTime:0.000026s ]
INFO: [ app_init ] --END-- [ RunTime:0.000859s ]
ERR: æ— æ³•åŠ è½½æ¨¡å—:Public

[ 2015-04-02T22:30:45+08:00 ] 127.0.0.1 /think/Public/%E6%96%B9%E6%96%B9%E6%96%B9
INFO: [ app_init ] --START--
INFO: Run Behavior\BuildLiteBehavior [ RunTime:0.000032s ]
INFO: [ app_init ] --END-- [ RunTime:0.001083s ]
ERR: æ— æ³•åŠ è½½æ¨¡å—:Public

[ 2015-04-02T22:30:45+08:00 ] 127.0.0.1 /think/Public/%E5%8C%BF%E5%90%8D%E7%94%A8%E6%88%B7
INFO: [ app_init ] --START--
INFO: Run Behavior\BuildLiteBehavior [ RunTime:0.000025s ]
INFO: [ app_init ] --END-- [ RunTime:0.000717s ]
ERR: æ— æ³•åŠ è½½æ¨¡å—:Public

[ 2015-04-02T22:30:45+08:00 ] 127.0.0.1 /think/Public/images/skin1.png
INFO: [ app_init ] --START--
INFO: Run Behavior\BuildLiteBehavior [ RunTime:0.000019s ]
INFO: [ app_init ] --END-- [ RunTime:0.000731s ]
ERR: æ— æ³•åŠ è½½æ¨¡å—:Public

[ 2015-04-02T22:30:51+08:00 ] 127.0.0.1 /think/Public/images/skin1.png
INFO: [ app_init ] --START--
INFO: Run Behavior\BuildLiteBehavior [ RunTime:0.000019s ]
INFO: [ app_init ] --END-- [ RunTime:0.000634s ]
ERR: æ— æ³•åŠ è½½æ¨¡å—:Public

[ 2015-04-02T22:30:51+08:00 ] 127.0.0.1 /think/Public/%E6%96%B9%E6%96%B9%E6%96%B9
INFO: [ app_init ] --START--
INFO: Run Behavior\BuildLiteBehavior [ RunTime:0.000028s ]
INFO: [ app_init ] --END-- [ RunTime:0.000954s ]
ERR: æ— æ³•åŠ è½½æ¨¡å—:Public

[ 2015-04-02T22:30:51+08:00 ] 127.0.0.1 /think/Public/%E5%93%A5%E5%93%A5
INFO: [ app_init ] --START--
INFO: Run Behavior\BuildLiteBehavior [ RunTime:0.000028s ]
INFO: [ app_init ] --END-- [ RunTime:0.001111s ]
ERR: æ— æ³•åŠ è½½æ¨¡å—:Public

[ 2015-04-02T22:30:51+08:00 ] 127.0.0.1 /think/Public/%E6%B3%95%E5%9B%BD%E9%82%A3
INFO: [ app_init ] --START--
INFO: Run Behavior\BuildLiteBehavior [ RunTime:0.000025s ]
INFO: [ app_init ] --END-- [ RunTime:0.000834s ]
ERR: æ— æ³•åŠ è½½æ¨¡å—:Public

[ 2015-04-02T22:30:51+08:00 ] 127.0.0.1 /think/Public/%E5%8C%BF%E5%90%8D%E7%94%A8%E6%88%B7
INFO: [ app_init ] --START--
INFO: Run Behavior\BuildLiteBehavior [ RunTime:0.000028s ]
INFO: [ app_init ] --END-- [ RunTime:0.000882s ]
ERR: æ— æ³•åŠ è½½æ¨¡å—:Public

[ 2015-04-02T22:30:51+08:00 ] 127.0.0.1 /think/Public/%E5%B9%B2%E7%82%92%E7%89%9B%E6%B2%B3%E5%90%97
INFO: [ app_init ] --START--
INFO: Run Behavior\BuildLiteBehavior [ RunTime:0.000032s ]
INFO: [ app_init ] --END-- [ RunTime:0.001568s ]
ERR: æ— æ³•åŠ è½½æ¨¡å—:Public

[ 2015-04-02T22:30:51+08:00 ] 127.0.0.1 /think/Public/%E5%93%8E%E5%91%80
INFO: [ app_init ] --START--
INFO: Run Behavior\BuildLiteBehavior [ RunTime:0.000028s ]
INFO: [ app_init ] --END-- [ RunTime:0.000954s ]
ERR: æ— æ³•åŠ è½½æ¨¡å—:Public

[ 2015-04-02T22:30:51+08:00 ] 127.0.0.1 /think/Public/images/skin1.png
INFO: [ app_init ] --START--
INFO: Run Behavior\BuildLiteBehavior [ RunTime:0.000017s ]
INFO: [ app_init ] --END-- [ RunTime:0.000587s ]
ERR: æ— æ³•åŠ è½½æ¨¡å—:Public

[ 2015-04-02T22:33:00+08:00 ] 127.0.0.1 /think/Public/images/skin1.png
INFO: [ app_init ] --START--
INFO: Run Behavior\BuildLiteBehavior [ RunTime:0.000018s ]
INFO: [ app_init ] --END-- [ RunTime:0.000607s ]
ERR: æ— æ³•åŠ è½½æ¨¡å—:Public

[ 2015-04-02T22:33:00+08:00 ] 127.0.0.1 /think/Public/%E6%96%B9%E6%96%B9%E6%96%B9
INFO: [ app_init ] --START--
INFO: Run Behavior\BuildLiteBehavior [ RunTime:0.000029s ]
INFO: [ app_init ] --END-- [ RunTime:0.000843s ]
ERR: æ— æ³•åŠ è½½æ¨¡å—:Public

[ 2015-04-02T22:33:00+08:00 ] 127.0.0.1 /think/Public/%E5%8C%BF%E5%90%8D%E7%94%A8%E6%88%B7
INFO: [ app_init ] --START--
INFO: Run Behavior\BuildLiteBehavior [ RunTime:0.000029s ]
INFO: [ app_init ] --END-- [ RunTime:0.000855s ]
ERR: æ— æ³•åŠ è½½æ¨¡å—:Public

[ 2015-04-02T22:33:00+08:00 ] 127.0.0.1 /think/Public/%E5%93%A5%E5%93%A5
INFO: [ app_init ] --START--
INFO: Run Behavior\BuildLiteBehavior [ RunTime:0.000027s ]
INFO: [ app_init ] --END-- [ RunTime:0.001002s ]
ERR: æ— æ³•åŠ è½½æ¨¡å—:Public

[ 2015-04-02T22:33:00+08:00 ] 127.0.0.1 /think/Public/%E6%B3%95%E5%9B%BD%E9%82%A3
INFO: [ app_init ] --START--
INFO: Run Behavior\BuildLiteBehavior [ RunTime:0.000024s ]
INFO: [ app_init ] --END-- [ RunTime:0.000838s ]
ERR: æ— æ³•åŠ è½½æ¨¡å—:Public

½æ¨¡å—:Public

[ 2015-04-02T22:33:01+08:00 ] 127.0.0.1 /think/Public/%E5%93%8E%E5%91%80
INFO: [ app_init ] --START--
INFO: Run Behavior\BuildLiteBehavior [ RunTime:0.000020s ]
INFO: [ app_init ] --END-- [ RunTime:0.000688s ]
ERR: æ— æ³•åŠ è½½æ¨¡å—:Public

[ 2015-04-02T22:42:22+08:00 ] 127.0.0.1 /think/Public/images/skin1.png
INFO: [ app_init ] --START--
INFO: Run Behavior\BuildLiteBehavior [ RunTime:0.000020s ]
INFO: [ app_init ] --END-- [ RunTime:0.001002s ]
ERR: æ— æ³•åŠ è½½æ¨¡å—:Public

[ 2015-04-02T22:42:22+08:00 ] 127.0.0.1 /think/Public/%E5%B9%B2%E7%82%92%E7%89%9B%E6%B2%B3%E5%90%97
INFO: [ app_init ] --START--
INFO: Run Behavior\BuildLiteBehavior [ RunTime:0.000028s ]
INFO: [ app_init ] --END-- [ RunTime:0.000944s ]
ERR: æ— æ³•åŠ è½½æ¨¡å—:Public

[ 2015-04-02T22:42:22+08:00 ] 127.0.0.1 /think/Public/%E6%96%B9%E6%96%B9%E6%96%B9
INFO: [ app_init ] --START--
INFO: Run Behavior\BuildLiteBehavior [ RunTime:0.000030s ]
INFO: [ app_init ] --END-- [ RunTime:0.001972s ]
ERR: æ— æ³•åŠ è½½æ¨¡å—:Public

[ 2015-04-02T22:42:22+08:00 ] 127.0.0.1 /think/Public/%E5%93%8E%E5%91%80
INFO: [ app_init ] --START--
INFO: Run Behavior\BuildLiteBehavior [ RunTime:0.000030s ]
INFO: [ app_init ] --END-- [ RunTime:0.000942s ]
ERR: æ— æ³•åŠ è½½æ¨¡å—:Public

[ 2015-04-02T22:42:22+08:00 ] 127.0.0.1 /think/Public/images/skin1.png
INFO: [ app_init ] --START--
INFO: Run Behavior\BuildLiteBehavior [ RunTime:0.000032s ]
INFO: [ app_init ] --END-- [ RunTime:0.000986s ]
ERR: æ— æ³•åŠ è½½æ¨¡å—:Public

[ 2015-04-02T22:42:22+08:00 ] 127.0.0.1 /think/Public/%E5%93%A5%E5%93%A5
INFO: [ app_init ] --START--
INFO: Run Behavior\BuildLiteBehavior [ RunTime:0.000031s ]
INFO: [ app_init ] --END-- [ RunTime:0.006978s ]
ERR: æ— æ³•åŠ è½½æ¨¡å—:Public

[ 2015-04-02T22:42:22+08:00 ] 127.0.0.1 /think/Public/%E5%8C%BF%E5%90%8D%E7%94%A8%E6%88%B7
INFO: [ app_init ] --START--
INFO: Run Behavior\BuildLiteBehavior [ RunTime:0.000028s ]
INFO: [ app_init ] --END-- [ RunTime:0.000884s ]
ERR: æ— æ³•åŠ è½½æ¨¡å—:Public

[ 2015-04-02T22:42:22+08:00 ] 127.0.0.1 /think/Public/%E6%B3%95%E5%9B%BD%E9%82%A3
INFO: [ app_init ] --START--
INFO: Run Behavior\BuildLiteBehavior [ RunTime:0.000023s ]
INFO: [ app_init ] --END-- [ RunTime:0.001072s ]
ERR: æ— æ³•åŠ è½½æ¨¡å—:Public

[ 2015-04-02T22:43:48+08:00 ] 127.0.0.1 /think/Public/images/skin1.png
INFO: [ app_init ] --START--
INFO: Run Behavior\BuildLiteBehavior [ RunTime:0.000019s ]
INFO: [ app_init ] --END-- [ RunTime:0.000636s ]
ERR: æ— æ³•åŠ è½½æ¨¡å—:Public

[ 2015-04-02T22:43:48+08:00 ] 127.0.0.1 /think/Public/%E5%93%A5%E5%93%A5
INFO: [ app_init ] --START--
INFO: Run Behavior\BuildLiteBehavior [ RunTime:0.000032s ]
INFO: [ app_init ] --END-- [ RunTime:0.000916s ]
ERR: æ— æ³•åŠ è½½æ¨¡å—:Public

[ 2015-04-02T22:43:48+08:00 ] 127.0.0.1 /think/Public/%E5%B9%B2%E7%82%92%E7%89%9B%E6%B2%B3%E5%90%97
INFO: [ app_init ] --START--
INFO: Run Behavior\BuildLiteBehavior [ RunTime:0.000049s ]
INFO: [ app_init ] --END-- [ RunTime:0.000997s ]
ERR: æ— æ³•åŠ è½½æ¨¡å—:Public

[ 2015-04-02T22:43:48+08:00 ] 127.0.0.1 /think/Public/%E6%B3%95%E5%9B%BD%E9%82%A3
INFO: [ app_init ] --START--
INFO: Run Behavior\BuildLiteBehavior [ RunTime:0.000027s ]
INFO: [ app_init ] --END-- [ RunTime:0.000952s ]
ERR: æ— æ³•åŠ è½½æ¨¡å—:Public

[ 2015-04-02T22:43:48+08:00 ] 127.0.0.1 /think/Public/%E5%8C%BF%E5%90%8D%E7%94%A8%E6%88%B7
INFO: [ app_init ] --START--
INFO: Run Behavior\BuildLiteBehavior [ RunTime:0.000031s ]
INFO: [ app_init ] --END-- [ RunTime:0.000957s ]
ERR: æ— æ³•åŠ è½½æ¨¡å—:Public

[ 2015-04-02T22:43:48+08:00 ] 127.0.0.1 /think/Public/%E6%96%B9%E6%96%B9%E6%96%B9
INFO: [ app_init ] --START--
INFO: Run Behavior\BuildLiteBehavior [ RunTime:0.000018s ]
INFO: [ app_init ] --END-- [ RunTime:0.000591s ]
ERR: æ— æ³•åŠ è½½æ¨¡å—:Public

[ 2015-04-02T22:43:48+08:00 ] 127.0.0.1 /think/Public/%E5%93%8E%E5%91%80
INFO: [ app_init ] --START--
INFO: Run Behavior\BuildLiteBehavior [ RunTime:0.000031s ]
INFO: [ app_init ] --END-- [ RunTime:0.000829s ]
ERR: æ— æ³•åŠ è½½æ¨¡å—:Public

[ 2015-04-02T22:45:58+08:00 ] 127.0.0.1 /think/Public/images/skin1.png
INFO: [ app_init ] --START--
INFO: Run Behavior\BuildLiteBehavior [ RunTime:0.000021s ]
INFO: [ app_init ] --END-- [ RunTime:0.001012s ]
ERR: æ— æ³•åŠ è½½æ¨¡å—:Public

[ 2015-04-02T22:45:58+08:00 ] 127.0.0.1 /think/Public/%E5%93%A5%E5%93%A5
INFO: [ app_init ] --START--
INFO: Run Behavior\BuildLiteBehavior [ RunTime:0.000034s ]
INFO: [ app_init ] --END-- [ RunTime:0.001153s ]
ERR: æ— æ³•åŠ è½½æ¨¡å—:Public

[ 2015-04-02T22:45:58+08:00 ] 127.0.0.1 /think/Public/%E5%B9%B2%E7%82%92%E7%89%9B%E6%B2%B3%E5%90%97
INFO: [ app_init ] --START--
INFO: Run Behavior\BuildLiteBehavior [ RunTime:0.000033s ]
INFO: [ app_init ] --END-- [ RunTime:0.001130s ]
ERR: æ— æ³•åŠ è½½æ¨¡å—:Public

[ 2015-04-02T22:45:58+08:00 ] 127.0.0.1 /think/Public/%E6%96%B9%E6%96%B9%E6%96%B9
INFO: [ app_init ] --START--
INFO: Run Behavior\BuildLiteBehavior [ RunTime:0.000026s ]
INFO: [ app_init ] --END-- [ RunTime:0.000914s ]
ERR: æ— æ³•åŠ è½½æ¨¡å—:Public

[ 2015-04-02T22:45:58+08:00 ] 127.0.0.1 /think/Public/images/skin1.png
INFO: [ app_init ] --START--
INFO: Run Behavior\BuildLiteBehavior [ RunTime:0.000031s ]
INFO: [ app_init ] --END-- [ RunTime:0.001238s ]
ERR: æ— æ³•åŠ è½½æ¨¡å—:Public

[ 2015-04-02T22:45:58+08:00 ] 127.0.0.1 /think/Public/%E6%B3%95%E5%9B%BD%E9%82%A3
INFO: [ app_init ] --START--
INFO: Run Behavior\BuildLiteBehavior [ RunTime:0.000028s ]
INFO: [ app_init ] --END-- [ RunTime:0.000926s ]
ERR: æ— æ³•åŠ è½½æ¨¡å—:Public

[ 2015-04-02T22:45:58+08:00 ] 127.0.0.1 /think/Public/%E5%93%8E%E5%91%80
INFO: [ app_init ] --START--
INFO: Run Behavior\BuildLiteBehavior [ RunTime:0.000040s ]
INFO: [ app_init ] --END-- [ RunTime:0.001326s ]
ERR: æ— æ³•åŠ è½½æ¨¡å—:Public

[ 2015-04-02T22:45:58+08:00 ] 127.0.0.1 /think/Public/%E5%8C%BF%E5%90%8D%E7%94%A8%E6%88%B7
INFO: [ app_init ] --START--
INFO: Run Behavior\BuildLiteBehavior [ RunTime:0.000028s ]
INFO: [ app_init ] --END-- [ RunTime:0.000948s ]
ERR: æ— æ³•åŠ è½½æ¨¡å—:Public

[ 2015-04-02T22:46:08+08:00 ] 127.0.0.1 /think/Public/%E5%93%A5%E5%93%A5
INFO: [ app_init ] --START--
INFO: Run Behavior\BuildLiteBehavior [ RunTime:0.000017s ]
INFO: [ app_init ] --END-- [ RunTime:0.000685s ]
ERR: æ— æ³•åŠ è½½æ¨¡å—:Public

[ 2015-04-02T22:47:18+08:00 ] 127.0.0.1 /think/Public/images/skin1.png
INFO: [ app_init ] --START--
INFO: Run Behavior\BuildLiteBehavior [ RunTime:0.000021s ]
INFO: [ app_init ] --END-- [ RunTime:0.000753s ]
ERR: æ— æ³•åŠ è½½æ¨¡å—:Public

[ 2015-04-02T22:47:18+08:00 ] 127.0.0.1 /think/Public/%E6%B3%95%E5%9B%BD%E9%82%A3
INFO: [ app_init ] --START--
INFO: Run Behavior\BuildLiteBehavior [ RunTime:0.000030s ]
INFO: [ app_init ] --END-- [ RunTime:0.000903s ]
ERR: æ— æ³•åŠ è½½æ¨¡å—:Public

[ 2015-04-02T22:47:18+08:00 ] 127.0.0.1 /think/Public/%E5%8C%BF%E5%90%8D%E7%94%A8%E6%88%B7
INFO: [ app_init ] --START--
INFO: Run Behavior\BuildLiteBehavior [ RunTime:0.000032s ]
INFO: [ app_init ] --END-- [ RunTime:0.000833s ]
ERR: æ— æ³•åŠ è½½æ¨¡å—:Public

[ 2015-04-02T22:47:18+08:00 ] 127.0.0.1 /think/Public/%E5%93%8E%E5%91%80
INFO: [ app_init ] --START--
INFO: Run Behavior\BuildLiteBehavior [ RunTime:0.000033s ]
INFO: [ app_init ] --END-- [ RunTime:0.016549s ]
ERR: æ— æ³•åŠ è½½æ¨¡å—:Public

[ 2015-04-02T22:47:18+08:00 ] 127.0.0.1 /think/Public/%E6%96%B9%E6%96%B9%E6%96%B9
INFO: [ app_init ] --START--
INFO: Run Behavior\BuildLiteBehavior [ RunTime:0.000036s ]
INFO: [ app_init ] --END-- [ RunTime:0.001062s ]
ERR: æ— æ³•åŠ è½½æ¨¡å—:Public

[ 2015-04-02T22:47:18+08:00 ] 127.0.0.1 /think/Public/%E5%B9%B2%E7%82%92%E7%89%9B%E6%B2%B3%E5%90%97
INFO: [ app_init ] --START--
INFO: Run Behavior\BuildLiteBehavior [ RunTime:0.000036s ]
INFO: [ app_init ] --END-- [ RunTime:0.007061s ]
ERR: æ— æ³•åŠ è½½æ¨¡å—:Public

[ 2015-04-02T22:47:18+08:00 ] 127.0.0.1 /think/Public/%E5%93%A5%E5%93%A5
INFO: [ app_init ] --START--
INFO: Run Behavior\BuildLiteBehavior [ RunTime:0.000018s ]
INFO: [ app_init ] --END-- [ RunTime:0.000641s ]
ERR: æ— æ³•åŠ è½½æ¨¡å—:Public

[ 2015-04-02T22:48:10+08:00 ] 127.0.0.1 /think/Public/images/skin1.png
INFO: [ app_init ] --START--
INFO: Run Behavior\BuildLiteBehavior [ RunTime:0.000024s ]
INFO: [ app_init ] --END-- [ RunTime:0.000731s ]
ERR: æ— æ³•åŠ è½½æ¨¡å—:Public

[ 2015-04-02T22:48:10+08:00 ] 127.0.0.1 /think/Public/%E5%8C%BF%E5%90%8D%E7%94%A8%E6%88%B7
INFO: [ app_init ] --START--
INFO: Run Behavior\BuildLiteBehavior [ RunTime:0.000033s ]
INFO: [ app_init ] --END-- [ RunTime:0.000969s ]
ERR: æ— æ³•åŠ è½½æ¨¡å—:Public

[ 2015-04-02T22:48:10+08:00 ] 127.0.0.1 /think/Public/%E6%96%B9%E6%96%B9%E6%96%B9
INFO: [ app_init ] --START--
INFO: Run Behavior\BuildLiteBehavior [ RunTime:0.000027s ]
INFO: [ app_init ] --END-- [ RunTime:0.010225s ]
ERR: æ— æ³•åŠ è½½æ¨¡å—:Public

[ 2015-04-02T22:48:10+08:00 ] 127.0.0.1 /think/Public/%E5%93%A5%E5%93%A5
INFO: [ app_init ] --START--
INFO: Run Behavior\BuildLiteBehavior [ RunTime:0.000027s ]
INFO: [ app_init ] --END-- [ RunTime:0.001131s ]
ERR: æ— æ³•åŠ è½½æ¨¡å—:Public

[ 2015-04-02T22:48:10+08:00 ] 127.0.0.1 /think/Public/%E5%B9%B2%E7%82%92%E7%89%9B%E6%B2%B3%E5%90%97
INFO: [ app_init ] --START--
INFO: Run Behavior\BuildLiteBehavior [ RunTime:0.000399s ]
INFO: [ app_init ] --END-- [ RunTime:0.004052s ]
ERR: æ— æ³•åŠ è½½æ¨¡å—:Public

[ 2015-04-02T22:48:10+08:00 ] 127.0.0.1 /think/Public/%E6%B3%95%E5%9B%BD%E9%82%A3
INFO: [ app_init ] --START--
INFO: Run Behavior\BuildLiteBehavior [ RunTime:0.000020s ]
INFO: [ app_init ] --END-- [ RunTime:0.000618s ]
ERR: æ— æ³•åŠ è½½æ¨¡å—:Public

[ 2015-04-02T22:48:10+08:00 ] 127.0.0.1 /think/Public/%E5%93%8E%E5%91%80
INFO: [ app_init ] --START--
INFO: Run Behavior\BuildLiteBehavior [ RunTime:0.000017s ]
INFO: [ app_init ] --END-- [ RunTime:0.000595s ]
ERR: æ— æ³•åŠ è½½æ¨¡å—:Public

[ 2015-04-02T22:48:44+08:00 ] 127.0.0.1 /think/Public/images/skin1.png
INFO: [ app_init ] --START--
INFO: Run Behavior\BuildLiteBehavior [ RunTime:0.000021s ]
INFO: [ app_init ] --END-- [ RunTime:0.000703s ]
ERR: æ— æ³•åŠ è½½æ¨¡å—:Public

[ 2015-04-02T22:48:44+08:00 ] 127.0.0.1 /think/Public/%E5%8C%BF%E5%90%8D%E7%94%A8%E6%88%B7
INFO: [ app_init ] --START--
INFO: Run Behavior\BuildLiteBehavior [ RunTime:0.000027s ]
INFO: [ app_init ] --END-- [ RunTime:0.000893s ]
ERR: æ— æ³•åŠ è½½æ¨¡å—:Public

[ 2015-04-02T22:48:44+08:00 ] 127.0.0.1 /think/Public/%E5%B9%B2%E7%82%92%E7%89%9B%E6%B2%B3%E5%90%97
INFO: [ app_init ] --START--
INFO: Run Behavior\BuildLiteBehavior [ RunTime:0.000032s ]
INFO: [ app_init ] --END-- [ RunTime:0.000894s ]
ERR: æ— æ³•åŠ è½½æ¨¡å—:Public

[ 2015-04-02T22:48:44+08:00 ] 127.0.0.1 /think/Public/%E5%93%A5%E5%93%A5
INFO: [ app_init ] --START--
INFO: Run Behavior\BuildLiteBehavior [ RunTime:0.000028s ]
INFO: [ app_init ] --END-- [ RunTime:0.003104s ]
ERR: æ— æ³•åŠ è½½æ¨¡å—:Public

[ 2015-04-02T22:48:44+08:00 ] 127.0.0.1 /think/Public/%E5%93%8E%E5%91%80
INFO: [ app_init ] --START--
INFO: Run Behavior\BuildLiteBehavior [ RunTime:0.000030s ]
INFO: [ app_init ] --END-- [ RunTime:0.001046s ]
ERR: æ— æ³•åŠ è½½æ¨¡å—:Public

[ 2015-04-02T22:48:44+08:00 ] 127.0.0.1 /think/Public/images/skin1.png
INFO: [ app_init ] --START--
INFO: Run Behavior\BuildLiteBehavior [ RunTime:0.000027s ]
INFO: [ app_init ] --END-- [ RunTime:0.002874s ]
ERR: æ— æ³•åŠ è½½æ¨¡å—:Public

[ 2015-04-02T22:48:44+08:00 ] 127.0.0.1 /think/Public/%E6%96%B9%E6%96%B9%E6%96%B9
INFO: [ app_init ] --START--
INFO: Run Behavior\BuildLiteBehavior [ RunTime:0.000028s ]
INFO: [ app_init ] --END-- [ RunTime:0.000954s ]
ERR: æ— æ³•åŠ è½½æ¨¡å—:Public

[ 2015-04-02T22:48:44+08:00 ] 127.0.0.1 /think/Public/%E6%B3%95%E5%9B%BD%E9%82%A3
INFO: [ app_init ] --START--
INFO: Run Behavior\BuildLiteBehavior [ RunTime:0.000034s ]
INFO: [ app_init ] --END-- [ RunTime:0.000680s ]
ERR: æ— æ³•åŠ è½½æ¨¡å—:Public

[ 2015-04-02T22:49:51+08:00 ] 127.0.0.1 /think/Public/images/skin1.png
INFO: [ app_init ] --START--
INFO: Run Behavior\BuildLiteBehavior [ RunTime:0.000017s ]
INFO: [ app_init ] --END-- [ RunTime:0.000770s ]
ERR: æ— æ³•åŠ è½½æ¨¡å—:Public

[ 2015-04-02T22:49:51+08:00 ] 127.0.0.1 /think/Public/%E5%8C%BF%E5%90%8D%E7%94%A8%E6%88%B7
INFO: [ app_init ] --START--
INFO: Run Behavior\BuildLiteBehavior [ RunTime:0.000028s ]
INFO: [ app_init ] --END-- [ RunTime:0.000852s ]
ERR: æ— æ³•åŠ è½½æ¨¡å—:Public

[ 2015-04-02T22:49:51+08:00 ] 127.0.0.1 /think/Public/%E5%93%A5%E5%93%A5
INFO: [ app_init ] --START--
INFO: Run Behavior\BuildLiteBehavior [ RunTime:0.000029s ]
INFO: [ app_init ] --END-- [ RunTime:0.001013s ]
ERR: æ— æ³•åŠ è½½æ¨¡å—:Public

[ 2015-04-02T22:49:51+08:00 ] 127.0.0.1 /think/Public/%E6%96%B9%E6%96%B9%E6%96%B9
INFO: [ app_init ] --START--
INFO: Run Behavior\BuildLiteBehavior [ RunTime:0.000025s ]
INFO: [ app_init ] --END-- [ RunTime:0.000859s ]
ERR: æ— æ³•åŠ è½½æ¨¡å—:Public

[ 2015-04-02T22:49:51+08:00 ] 127.0.0.1 /think/Public/%E5%B9%B2%E7%82%92%E7%89%9B%E6%B2%B3%E5%90%97
INFO: [ app_init ] --START--
INFO: Run Behavior\BuildLiteBehavior [ RunTime:0.000028s ]
INFO: [ app_init ] --END-- [ RunTime:0.000910s ]
ERR: æ— æ³•åŠ è½½æ¨¡å—:Public

[ 2015-04-02T22:49:51+08:00 ] 127.0.0.1 /think/Public/%E5%93%8E%E5%91%80
INFO: [ app_init ] --START--
INFO: Run Behavior\BuildLiteBehavior [ RunTime:0.000032s ]
INFO: [ app_init ] --END-- [ RunTime:0.001004s ]
ERR: æ— æ³•åŠ è½½æ¨¡å—:Public

[ 2015-04-02T22:49:51+08:00 ] 127.0.0.1 /think/Public/images/skin1.png
INFO: [ app_init ] --START--
INFO: Run Behavior\BuildLiteBehavior [ RunTime:0.000035s ]
INFO: [ app_init ] --END-- [ RunTime:0.000932s ]
ERR: æ— æ³•åŠ è½½æ¨¡å—:Public

[ 2015-04-02T22:49:51+08:00 ] 127.0.0.1 /think/Public/%E6%B3%95%E5%9B%BD%E9%82%A3
INFO: [ app_init ] --START--
INFO: Run Behavior\BuildLiteBehavior [ RunTime:0.000017s ]
INFO: [ app_init ] --END-- [ RunTime:0.000578s ]
ERR: æ— æ³•åŠ è½½æ¨¡å—:Public

[ 2015-04-02T22:52:17+08:00 ] 127.0.0.1 /think/Public/images/skin1.png
INFO: [ app_init ] --START--
INFO: Run Behavior\BuildLiteBehavior [ RunTime:0.000017s ]
INFO: [ app_init ] --END-- [ RunTime:0.000638s ]
ERR: æ— æ³•åŠ è½½æ¨¡å—:Public

[ 2015-04-02T22:52:17+08:00 ] 127.0.0.1 /think/Public/2015-04-02/551d56aa0dbca.jpg
INFO: [ app_init ] --START--
INFO: Run Behavior\BuildLiteBehavior [ RunTime:0.000042s ]
INFO: [ app_init ] --END-- [ RunTime:0.000966s ]
ERR: æ— æ³•åŠ è½½æ¨¡å—:Public

[ 2015-04-02T22:52:17+08:00 ] 127.0.0.1 /think/Public/2015-04-02/551d55a3e817b.jpg
INFO: [ app_init ] --START--
INFO: Run Behavior\BuildLiteBehavior [ RunTime:0.000017s ]
INFO: [ app_init ] --END-- [ RunTime:0.000600s ]
ERR: æ— æ³•åŠ è½½æ¨¡å—:Public

[ 2015-04-02T22:52:17+08:00 ] 127.0.0.1 /think/Public/images/skin1.png
INFO: [ app_init ] --START--
INFO: Run Behavior\BuildLiteBehavior [ RunTime:0.000017s ]
INFO: [ app_init ] --END-- [ RunTime:0.000622s ]
ERR: æ— æ³•åŠ è½½æ¨¡å—:Public

[ 2015-04-02T22:53:16+08:00 ] 127.0.0.1 /think/Public/images/skin1.png
INFO: [ app_init ] --START--
INFO: Run Behavior\BuildLiteBehavior [ RunTime:0.000032s ]
INFO: [ app_init ] --END-- [ RunTime:0.000960s ]
ERR: æ— æ³•åŠ è½½æ¨¡å—:Public

[ 2015-04-02T22:53:16+08:00 ] 127.0.0.1 /think/Public/2015-04-02/551d55a3e817b.jpg
INFO: [ app_init ] --START--
INFO: Run Behavior\BuildLiteBehavior [ RunTime:0.000028s ]
INFO: [ app_init ] --END-- [ RunTime:0.005419s ]
ERR: æ— æ³•åŠ è½½æ¨¡å—:Public

[ 2015-04-02T22:53:16+08:00 ] 127.0.0.1 /think/Public/2015-04-02/551d56aa0dbca.jpg
INFO: [ app_init ] --START--
INFO: Run Behavior\BuildLiteBehavior [ RunTime:0.000043s ]
INFO: [ app_init ] --END-- [ RunTime:0.001233s ]
ERR: æ— æ³•åŠ è½½æ¨¡å—:Public

[ 2015-04-02T22:53:16+08:00 ] 127.0.0.1 /think/Public/2015-04-02/551d57dc382f3.jpg
INFO: [ app_init ] --START--
INFO: Run Behavior\BuildLiteBehavior [ RunTime:0.000029s ]
INFO: [ app_init ] --END-- [ RunTime:0.000973s ]
ERR: æ— æ³•åŠ è½½æ¨¡å—:Public

[ 2015-04-02T22:53:43+08:00 ] 127.0.0.1 /think/Public/2015-04-02/551d57dc382f3.jpg
INFO: [ app_init ] --START--
INFO: Run Behavior\BuildLiteBehavior [ RunTime:0.000019s ]
INFO: [ app_init ] --END-- [ RunTime:0.000811s ]
ERR: æ— æ³•åŠ è½½æ¨¡å—:Public

[ 2015-04-02T22:54:36+08:00 ] 127.0.0.1 /think/Public/images/skin1.png
INFO: [ app_init ] --START--
INFO: Run Behavior\BuildLiteBehavior [ RunTime:0.000018s ]
INFO: [ app_init ] --END-- [ RunTime:0.000674s ]
ERR: æ— æ³•åŠ è½½æ¨¡å—:Public

[ 2015-04-02T22:54:36+08:00 ] 127.0.0.1 /think/Public/Uploads/2015-04-02/551d55a3e817b.jpg
INFO: [ app_init ] --START--
INFO: Run Behavior\BuildLiteBehavior [ RunTime:0.000033s ]
INFO: [ app_init ] --END-- [ RunTime:0.001133s ]
ERR: æ— æ³•åŠ è½½æ¨¡å—:Public

[ 2015-04-02T22:54:36+08:00 ] 127.0.0.1 /think/Public/images/skin1.png
INFO: [ app_init ] --START--
INFO: Run Behavior\BuildLiteBehavior [ RunTime:0.000043s ]
INFO: [ app_init ] --END-- [ RunTime:0.004571s ]
ERR: æ— æ³•åŠ è½½æ¨¡å—:Public

[ 2015-04-02T22:54:36+08:00 ] 127.0.0.1 /think/Public/images/skin1.png
INFO: [ app_init ] --START--
INFO: Run Behavior\BuildLiteBehavior [ RunTime:0.000015s ]
INFO: [ app_init ] --END-- [ RunTime:0.000579s ]
ERR: æ— æ³•åŠ è½½æ¨¡å—:Public

[ 2015-04-02T22:55:12+08:00 ] 127.0.0.1 /think/Public/images/skin1.png
INFO: [ app_init ] --START--
INFO: Run Behavior\BuildLiteBehavior [ RunTime:0.000021s ]
INFO: [ app_init ] --END-- [ RunTime:0.000644s ]
ERR: æ— æ³•åŠ è½½æ¨¡å—:Public

[ 2015-04-02T22:55:12+08:00 ] 127.0.0.1 /think/Public/images/skin1.png
INFO: [ app_init ] --START--
INFO: Run Behavior\BuildLiteBehavior [ RunTime:0.000025s ]
INFO: [ app_init ] --END-- [ RunTime:0.000645s ]
ERR: æ— æ³•åŠ è½½æ¨¡å—:Public

[ 2015-04-02T22:55:12+08:00 ] 127.0.0.1 /think/Public/Uploads/2015-04-02/551d55a3e817b.jpg
INFO: [ app_init ] --START--
INFO: Run Behavior\BuildLiteBehavior [ RunTime:0.000017s ]
INFO: [ app_init ] --END-- [ RunTime:0.000637s ]
ERR: æ— æ³•åŠ è½½æ¨¡å—:Public

[ 2015-04-02T22:55:33+08:00 ] 127.0.0.1 /think/Public/images/skin1.png
INFO: [ app_init ] --START--
INFO: Run Behavior\BuildLiteBehavior [ RunTime:0.000018s ]
INFO: [ app_init ] --END-- [ RunTime:0.000652s ]
ERR: æ— æ³•åŠ è½½æ¨¡å—:Public

[ 2015-04-02T22:55:34+08:00 ] 127.0.0.1 /think/Public/images/skin1.png
INFO: [ app_init ] --START--
INFO: Run Behavior\BuildLiteBehavior [ RunTime:0.000016s ]
INFO: [ app_init ] --END-- [ RunTime:0.000558s ]
ERR: æ— æ³•åŠ è½½æ¨¡å—:Public

[ 2015-04-02T22:56:11+08:00 ] 127.0.0.1 /think/Public/images/skin1.png
INFO: [ app_init ] --START--
INFO: Run Behavior\BuildLiteBehavior [ RunTime:0.000032s ]
INFO: [ app_init ] --END-- [ RunTime:0.001284s ]
ERR: æ— æ³•åŠ è½½æ¨¡å—:Public

[ 2015-04-02T22:57:42+08:00 ] 127.0.0.1 /think/Public/images/skin1.png
INFO: [ app_init ] --START--
INFO: Run Behavior\BuildLiteBehavior [ RunTime:0.000029s ]
INFO: [ app_init ] --END-- [ RunTime:0.001106s ]
ERR: æ— æ³•åŠ è½½æ¨¡å—:Public

[ 2015-04-02T22:57:42+08:00 ] 127.0.0.1 /think/Public/images/skin1.png
INFO: [ app_init ] --START--
INFO: Run Behavior\BuildLiteBehavior [ RunTime:0.000017s ]
INFO: [ app_init ] --END-- [ RunTime:0.000587s ]
ERR: æ— æ³•åŠ è½½æ¨¡å—:Public

[ 2015-04-02T22:59:21+08:00 ] 127.0.0.1 /think/Public/images/skin1.png
INFO: [ app_init ] --START--
INFO: Run Behavior\BuildLiteBehavior [ RunTime:0.000019s ]
INFO: [ app_init ] --END-- [ RunTime:0.000688s ]
ERR: æ— æ³•åŠ è½½æ¨¡å—:Public

[ 2015-04-02T23:14:41+08:00 ] 127.0.0.1 /think/Public/images/skin1.png
INFO: [ app_init ] --START--
INFO: Run Behavior\BuildLiteBehavior [ RunTime:0.000019s ]
INFO: [ app_init ] --END-- [ RunTime:0.000984s ]
ERR: æ— æ³•åŠ è½½æ¨¡å—:Public

[ 2015-04-02T23:16:02+08:00 ] 127.0.0.1 /think/Public/images/skin1.png
INFO: [ app_init ] --START--
INFO: Run Behavior\BuildLiteBehavior [ RunTime:0.000033s ]
INFO: [ app_init ] --END-- [ RunTime:0.004463s ]
ERR: æ— æ³•åŠ è½½æ¨¡å—:Public

[ 2015-04-02T23:16:56+08:00 ] 127.0.0.1 /think/Public/images/skin1.png
INFO: [ app_init ] --START--
INFO: Run Behavior\BuildLiteBehavior [ RunTime:0.000017s ]
INFO: [ app_init ] --END-- [ RunTime:0.000608s ]
ERR: æ— æ³•åŠ è½½æ¨¡å—:Public

[ 2015-04-02T23:16:56+08:00 ] 127.0.0.1 /think/Public/images/skin1.png
INFO: [ app_init ] --START--
INFO: Run Behavior\BuildLiteBehavior [ RunTime:0.000020s ]
INFO: [ app_init ] --END-- [ RunTime:0.000781s ]
ERR: æ— æ³•åŠ è½½æ¨¡å—:Public

[ 2015-04-02T23:16:57+08:00 ] 127.0.0.1 /think/Public/images/skin1.png
INFO: [ app_init ] --START--
INFO: Run Behavior\BuildLiteBehavior [ RunTime:0.000017s ]
INFO: [ app_init ] --END-- [ RunTime:0.000622s ]
ERR: æ— æ³•åŠ è½½æ¨¡å—:Public

[ 2015-04-02T23:16:57+08:00 ] 127.0.0.1 /think/Public/images/skin1.png
INFO: [ app_init ] --START--
INFO: Run Behavior\BuildLiteBehavior [ RunTime:0.000021s ]
INFO: [ app_init ] --END-- [ RunTime:0.000802s ]
ERR: æ— æ³•åŠ è½½æ¨¡å—:Public

[ 2015-04-02T23:17:48+08:00 ] 127.0.0.1 /think/Public/images/skin1.png
INFO: [ app_init ] --START--
INFO: Run Behavior\BuildLiteBehavior [ RunTime:0.000030s ]
INFO: [ app_init ] --END-- [ RunTime:0.001272s ]
ERR: æ— æ³•åŠ è½½æ¨¡å—:Public

[ 2015-04-02T23:17:48+08:00 ] 127.0.0.1 /think/Public/images/skin1.png
INFO: [ app_init ] --START--
INFO: Run Behavior\BuildLiteBehavior [ RunTime:0.000018s ]
INFO: [ app_init ] --END-- [ RunTime:0.000628s ]
ERR: æ— æ³•åŠ è½½æ¨¡å—:Public

[ 2015-04-02T23:18:10+08:00 ] 127.0.0.1 /think/Public/images/skin1.png
INFO: [ app_init ] --START--
INFO: Run Behavior\BuildLiteBehavior [ RunTime:0.000020s ]
INFO: [ app_init ] --END-- [ RunTime:0.000900s ]
ERR: æ— æ³•åŠ è½½æ¨¡å—:Public

[ 2015-04-02T23:18:10+08:00 ] 127.0.0.1 /think/Public/images/skin1.png
INFO: [ app_init ] --START--
INFO: Run Behavior\BuildLiteBehavior [ RunTime:0.000023s ]
INFO: [ app_init ] --END-- [ RunTime:0.000859s ]
ERR: æ— æ³•åŠ è½½æ¨¡å—:Public

[ 2015-04-02T23:19:44+08:00 ] 127.0.0.1 /think/Public/images/skin1.png
INFO: [ app_init ] --START--
INFO: Run Behavior\BuildLiteBehavior [ RunTime:0.000040s ]
INFO: [ app_init ] --END-- [ RunTime:0.001297s ]
ERR: æ— æ³•åŠ è½½æ¨¡å—:Public

[ 2015-04-02T23:20:18+08:00 ] 127.0.0.1 /think/Public/images/skin1.png
INFO: [ app_init ] --START--
INFO: Run Behavior\BuildLiteBehavior [ RunTime:0.000023s ]
INFO: [ app_init ] --END-- [ RunTime:0.000819s ]
ERR: æ— æ³•åŠ è½½æ¨¡å—:Public

[ 2015-04-02T23:20:18+08:00 ] 127.0.0.1 /think/Public/images/skin1.png
INFO: [ app_init ] --START--
INFO: Run Behavior\BuildLiteBehavior [ RunTime:0.000037s ]
INFO: [ app_init ] --END-- [ RunTime:0.001642s ]
ERR: æ— æ³•åŠ è½½æ¨¡å—:Public

[ 2015-04-02T23:20:18+08:00 ] 127.0.0.1 /think/Public/images/skin1.png
INFO: [ app_init ] --START--
INFO: Run Behavior\BuildLiteBehavior [ RunTime:0.000020s ]
INFO: [ app_init ] --END-- [ RunTime:0.000758s ]
ERR: æ— æ³•åŠ è½½æ¨¡å—:Public

[ 2015-04-02T23:20:19+08:00 ] 127.0.0.1 /think/Public/images/skin1.png
INFO: [ app_init ] --START--
INFO: Run Behavior\BuildLiteBehavior [ RunTime:0.000024s ]
INFO: [ app_init ] --END-- [ RunTime:0.000844s ]
ERR: æ— æ³•åŠ è½½æ¨¡å—:Public

[ 2015-04-02T23:20:39+08:00 ] 127.0.0.1 /think/Public/images/skin1.png
INFO: [ app_init ] --START--
INFO: Run Behavior\BuildLiteBehavior [ RunTime:0.000019s ]
INFO: [ app_init ] --END-- [ RunTime:0.000693s ]
ERR: æ— æ³•åŠ è½½æ¨¡å—:Public

[ 2015-04-02T23:21:18+08:00 ] 127.0.0.1 /think/Public/images/skin1.png
INFO: [ app_init ] --START--
INFO: Run Behavior\BuildLiteBehavior [ RunTime:0.000018s ]
INFO: [ app_init ] --END-- [ RunTime:0.000645s ]
ERR: æ— æ³•åŠ è½½æ¨¡å—:Public

[ 2015-04-02T23:21:18+08:00 ] 127.0.0.1 /think/Public/images/skin1.png
INFO: [ app_init ] --START--
INFO: Run Behavior\BuildLiteBehavior [ RunTime:0.000023s ]
INFO: [ app_init ] --END-- [ RunTime:0.000705s ]
ERR: æ— æ³•åŠ è½½æ¨¡å—:Public

[ 2015-04-02T23:21:44+08:00 ] 127.0.0.1 /think/Public/images/skin1.png
INFO: [ app_init ] --START--
INFO: Run Behavior\BuildLiteBehavior [ RunTime:0.000019s ]
INFO: [ app_init ] --END-- [ RunTime:0.000990s ]
ERR: æ— æ³•åŠ è½½æ¨¡å—:Public

[ 2015-04-02T23:21:45+08:00 ] 127.0.0.1 /think/Public/images/skin1.png
INFO: [ app_init ] --START--
INFO: Run Behavior\BuildLiteBehavior [ RunTime:0.000023s ]
INFO: [ app_init ] --END-- [ RunTime:0.000736s ]
ERR: æ— æ³•åŠ è½½æ¨¡å—:Public

[ 2015-04-02T23:21:52+08:00 ] 127.0.0.1 /think/Public/images/skin1.png
INFO: [ app_init ] --START--
INFO: Run Behavior\BuildLiteBehavior [ RunTime:0.000034s ]
INFO: [ app_init ] --END-- [ RunTime:0.000997s ]
ERR: æ— æ³•åŠ è½½æ¨¡å—:Public

[ 2015-04-02T23:21:52+08:00 ] 127.0.0.1 /think/Public/images/skin1.png
INFO: [ app_init ] --START--
INFO: Run Behavior\BuildLiteBehavior [ RunTime:0.000031s ]
INFO: [ app_init ] --END-- [ RunTime:0.001137s ]
ERR: æ— æ³•åŠ è½½æ¨¡å—:Public

[ 2015-04-02T23:22:01+08:00 ] 127.0.0.1 /think/Public/images/skin1.png
INFO: [ app_init ] --START--
INFO: Run Behavior\BuildLiteBehavior [ RunTime:0.000034s ]
INFO: [ app_init ] --END-- [ RunTime:0.001291s ]
ERR: æ— æ³•åŠ è½½æ¨¡å—:Public

[ 2015-04-02T23:22:23+08:00 ] 127.0.0.1 /think/Public/images/skin1.png
INFO: [ app_init ] --START--
INFO: Run Behavior\BuildLiteBehavior [ RunTime:0.000029s ]
INFO: [ app_init ] --END-- [ RunTime:0.000715s ]
ERR: æ— æ³•åŠ è½½æ¨¡å—:Public

[ 2015-04-02T23:22:23+08:00 ] 127.0.0.1 /think/Public/images/skin1.png
INFO: [ app_init ] --START--
INFO: Run Behavior\BuildLiteBehavior [ RunTime:0.000024s ]
INFO: [ app_init ] --END-- [ RunTime:0.000947s ]
ERR: æ— æ³•åŠ è½½æ¨¡å—:Public

[ 2015-04-02T23:23:47+08:00 ] 127.0.0.1 /think/Public/images/skin1.png
INFO: [ app_init ] --START--
INFO: Run Behavior\BuildLiteBehavior [ RunTime:0.000018s ]
INFO: [ app_init ] --END-- [ RunTime:0.000644s ]
ERR: æ— æ³•åŠ è½½æ¨¡å—:Public

[ 2015-04-02T23:25:54+08:00 ] 127.0.0.1 /think/Public/images/skin1.png
INFO: [ app_init ] --START--
INFO: Run Behavior\BuildLiteBehavior [ RunTime:0.000017s ]
INFO: [ app_init ] --END-- [ RunTime:0.000617s ]
ERR: æ— æ³•åŠ è½½æ¨¡å—:Public

[ 2015-04-02T23:26:14+08:00 ] 127.0.0.1 /think/Public/images/skin1.png
INFO: [ app_init ] --START--
INFO: Run Behavior\BuildLiteBehavior [ RunTime:0.000020s ]
INFO: [ app_init ] --END-- [ RunTime:0.000643s ]
ERR: æ— æ³•åŠ è½½æ¨¡å—:Public

[ 2015-04-02T23:26:14+08:00 ] 127.0.0.1 /think/Public/images/skin1.png
INFO: [ app_init ] --START--
INFO: Run Behavior\BuildLiteBehavior [ RunTime:0.000039s ]
INFO: [ app_init ] --END-- [ RunTime:0.001481s ]
ERR: æ— æ³•åŠ è½½æ¨¡å—:Public

[ 2015-04-02T23:27:39+08:00 ] 127.0.0.1 /think/Public/images/skin1.png
INFO: [ app_init ] --START--
INFO: Run Behavior\BuildLiteBehavior [ RunTime:0.000020s ]
INFO: [ app_init ] --END-- [ RunTime:0.000714s ]
ERR: æ— æ³•åŠ è½½æ¨¡å—:Public

[ 2015-04-02T23:27:40+08:00 ] 127.0.0.1 /think/Public/images/skin1.png
INFO: [ app_init ] --START--
INFO: Run Behavior\BuildLiteBehavior [ RunTime:0.000035s ]
INFO: [ app_init ] --END-- [ RunTime:0.001698s ]
ERR: æ— æ³•åŠ è½½æ¨¡å—:Public

[ 2015-04-02T23:27:40+08:00 ] 127.0.0.1 /think/Public/images/skin1.png
INFO: [ app_init ] --START--
INFO: Run Behavior\BuildLiteBehavior [ RunTime:0.000035s ]
INFO: [ app_init ] --END-- [ RunTime:0.001496s ]
ERR: æ— æ³•åŠ è½½æ¨¡å—:Public

[ 2015-04-02T23:27:50+08:00 ] 127.0.0.1 /think/Public/images/skin1.png
INFO: [ app_init ] --START--
INFO: Run Behavior\BuildLiteBehavior [ RunTime:0.000019s ]
INFO: [ app_init ] --END-- [ RunTime:0.000636s ]
ERR: æ— æ³•åŠ è½½æ¨¡å—:Public

[ 2015-04-02T23:28:13+08:00 ] 127.0.0.1 /think/Public/images/skin1.png
INFO: [ app_init ] --START--
INFO: Run Behavior\BuildLiteBehavior [ RunTime:0.000030s ]
INFO: [ app_init ] --END-- [ RunTime:0.000944s ]
ERR: æ— æ³•åŠ è½½æ¨¡å—:Public

[ 2015-04-02T23:28:13+08:00 ] 127.0.0.1 /think/Public/images/skin1.png
INFO: [ app_init ] --START--
INFO: Run Behavior\BuildLiteBehavior [ RunTime:0.000032s ]
INFO: [ app_init ] --END-- [ RunTime:0.000881s ]
ERR: æ— æ³•åŠ è½½æ¨¡å—:Public

[ 2015-04-02T23:28:22+08:00 ] 127.0.0.1 /think/Public/images/skin1.png
INFO: [ app_init ] --START--
INFO: Run Behavior\BuildLiteBehavior [ RunTime:0.000017s ]
INFO: [ app_init ] --END-- [ RunTime:0.000645s ]
ERR: æ— æ³•åŠ è½½æ¨¡å—:Public

[ 2015-04-02T23:28:40+08:00 ] 127.0.0.1 /think/Public/images/skin1.png
INFO: [ app_init ] --START--
INFO: Run Behavior\BuildLiteBehavior [ RunTime:0.000018s ]
INFO: [ app_init ] --END-- [ RunTime:0.000813s ]
ERR: æ— æ³•åŠ è½½æ¨¡å—:Public

[ 2015-04-02T23:28:51+08:00 ] 127.0.0.1 /think/Public/images/skin1.png
INFO: [ app_init ] --START--
INFO: Run Behavior\BuildLiteBehavior [ RunTime:0.000017s ]
INFO: [ app_init ] --END-- [ RunTime:0.000622s ]
ERR: æ— æ³•åŠ è½½æ¨¡å—:Public

[ 2015-04-02T23:28:56+08:00 ] 127.0.0.1 /think/Public/images/skin1.png
INFO: [ app_init ] --START--
INFO: Run Behavior\BuildLiteBehavior [ RunTime:0.000031s ]
INFO: [ app_init ] --END-- [ RunTime:0.001128s ]
ERR: æ— æ³•åŠ è½½æ¨¡å—:Public

[ 2015-04-02T23:29:00+08:00 ] 127.0.0.1 /think/Public/images/skin1.png
INFO: [ app_init ] --START--
INFO: Run Behavior\BuildLiteBehavior [ RunTime:0.000029s ]
INFO: [ app_init ] --END-- [ RunTime:0.001103s ]
ERR: æ— æ³•åŠ è½½æ¨¡å—:Public

[ 2015-04-02T23:29:06+08:00 ] 127.0.0.1 /think/Public/images/skin1.png
INFO: [ app_init ] --START--
INFO: Run Behavior\BuildLiteBehavior [ RunTime:0.000018s ]
INFO: [ app_init ] --END-- [ RunTime:0.000631s ]
ERR: æ— æ³•åŠ è½½æ¨¡å—:Public

[ 2015-04-02T23:29:06+08:00 ] 127.0.0.1 /think/Public/images/skin1.png
INFO: [ app_init ] --START--
INFO: Run Behavior\BuildLiteBehavior [ RunTime:0.000032s ]
INFO: [ app_init ] --END-- [ RunTime:0.001056s ]
ERR: æ— æ³•åŠ è½½æ¨¡å—:Public

[ 2015-04-02T23:29:10+08:00 ] 127.0.0.1 /think/Public/images/skin1.png
INFO: [ app_init ] --START--
INFO: Run Behavior\BuildLiteBehavior [ RunTime:0.000020s ]
INFO: [ app_init ] --END-- [ RunTime:0.000570s ]
ERR: æ— æ³•åŠ è½½æ¨¡å—:Public

[ 2015-04-02T23:29:10+08:00 ] 127.0.0.1 /think/Public/images/skin1.png
INFO: [ app_init ] --START--
INFO: Run Behavior\BuildLiteBehavior [ RunTime:0.000020s ]
INFO: [ app_init ] --END-- [ RunTime:0.000878s ]
ERR: æ— æ³•åŠ è½½æ¨¡å—:Public

[ 2015-04-02T23:29:15+08:00 ] 127.0.0.1 /think/Public/images/skin1.png
INFO: [ app_init ] --START--
INFO: Run Behavior\BuildLiteBehavior [ RunTime:0.000017s ]
INFO: [ app_init ] --END-- [ RunTime:0.000659s ]
ERR: æ— æ³•åŠ è½½æ¨¡å—:Public

[ 2015-04-02T23:29:19+08:00 ] 127.0.0.1 /think/Public/images/skin1.png
INFO: [ app_init ] --START--
INFO: Run Behavior\BuildLiteBehavior [ RunTime:0.000021s ]
INFO: [ app_init ] --END-- [ RunTime:0.000654s ]
ERR: æ— æ³•åŠ è½½æ¨¡å—:Public

[ 2015-04-02T23:29:23+08:00 ] 127.0.0.1 /think/Public/images/skin1.png
INFO: [ app_init ] --START--
INFO: Run Behavior\BuildLiteBehavior [ RunTime:0.000032s ]
INFO: [ app_init ] --END-- [ RunTime:0.001160s ]
ERR: æ— æ³•åŠ è½½æ¨¡å—:Public

[ 2015-04-02T23:29:29+08:00 ] 127.0.0.1 /think/Public/images/skin1.png
INFO: [ app_init ] --START--
INFO: Run Behavior\BuildLiteBehavior [ RunTime:0.000017s ]
INFO: [ app_init ] --END-- [ RunTime:0.000632s ]
ERR: æ— æ³•åŠ è½½æ¨¡å—:Public

[ 2015-04-02T23:29:29+08:00 ] 127.0.0.1 /think/Public/images/skin1.png
INFO: [ app_init ] --START--
INFO: Run Behavior\BuildLiteBehavior [ RunTime:0.000035s ]
INFO: [ app_init ] --END-- [ RunTime:0.001016s ]
ERR: æ— æ³•åŠ è½½æ¨¡å—:Public

[ 2015-04-02T23:29:38+08:00 ] 127.0.0.1 /think/Public/images/skin1.png
INFO: [ app_init ] --START--
INFO: Run Behavior\BuildLiteBehavior [ RunTime:0.000020s ]
INFO: [ app_init ] --END-- [ RunTime:0.000834s ]
ERR: æ— æ³•åŠ è½½æ¨¡å—:Public

[ 2015-04-02T23:30:42+08:00 ] 127.0.0.1 /think/Public/images/skin1.png
INFO: [ app_init ] --START--
INFO: Run Behavior\BuildLiteBehavior [ RunTime:0.000033s ]
INFO: [ app_init ] --END-- [ RunTime:0.001123s ]
ERR: æ— æ³•åŠ è½½æ¨¡å—:Public

[ 2015-04-02T23:30:48+08:00 ] 127.0.0.1 /think/Public/images/skin1.png
INFO: [ app_init ] --START--
INFO: Run Behavior\BuildLiteBehavior [ RunTime:0.000296s ]
INFO: [ app_init ] --END-- [ RunTime:0.006810s ]
ERR: æ— æ³•åŠ è½½æ¨¡å—:Public

[ 2015-04-02T23:32:47+08:00 ] 127.0.0.1 /think/Public/images/skin1.png
INFO: [ app_init ] --START--
INFO: Run Behavior\BuildLiteBehavior [ RunTime:0.000020s ]
INFO: [ app_init ] --END-- [ RunTime:0.000690s ]
ERR: æ— æ³•åŠ è½½æ¨¡å—:Public

[ 2015-04-02T23:32:47+08:00 ] 127.0.0.1 /think/Public/images/skin1.png
INFO: [ app_init ] --START--
INFO: Run Behavior\BuildLiteBehavior [ RunTime:0.000019s ]
INFO: [ app_init ] --END-- [ RunTime:0.000884s ]
ERR: æ— æ³•åŠ è½½æ¨¡å—:Public

[ 2015-04-02T23:32:52+08:00 ] 127.0.0.1 /think/Public/images/skin1.png
INFO: [ app_init ] --START--
INFO: Run Behavior\BuildLiteBehavior [ RunTime:0.000018s ]
INFO: [ app_init ] --END-- [ RunTime:0.000649s ]
ERR: æ— æ³•åŠ è½½æ¨¡å—:Public

[ 2015-04-02T23:32:52+08:00 ] 127.0.0.1 /think/Public/images/skin1.png
INFO: [ app_init ] --START--
INFO: Run Behavior\BuildLiteBehavior [ RunTime:0.000018s ]
INFO: [ app_init ] --END-- [ RunTime:0.000635s ]
ERR: æ— æ³•åŠ è½½æ¨¡å—:Public

[ 2015-04-02T23:32:56+08:00 ] 127.0.0.1 /think/Public/images/skin1.png
INFO: [ app_init ] --START--
INFO: Run Behavior\BuildLiteBehavior [ RunTime:0.000019s ]
INFO: [ app_init ] --END-- [ RunTime:0.000649s ]
ERR: æ— æ³•åŠ è½½æ¨¡å—:Public

[ 2015-04-02T23:32:56+08:00 ] 127.0.0.1 /think/Public/images/skin1.png
INFO: [ app_init ] --START--
INFO: Run Behavior\BuildLiteBehavior [ RunTime:0.000017s ]
INFO: [ app_init ] --END-- [ RunTime:0.000677s ]
ERR: æ— æ³•åŠ è½½æ¨¡å—:Public

[ 2015-04-02T23:36:56+08:00 ] 127.0.0.1 /think/Public/images/skin1.png
INFO: [ app_init ] --START--
INFO: Run Behavior\BuildLiteBehavior [ RunTime:0.000018s ]
INFO: [ app_init ] --END-- [ RunTime:0.000628s ]
ERR: æ— æ³•åŠ è½½æ¨¡å—:Public

[ 2015-04-02T23:36:56+08:00 ] 127.0.0.1 /think/Public/images/skin1.png
INFO: [ app_init ] --START--
INFO: Run Behavior\BuildLiteBehavior [ RunTime:0.000034s ]
INFO: [ app_init ] --END-- [ RunTime:0.001723s ]
ERR: æ— æ³•åŠ è½½æ¨¡å—:Public

[ 2015-04-02T23:37:42+08:00 ] 127.0.0.1 /think/Public/images/skin1.png
INFO: [ app_init ] --START--
INFO: Run Behavior\BuildLiteBehavior [ RunTime:0.000020s ]
INFO: [ app_init ] --END-- [ RunTime:0.000753s ]
ERR: æ— æ³•åŠ è½½æ¨¡å—:Public

[ 2015-04-02T23:37:43+08:00 ] 127.0.0.1 /think/Public/images/skin1.png
INFO: [ app_init ] --START--
INFO: Run Behavior\BuildLiteBehavior [ RunTime:0.000029s ]
INFO: [ app_init ] --END-- [ RunTime:0.001035s ]
ERR: æ— æ³•åŠ è½½æ¨¡å—:Public

[ 2015-04-02T23:37:56+08:00 ] 127.0.0.1 /think/Public/images/skin1.png
INFO: [ app_init ] --START--
INFO: Run Behavior\BuildLiteBehavior [ RunTime:0.000036s ]
INFO: [ app_init ] --END-- [ RunTime:0.001113s ]
ERR: æ— æ³•åŠ è½½æ¨¡å—:Public

[ 2015-04-02T23:37:59+08:00 ] 127.0.0.1 /think/Public/images/skin1.png
INFO: [ app_init ] --START--
INFO: Run Behavior\BuildLiteBehavior [ RunTime:0.000040s ]
INFO: [ app_init ] --END-- [ RunTime:0.000993s ]
ERR: æ— æ³•åŠ è½½æ¨¡å—:Public

[ 2015-04-02T23:38:01+08:00 ] 127.0.0.1 /think/Public/images/skin1.png
INFO: [ app_init ] --START--
INFO: Run Behavior\BuildLiteBehavior [ RunTime:0.000030s ]
INFO: [ app_init ] --END-- [ RunTime:0.000933s ]
ERR: æ— æ³•åŠ è½½æ¨¡å—:Public

[ 2015-04-02T23:38:20+08:00 ] 127.0.0.1 /think/Public/images/skin1.png
INFO: [ app_init ] --START--
INFO: Run Behavior\BuildLiteBehavior [ RunTime:0.000021s ]
INFO: [ app_init ] --END-- [ RunTime:0.000781s ]
ERR: æ— æ³•åŠ è½½æ¨¡å—:Public

[ 2015-04-02T23:38:20+08:00 ] 127.0.0.1 /think/Public/images/skin1.png
INFO: [ app_init ] --START--
INFO: Run Behavior\BuildLiteBehavior [ RunTime:0.000051s ]
INFO: [ app_init ] --END-- [ RunTime:0.001181s ]
ERR: æ— æ³•åŠ è½½æ¨¡å—:Public

[ 2015-04-02T23:43:39+08:00 ] 127.0.0.1 /think/Public/images/skin1.png
INFO: [ app_init ] --START--
INFO: Run Behavior\BuildLiteBehavior [ RunTime:0.000030s ]
INFO: [ app_init ] --END-- [ RunTime:0.000801s ]
ERR: æ— æ³•åŠ è½½æ¨¡å—:Public

[ 2015-04-02T23:43:39+08:00 ] 127.0.0.1 /think/Public/images/skin1.png
INFO: [ app_init ] --START--
INFO: Run Behavior\BuildLiteBehavior [ RunTime:0.000026s ]
INFO: [ app_init ] --END-- [ RunTime:0.000758s ]
ERR: æ— æ³•åŠ è½½æ¨¡å—:Public

[ 2015-04-02T23:44:47+08:00 ] 127.0.0.1 /think/Public/images/skin1.png
INFO: [ app_init ] --START--
INFO: Run Behavior\BuildLiteBehavior [ RunTime:0.000037s ]
INFO: [ app_init ] --END-- [ RunTime:0.000995s ]
ERR: æ— æ³•åŠ è½½æ¨¡å—:Public

[ 2015-04-02T23:44:47+08:00 ] 127.0.0.1 /think/Public/images/skin1.png
INFO: [ app_init ] --START--
INFO: Run Behavior\BuildLiteBehavior [ RunTime:0.000018s ]
INFO: [ app_init ] --END-- [ RunTime:0.000754s ]
ERR: æ— æ³•åŠ è½½æ¨¡å—:Public

[ 2015-04-02T23:44:53+08:00 ] 127.0.0.1 /think/Public/images/skin1.png
INFO: [ app_init ] --START--
INFO: Run Behavior\BuildLiteBehavior [ RunTime:0.000036s ]
INFO: [ app_init ] --END-- [ RunTime:0.001215s ]
ERR: æ— æ³•åŠ è½½æ¨¡å—:Public

[ 2015-04-02T23:45:02+08:00 ] 127.0.0.1 /think/Public/images/skin1.png
INFO: [ app_init ] --START--
INFO: Run Behavior\BuildLiteBehavior [ RunTime:0.000024s ]
INFO: [ app_init ] --END-- [ RunTime:0.000721s ]
ERR: æ— æ³•åŠ è½½æ¨¡å—:Public

[ 2015-04-02T23:45:03+08:00 ] 127.0.0.1 /think/Public/images/skin1.png
INFO: [ app_init ] --START--
INFO: Run Behavior\BuildLiteBehavior [ RunTime:0.000020s ]
INFO: [ app_init ] --END-- [ RunTime:0.000697s ]
ERR: æ— æ³•åŠ è½½æ¨¡å—:Public

[ 2015-04-02T23:45:04+08:00 ] 127.0.0.1 /think/Public/images/skin1.png
INFO: [ app_init ] --START--
INFO: Run Behavior\BuildLiteBehavior [ RunTime:0.000034s ]
INFO: [ app_init ] --END-- [ RunTime:0.000852s ]
ERR: æ— æ³•åŠ è½½æ¨¡å—:Public

[ 2015-04-02T23:45:06+08:00 ] 127.0.0.1 /think/Public/images/skin1.png
INFO: [ app_init ] --START--
INFO: Run Behavior\BuildLiteBehavior [ RunTime:0.000017s ]
INFO: [ app_init ] --END-- [ RunTime:0.000640s ]
ERR: æ— æ³•åŠ è½½æ¨¡å—:Public

[ 2015-04-02T23:45:08+08:00 ] 127.0.0.1 /think/Public/images/skin1.png
INFO: [ app_init ] --START--
INFO: Run Behavior\BuildLiteBehavior [ RunTime:0.000018s ]
INFO: [ app_init ] --END-- [ RunTime:0.000682s ]
ERR: æ— æ³•åŠ è½½æ¨¡å—:Public

[ 2015-04-02T23:46:34+08:00 ] 127.0.0.1 /think/Public/images/skin1.png
INFO: [ app_init ] --START--
INFO: Run Behavior\BuildLiteBehavior [ RunTime:0.000032s ]
INFO: [ app_init ] --END-- [ RunTime:0.001093s ]
ERR: æ— æ³•åŠ è½½æ¨¡å—:Public

[ 2015-04-02T23:46:34+08:00 ] 127.0.0.1 /think/Public/images/skin1.png
INFO: [ app_init ] --START--
INFO: Run Behavior\BuildLiteBehavior [ RunTime:0.000016s ]
INFO: [ app_init ] --END-- [ RunTime:0.000578s ]
ERR: æ— æ³•åŠ è½½æ¨¡å—:Public

[ 2015-04-02T23:46:35+08:00 ] 127.0.0.1 /think/Public/images/skin1.png
INFO: [ app_init ] --START--
INFO: Run Behavior\BuildLiteBehavior [ RunTime:0.000030s ]
INFO: [ app_init ] --END-- [ RunTime:0.000658s ]
ERR: æ— æ³•åŠ è½½æ¨¡å—:Public

[ 2015-04-02T23:46:37+08:00 ] 127.0.0.1 /think/Public/images/skin1.png
INFO: [ app_init ] --START--
INFO: Run Behavior\BuildLiteBehavior [ RunTime:0.000024s ]
INFO: [ app_init ] --END-- [ RunTime:0.000677s ]
ERR: æ— æ³•åŠ è½½æ¨¡å—:Public

[ 2015-04-02T23:46:49+08:00 ] 127.0.0.1 /think/Public/images/skin1.png
INFO: [ app_init ] --START--
INFO: Run Behavior\BuildLiteBehavior [ RunTime:0.000022s ]
INFO: [ app_init ] --END-- [ RunTime:0.000825s ]
ERR: æ— æ³•åŠ è½½æ¨¡å—:Public

[ 2015-04-02T23:46:52+08:00 ] 127.0.0.1 /think/Public/images/skin1.png
INFO: [ app_init ] --START--
INFO: Run Behavior\BuildLiteBehavior [ RunTime:0.000027s ]
INFO: [ app_init ] --END-- [ RunTime:0.001112s ]
ERR: æ— æ³•åŠ è½½æ¨¡å—:Public

[ 2015-04-02T23:46:53+08:00 ] 127.0.0.1 /think/Public/images/skin1.png
INFO: [ app_init ] --START--
INFO: Run Behavior\BuildLiteBehavior [ RunTime:0.000037s ]
INFO: [ app_init ] --END-- [ RunTime:0.000848s ]
ERR: æ— æ³•åŠ è½½æ¨¡å—:Public

[ 2015-04-02T23:46:53+08:00 ] 127.0.0.1 /think/Public/images/skin1.png
INFO: [ app_init ] --START--
INFO: Run Behavior\BuildLiteBehavior [ RunTime:0.000017s ]
INFO: [ app_init ] --END-- [ RunTime:0.000672s ]
ERR: æ— æ³•åŠ è½½æ¨¡å—:Public

[ 2015-04-02T23:46:54+08:00 ] 127.0.0.1 /think/Public/images/skin1.png
INFO: [ app_init ] --START--
INFO: Run Behavior\BuildLiteBehavior [ RunTime:0.000026s ]
INFO: [ app_init ] --END-- [ RunTime:0.000807s ]
ERR: æ— æ³•åŠ è½½æ¨¡å—:Public

[ 2015-04-02T23:46:54+08:00 ] 127.0.0.1 /think/Public/images/skin1.png
INFO: [ app_init ] --START--
INFO: Run Behavior\BuildLiteBehavior [ RunTime:0.000018s ]
INFO: [ app_init ] --END-- [ RunTime:0.000597s ]
ERR: æ— æ³•åŠ è½½æ¨¡å—:Public

[ 2015-04-02T23:46:58+08:00 ] 127.0.0.1 /think/Public/images/skin1.png
INFO: [ app_init ] --START--
INFO: Run Behavior\BuildLiteBehavior [ RunTime:0.000026s ]
INFO: [ app_init ] --END-- [ RunTime:0.000798s ]
ERR: æ— æ³•åŠ è½½æ¨¡å—:Public

[ 2015-04-02T23:47:00+08:00 ] 127.0.0.1 /think/Public/images/skin1.png
INFO: [ app_init ] --START--
INFO: Run Behavior\BuildLiteBehavior [ RunTime:0.000026s ]
INFO: [ app_init ] --END-- [ RunTime:0.000882s ]
ERR: æ— æ³•åŠ è½½æ¨¡å—:Public

[ 2015-04-02T23:47:02+08:00 ] 127.0.0.1 /think/Public/images/skin1.png
INFO: [ app_init ] --START--
INFO: Run Behavior\BuildLiteBehavior [ RunTime:0.000020s ]
INFO: [ app_init ] --END-- [ RunTime:0.000691s ]
ERR: æ— æ³•åŠ è½½æ¨¡å—:Public

[ 2015-04-02T23:47:02+08:00 ] 127.0.0.1 /think/Public/images/skin1.png
INFO: [ app_init ] --START--
INFO: Run Behavior\BuildLiteBehavior [ RunTime:0.000027s ]
INFO: [ app_init ] --END-- [ RunTime:0.000904s ]
ERR: æ— æ³•åŠ è½½æ¨¡å—:Public

[ 2015-04-02T23:53:56+08:00 ] 127.0.0.1 /think/Public/images/skin1.png
INFO: [ app_init ] --START--
INFO: Run Behavior\BuildLiteBehavior [ RunTime:0.000031s ]
INFO: [ app_init ] --END-- [ RunTime:0.000791s ]
ERR: æ— æ³•åŠ è½½æ¨¡å—:Public

[ 2015-04-02T23:53:56+08:00 ] 127.0.0.1 /think/Public/images/skin1.png
INFO: [ app_init ] --START--
INFO: Run Behavior\BuildLiteBehavior [ RunTime:0.000018s ]
INFO: [ app_init ] --END-- [ RunTime:0.001085s ]
ERR: æ— æ³•åŠ è½½æ¨¡å—:Public

[ 2015-04-02T23:57:40+08:00 ] 127.0.0.1 /think/Public/images/skin1.png
INFO: [ app_init ] --START--
INFO: Run Behavior\BuildLiteBehavior [ RunTime:0.000018s ]
INFO: [ app_init ] --END-- [ RunTime:0.000851s ]
ERR: æ— æ³•åŠ è½½æ¨¡å—:Public

[ 2015-04-02T23:57:43+08:00 ] 127.0.0.1 /think/Public/images/skin1.png
INFO: [ app_init ] --START--
INFO: Run Behavior\BuildLiteBehavior [ RunTime:0.000020s ]
INFO: [ app_init ] --END-- [ RunTime:0.000635s ]
ERR: æ— æ³•åŠ è½½æ¨¡å—:Public

[ 2015-04-02T23:57:43+08:00 ] 127.0.0.1 /think/Public/images/skin1.png
INFO: [ app_init ] --START--
INFO: Run Behavior\BuildLiteBehavior [ RunTime:0.000033s ]
INFO: [ app_init ] --END-- [ RunTime:0.001138s ]
ERR: æ— æ³•åŠ è½½æ¨¡å—:Public

[ 2015-04-02T23:57:54+08:00 ] 127.0.0.1 /think/Public/images/skin1.png
INFO: [ app_init ] --START--
INFO: Run Behavior\BuildLiteBehavior [ RunTime:0.000024s ]
INFO: [ app_init ] --END-- [ RunTime:0.000859s ]
ERR: æ— æ³•åŠ è½½æ¨¡å—:Public

[ 2015-04-02T23:58:18+08:00 ] 127.0.0.1 /think/Public/images/skin1.png
INFO: [ app_init ] --START--
INFO: Run Behavior\BuildLiteBehavior [ RunTime:0.000035s ]
INFO: [ app_init ] --END-- [ RunTime:0.000913s ]
ERR: æ— æ³•åŠ è½½æ¨¡å—:Public

[ 2015-04-02T23:59:31+08:00 ] 127.0.0.1 /think/Public/images/skin1.png
INFO: [ app_init ] --START--
INFO: Run Behavior\BuildLiteBehavior [ RunTime:0.000030s ]
INFO: [ app_init ] --END-- [ RunTime:0.000852s ]
ERR: æ— æ³•åŠ è½½æ¨¡å—:Public

[ 2015-04-02T23:59:31+08:00 ] 127.0.0.1 /think/Public/images/skin1.png
INFO: [ app_init ] --START--
INFO: Run Behavior\BuildLiteBehavior [ RunTime:0.000016s ]
INFO: [ app_init ] --END-- [ RunTime:0.000698s ]
ERR: æ— æ³•åŠ è½½æ¨¡å—:Public

[ 2015-04-02T23:59:38+08:00 ] 127.0.0.1 /think/Public/images/skin1.png
INFO: [ app_init ] --START--
INFO: Run Behavior\BuildLiteBehavior [ RunTime:0.000036s ]
INFO: [ app_init ] --END-- [ RunTime:0.001206s ]
ERR: æ— æ³•åŠ è½½æ¨¡å—:Public

