[ 2015-04-04T02:25:44+08:00 ] 127.0.0.1 /think/Public/Uploads/2015-04-03/551e268b605aa.jpg
INFO: [ app_init ] --START--
INFO: Run Behavior\BuildLiteBehavior [ RunTime:0.000029s ]
INFO: [ app_init ] --END-- [ RunTime:0.000879s ]
ERR: 无法加载模块:Public

[ 2015-04-04T02:25:44+08:00 ] 127.0.0.1 /think/Public/Uploads/2015-04-03/551e26818b5ca.jpg
INFO: [ app_init ] --START--
INFO: Run Behavior\BuildLiteBehavior [ RunTime:0.000034s ]
INFO: [ app_init ] --END-- [ RunTime:0.001150s ]
ERR: 无法加载模块:Public

[ 2015-04-04T02:25:44+08:00 ] 127.0.0.1 /think/Public/Uploads/2015-04-03/551e267349e34.jpg
INFO: [ app_init ] --START--
INFO: Run Behavior\BuildLiteBehavior [ RunTime:0.000028s ]
INFO: [ app_init ] --END-- [ RunTime:0.000916s ]
ERR: 无法加载模块:Public

[ 2015-04-04T02:25:44+08:00 ] 127.0.0.1 /think/Public/Uploads/2015-04-02/551d603c04e23.jpg
INFO: [ app_init ] --START--
INFO: Run Behavior\BuildLiteBehavior [ RunTime:0.000024s ]
INFO: [ app_init ] --END-- [ RunTime:0.000940s ]
ERR: 无法加载模块:Public

[ 2015-04-04T02:25:44+08:00 ] 127.0.0.1 /think/Public/Uploads/2015-04-03/551e2f62df842.jpg
INFO: [ app_init ] --START--
INFO: Run Behavior\BuildLiteBehavior [ RunTime:0.000029s ]
INFO: [ app_init ] --END-- [ RunTime:0.000827s ]
ERR: 无法加载模块:Public

[ 2015-04-04T02:25:44+08:00 ] 127.0.0.1 /think/Public/Uploads/2015-04-02/551d603806afb.jpg
INFO: [ app_init ] --START--
INFO: Run Behavior\BuildLiteBehavior [ RunTime:0.000032s ]
INFO: [ app_init ] --END-- [ RunTime:0.001534s ]
ERR: 无法加载模块:Public

[ 2015-04-04T02:25:44+08:00 ] 127.0.0.1 /think/Public/Uploads/2015-04-02/551d6032eef12.jpg
INFO: [ app_init ] --START--
INFO: Run Behavior\BuildLiteBehavior [ RunTime:0.000078s ]
INFO: [ app_init ] --END-- [ RunTime:0.001053s ]
ERR: 无法加载模块:Public

[ 2015-04-04T02:25:47+08:00 ] 127.0.0.1 /think/Public/Uploads/2015-04-03/551e268b605aa.jpg
INFO: [ app_init ] --START--
INFO: Run Behavior\BuildLiteBehavior [ RunTime:0.000034s ]
INFO: [ app_init ] --END-- [ RunTime:0.001008s ]
ERR: 无法加载模块:Public

[ 2015-04-04T02:25:47+08:00 ] 127.0.0.1 /think/Public/Uploads/2015-04-02/551d603c04e23.jpg
INFO: [ app_init ] --START--
INFO: Run Behavior\BuildLiteBehavior [ RunTime:0.000030s ]
INFO: [ app_init ] --END-- [ RunTime:0.000744s ]
ERR: 无法加载模块:Public

[ 2015-04-04T02:25:47+08:00 ] 127.0.0.1 /think/Public/Uploads/2015-04-02/551d6032eef12.jpg
INFO: [ app_init ] --START--
INFO: Run Behavior\BuildLiteBehavior [ RunTime:0.000081s ]
INFO: [ app_init ] --END-- [ RunTime:0.001243s ]
ERR: 无法加载模块:Public

[ 2015-04-04T02:25:47+08:00 ] 127.0.0.1 /think/Public/Uploads/2015-04-03/551e267349e34.jpg
INFO: [ app_init ] --START--
INFO: Run Behavior\BuildLiteBehavior [ RunTime:0.000027s ]
INFO: [ app_init ] --END-- [ RunTime:0.003806s ]
ERR: 无法加载模块:Public

[ 2015-04-04T02:25:47+08:00 ] 127.0.0.1 /think/Public/Uploads/2015-04-02/551d603806afb.jpg
INFO: [ app_init ] --START--
INFO: Run Behavior\BuildLiteBehavior [ RunTime:0.000031s ]
INFO: [ app_init ] --END-- [ RunTime:0.000885s ]
ERR: 无法加载模块:Public

[ 2015-04-04T02:25:47+08:00 ] 127.0.0.1 /think/Public/Uploads/2015-04-03/551e2f62df842.jpg
INFO: [ app_init ] --START--
INFO: Run Behavior\BuildLiteBehavior [ RunTime:0.000023s ]
INFO: [ app_init ] --END-- [ RunTime:0.000802s ]
ERR: 无法加载模块:Public

[ 2015-04-04T02:25:47+08:00 ] 127.0.0.1 /think/Public/Uploads/2015-04-03/551e2f92bcb84.jpg
INFO: [ app_init ] --START--
INFO: Run Behavior\BuildLiteBehavior [ RunTime:0.000026s ]
INFO: [ app_init ] --END-- [ RunTime:0.000802s ]
ERR: 无法加载模块:Public

[ 2015-04-04T02:25:47+08:00 ] 127.0.0.1 /think/Public/Uploads/2015-04-03/551e26818b5ca.jpg
INFO: [ app_init ] --START--
INFO: Run Behavior\BuildLiteBehavior [ RunTime:0.000033s ]
INFO: [ app_init ] --END-- [ RunTime:0.000830s ]
ERR: 无法加载模块:Public

[ 2015-04-04T02:32:30+08:00 ] 127.0.0.1 /think/Public/Uploads/2015-04-03/551e2f92bcb84.jpg
INFO: [ app_init ] --START--
INFO: Run Behavior\BuildLiteBehavior [ RunTime:0.000033s ]
INFO: [ app_init ] --END-- [ RunTime:0.000988s ]
ERR: 无法加载模块:Public

[ 2015-04-04T02:32:30+08:00 ] 127.0.0.1 /think/Public/Uploads/2015-04-03/551e2f62df842.jpg
INFO: [ app_init ] --START--
INFO: Run Behavior\BuildLiteBehavior [ RunTime:0.000039s ]
INFO: [ app_init ] --END-- [ RunTime:0.001081s ]
ERR: 无法加载模块:Public

[ 2015-04-04T02:32:30+08:00 ] 127.0.0.1 /think/Public/Uploads/2015-04-03/551e268b605aa.jpg
INFO: [ app_init ] --START--
INFO: Run Behavior\BuildLiteBehavior [ RunTime:0.000030s ]
INFO: [ app_init ] --END-- [ RunTime:0.000958s ]
ERR: 无法加载模块:Public

[ 2015-04-04T02:32:30+08:00 ] 127.0.0.1 /think/Public/Uploads/2015-04-03/551e267349e34.jpg
INFO: [ app_init ] --START--
INFO: Run Behavior\BuildLiteBehavior [ RunTime:0.000033s ]
INFO: [ app_init ] --END-- [ RunTime:0.002455s ]
ERR: 无法加载模块:Public

[ 2015-04-04T02:32:30+08:00 ] 127.0.0.1 /think/Public/Uploads/2015-04-02/551d603806afb.jpg
INFO: [ app_init ] --START--
INFO: Run Behavior\BuildLiteBehavior [ RunTime:0.000054s ]
INFO: [ app_init ] --END-- [ RunTime:0.009177s ]
ERR: 无法加载模块:Public

[ 2015-04-04T02:32:30+08:00 ] 127.0.0.1 /think/Public/Uploads/2015-04-03/551e26818b5ca.jpg
INFO: [ app_init ] --START--
INFO: Run Behavior\BuildLiteBehavior [ RunTime:0.000032s ]
INFO: [ app_init ] --END-- [ RunTime:0.006225s ]
ERR: 无法加载模块:Public

[ 2015-04-04T02:32:30+08:00 ] 127.0.0.1 /think/Public/Uploads/2015-04-02/551d603c04e23.jpg
INFO: [ app_init ] --START--
INFO: Run Behavior\BuildLiteBehavior [ RunTime:0.000106s ]
INFO: [ app_init ] --END-- [ RunTime:0.005167s ]
ERR: 无法加载模块:Public

[ 2015-04-04T02:32:30+08:00 ] 127.0.0.1 /think/Public/Uploads/2015-04-02/551d6032eef12.jpg
INFO: [ app_init ] --START--
INFO: Run Behavior\BuildLiteBehavior [ RunTime:0.000018s ]
INFO: [ app_init ] --END-- [ RunTime:0.000619s ]
ERR: 无法加载模块:Public

