[ 2015-06-05T15:11:55+08:00 ] 127.0.0.1 /yijvhu/Public/images/skin1.png
INFO: [ app_init ] --START--
INFO: Run Behavior\BuildLiteBehavior [ RunTime:0.000024s ]
INFO: [ app_init ] --END-- [ RunTime:0.000578s ]
ERR: 无法加载模块:Public

[ 2015-06-05T15:11:55+08:00 ] 127.0.0.1 /yijvhu/Public/images/gb5.jpg
INFO: [ app_init ] --START--
INFO: Run Behavior\BuildLiteBehavior [ RunTime:0.000023s ]
INFO: [ app_init ] --END-- [ RunTime:0.000398s ]
ERR: 无法加载模块:Public

[ 2015-06-05T15:24:14+08:00 ] 127.0.0.1 /yijvhu/Public/images/skin1.png
INFO: [ app_init ] --START--
INFO: Run Behavior\BuildLiteBehavior [ RunTime:0.000017s ]
INFO: [ app_init ] --END-- [ RunTime:0.000535s ]
ERR: 无法加载模块:Public

[ 2015-06-05T15:24:14+08:00 ] 127.0.0.1 /yijvhu/Public/images/skin1.png
INFO: [ app_init ] --START--
INFO: Run Behavior\BuildLiteBehavior [ RunTime:0.000037s ]
INFO: [ app_init ] --END-- [ RunTime:0.000868s ]
ERR: 无法加载模块:Public

[ 2015-06-05T15:24:14+08:00 ] 127.0.0.1 /yijvhu/Public/images/gb5.jpg
INFO: [ app_init ] --START--
INFO: Run Behavior\BuildLiteBehavior [ RunTime:0.000018s ]
INFO: [ app_init ] --END-- [ RunTime:0.000573s ]
ERR: 无法加载模块:Public

[ 2015-06-05T15:36:39+08:00 ] 127.0.0.1 /yijvhu/Public/images/skin1.png
INFO: [ app_init ] --START--
INFO: Run Behavior\BuildLiteBehavior [ RunTime:0.000027s ]
INFO: [ app_init ] --END-- [ RunTime:0.000628s ]
ERR: 无法加载模块:Public

[ 2015-06-05T15:36:39+08:00 ] 127.0.0.1 /yijvhu/Public/images/gb5.jpg
INFO: [ app_init ] --START--
INFO: Run Behavior\BuildLiteBehavior [ RunTime:0.000017s ]
INFO: [ app_init ] --END-- [ RunTime:0.000497s ]
ERR: 无法加载模块:Public

[ 2015-06-05T15:41:14+08:00 ] 127.0.0.1 /yijvhu/Public/images/skin1.png
INFO: [ app_init ] --START--
INFO: Run Behavior\BuildLiteBehavior [ RunTime:0.000015s ]
INFO: [ app_init ] --END-- [ RunTime:0.000369s ]
ERR: 无法加载模块:Public

[ 2015-06-05T15:41:14+08:00 ] 127.0.0.1 /yijvhu/Public/images/skin1.png
INFO: [ app_init ] --START--
INFO: Run Behavior\BuildLiteBehavior [ RunTime:0.000027s ]
INFO: [ app_init ] --END-- [ RunTime:0.001254s ]
ERR: 无法加载模块:Public

[ 2015-06-05T15:41:14+08:00 ] 127.0.0.1 /yijvhu/Public/images/gb5.jpg
INFO: [ app_init ] --START--
INFO: Run Behavior\BuildLiteBehavior [ RunTime:0.000018s ]
INFO: [ app_init ] --END-- [ RunTime:0.000424s ]
ERR: 无法加载模块:Public

[ 2015-06-05T15:41:33+08:00 ] 127.0.0.1 /yijvhu/Public/images/skin1.png
INFO: [ app_init ] --START--
INFO: Run Behavior\BuildLiteBehavior [ RunTime:0.000016s ]
INFO: [ app_init ] --END-- [ RunTime:0.000384s ]
ERR: 无法加载模块:Public

[ 2015-06-05T15:41:33+08:00 ] 127.0.0.1 /yijvhu/Public/images/gb5.jpg
INFO: [ app_init ] --START--
INFO: Run Behavior\BuildLiteBehavior [ RunTime:0.000022s ]
INFO: [ app_init ] --END-- [ RunTime:0.000555s ]
ERR: 无法加载模块:Public

[ 2015-06-05T16:04:07+08:00 ] 127.0.0.1 /yijvhu/Public/images/skin1.png
INFO: [ app_init ] --START--
INFO: Run Behavior\BuildLiteBehavior [ RunTime:0.000023s ]
INFO: [ app_init ] --END-- [ RunTime:0.000572s ]
ERR: 无法加载模块:Public

[ 2015-06-05T16:04:07+08:00 ] 127.0.0.1 /yijvhu/Public/images/gb5.jpg
INFO: [ app_init ] --START--
INFO: Run Behavior\BuildLiteBehavior [ RunTime:0.000017s ]
INFO: [ app_init ] --END-- [ RunTime:0.000522s ]
ERR: 无法加载模块:Public

[ 2015-06-05T16:04:08+08:00 ] 127.0.0.1 /yijvhu/Public/images/skin1.png
INFO: [ app_init ] --START--
INFO: Run Behavior\BuildLiteBehavior [ RunTime:0.000026s ]
INFO: [ app_init ] --END-- [ RunTime:0.000568s ]
ERR: 无法加载模块:Public

[ 2015-06-05T16:04:08+08:00 ] 127.0.0.1 /yijvhu/Public/images/skin1.png
INFO: [ app_init ] --START--
INFO: Run Behavior\BuildLiteBehavior [ RunTime:0.000024s ]
INFO: [ app_init ] --END-- [ RunTime:0.000675s ]
ERR: 无法加载模块:Public

[ 2015-06-05T16:04:08+08:00 ] 127.0.0.1 /yijvhu/Public/images/gb5.jpg
INFO: [ app_init ] --START--
INFO: Run Behavior\BuildLiteBehavior [ RunTime:0.000016s ]
INFO: [ app_init ] --END-- [ RunTime:0.000436s ]
ERR: 无法加载模块:Public

[ 2015-06-05T16:04:09+08:00 ] 127.0.0.1 /yijvhu/Public/images/skin1.png
INFO: [ app_init ] --START--
INFO: Run Behavior\BuildLiteBehavior [ RunTime:0.000023s ]
INFO: [ app_init ] --END-- [ RunTime:0.000691s ]
ERR: 无法加载模块:Public

[ 2015-06-05T16:04:09+08:00 ] 127.0.0.1 /yijvhu/Public/images/gb5.jpg
INFO: [ app_init ] --START--
INFO: Run Behavior\BuildLiteBehavior [ RunTime:0.000025s ]
INFO: [ app_init ] --END-- [ RunTime:0.000515s ]
ERR: 无法加载模块:Public

[ 2015-06-05T16:04:11+08:00 ] 127.0.0.1 /yijvhu/Public/images/skin1.png
INFO: [ app_init ] --START--
INFO: Run Behavior\BuildLiteBehavior [ RunTime:0.000017s ]
INFO: [ app_init ] --END-- [ RunTime:0.000412s ]
ERR: 无法加载模块:Public

[ 2015-06-05T16:04:11+08:00 ] 127.0.0.1 /yijvhu/Public/images/gb5.jpg
INFO: [ app_init ] --START--
INFO: Run Behavior\BuildLiteBehavior [ RunTime:0.000025s ]
INFO: [ app_init ] --END-- [ RunTime:0.000713s ]
ERR: 无法加载模块:Public

[ 2015-06-05T16:04:15+08:00 ] 127.0.0.1 /yijvhu/Public/images/skin1.png
INFO: [ app_init ] --START--
INFO: Run Behavior\BuildLiteBehavior [ RunTime:0.000023s ]
INFO: [ app_init ] --END-- [ RunTime:0.000591s ]
ERR: 无法加载模块:Public

[ 2015-06-05T16:04:15+08:00 ] 127.0.0.1 /yijvhu/Public/images/skin1.png
INFO: [ app_init ] --START--
INFO: Run Behavior\BuildLiteBehavior [ RunTime:0.000025s ]
INFO: [ app_init ] --END-- [ RunTime:0.000606s ]
ERR: 无法加载模块:Public

[ 2015-06-05T16:04:15+08:00 ] 127.0.0.1 /yijvhu/Public/images/gb5.jpg
INFO: [ app_init ] --START--
INFO: Run Behavior\BuildLiteBehavior [ RunTime:0.000017s ]
INFO: [ app_init ] --END-- [ RunTime:0.000416s ]
ERR: 无法加载模块:Public

[ 2015-06-05T16:04:26+08:00 ] 127.0.0.1 /yijvhu/Public/images/skin1.png
INFO: [ app_init ] --START--
INFO: Run Behavior\BuildLiteBehavior [ RunTime:0.000024s ]
INFO: [ app_init ] --END-- [ RunTime:0.000547s ]
ERR: 无法加载模块:Public

[ 2015-06-05T16:04:26+08:00 ] 127.0.0.1 /yijvhu/Public/Uploads/2015-04-03/551e2f62df842.jpg
INFO: [ app_init ] --START--
INFO: Run Behavior\BuildLiteBehavior [ RunTime:0.000024s ]
INFO: [ app_init ] --END-- [ RunTime:0.000625s ]
ERR: 无法加载模块:Public

[ 2015-06-05T16:04:26+08:00 ] 127.0.0.1 /yijvhu/Public/Uploads/2015-04-03/551e267349e34.jpg
INFO: [ app_init ] --START--
INFO: Run Behavior\BuildLiteBehavior [ RunTime:0.000025s ]
INFO: [ app_init ] --END-- [ RunTime:0.000559s ]
ERR: 无法加载模块:Public

[ 2015-06-05T16:04:26+08:00 ] 127.0.0.1 /yijvhu/Public/Uploads/2015-04-03/551e2f92bcb84.jpg
INFO: [ app_init ] --START--
INFO: Run Behavior\BuildLiteBehavior [ RunTime:0.000024s ]
INFO: [ app_init ] --END-- [ RunTime:0.000531s ]
ERR: 无法加载模块:Public

[ 2015-06-05T16:04:26+08:00 ] 127.0.0.1 /yijvhu/Public/Uploads/2015-04-03/551e268b605aa.jpg
INFO: [ app_init ] --START--
INFO: Run Behavior\BuildLiteBehavior [ RunTime:0.000025s ]
INFO: [ app_init ] --END-- [ RunTime:0.000622s ]
ERR: 无法加载模块:Public

[ 2015-06-05T16:04:26+08:00 ] 127.0.0.1 /yijvhu/Public/Uploads/2015-04-03/551e26818b5ca.jpg
INFO: [ app_init ] --START--
INFO: Run Behavior\BuildLiteBehavior [ RunTime:0.000030s ]
INFO: [ app_init ] --END-- [ RunTime:0.007445s ]
ERR: 无法加载模块:Public

[ 2015-06-05T16:04:26+08:00 ] 127.0.0.1 /yijvhu/Public/Uploads/2015-04-02/551d603c04e23.jpg
INFO: [ app_init ] --START--
INFO: Run Behavior\BuildLiteBehavior [ RunTime:0.000026s ]
INFO: [ app_init ] --END-- [ RunTime:0.000529s ]
ERR: 无法加载模块:Public

[ 2015-06-05T16:04:26+08:00 ] 127.0.0.1 /yijvhu/Public/Uploads/2015-04-02/551d57dc382f3.jpg
INFO: [ app_init ] --START--
INFO: Run Behavior\BuildLiteBehavior [ RunTime:0.000023s ]
INFO: [ app_init ] --END-- [ RunTime:0.000527s ]
ERR: 无法加载模块:Public

[ 2015-06-05T16:04:26+08:00 ] 127.0.0.1 /yijvhu/Public/Uploads/2015-04-02/551d603806afb.jpg
INFO: [ app_init ] --START--
INFO: Run Behavior\BuildLiteBehavior [ RunTime:0.000028s ]
INFO: [ app_init ] --END-- [ RunTime:0.000907s ]
ERR: 无法加载模块:Public

[ 2015-06-05T16:04:26+08:00 ] 127.0.0.1 /yijvhu/Public/images/gb5.jpg
INFO: [ app_init ] --START--
INFO: Run Behavior\BuildLiteBehavior [ RunTime:0.000035s ]
INFO: [ app_init ] --END-- [ RunTime:0.000878s ]
ERR: 无法加载模块:Public

[ 2015-06-05T16:04:26+08:00 ] 127.0.0.1 /yijvhu/Public/Uploads/2015-04-02/551d6032eef12.jpg
INFO: [ app_init ] --START--
INFO: Run Behavior\BuildLiteBehavior [ RunTime:0.000019s ]
INFO: [ app_init ] --END-- [ RunTime:0.000439s ]
ERR: 无法加载模块:Public

[ 2015-06-05T16:04:29+08:00 ] 127.0.0.1 /yijvhu/Public/Uploads/2015-04-02/551d57dc382f3.jpg
INFO: [ app_init ] --START--
INFO: Run Behavior\BuildLiteBehavior [ RunTime:0.000017s ]
INFO: [ app_init ] --END-- [ RunTime:0.000384s ]
ERR: 无法加载模块:Public

[ 2015-06-05T16:04:30+08:00 ] 127.0.0.1 /yijvhu/Public/Uploads/2015-04-03/551e2f62df842.jpg
INFO: [ app_init ] --START--
INFO: Run Behavior\BuildLiteBehavior [ RunTime:0.000026s ]
INFO: [ app_init ] --END-- [ RunTime:0.000688s ]
ERR: 无法加载模块:Public

[ 2015-06-05T16:04:30+08:00 ] 127.0.0.1 /yijvhu/Public/Uploads/2015-04-03/551e268b605aa.jpg
INFO: [ app_init ] --START--
INFO: Run Behavior\BuildLiteBehavior [ RunTime:0.000023s ]
INFO: [ app_init ] --END-- [ RunTime:0.000682s ]
ERR: 无法加载模块:Public

[ 2015-06-05T16:04:30+08:00 ] 127.0.0.1 /yijvhu/Public/Uploads/2015-04-03/551e2f92bcb84.jpg
INFO: [ app_init ] --START--
INFO: Run Behavior\BuildLiteBehavior [ RunTime:0.000028s ]
INFO: [ app_init ] --END-- [ RunTime:0.000557s ]
ERR: 无法加载模块:Public

[ 2015-06-05T16:04:30+08:00 ] 127.0.0.1 /yijvhu/Public/Uploads/2015-04-03/551e267349e34.jpg
INFO: [ app_init ] --START--
INFO: Run Behavior\BuildLiteBehavior [ RunTime:0.000026s ]
INFO: [ app_init ] --END-- [ RunTime:0.000605s ]
ERR: 无法加载模块:Public

[ 2015-06-05T16:04:30+08:00 ] 127.0.0.1 /yijvhu/Public/Uploads/2015-04-03/551e26818b5ca.jpg
INFO: [ app_init ] --START--
INFO: Run Behavior\BuildLiteBehavior [ RunTime:0.000030s ]
INFO: [ app_init ] --END-- [ RunTime:0.000640s ]
ERR: 无法加载模块:Public

[ 2015-06-05T16:04:30+08:00 ] 127.0.0.1 /yijvhu/Public/Uploads/2015-04-02/551d6032eef12.jpg
INFO: [ app_init ] --START--
INFO: Run Behavior\BuildLiteBehavior [ RunTime:0.000029s ]
INFO: [ app_init ] --END-- [ RunTime:0.001101s ]
ERR: 无法加载模块:Public

[ 2015-06-05T16:04:30+08:00 ] 127.0.0.1 /yijvhu/Public/images/skin1.png
INFO: [ app_init ] --START--
INFO: Run Behavior\BuildLiteBehavior [ RunTime:0.000030s ]
INFO: [ app_init ] --END-- [ RunTime:0.001203s ]
ERR: 无法加载模块:Public

[ 2015-06-05T16:04:30+08:00 ] 127.0.0.1 /yijvhu/Public/Uploads/2015-04-02/551d603806afb.jpg
INFO: [ app_init ] --START--
INFO: Run Behavior\BuildLiteBehavior [ RunTime:0.000028s ]
INFO: [ app_init ] --END-- [ RunTime:0.000580s ]
ERR: 无法加载模块:Public

[ 2015-06-05T16:04:30+08:00 ] 127.0.0.1 /yijvhu/Public/Uploads/2015-04-02/551d603c04e23.jpg
INFO: [ app_init ] --START--
INFO: Run Behavior\BuildLiteBehavior [ RunTime:0.000028s ]
INFO: [ app_init ] --END-- [ RunTime:0.000812s ]
ERR: 无法加载模块:Public

[ 2015-06-05T16:04:30+08:00 ] 127.0.0.1 /yijvhu/Public/images/gb5.jpg
INFO: [ app_init ] --START--
INFO: Run Behavior\BuildLiteBehavior [ RunTime:0.000028s ]
INFO: [ app_init ] --END-- [ RunTime:0.001054s ]
ERR: 无法加载模块:Public

