[ 2015-08-02T13:30:33+08:00 ] 127.0.0.1 /club/index.php/Admin/Login
INFO: [ app_init ] --START--
INFO: Run Behavior\BuildLiteBehavior [ RunTime:0.000017s ]
INFO: [ app_init ] --END-- [ RunTime:0.000507s ]

[ 2015-08-02T13:30:39+08:00 ] 127.0.0.1 /club/index.php/Admin/Login/handle.html
INFO: [ app_init ] --START--
INFO: Run Behavior\BuildLiteBehavior [ RunTime:0.000016s ]
INFO: [ app_init ] --END-- [ RunTime:0.000508s ]

[ 2015-08-02T13:30:48+08:00 ] 127.0.0.1 /club/index.php/Admin/Login/handle.html
INFO: [ app_init ] --START--
INFO: Run Behavior\BuildLiteBehavior [ RunTime:0.000016s ]
INFO: [ app_init ] --END-- [ RunTime:0.000521s ]

[ 2015-08-02T13:31:01+08:00 ] 127.0.0.1 /club/index.php/Admin/Login/handle.html
INFO: [ app_init ] --START--
INFO: Run Behavior\BuildLiteBehavior [ RunTime:0.000020s ]
INFO: [ app_init ] --END-- [ RunTime:0.000574s ]

[ 2015-08-02T13:31:43+08:00 ] 127.0.0.1 /club/index.php/Admin/Login/handle.html
INFO: [ app_init ] --START--
INFO: Run Behavior\BuildLiteBehavior [ RunTime:0.000050s ]
INFO: [ app_init ] --END-- [ RunTime:0.001597s ]

[ 2015-08-02T13:31:44+08:00 ] 127.0.0.1 /club/index.php/Admin/Index/index.html
INFO: [ app_init ] --START--
INFO: Run Behavior\BuildLiteBehavior [ RunTime:0.000050s ]
INFO: [ app_init ] --END-- [ RunTime:0.001511s ]
ERR: 无法加载控制器:Index

[ 2015-08-02T13:35:21+08:00 ] 127.0.0.1 /club/index.php/Admin/Index/index.html
INFO: [ app_init ] --START--
INFO: Run Behavior\BuildLiteBehavior [ RunTime:0.000016s ]
INFO: [ app_init ] --END-- [ RunTime:0.000459s ]

[ 2015-08-02T13:35:59+08:00 ] 127.0.0.1 /club/index.php/Admin/Index/index.html
INFO: [ app_init ] --START--
INFO: Run Behavior\BuildLiteBehavior [ RunTime:0.000015s ]
INFO: [ app_init ] --END-- [ RunTime:0.000491s ]

[ 2015-08-02T13:53:55+08:00 ] 127.0.0.1 /club/index.php/Admin/Club
INFO: [ app_init ] --START--
INFO: Run Behavior\BuildLiteBehavior [ RunTime:0.000017s ]
INFO: [ app_init ] --END-- [ RunTime:0.000529s ]
ERR: 无法加载控制器:Club

[ 2015-08-02T13:54:27+08:00 ] 127.0.0.1 /club/index.php/Admin/Club
INFO: [ app_init ] --START--
INFO: Run Behavior\BuildLiteBehavior [ RunTime:0.000016s ]
INFO: [ app_init ] --END-- [ RunTime:0.000529s ]

[ 2015-08-02T13:54:43+08:00 ] 127.0.0.1 /club/index.php/Admin/Club
INFO: [ app_init ] --START--
INFO: Run Behavior\BuildLiteBehavior [ RunTime:0.000015s ]
INFO: [ app_init ] --END-- [ RunTime:0.000471s ]

[ 2015-08-02T13:54:57+08:00 ] 127.0.0.1 /club/index.php/Admin/Club
INFO: [ app_init ] --START--
INFO: Run Behavior\BuildLiteBehavior [ RunTime:0.000017s ]
INFO: [ app_init ] --END-- [ RunTime:0.000502s ]

[ 2015-08-02T13:55:34+08:00 ] 127.0.0.1 /club/index.php/Admin/Club
INFO: [ app_init ] --START--
INFO: Run Behavior\BuildLiteBehavior [ RunTime:0.000019s ]
INFO: [ app_init ] --END-- [ RunTime:0.000519s ]

[ 2015-08-02T13:56:01+08:00 ] 127.0.0.1 /club/index.php/Admin/Club
INFO: [ app_init ] --START--
INFO: Run Behavior\BuildLiteBehavior [ RunTime:0.000016s ]
INFO: [ app_init ] --END-- [ RunTime:0.000530s ]

[ 2015-08-02T13:56:21+08:00 ] 127.0.0.1 /club/index.php/Admin/Club
INFO: [ app_init ] --START--
INFO: Run Behavior\BuildLiteBehavior [ RunTime:0.000017s ]
INFO: [ app_init ] --END-- [ RunTime:0.000588s ]

[ 2015-08-02T14:04:48+08:00 ] 127.0.0.1 /club/index.php/Admin/Club
INFO: [ app_init ] --START--
INFO: Run Behavior\BuildLiteBehavior [ RunTime:0.000016s ]
INFO: [ app_init ] --END-- [ RunTime:0.000456s ]

[ 2015-08-02T14:04:49+08:00 ] 127.0.0.1 /club/index.php/Admin/Club/showClub/id/2
INFO: [ app_init ] --START--
INFO: Run Behavior\BuildLiteBehavior [ RunTime:0.000016s ]
INFO: [ app_init ] --END-- [ RunTime:0.000493s ]

[ 2015-08-02T14:04:54+08:00 ] 127.0.0.1 /club/index.php/Admin/Club/showClub/id/7
INFO: [ app_init ] --START--
INFO: Run Behavior\BuildLiteBehavior [ RunTime:0.000017s ]
INFO: [ app_init ] --END-- [ RunTime:0.000494s ]

[ 2015-08-02T14:04:57+08:00 ] 127.0.0.1 /club/index.php/Admin/Club/showClub/id/6
INFO: [ app_init ] --START--
INFO: Run Behavior\BuildLiteBehavior [ RunTime:0.000019s ]
INFO: [ app_init ] --END-- [ RunTime:0.000537s ]

[ 2015-08-02T14:04:59+08:00 ] 127.0.0.1 /club/index.php/Admin/Club/showClub/id/3
INFO: [ app_init ] --START--
INFO: Run Behavior\BuildLiteBehavior [ RunTime:0.000039s ]
INFO: [ app_init ] --END-- [ RunTime:0.000547s ]

[ 2015-08-02T20:17:21+08:00 ] 127.0.0.1 /club/index.php/Admin/Club
INFO: [ app_init ] --START--
INFO: Run Behavior\BuildLiteBehavior [ RunTime:0.000018s ]
INFO: [ app_init ] --END-- [ RunTime:0.000547s ]

[ 2015-08-02T20:17:21+08:00 ] 127.0.0.1 /club/index.php/Admin/Login/index.html
INFO: [ app_init ] --START--
INFO: Run Behavior\BuildLiteBehavior [ RunTime:0.000026s ]
INFO: [ app_init ] --END-- [ RunTime:0.000493s ]

[ 2015-08-02T20:17:40+08:00 ] 127.0.0.1 /club/index.php/Admin/Login/handle.html
INFO: [ app_init ] --START--
INFO: Run Behavior\BuildLiteBehavior [ RunTime:0.000019s ]
INFO: [ app_init ] --END-- [ RunTime:0.000534s ]

[ 2015-08-02T20:17:50+08:00 ] 127.0.0.1 /club/index.php/Admin/Login/handle.html
INFO: [ app_init ] --START--
INFO: Run Behavior\BuildLiteBehavior [ RunTime:0.000016s ]
INFO: [ app_init ] --END-- [ RunTime:0.000493s ]

[ 2015-08-02T20:17:51+08:00 ] 127.0.0.1 /club/index.php/Admin/Index/index.html
INFO: [ app_init ] --START--
INFO: Run Behavior\BuildLiteBehavior [ RunTime:0.000022s ]
INFO: [ app_init ] --END-- [ RunTime:0.000567s ]

[ 2015-08-02T20:17:54+08:00 ] 127.0.0.1 /club/index.php/Admin/Club/index.html
INFO: [ app_init ] --START--
INFO: Run Behavior\BuildLiteBehavior [ RunTime:0.000015s ]
INFO: [ app_init ] --END-- [ RunTime:0.000398s ]
ERR: SQLSTATE[42000]: Syntax error or access violation: 1064 You have an error in your SQL syntax; check the manual that corresponds to your MySQL server version for the right syntax to use near 'DESC' at line 1

[ 2015-08-02T20:19:35+08:00 ] 127.0.0.1 /club/index.php/Admin/Club/index.html
INFO: [ app_init ] --START--
INFO: Run Behavior\BuildLiteBehavior [ RunTime:0.000017s ]
INFO: [ app_init ] --END-- [ RunTime:0.000489s ]

[ 2015-08-02T20:19:41+08:00 ] 127.0.0.1 /club/index.php/Admin/Club/showClub/id/2
INFO: [ app_init ] --START--
INFO: Run Behavior\BuildLiteBehavior [ RunTime:0.000018s ]
INFO: [ app_init ] --END-- [ RunTime:0.000487s ]

[ 2015-08-02T20:19:44+08:00 ] 127.0.0.1 /club/index.php/Admin/Club/recycle.html
INFO: [ app_init ] --START--
INFO: Run Behavior\BuildLiteBehavior [ RunTime:0.000016s ]
INFO: [ app_init ] --END-- [ RunTime:0.000508s ]
ERR: SQLSTATE[42000]: Syntax error or access violation: 1064 You have an error in your SQL syntax; check the manual that corresponds to your MySQL server version for the right syntax to use near 'DESC' at line 1

[ 2015-08-02T20:19:56+08:00 ] 127.0.0.1 /club/index.php/Admin/Club/recycle.html
INFO: [ app_init ] --START--
INFO: Run Behavior\BuildLiteBehavior [ RunTime:0.000017s ]
INFO: [ app_init ] --END-- [ RunTime:0.000444s ]

[ 2015-08-02T20:20:21+08:00 ] 127.0.0.1 /club/index.php/Admin/Club/recycle.html
INFO: [ app_init ] --START--
INFO: Run Behavior\BuildLiteBehavior [ RunTime:0.000019s ]
INFO: [ app_init ] --END-- [ RunTime:0.000531s ]

[ 2015-08-02T20:20:21+08:00 ] 127.0.0.1 /club/index.php/Admin/Club/recycle.html
INFO: [ app_init ] --START--
INFO: Run Behavior\BuildLiteBehavior [ RunTime:0.000018s ]
INFO: [ app_init ] --END-- [ RunTime:0.000395s ]

[ 2015-08-02T20:20:31+08:00 ] 127.0.0.1 /club/index.php/Admin/Club/showClub/id/7
INFO: [ app_init ] --START--
INFO: Run Behavior\BuildLiteBehavior [ RunTime:0.000017s ]
INFO: [ app_init ] --END-- [ RunTime:0.000416s ]

[ 2015-08-02T20:20:34+08:00 ] 127.0.0.1 /club/index.php/Admin/Club/delete/club_id/
INFO: [ app_init ] --START--
INFO: Run Behavior\BuildLiteBehavior [ RunTime:0.000025s ]
INFO: [ app_init ] --END-- [ RunTime:0.000470s ]

[ 2015-08-02T20:21:40+08:00 ] 127.0.0.1 /club/index.php/Admin/Club/showClub/id/7
INFO: [ app_init ] --START--
INFO: Run Behavior\BuildLiteBehavior [ RunTime:0.000018s ]
INFO: [ app_init ] --END-- [ RunTime:0.000473s ]

[ 2015-08-02T20:21:46+08:00 ] 127.0.0.1 /club/index.php/Admin/Club/delete/club_id/7
INFO: [ app_init ] --START--
INFO: Run Behavior\BuildLiteBehavior [ RunTime:0.000029s ]
INFO: [ app_init ] --END-- [ RunTime:0.000427s ]

[ 2015-08-02T20:21:47+08:00 ] 127.0.0.1 /club/index.php/Admin/Club/delete/club_id/index
INFO: [ app_init ] --START--
INFO: Run Behavior\BuildLiteBehavior [ RunTime:0.000020s ]
INFO: [ app_init ] --END-- [ RunTime:0.000560s ]

[ 2015-08-02T20:21:57+08:00 ] 127.0.0.1 /club/index.php/Admin/Club/index.html
INFO: [ app_init ] --START--
INFO: Run Behavior\BuildLiteBehavior [ RunTime:0.000017s ]
INFO: [ app_init ] --END-- [ RunTime:0.000523s ]

[ 2015-08-02T20:21:59+08:00 ] 127.0.0.1 /club/index.php/Admin/Club/recycle.html
INFO: [ app_init ] --START--
INFO: Run Behavior\BuildLiteBehavior [ RunTime:0.000017s ]
INFO: [ app_init ] --END-- [ RunTime:0.000477s ]

[ 2015-08-02T20:22:03+08:00 ] 127.0.0.1 /club/index.php/Admin/Club/showClub/id/6
INFO: [ app_init ] --START--
INFO: Run Behavior\BuildLiteBehavior [ RunTime:0.000016s ]
INFO: [ app_init ] --END-- [ RunTime:0.000436s ]

[ 2015-08-02T20:22:15+08:00 ] 127.0.0.1 /club/index.php/Admin/Club/delete/club_id/6
INFO: [ app_init ] --START--
INFO: Run Behavior\BuildLiteBehavior [ RunTime:0.000043s ]
INFO: [ app_init ] --END-- [ RunTime:0.000731s ]

[ 2015-08-02T20:22:15+08:00 ] 127.0.0.1 /club/index.php/Admin/Club/delete/club_id/6
INFO: [ app_init ] --START--
INFO: Run Behavior\BuildLiteBehavior [ RunTime:0.000016s ]
INFO: [ app_init ] --END-- [ RunTime:0.000415s ]

[ 2015-08-02T20:22:28+08:00 ] 127.0.0.1 /club/index.php/Admin/Club/showClub/id/6
INFO: [ app_init ] --START--
INFO: Run Behavior\BuildLiteBehavior [ RunTime:0.000015s ]
INFO: [ app_init ] --END-- [ RunTime:0.000463s ]

[ 2015-08-02T20:22:29+08:00 ] 127.0.0.1 /club/index.php/Admin/Club/showClub/id/6
INFO: [ app_init ] --START--
INFO: Run Behavior\BuildLiteBehavior [ RunTime:0.000016s ]
INFO: [ app_init ] --END-- [ RunTime:0.000476s ]

[ 2015-08-02T20:22:35+08:00 ] 127.0.0.1 /club/index.php/Admin/Club/showClub/id/2
INFO: [ app_init ] --START--
INFO: Run Behavior\BuildLiteBehavior [ RunTime:0.000017s ]
INFO: [ app_init ] --END-- [ RunTime:0.000513s ]

[ 2015-08-02T20:22:37+08:00 ] 127.0.0.1 /club/index.php/Admin/Club/pass/club_id/2
INFO: [ app_init ] --START--
INFO: Run Behavior\BuildLiteBehavior [ RunTime:0.000016s ]
INFO: [ app_init ] --END-- [ RunTime:0.000517s ]
ERR: 非法操作:pass

[ 2015-08-02T20:22:44+08:00 ] 127.0.0.1 /club/index.php/Admin/Club/pass/club_id/2
INFO: [ app_init ] --START--
INFO: Run Behavior\BuildLiteBehavior [ RunTime:0.000016s ]
INFO: [ app_init ] --END-- [ RunTime:0.000520s ]
ERR: 非法操作:pass

[ 2015-08-02T20:23:13+08:00 ] 127.0.0.1 /club/index.php/Admin/Club/showClub/id/2
INFO: [ app_init ] --START--
INFO: Run Behavior\BuildLiteBehavior [ RunTime:0.000049s ]
INFO: [ app_init ] --END-- [ RunTime:0.000530s ]

[ 2015-08-02T20:23:14+08:00 ] 127.0.0.1 /club/index.php/Admin/Club/pass/club_id/2
INFO: [ app_init ] --START--
INFO: Run Behavior\BuildLiteBehavior [ RunTime:0.000015s ]
INFO: [ app_init ] --END-- [ RunTime:0.000459s ]
ERR: 非法操作:pass

[ 2015-08-02T20:23:36+08:00 ] 127.0.0.1 /club/index.php/Admin/Club/showClub/id/2
INFO: [ app_init ] --START--
INFO: Run Behavior\BuildLiteBehavior [ RunTime:0.000021s ]
INFO: [ app_init ] --END-- [ RunTime:0.000482s ]

[ 2015-08-02T20:23:38+08:00 ] 127.0.0.1 /club/index.php/Admin/Club/pass/club_id/2
INFO: [ app_init ] --START--
INFO: Run Behavior\BuildLiteBehavior [ RunTime:0.000018s ]
INFO: [ app_init ] --END-- [ RunTime:0.000431s ]

[ 2015-08-02T20:24:33+08:00 ] 127.0.0.1 /club/index.php/Admin/Club/showClub/id/2
INFO: [ app_init ] --START--
INFO: Run Behavior\BuildLiteBehavior [ RunTime:0.000015s ]
INFO: [ app_init ] --END-- [ RunTime:0.000477s ]

[ 2015-08-02T20:24:35+08:00 ] 127.0.0.1 /club/index.php/Admin/Club/pass/club_id/2
INFO: [ app_init ] --START--
INFO: Run Behavior\BuildLiteBehavior [ RunTime:0.000025s ]
INFO: [ app_init ] --END-- [ RunTime:0.000476s ]

[ 2015-08-02T20:24:36+08:00 ] 127.0.0.1 /club/index.php/Admin/Club/pass/club_id/index
INFO: [ app_init ] --START--
INFO: Run Behavior\BuildLiteBehavior [ RunTime:0.000030s ]
INFO: [ app_init ] --END-- [ RunTime:0.000778s ]

[ 2015-08-02T20:24:40+08:00 ] 127.0.0.1 /club/index.php/Admin/Club/pass/club_id/index
INFO: [ app_init ] --START--
INFO: Run Behavior\BuildLiteBehavior [ RunTime:0.000022s ]
INFO: [ app_init ] --END-- [ RunTime:0.000787s ]

[ 2015-08-02T20:24:43+08:00 ] 127.0.0.1 /club/index.php/Admin/Club/index.html
INFO: [ app_init ] --START--
INFO: Run Behavior\BuildLiteBehavior [ RunTime:0.000016s ]
INFO: [ app_init ] --END-- [ RunTime:0.000439s ]

[ 2015-08-02T20:27:22+08:00 ] 127.0.0.1 /club/index.php/Admin/Club/index.html
INFO: [ app_init ] --START--
INFO: Run Behavior\BuildLiteBehavior [ RunTime:0.000017s ]
INFO: [ app_init ] --END-- [ RunTime:0.000520s ]

[ 2015-08-02T20:27:23+08:00 ] 127.0.0.1 /club/index.php/Admin/Club/recycle.html
INFO: [ app_init ] --START--
INFO: Run Behavior\BuildLiteBehavior [ RunTime:0.000017s ]
INFO: [ app_init ] --END-- [ RunTime:0.000398s ]

[ 2015-08-02T20:27:30+08:00 ] 127.0.0.1 /club/index.php/Admin/Club/recycle.html
INFO: [ app_init ] --START--
INFO: Run Behavior\BuildLiteBehavior [ RunTime:0.000025s ]
INFO: [ app_init ] --END-- [ RunTime:0.000533s ]

[ 2015-08-02T20:27:57+08:00 ] 127.0.0.1 /club/index.php/Admin/Club/index.html
INFO: [ app_init ] --START--
INFO: Run Behavior\BuildLiteBehavior [ RunTime:0.000022s ]
INFO: [ app_init ] --END-- [ RunTime:0.000559s ]

[ 2015-08-02T20:27:58+08:00 ] 127.0.0.1 /club/index.php/Admin/Club/showClub/id/5
INFO: [ app_init ] --START--
INFO: Run Behavior\BuildLiteBehavior [ RunTime:0.000018s ]
INFO: [ app_init ] --END-- [ RunTime:0.000393s ]

[ 2015-08-02T20:27:59+08:00 ] 127.0.0.1 /club/index.php/Admin/Club/delete/club_id/5
INFO: [ app_init ] --START--
INFO: Run Behavior\BuildLiteBehavior [ RunTime:0.000018s ]
INFO: [ app_init ] --END-- [ RunTime:0.000553s ]

[ 2015-08-02T20:28:00+08:00 ] 127.0.0.1 /club/index.php/Admin/Club/index.html
INFO: [ app_init ] --START--
INFO: Run Behavior\BuildLiteBehavior [ RunTime:0.000024s ]
INFO: [ app_init ] --END-- [ RunTime:0.000681s ]

[ 2015-08-02T20:28:02+08:00 ] 127.0.0.1 /club/index.php/Admin/Club/recycle.html
INFO: [ app_init ] --START--
INFO: Run Behavior\BuildLiteBehavior [ RunTime:0.000019s ]
INFO: [ app_init ] --END-- [ RunTime:0.000458s ]

[ 2015-08-02T20:28:04+08:00 ] 127.0.0.1 /club/index.php/Admin/Club/recover/club_id/
INFO: [ app_init ] --START--
INFO: Run Behavior\BuildLiteBehavior [ RunTime:0.000016s ]
INFO: [ app_init ] --END-- [ RunTime:0.000506s ]

[ 2015-08-02T20:28:52+08:00 ] 127.0.0.1 /club/index.php/Admin/Club/recycle.html
INFO: [ app_init ] --START--
INFO: Run Behavior\BuildLiteBehavior [ RunTime:0.000015s ]
INFO: [ app_init ] --END-- [ RunTime:0.000493s ]

[ 2015-08-02T20:29:05+08:00 ] 127.0.0.1 /club/index.php/Admin/Club/recycle.html
INFO: [ app_init ] --START--
INFO: Run Behavior\BuildLiteBehavior [ RunTime:0.000015s ]
INFO: [ app_init ] --END-- [ RunTime:0.000383s ]

[ 2015-08-02T20:29:57+08:00 ] 127.0.0.1 /club/index.php/Admin/Club/recycle.html
INFO: [ app_init ] --START--
INFO: Run Behavior\BuildLiteBehavior [ RunTime:0.000015s ]
INFO: [ app_init ] --END-- [ RunTime:0.000492s ]

[ 2015-08-02T20:29:58+08:00 ] 127.0.0.1 /club/index.php/Admin/Club/recover/club_id/5
INFO: [ app_init ] --START--
INFO: Run Behavior\BuildLiteBehavior [ RunTime:0.000016s ]
INFO: [ app_init ] --END-- [ RunTime:0.000453s ]

[ 2015-08-02T20:30:00+08:00 ] 127.0.0.1 /club/index.php/Admin/Club/index.html
INFO: [ app_init ] --START--
INFO: Run Behavior\BuildLiteBehavior [ RunTime:0.000021s ]
INFO: [ app_init ] --END-- [ RunTime:0.000558s ]

[ 2015-08-02T20:30:06+08:00 ] 127.0.0.1 /club/index.php/Admin/Club/showClub/id/5
INFO: [ app_init ] --START--
INFO: Run Behavior\BuildLiteBehavior [ RunTime:0.000016s ]
INFO: [ app_init ] --END-- [ RunTime:0.000452s ]

[ 2015-08-02T20:30:08+08:00 ] 127.0.0.1 /club/index.php/Admin/Club/delete/club_id/5
INFO: [ app_init ] --START--
INFO: Run Behavior\BuildLiteBehavior [ RunTime:0.000015s ]
INFO: [ app_init ] --END-- [ RunTime:0.000468s ]

[ 2015-08-02T20:30:09+08:00 ] 127.0.0.1 /club/index.php/Admin/Club/index.html
INFO: [ app_init ] --START--
INFO: Run Behavior\BuildLiteBehavior [ RunTime:0.000026s ]
INFO: [ app_init ] --END-- [ RunTime:0.000675s ]

[ 2015-08-02T20:30:10+08:00 ] 127.0.0.1 /club/index.php/Admin/Club/recycle.html
INFO: [ app_init ] --START--
INFO: Run Behavior\BuildLiteBehavior [ RunTime:0.000016s ]
INFO: [ app_init ] --END-- [ RunTime:0.000461s ]

[ 2015-08-02T20:30:12+08:00 ] 127.0.0.1 /club/index.php/Admin/Club/recover/club_id/5
INFO: [ app_init ] --START--
INFO: Run Behavior\BuildLiteBehavior [ RunTime:0.000017s ]
INFO: [ app_init ] --END-- [ RunTime:0.000421s ]

[ 2015-08-02T20:30:13+08:00 ] 127.0.0.1 /club/index.php/Admin/Club/index.html
INFO: [ app_init ] --START--
INFO: Run Behavior\BuildLiteBehavior [ RunTime:0.000024s ]
INFO: [ app_init ] --END-- [ RunTime:0.000684s ]

[ 2015-08-02T20:30:54+08:00 ] 127.0.0.1 /club/index.php/Admin/Club/index.html
INFO: [ app_init ] --START--
INFO: Run Behavior\BuildLiteBehavior [ RunTime:0.000027s ]
INFO: [ app_init ] --END-- [ RunTime:0.000757s ]

[ 2015-08-02T20:36:15+08:00 ] 127.0.0.1 /club/index.php/Admin/Club/index.html
INFO: [ app_init ] --START--
INFO: Run Behavior\BuildLiteBehavior [ RunTime:0.000017s ]
INFO: [ app_init ] --END-- [ RunTime:0.000572s ]

[ 2015-08-02T20:36:17+08:00 ] 127.0.0.1 /club/index.php/Admin/Club/recycle.html
INFO: [ app_init ] --START--
INFO: Run Behavior\BuildLiteBehavior [ RunTime:0.000016s ]
INFO: [ app_init ] --END-- [ RunTime:0.000455s ]

[ 2015-08-02T20:36:37+08:00 ] 127.0.0.1 /club/index.php/Admin/Club/index.html
INFO: [ app_init ] --START--
INFO: Run Behavior\BuildLiteBehavior [ RunTime:0.000016s ]
INFO: [ app_init ] --END-- [ RunTime:0.000472s ]

[ 2015-08-02T20:36:38+08:00 ] 127.0.0.1 /club/index.php/Admin/Club/passedClub.html
INFO: [ app_init ] --START--
INFO: Run Behavior\BuildLiteBehavior [ RunTime:0.000015s ]
INFO: [ app_init ] --END-- [ RunTime:0.000454s ]

[ 2015-08-02T20:36:40+08:00 ] 127.0.0.1 /club/index.php/Admin/Club/showClub/id/2
INFO: [ app_init ] --START--
INFO: Run Behavior\BuildLiteBehavior [ RunTime:0.000022s ]
INFO: [ app_init ] --END-- [ RunTime:0.000546s ]

[ 2015-08-02T20:38:12+08:00 ] 127.0.0.1 /club/index.php/Admin/Club/showClub/id/5
INFO: [ app_init ] --START--
INFO: Run Behavior\BuildLiteBehavior [ RunTime:0.000018s ]
INFO: [ app_init ] --END-- [ RunTime:0.000405s ]

[ 2015-08-02T20:38:16+08:00 ] 127.0.0.1 /club/index.php/Admin/Club/passedClub.html
INFO: [ app_init ] --START--
INFO: Run Behavior\BuildLiteBehavior [ RunTime:0.000022s ]
INFO: [ app_init ] --END-- [ RunTime:0.000536s ]

[ 2015-08-02T20:39:07+08:00 ] 127.0.0.1 /club/index.php/Admin/Club/index.html
INFO: [ app_init ] --START--
INFO: Run Behavior\BuildLiteBehavior [ RunTime:0.000017s ]
INFO: [ app_init ] --END-- [ RunTime:0.000475s ]

[ 2015-08-02T20:39:09+08:00 ] 127.0.0.1 /club/index.php/Admin/Club/passedClub.html
INFO: [ app_init ] --START--
INFO: Run Behavior\BuildLiteBehavior [ RunTime:0.000016s ]
INFO: [ app_init ] --END-- [ RunTime:0.000454s ]

[ 2015-08-02T20:39:35+08:00 ] 127.0.0.1 /club/index.php/Admin/Club/passedClub.html
INFO: [ app_init ] --START--
INFO: Run Behavior\BuildLiteBehavior [ RunTime:0.000016s ]
INFO: [ app_init ] --END-- [ RunTime:0.000478s ]

[ 2015-08-02T20:39:37+08:00 ] 127.0.0.1 /club/index.php/Admin/Club/showClub/id/5
INFO: [ app_init ] --START--
INFO: Run Behavior\BuildLiteBehavior [ RunTime:0.000016s ]
INFO: [ app_init ] --END-- [ RunTime:0.000480s ]

[ 2015-08-02T20:39:40+08:00 ] 127.0.0.1 /club/index.php/Admin/Club/index
INFO: [ app_init ] --START--
INFO: Run Behavior\BuildLiteBehavior [ RunTime:0.000017s ]
INFO: [ app_init ] --END-- [ RunTime:0.000427s ]

[ 2015-08-02T20:39:51+08:00 ] 127.0.0.1 /club/index.php/Admin/Club/index
INFO: [ app_init ] --START--
INFO: Run Behavior\BuildLiteBehavior [ RunTime:0.000017s ]
INFO: [ app_init ] --END-- [ RunTime:0.000466s ]

[ 2015-08-02T20:39:52+08:00 ] 127.0.0.1 /club/index.php/Admin/Club/showClub/id/5
INFO: [ app_init ] --START--
INFO: Run Behavior\BuildLiteBehavior [ RunTime:0.000014s ]
INFO: [ app_init ] --END-- [ RunTime:0.000407s ]

[ 2015-08-02T20:41:25+08:00 ] 127.0.0.1 /club/index.php/Admin/Club/index
INFO: [ app_init ] --START--
INFO: Run Behavior\BuildLiteBehavior [ RunTime:0.000019s ]
INFO: [ app_init ] --END-- [ RunTime:0.000468s ]

[ 2015-08-02T20:41:26+08:00 ] 127.0.0.1 /club/index.php/Admin/Club/passedClub.html
INFO: [ app_init ] --START--
INFO: Run Behavior\BuildLiteBehavior [ RunTime:0.000017s ]
INFO: [ app_init ] --END-- [ RunTime:0.000417s ]

[ 2015-08-02T20:41:27+08:00 ] 127.0.0.1 /club/index.php/Admin/Club/showPassedClub/id/2
INFO: [ app_init ] --START--
INFO: Run Behavior\BuildLiteBehavior [ RunTime:0.000018s ]
INFO: [ app_init ] --END-- [ RunTime:0.000487s ]

[ 2015-08-02T20:41:29+08:00 ] 127.0.0.1 /club/index.php/Admin/Club/index
INFO: [ app_init ] --START--
INFO: Run Behavior\BuildLiteBehavior [ RunTime:0.000018s ]
INFO: [ app_init ] --END-- [ RunTime:0.000505s ]

[ 2015-08-02T20:41:31+08:00 ] 127.0.0.1 /club/index.php/Admin/Club/showClub/id/5
INFO: [ app_init ] --START--
INFO: Run Behavior\BuildLiteBehavior [ RunTime:0.000030s ]
INFO: [ app_init ] --END-- [ RunTime:0.000465s ]

[ 2015-08-02T20:42:43+08:00 ] 127.0.0.1 /club/index.php/Admin/Club/recycle.html
INFO: [ app_init ] --START--
INFO: Run Behavior\BuildLiteBehavior [ RunTime:0.000024s ]
INFO: [ app_init ] --END-- [ RunTime:0.000509s ]

[ 2015-08-02T20:42:46+08:00 ] 127.0.0.1 /club/index.php/Admin/Club/showClub/id/5
INFO: [ app_init ] --START--
INFO: Run Behavior\BuildLiteBehavior [ RunTime:0.000016s ]
INFO: [ app_init ] --END-- [ RunTime:0.000441s ]

[ 2015-08-02T20:42:47+08:00 ] 127.0.0.1 /club/index.php/Admin/Club/delete/club_id/5
INFO: [ app_init ] --START--
INFO: Run Behavior\BuildLiteBehavior [ RunTime:0.000056s ]
INFO: [ app_init ] --END-- [ RunTime:0.001024s ]

[ 2015-08-02T20:42:48+08:00 ] 127.0.0.1 /club/index.php/Admin/Club/index.html
INFO: [ app_init ] --START--
INFO: Run Behavior\BuildLiteBehavior [ RunTime:0.000036s ]
INFO: [ app_init ] --END-- [ RunTime:0.000812s ]

[ 2015-08-02T20:42:50+08:00 ] 127.0.0.1 /club/index.php/Admin/Club/recycle.html
INFO: [ app_init ] --START--
INFO: Run Behavior\BuildLiteBehavior [ RunTime:0.000017s ]
INFO: [ app_init ] --END-- [ RunTime:0.000795s ]

[ 2015-08-02T20:42:55+08:00 ] 127.0.0.1 /club/index.php/Admin/Club/showClub/id/3
INFO: [ app_init ] --START--
INFO: Run Behavior\BuildLiteBehavior [ RunTime:0.000017s ]
INFO: [ app_init ] --END-- [ RunTime:0.000396s ]

