[ 2015-09-12T11:26:40+08:00 ] 127.0.0.1 /club/index.php/Admin/Login
INFO: [ app_init ] --START--
INFO: Run Behavior\BuildLiteBehavior [ RunTime:0.000029s ]
INFO: [ app_init ] --END-- [ RunTime:0.000525s ]

[ 2015-09-12T11:29:06+08:00 ] 127.0.0.1 /club/index.php/Admin/Login
INFO: [ app_init ] --START--
INFO: Run Behavior\BuildLiteBehavior [ RunTime:0.000017s ]
INFO: [ app_init ] --END-- [ RunTime:0.000450s ]

[ 2015-09-12T11:31:20+08:00 ] 127.0.0.1 /club/index.php/Admin/Login
INFO: [ app_init ] --START--
INFO: Run Behavior\BuildLiteBehavior [ RunTime:0.000025s ]
INFO: [ app_init ] --END-- [ RunTime:0.000607s ]

[ 2015-09-12T11:32:05+08:00 ] 127.0.0.1 /club/index.php/Admin/Login
INFO: [ app_init ] --START--
INFO: Run Behavior\BuildLiteBehavior [ RunTime:0.000032s ]
INFO: [ app_init ] --END-- [ RunTime:0.000794s ]

[ 2015-09-12T11:33:02+08:00 ] 127.0.0.1 /club/index.php/Admin/Login
INFO: [ app_init ] --START--
INFO: Run Behavior\BuildLiteBehavior [ RunTime:0.000029s ]
INFO: [ app_init ] --END-- [ RunTime:0.000637s ]

[ 2015-09-12T11:33:34+08:00 ] 127.0.0.1 /club/index.php/Admin/Login
INFO: [ app_init ] --START--
INFO: Run Behavior\BuildLiteBehavior [ RunTime:0.000034s ]
INFO: [ app_init ] --END-- [ RunTime:0.000490s ]

[ 2015-09-12T11:37:34+08:00 ] 127.0.0.1 /club/index.php/Admin/Login
INFO: [ app_init ] --START--
INFO: Run Behavior\BuildLiteBehavior [ RunTime:0.000041s ]
INFO: [ app_init ] --END-- [ RunTime:0.000771s ]

[ 2015-09-12T11:40:19+08:00 ] 127.0.0.1 /club/index.php/Admin/Login
INFO: [ app_init ] --START--
INFO: Run Behavior\BuildLiteBehavior [ RunTime:0.000029s ]
INFO: [ app_init ] --END-- [ RunTime:0.000740s ]

[ 2015-09-12T11:40:53+08:00 ] 127.0.0.1 /club/index.php/Admin/Login
INFO: [ app_init ] --START--
INFO: Run Behavior\BuildLiteBehavior [ RunTime:0.000022s ]
INFO: [ app_init ] --END-- [ RunTime:0.000547s ]

[ 2015-09-12T11:40:55+08:00 ] 127.0.0.1 /club/index.php/Admin/Login/handle
INFO: [ app_init ] --START--
INFO: Run Behavior\BuildLiteBehavior [ RunTime:0.000029s ]
INFO: [ app_init ] --END-- [ RunTime:0.000685s ]
INFO: [ app_begin ] --START--
INFO: Run Behavior\ReadHtmlCacheBehavior [ RunTime:0.000557s ]
INFO: [ app_begin ] --END-- [ RunTime:0.000621s ]
NOTIC: [2] Missing argument 1 for I(), called in D:\WWW\club\Application\Admin\Controller\LoginController.class.php on line 28 and defined D:\WWW\club\ThinkPHP\Common\functions.php 第 271 行.
NOTIC: [8] Undefined variable: name D:\WWW\club\ThinkPHP\Common\functions.php 第 273 行.
NOTIC: [8] Undefined variable: name D:\WWW\club\ThinkPHP\Common\functions.php 第 278 行.
NOTIC: [8] Undefined variable: name D:\WWW\club\ThinkPHP\Common\functions.php 第 339 行.
SQL: SHOW COLUMNS FROM `club_admin` [ RunTime:0.0275s ]

[ 2015-09-12T11:40:59+08:00 ] 127.0.0.1 /club/index.php/Admin/Login/handle
INFO: [ app_init ] --START--
INFO: Run Behavior\BuildLiteBehavior [ RunTime:0.000018s ]
INFO: [ app_init ] --END-- [ RunTime:0.000536s ]
INFO: [ app_begin ] --START--
INFO: Run Behavior\ReadHtmlCacheBehavior [ RunTime:0.000560s ]
INFO: [ app_begin ] --END-- [ RunTime:0.000627s ]
NOTIC: [2] Missing argument 1 for I(), called in D:\WWW\club\Application\Admin\Controller\LoginController.class.php on line 28 and defined D:\WWW\club\ThinkPHP\Common\functions.php 第 271 行.
NOTIC: [8] Undefined variable: name D:\WWW\club\ThinkPHP\Common\functions.php 第 273 行.
NOTIC: [8] Undefined variable: name D:\WWW\club\ThinkPHP\Common\functions.php 第 278 行.
NOTIC: [8] Undefined variable: name D:\WWW\club\ThinkPHP\Common\functions.php 第 339 行.
SQL: SHOW COLUMNS FROM `club_admin` [ RunTime:0.0038s ]

[ 2015-09-12T11:41:02+08:00 ] 127.0.0.1 /club/index.php/Admin/Login/handle
INFO: [ app_init ] --START--
INFO: Run Behavior\BuildLiteBehavior [ RunTime:0.000020s ]
INFO: [ app_init ] --END-- [ RunTime:0.000412s ]
INFO: [ app_begin ] --START--
INFO: Run Behavior\ReadHtmlCacheBehavior [ RunTime:0.000496s ]
INFO: [ app_begin ] --END-- [ RunTime:0.000562s ]
NOTIC: [2] Missing argument 1 for I(), called in D:\WWW\club\Application\Admin\Controller\LoginController.class.php on line 28 and defined D:\WWW\club\ThinkPHP\Common\functions.php 第 271 行.
NOTIC: [8] Undefined variable: name D:\WWW\club\ThinkPHP\Common\functions.php 第 273 行.
NOTIC: [8] Undefined variable: name D:\WWW\club\ThinkPHP\Common\functions.php 第 278 行.
NOTIC: [8] Undefined variable: name D:\WWW\club\ThinkPHP\Common\functions.php 第 339 行.
SQL: SHOW COLUMNS FROM `club_admin` [ RunTime:0.0038s ]

[ 2015-09-12T11:41:08+08:00 ] 127.0.0.1 /club/index.php/Admin/Login/handle
INFO: [ app_init ] --START--
INFO: Run Behavior\BuildLiteBehavior [ RunTime:0.000027s ]
INFO: [ app_init ] --END-- [ RunTime:0.000637s ]
INFO: [ app_begin ] --START--
INFO: Run Behavior\ReadHtmlCacheBehavior [ RunTime:0.000483s ]
INFO: [ app_begin ] --END-- [ RunTime:0.000549s ]
NOTIC: [2] Missing argument 1 for I(), called in D:\WWW\club\Application\Admin\Controller\LoginController.class.php on line 28 and defined D:\WWW\club\ThinkPHP\Common\functions.php 第 271 行.
NOTIC: [8] Undefined variable: name D:\WWW\club\ThinkPHP\Common\functions.php 第 273 行.
NOTIC: [8] Undefined variable: name D:\WWW\club\ThinkPHP\Common\functions.php 第 278 行.
NOTIC: [8] Undefined variable: name D:\WWW\club\ThinkPHP\Common\functions.php 第 339 行.
SQL: SHOW COLUMNS FROM `club_admin` [ RunTime:0.0044s ]
SQL: SELECT * FROM `club_admin` WHERE `username` = '哦哦' LIMIT 1   [ RunTime:0.0005s ]

[ 2015-09-12T11:41:18+08:00 ] 127.0.0.1 /club/index.php/Admin/Login/handle
INFO: [ app_init ] --START--
INFO: Run Behavior\BuildLiteBehavior [ RunTime:0.000026s ]
INFO: [ app_init ] --END-- [ RunTime:0.000438s ]
INFO: [ app_begin ] --START--
INFO: Run Behavior\ReadHtmlCacheBehavior [ RunTime:0.000773s ]
INFO: [ app_begin ] --END-- [ RunTime:0.000890s ]
NOTIC: [2] Missing argument 1 for I(), called in D:\WWW\club\Application\Admin\Controller\LoginController.class.php on line 28 and defined D:\WWW\club\ThinkPHP\Common\functions.php 第 271 行.
NOTIC: [8] Undefined variable: name D:\WWW\club\ThinkPHP\Common\functions.php 第 273 行.
NOTIC: [8] Undefined variable: name D:\WWW\club\ThinkPHP\Common\functions.php 第 278 行.
NOTIC: [8] Undefined variable: name D:\WWW\club\ThinkPHP\Common\functions.php 第 339 行.
SQL: SHOW COLUMNS FROM `club_admin` [ RunTime:0.0032s ]

[ 2015-09-12T11:42:41+08:00 ] 127.0.0.1 /club/index.php/Admin/Login
INFO: [ app_init ] --START--
INFO: Run Behavior\BuildLiteBehavior [ RunTime:0.000037s ]
INFO: [ app_init ] --END-- [ RunTime:0.000753s ]

[ 2015-09-12T11:42:42+08:00 ] 127.0.0.1 /club/index.php/Admin/Login/handle
INFO: [ app_init ] --START--
INFO: Run Behavior\BuildLiteBehavior [ RunTime:0.000016s ]
INFO: [ app_init ] --END-- [ RunTime:0.000383s ]
INFO: [ app_begin ] --START--
INFO: Run Behavior\ReadHtmlCacheBehavior [ RunTime:0.000540s ]
INFO: [ app_begin ] --END-- [ RunTime:0.000613s ]
NOTIC: [2] Missing argument 1 for I(), called in D:\WWW\club\Application\Admin\Controller\LoginController.class.php on line 28 and defined D:\WWW\club\ThinkPHP\Common\functions.php 第 271 行.
NOTIC: [8] Undefined variable: name D:\WWW\club\ThinkPHP\Common\functions.php 第 273 行.
NOTIC: [8] Undefined variable: name D:\WWW\club\ThinkPHP\Common\functions.php 第 278 行.
NOTIC: [8] Undefined variable: name D:\WWW\club\ThinkPHP\Common\functions.php 第 339 行.
SQL: SHOW COLUMNS FROM `club_admin` [ RunTime:0.0038s ]

[ 2015-09-12T11:42:53+08:00 ] 127.0.0.1 /club/index.php/Admin/Login/handle
INFO: [ app_init ] --START--
INFO: Run Behavior\BuildLiteBehavior [ RunTime:0.000018s ]
INFO: [ app_init ] --END-- [ RunTime:0.000457s ]
INFO: [ app_begin ] --START--
INFO: Run Behavior\ReadHtmlCacheBehavior [ RunTime:0.000596s ]
INFO: [ app_begin ] --END-- [ RunTime:0.000661s ]
NOTIC: [2] Missing argument 1 for I(), called in D:\WWW\club\Application\Admin\Controller\LoginController.class.php on line 28 and defined D:\WWW\club\ThinkPHP\Common\functions.php 第 271 行.
NOTIC: [8] Undefined variable: name D:\WWW\club\ThinkPHP\Common\functions.php 第 273 行.
NOTIC: [8] Undefined variable: name D:\WWW\club\ThinkPHP\Common\functions.php 第 278 行.
NOTIC: [8] Undefined variable: name D:\WWW\club\ThinkPHP\Common\functions.php 第 339 行.
SQL: SHOW COLUMNS FROM `club_admin` [ RunTime:0.0030s ]

[ 2015-09-12T11:42:59+08:00 ] 127.0.0.1 /club/index.php/Admin/Login
INFO: [ app_init ] --START--
INFO: Run Behavior\BuildLiteBehavior [ RunTime:0.000019s ]
INFO: [ app_init ] --END-- [ RunTime:0.000505s ]

[ 2015-09-12T11:43:30+08:00 ] 127.0.0.1 /club/index.php/Admin/Login
INFO: [ app_init ] --START--
INFO: Run Behavior\BuildLiteBehavior [ RunTime:0.000017s ]
INFO: [ app_init ] --END-- [ RunTime:0.000390s ]

[ 2015-09-12T11:43:39+08:00 ] 127.0.0.1 /club/index.php/Admin/Login/handle
INFO: [ app_init ] --START--
INFO: Run Behavior\BuildLiteBehavior [ RunTime:0.000016s ]
INFO: [ app_init ] --END-- [ RunTime:0.000527s ]
INFO: [ app_begin ] --START--
INFO: Run Behavior\ReadHtmlCacheBehavior [ RunTime:0.000626s ]
INFO: [ app_begin ] --END-- [ RunTime:0.000768s ]
NOTIC: [2] Missing argument 1 for I(), called in D:\WWW\club\Application\Admin\Controller\LoginController.class.php on line 28 and defined D:\WWW\club\ThinkPHP\Common\functions.php 第 271 行.
NOTIC: [8] Undefined variable: name D:\WWW\club\ThinkPHP\Common\functions.php 第 273 行.
NOTIC: [8] Undefined variable: name D:\WWW\club\ThinkPHP\Common\functions.php 第 278 行.
NOTIC: [8] Undefined variable: name D:\WWW\club\ThinkPHP\Common\functions.php 第 339 行.
SQL: SHOW COLUMNS FROM `club_admin` [ RunTime:0.0032s ]

[ 2015-09-12T11:43:54+08:00 ] 127.0.0.1 /club/index.php/Admin/Login/handle
INFO: [ app_init ] --START--
INFO: Run Behavior\BuildLiteBehavior [ RunTime:0.000016s ]
INFO: [ app_init ] --END-- [ RunTime:0.000475s ]
INFO: [ app_begin ] --START--
INFO: Run Behavior\ReadHtmlCacheBehavior [ RunTime:0.000554s ]
INFO: [ app_begin ] --END-- [ RunTime:0.000627s ]
NOTIC: [2] Missing argument 1 for I(), called in D:\WWW\club\Application\Admin\Controller\LoginController.class.php on line 28 and defined D:\WWW\club\ThinkPHP\Common\functions.php 第 271 行.
NOTIC: [8] Undefined variable: name D:\WWW\club\ThinkPHP\Common\functions.php 第 273 行.
NOTIC: [8] Undefined variable: name D:\WWW\club\ThinkPHP\Common\functions.php 第 278 行.
NOTIC: [8] Undefined variable: name D:\WWW\club\ThinkPHP\Common\functions.php 第 339 行.
SQL: SHOW COLUMNS FROM `club_admin` [ RunTime:0.0035s ]
SQL: SELECT * FROM `club_admin` WHERE `username` = 'admin' LIMIT 1   [ RunTime:0.0004s ]

[ 2015-09-12T11:43:59+08:00 ] 127.0.0.1 /club/index.php/Admin/Login/handle
INFO: [ app_init ] --START--
INFO: Run Behavior\BuildLiteBehavior [ RunTime:0.000028s ]
INFO: [ app_init ] --END-- [ RunTime:0.000445s ]
INFO: [ app_begin ] --START--
INFO: Run Behavior\ReadHtmlCacheBehavior [ RunTime:0.000556s ]
INFO: [ app_begin ] --END-- [ RunTime:0.000645s ]
NOTIC: [2] Missing argument 1 for I(), called in D:\WWW\club\Application\Admin\Controller\LoginController.class.php on line 28 and defined D:\WWW\club\ThinkPHP\Common\functions.php 第 271 行.
NOTIC: [8] Undefined variable: name D:\WWW\club\ThinkPHP\Common\functions.php 第 273 行.
NOTIC: [8] Undefined variable: name D:\WWW\club\ThinkPHP\Common\functions.php 第 278 行.
NOTIC: [8] Undefined variable: name D:\WWW\club\ThinkPHP\Common\functions.php 第 339 行.
SQL: SHOW COLUMNS FROM `club_admin` [ RunTime:0.0049s ]

[ 2015-09-12T11:44:06+08:00 ] 127.0.0.1 /club/index.php/Admin/Login/handle
INFO: [ app_init ] --START--
INFO: Run Behavior\BuildLiteBehavior [ RunTime:0.000026s ]
INFO: [ app_init ] --END-- [ RunTime:0.000557s ]
INFO: [ app_begin ] --START--
INFO: Run Behavior\ReadHtmlCacheBehavior [ RunTime:0.000755s ]
INFO: [ app_begin ] --END-- [ RunTime:0.000863s ]
NOTIC: [2] Missing argument 1 for I(), called in D:\WWW\club\Application\Admin\Controller\LoginController.class.php on line 28 and defined D:\WWW\club\ThinkPHP\Common\functions.php 第 271 行.
NOTIC: [8] Undefined variable: name D:\WWW\club\ThinkPHP\Common\functions.php 第 273 行.
NOTIC: [8] Undefined variable: name D:\WWW\club\ThinkPHP\Common\functions.php 第 278 行.
NOTIC: [8] Undefined variable: name D:\WWW\club\ThinkPHP\Common\functions.php 第 339 行.
SQL: SHOW COLUMNS FROM `club_admin` [ RunTime:0.0046s ]
SQL: SELECT * FROM `club_admin` WHERE `username` = 'admin' LIMIT 1   [ RunTime:0.0005s ]

[ 2015-09-12T11:47:22+08:00 ] 127.0.0.1 /club/index.php/Admin/Login
INFO: [ app_init ] --START--
INFO: Run Behavior\BuildLiteBehavior [ RunTime:0.000133s ]
INFO: [ app_init ] --END-- [ RunTime:0.001025s ]

[ 2015-09-12T11:47:31+08:00 ] 127.0.0.1 /club/index.php/Admin/Login/handle
INFO: [ app_init ] --START--
INFO: Run Behavior\BuildLiteBehavior [ RunTime:0.000017s ]
INFO: [ app_init ] --END-- [ RunTime:0.000528s ]
INFO: [ app_begin ] --START--
INFO: Run Behavior\ReadHtmlCacheBehavior [ RunTime:0.000705s ]
INFO: [ app_begin ] --END-- [ RunTime:0.000774s ]
NOTIC: [2] Missing argument 1 for I(), called in D:\WWW\club\Application\Admin\Controller\LoginController.class.php on line 28 and defined D:\WWW\club\ThinkPHP\Common\functions.php 第 271 行.
NOTIC: [8] Undefined variable: name D:\WWW\club\ThinkPHP\Common\functions.php 第 273 行.
NOTIC: [8] Undefined variable: name D:\WWW\club\ThinkPHP\Common\functions.php 第 278 行.
NOTIC: [8] Undefined variable: name D:\WWW\club\ThinkPHP\Common\functions.php 第 339 行.
SQL: SHOW COLUMNS FROM `club_admin` [ RunTime:0.0032s ]

[ 2015-09-12T11:47:36+08:00 ] 127.0.0.1 /club/index.php/Admin/Login/handle
INFO: [ app_init ] --START--
INFO: Run Behavior\BuildLiteBehavior [ RunTime:0.000016s ]
INFO: [ app_init ] --END-- [ RunTime:0.000474s ]
INFO: [ app_begin ] --START--
INFO: Run Behavior\ReadHtmlCacheBehavior [ RunTime:0.000594s ]
INFO: [ app_begin ] --END-- [ RunTime:0.000674s ]
NOTIC: [2] Missing argument 1 for I(), called in D:\WWW\club\Application\Admin\Controller\LoginController.class.php on line 28 and defined D:\WWW\club\ThinkPHP\Common\functions.php 第 271 行.
NOTIC: [8] Undefined variable: name D:\WWW\club\ThinkPHP\Common\functions.php 第 273 行.
NOTIC: [8] Undefined variable: name D:\WWW\club\ThinkPHP\Common\functions.php 第 278 行.
NOTIC: [8] Undefined variable: name D:\WWW\club\ThinkPHP\Common\functions.php 第 339 行.
SQL: SHOW COLUMNS FROM `club_admin` [ RunTime:0.0035s ]
SQL: SELECT * FROM `club_admin` WHERE `username` = 'admin' LIMIT 1   [ RunTime:0.0004s ]

[ 2015-09-12T11:47:44+08:00 ] 127.0.0.1 /club/index.php/Admin/Login
INFO: [ app_init ] --START--
INFO: Run Behavior\BuildLiteBehavior [ RunTime:0.000016s ]
INFO: [ app_init ] --END-- [ RunTime:0.000485s ]

[ 2015-09-12T11:47:53+08:00 ] 127.0.0.1 /club/index.php/Admin/Login/handle
INFO: [ app_init ] --START--
INFO: Run Behavior\BuildLiteBehavior [ RunTime:0.000016s ]
INFO: [ app_init ] --END-- [ RunTime:0.000640s ]
INFO: [ app_begin ] --START--
INFO: Run Behavior\ReadHtmlCacheBehavior [ RunTime:0.000779s ]
INFO: [ app_begin ] --END-- [ RunTime:0.000862s ]
NOTIC: [2] Missing argument 1 for I(), called in D:\WWW\club\Application\Admin\Controller\LoginController.class.php on line 28 and defined D:\WWW\club\ThinkPHP\Common\functions.php 第 271 行.
NOTIC: [8] Undefined variable: name D:\WWW\club\ThinkPHP\Common\functions.php 第 273 行.
NOTIC: [8] Undefined variable: name D:\WWW\club\ThinkPHP\Common\functions.php 第 278 行.
NOTIC: [8] Undefined variable: name D:\WWW\club\ThinkPHP\Common\functions.php 第 339 行.
SQL: SHOW COLUMNS FROM `club_admin` [ RunTime:0.0040s ]

[ 2015-09-12T11:49:16+08:00 ] 127.0.0.1 /club/index.php/Admin/Login
INFO: [ app_init ] --START--
INFO: Run Behavior\BuildLiteBehavior [ RunTime:0.000025s ]
INFO: [ app_init ] --END-- [ RunTime:0.000630s ]

[ 2015-09-12T11:49:17+08:00 ] 127.0.0.1 /club/index.php/Admin/Login/handle
INFO: [ app_init ] --START--
INFO: Run Behavior\BuildLiteBehavior [ RunTime:0.000027s ]
INFO: [ app_init ] --END-- [ RunTime:0.000585s ]
INFO: [ app_begin ] --START--
INFO: Run Behavior\ReadHtmlCacheBehavior [ RunTime:0.000493s ]
INFO: [ app_begin ] --END-- [ RunTime:0.000565s ]
NOTIC: [2] Missing argument 1 for I(), called in D:\WWW\club\Application\Admin\Controller\LoginController.class.php on line 28 and defined D:\WWW\club\ThinkPHP\Common\functions.php 第 271 行.
NOTIC: [8] Undefined variable: name D:\WWW\club\ThinkPHP\Common\functions.php 第 273 行.
NOTIC: [8] Undefined variable: name D:\WWW\club\ThinkPHP\Common\functions.php 第 278 行.
NOTIC: [8] Undefined variable: name D:\WWW\club\ThinkPHP\Common\functions.php 第 339 行.
SQL: SHOW COLUMNS FROM `club_admin` [ RunTime:0.0041s ]

[ 2015-09-12T11:51:55+08:00 ] 127.0.0.1 /club/index.php/Admin/Login/handle
INFO: [ app_init ] --START--
INFO: Run Behavior\BuildLiteBehavior [ RunTime:0.000021s ]
INFO: [ app_init ] --END-- [ RunTime:0.000493s ]
INFO: [ app_begin ] --START--
INFO: Run Behavior\ReadHtmlCacheBehavior [ RunTime:0.000661s ]
INFO: [ app_begin ] --END-- [ RunTime:0.000736s ]
NOTIC: [2] Missing argument 1 for I(), called in D:\WWW\club\Application\Admin\Controller\LoginController.class.php on line 28 and defined D:\WWW\club\ThinkPHP\Common\functions.php 第 271 行.
NOTIC: [8] Undefined variable: name D:\WWW\club\ThinkPHP\Common\functions.php 第 273 行.
NOTIC: [8] Undefined variable: name D:\WWW\club\ThinkPHP\Common\functions.php 第 278 行.
NOTIC: [8] Undefined variable: name D:\WWW\club\ThinkPHP\Common\functions.php 第 339 行.
SQL: SHOW COLUMNS FROM `club_admin` [ RunTime:0.0034s ]

[ 2015-09-12T11:51:59+08:00 ] 127.0.0.1 /club/index.php/Admin/Login/handle
INFO: [ app_init ] --START--
INFO: Run Behavior\BuildLiteBehavior [ RunTime:0.000016s ]
INFO: [ app_init ] --END-- [ RunTime:0.000459s ]
INFO: [ app_begin ] --START--
INFO: Run Behavior\ReadHtmlCacheBehavior [ RunTime:0.000566s ]
INFO: [ app_begin ] --END-- [ RunTime:0.000645s ]
NOTIC: [2] Missing argument 1 for I(), called in D:\WWW\club\Application\Admin\Controller\LoginController.class.php on line 28 and defined D:\WWW\club\ThinkPHP\Common\functions.php 第 271 行.
NOTIC: [8] Undefined variable: name D:\WWW\club\ThinkPHP\Common\functions.php 第 273 行.
NOTIC: [8] Undefined variable: name D:\WWW\club\ThinkPHP\Common\functions.php 第 278 行.
NOTIC: [8] Undefined variable: name D:\WWW\club\ThinkPHP\Common\functions.php 第 339 行.
SQL: SHOW COLUMNS FROM `club_admin` [ RunTime:0.0030s ]

[ 2015-09-12T11:52:09+08:00 ] 127.0.0.1 /club/index.php/Admin/Login/handle
INFO: [ app_init ] --START--
INFO: Run Behavior\BuildLiteBehavior [ RunTime:0.000019s ]
INFO: [ app_init ] --END-- [ RunTime:0.000587s ]
INFO: [ app_begin ] --START--
INFO: Run Behavior\ReadHtmlCacheBehavior [ RunTime:0.000577s ]
INFO: [ app_begin ] --END-- [ RunTime:0.000661s ]
NOTIC: [2] Missing argument 1 for I(), called in D:\WWW\club\Application\Admin\Controller\LoginController.class.php on line 28 and defined D:\WWW\club\ThinkPHP\Common\functions.php 第 271 行.
NOTIC: [8] Undefined variable: name D:\WWW\club\ThinkPHP\Common\functions.php 第 273 行.
NOTIC: [8] Undefined variable: name D:\WWW\club\ThinkPHP\Common\functions.php 第 278 行.
NOTIC: [8] Undefined variable: name D:\WWW\club\ThinkPHP\Common\functions.php 第 339 行.
SQL: SHOW COLUMNS FROM `club_admin` [ RunTime:0.0030s ]

[ 2015-09-12T12:25:47+08:00 ] 127.0.0.1 /club/index.php/Admin/Login
INFO: [ app_init ] --START--
INFO: Run Behavior\BuildLiteBehavior [ RunTime:0.000021s ]
INFO: [ app_init ] --END-- [ RunTime:0.000489s ]

[ 2015-09-12T12:25:49+08:00 ] 127.0.0.1 /club/index.php/Admin/Login/handle
INFO: [ app_init ] --START--
INFO: Run Behavior\BuildLiteBehavior [ RunTime:0.000016s ]
INFO: [ app_init ] --END-- [ RunTime:0.000458s ]
INFO: [ app_begin ] --START--
INFO: Run Behavior\ReadHtmlCacheBehavior [ RunTime:0.000535s ]
INFO: [ app_begin ] --END-- [ RunTime:0.000600s ]
NOTIC: [2] Missing argument 1 for I(), called in D:\WWW\club\Application\Admin\Controller\LoginController.class.php on line 28 and defined D:\WWW\club\ThinkPHP\Common\functions.php 第 271 行.
NOTIC: [8] Undefined variable: name D:\WWW\club\ThinkPHP\Common\functions.php 第 273 行.
NOTIC: [8] Undefined variable: name D:\WWW\club\ThinkPHP\Common\functions.php 第 278 行.
NOTIC: [8] Undefined variable: name D:\WWW\club\ThinkPHP\Common\functions.php 第 339 行.
SQL: SHOW COLUMNS FROM `club_admin` [ RunTime:0.0218s ]

[ 2015-09-12T12:34:09+08:00 ] 127.0.0.1 /club/index.php/Admin/Login
INFO: [ app_init ] --START--
INFO: Run Behavior\BuildLiteBehavior [ RunTime:0.000016s ]
INFO: [ app_init ] --END-- [ RunTime:0.000496s ]

[ 2015-09-12T12:34:22+08:00 ] 127.0.0.1 /club/index.php/Admin/Login/handle
INFO: [ app_init ] --START--
INFO: Run Behavior\BuildLiteBehavior [ RunTime:0.000017s ]
INFO: [ app_init ] --END-- [ RunTime:0.000486s ]
INFO: [ app_begin ] --START--
INFO: Run Behavior\ReadHtmlCacheBehavior [ RunTime:0.000659s ]
INFO: [ app_begin ] --END-- [ RunTime:0.000722s ]
NOTIC: [2] Missing argument 1 for I(), called in D:\WWW\club\Application\Admin\Controller\LoginController.class.php on line 28 and defined D:\WWW\club\ThinkPHP\Common\functions.php 第 271 行.
NOTIC: [8] Undefined variable: name D:\WWW\club\ThinkPHP\Common\functions.php 第 273 行.
NOTIC: [8] Undefined variable: name D:\WWW\club\ThinkPHP\Common\functions.php 第 278 行.
NOTIC: [8] Undefined variable: name D:\WWW\club\ThinkPHP\Common\functions.php 第 339 行.
SQL: SHOW COLUMNS FROM `club_admin` [ RunTime:0.0654s ]
SQL: SELECT * FROM `club_admin` WHERE `username` = 'admin' LIMIT 1   [ RunTime:0.0010s ]

[ 2015-09-12T12:34:22+08:00 ] 127.0.0.1 /club/index.php/Admin/Club
INFO: [ app_init ] --START--
INFO: Run Behavior\BuildLiteBehavior [ RunTime:0.000070s ]
INFO: [ app_init ] --END-- [ RunTime:0.001648s ]

[ 2015-09-12T12:34:22+08:00 ] 127.0.0.1 /club/index.php/Admin/Login/index.html
INFO: [ app_init ] --START--
INFO: Run Behavior\BuildLiteBehavior [ RunTime:0.000027s ]
INFO: [ app_init ] --END-- [ RunTime:0.000733s ]

[ 2015-09-12T12:34:41+08:00 ] 127.0.0.1 /club/index.php/Admin/Login/handle
INFO: [ app_init ] --START--
INFO: Run Behavior\BuildLiteBehavior [ RunTime:0.000016s ]
INFO: [ app_init ] --END-- [ RunTime:0.000452s ]
INFO: [ app_begin ] --START--
INFO: Run Behavior\ReadHtmlCacheBehavior [ RunTime:0.000586s ]
INFO: [ app_begin ] --END-- [ RunTime:0.000648s ]
NOTIC: [2] Missing argument 1 for I(), called in D:\WWW\club\Application\Admin\Controller\LoginController.class.php on line 28 and defined D:\WWW\club\ThinkPHP\Common\functions.php 第 271 行.
NOTIC: [8] Undefined variable: name D:\WWW\club\ThinkPHP\Common\functions.php 第 273 行.
NOTIC: [8] Undefined variable: name D:\WWW\club\ThinkPHP\Common\functions.php 第 278 行.
NOTIC: [8] Undefined variable: name D:\WWW\club\ThinkPHP\Common\functions.php 第 339 行.
SQL: SHOW COLUMNS FROM `club_admin` [ RunTime:0.0027s ]
SQL: SELECT * FROM `club_admin` WHERE `username` = 'admin' LIMIT 1   [ RunTime:0.0004s ]

[ 2015-09-12T12:34:41+08:00 ] 127.0.0.1 /club/index.php/Admin/Club
INFO: [ app_init ] --START--
INFO: Run Behavior\BuildLiteBehavior [ RunTime:0.000014s ]
INFO: [ app_init ] --END-- [ RunTime:0.000439s ]

[ 2015-09-12T12:34:41+08:00 ] 127.0.0.1 /club/index.php/Admin/Login/index.html
INFO: [ app_init ] --START--
INFO: Run Behavior\BuildLiteBehavior [ RunTime:0.000016s ]
INFO: [ app_init ] --END-- [ RunTime:0.000464s ]

[ 2015-09-12T12:35:18+08:00 ] 127.0.0.1 /club/index.php/Admin/Login/handle
INFO: [ app_init ] --START--
INFO: Run Behavior\BuildLiteBehavior [ RunTime:0.000015s ]
INFO: [ app_init ] --END-- [ RunTime:0.000462s ]
INFO: [ app_begin ] --START--
INFO: Run Behavior\ReadHtmlCacheBehavior [ RunTime:0.000530s ]
INFO: [ app_begin ] --END-- [ RunTime:0.000592s ]
NOTIC: [2] Missing argument 1 for I(), called in D:\WWW\club\Application\Admin\Controller\LoginController.class.php on line 28 and defined D:\WWW\club\ThinkPHP\Common\functions.php 第 271 行.
NOTIC: [8] Undefined variable: name D:\WWW\club\ThinkPHP\Common\functions.php 第 273 行.
NOTIC: [8] Undefined variable: name D:\WWW\club\ThinkPHP\Common\functions.php 第 278 行.
NOTIC: [8] Undefined variable: name D:\WWW\club\ThinkPHP\Common\functions.php 第 339 行.
SQL: SHOW COLUMNS FROM `club_admin` [ RunTime:0.0029s ]

[ 2015-09-12T12:35:20+08:00 ] 127.0.0.1 /club/index.php/Admin/Login/handle
INFO: [ app_init ] --START--
INFO: Run Behavior\BuildLiteBehavior [ RunTime:0.000016s ]
INFO: [ app_init ] --END-- [ RunTime:0.000483s ]
INFO: [ app_begin ] --START--
INFO: Run Behavior\ReadHtmlCacheBehavior [ RunTime:0.000533s ]
INFO: [ app_begin ] --END-- [ RunTime:0.000598s ]
NOTIC: [2] Missing argument 1 for I(), called in D:\WWW\club\Application\Admin\Controller\LoginController.class.php on line 28 and defined D:\WWW\club\ThinkPHP\Common\functions.php 第 271 行.
NOTIC: [8] Undefined variable: name D:\WWW\club\ThinkPHP\Common\functions.php 第 273 行.
NOTIC: [8] Undefined variable: name D:\WWW\club\ThinkPHP\Common\functions.php 第 278 行.
NOTIC: [8] Undefined variable: name D:\WWW\club\ThinkPHP\Common\functions.php 第 339 行.
SQL: SHOW COLUMNS FROM `club_admin` [ RunTime:0.0030s ]

[ 2015-09-12T12:37:44+08:00 ] 127.0.0.1 /club/index.php/Admin/Login/index.html
INFO: [ app_init ] --START--
INFO: Run Behavior\BuildLiteBehavior [ RunTime:0.000019s ]
INFO: [ app_init ] --END-- [ RunTime:0.000458s ]

[ 2015-09-12T12:37:48+08:00 ] 127.0.0.1 /club/index.php/Admin/Login/index.html
INFO: [ app_init ] --START--
INFO: Run Behavior\BuildLiteBehavior [ RunTime:0.000020s ]
INFO: [ app_init ] --END-- [ RunTime:0.000511s ]

[ 2015-09-12T12:38:01+08:00 ] 127.0.0.1 /club/index.php/Admin/Login/handle
INFO: [ app_init ] --START--
INFO: Run Behavior\BuildLiteBehavior [ RunTime:0.000018s ]
INFO: [ app_init ] --END-- [ RunTime:0.000498s ]
INFO: [ app_begin ] --START--
INFO: Run Behavior\ReadHtmlCacheBehavior [ RunTime:0.000522s ]
INFO: [ app_begin ] --END-- [ RunTime:0.000585s ]
NOTIC: [2] Missing argument 1 for I(), called in D:\WWW\club\Application\Admin\Controller\LoginController.class.php on line 28 and defined D:\WWW\club\ThinkPHP\Common\functions.php 第 271 行.
NOTIC: [8] Undefined variable: name D:\WWW\club\ThinkPHP\Common\functions.php 第 273 行.
NOTIC: [8] Undefined variable: name D:\WWW\club\ThinkPHP\Common\functions.php 第 278 行.
NOTIC: [8] Undefined variable: name D:\WWW\club\ThinkPHP\Common\functions.php 第 339 行.
SQL: SHOW COLUMNS FROM `club_admin` [ RunTime:0.0029s ]
SQL: SELECT * FROM `club_admin` WHERE `username` = 'admin' LIMIT 1   [ RunTime:0.0004s ]

[ 2015-09-12T12:38:01+08:00 ] 127.0.0.1 /club/index.php/Admin/Club/index
INFO: [ app_init ] --START--
INFO: Run Behavior\BuildLiteBehavior [ RunTime:0.000017s ]
INFO: [ app_init ] --END-- [ RunTime:0.000463s ]

[ 2015-09-12T12:38:03+08:00 ] 127.0.0.1 /club/index.php/Admin/Club/passedMember
INFO: [ app_init ] --START--
INFO: Run Behavior\BuildLiteBehavior [ RunTime:0.000029s ]
INFO: [ app_init ] --END-- [ RunTime:0.000462s ]
ERR: 非法操作:passedMember

[ 2015-09-12T12:45:03+08:00 ] 127.0.0.1 /club/index.php/Admin/Club/index
INFO: [ app_init ] --START--
INFO: Run Behavior\BuildLiteBehavior [ RunTime:0.000027s ]
INFO: [ app_init ] --END-- [ RunTime:0.000673s ]

[ 2015-09-12T12:45:21+08:00 ] 127.0.0.1 /club/index.php/Admin/Club/index
INFO: [ app_init ] --START--
INFO: Run Behavior\BuildLiteBehavior [ RunTime:0.000017s ]
INFO: [ app_init ] --END-- [ RunTime:0.000497s ]

[ 2015-09-12T12:48:01+08:00 ] 127.0.0.1 /club/index.php/Admin/Club/index
INFO: [ app_init ] --START--
INFO: Run Behavior\BuildLiteBehavior [ RunTime:0.000016s ]
INFO: [ app_init ] --END-- [ RunTime:0.000450s ]

[ 2015-09-12T12:48:50+08:00 ] 127.0.0.1 /club/index.php/Admin/Club/index
INFO: [ app_init ] --START--
INFO: Run Behavior\BuildLiteBehavior [ RunTime:0.000023s ]
INFO: [ app_init ] --END-- [ RunTime:0.000499s ]

[ 2015-09-12T12:49:17+08:00 ] 127.0.0.1 /club/index.php/Admin/Club/passedMember
INFO: [ app_init ] --START--
INFO: Run Behavior\BuildLiteBehavior [ RunTime:0.000025s ]
INFO: [ app_init ] --END-- [ RunTime:0.000476s ]
ERR: 非法操作:passedMember

[ 2015-09-12T12:49:45+08:00 ] 127.0.0.1 /club/index.php/Admin/Club/index
INFO: [ app_init ] --START--
INFO: Run Behavior\BuildLiteBehavior [ RunTime:0.000015s ]
INFO: [ app_init ] --END-- [ RunTime:0.000473s ]

[ 2015-09-12T12:49:46+08:00 ] 127.0.0.1 /club/index.php/Admin/Club/passedClub
INFO: [ app_init ] --START--
INFO: Run Behavior\BuildLiteBehavior [ RunTime:0.000017s ]
INFO: [ app_init ] --END-- [ RunTime:0.000399s ]

[ 2015-09-12T12:49:49+08:00 ] 127.0.0.1 /club/index.php/Admin/Club/showClub/id/8
INFO: [ app_init ] --START--
INFO: Run Behavior\BuildLiteBehavior [ RunTime:0.000021s ]
INFO: [ app_init ] --END-- [ RunTime:0.000508s ]

[ 2015-09-12T12:52:07+08:00 ] 127.0.0.1 /club/index.php/Admin/Club/index
INFO: [ app_init ] --START--
INFO: Run Behavior\BuildLiteBehavior [ RunTime:0.000017s ]
INFO: [ app_init ] --END-- [ RunTime:0.000434s ]

[ 2015-09-12T12:52:08+08:00 ] 127.0.0.1 /club/index.php/Admin/Club/index
INFO: [ app_init ] --START--
INFO: Run Behavior\BuildLiteBehavior [ RunTime:0.000018s ]
INFO: [ app_init ] --END-- [ RunTime:0.000449s ]

[ 2015-09-12T12:52:08+08:00 ] 127.0.0.1 /club/index.php/Admin/Club/index
INFO: [ app_init ] --START--
INFO: Run Behavior\BuildLiteBehavior [ RunTime:0.000016s ]
INFO: [ app_init ] --END-- [ RunTime:0.000451s ]

[ 2015-09-12T12:55:30+08:00 ] 127.0.0.1 /club/index.php/Admin/Club/index
INFO: [ app_init ] --START--
INFO: Run Behavior\BuildLiteBehavior [ RunTime:0.000018s ]
INFO: [ app_init ] --END-- [ RunTime:0.000538s ]

[ 2015-09-12T12:56:23+08:00 ] 127.0.0.1 /club/index.php/Admin/Club/index
INFO: [ app_init ] --START--
INFO: Run Behavior\BuildLiteBehavior [ RunTime:0.000016s ]
INFO: [ app_init ] --END-- [ RunTime:0.000525s ]

[ 2015-09-12T12:56:26+08:00 ] 127.0.0.1 /club/index.php/Admin/Club/showClub/id/8
INFO: [ app_init ] --START--
INFO: Run Behavior\BuildLiteBehavior [ RunTime:0.000018s ]
INFO: [ app_init ] --END-- [ RunTime:0.000446s ]

[ 2015-09-12T12:56:29+08:00 ] 127.0.0.1 /club/index.php/Admin/Club/showClub/id/8
INFO: [ app_init ] --START--
INFO: Run Behavior\BuildLiteBehavior [ RunTime:0.000024s ]
INFO: [ app_init ] --END-- [ RunTime:0.000543s ]

[ 2015-09-12T13:03:51+08:00 ] 127.0.0.1 /club/index.php/Admin/Club/index
INFO: [ app_init ] --START--
INFO: Run Behavior\BuildLiteBehavior [ RunTime:0.000018s ]
INFO: [ app_init ] --END-- [ RunTime:0.000542s ]

[ 2015-09-12T13:03:53+08:00 ] 127.0.0.1 /club/index.php/Admin/Club/showClub/id/8
INFO: [ app_init ] --START--
INFO: Run Behavior\BuildLiteBehavior [ RunTime:0.000021s ]
INFO: [ app_init ] --END-- [ RunTime:0.000502s ]

[ 2015-09-12T13:04:36+08:00 ] 127.0.0.1 /club/index.php/Admin/Club/index
INFO: [ app_init ] --START--
INFO: Run Behavior\BuildLiteBehavior [ RunTime:0.000018s ]
INFO: [ app_init ] --END-- [ RunTime:0.000522s ]

[ 2015-09-12T13:04:37+08:00 ] 127.0.0.1 /club/index.php/Admin/Club/showClub/id/8
INFO: [ app_init ] --START--
INFO: Run Behavior\BuildLiteBehavior [ RunTime:0.000022s ]
INFO: [ app_init ] --END-- [ RunTime:0.000491s ]

[ 2015-09-12T13:04:53+08:00 ] 127.0.0.1 /club/index.php/Admin/Club/showClub/id/8
INFO: [ app_init ] --START--
INFO: Run Behavior\BuildLiteBehavior [ RunTime:0.000019s ]
INFO: [ app_init ] --END-- [ RunTime:0.000496s ]

[ 2015-09-12T13:05:43+08:00 ] 127.0.0.1 /club/index.php/Admin/Club/showClub/id/8
INFO: [ app_init ] --START--
INFO: Run Behavior\BuildLiteBehavior [ RunTime:0.000016s ]
INFO: [ app_init ] --END-- [ RunTime:0.000501s ]

[ 2015-09-12T13:05:45+08:00 ] 127.0.0.1 /club/index.php/Admin/Club/showClub/id/6
INFO: [ app_init ] --START--
INFO: Run Behavior\BuildLiteBehavior [ RunTime:0.000018s ]
INFO: [ app_init ] --END-- [ RunTime:0.000454s ]

[ 2015-09-12T13:05:48+08:00 ] 127.0.0.1 /club/index.php/Admin/Club/showClub/id/4
INFO: [ app_init ] --START--
INFO: Run Behavior\BuildLiteBehavior [ RunTime:0.000026s ]
INFO: [ app_init ] --END-- [ RunTime:0.000609s ]

[ 2015-09-12T13:05:51+08:00 ] 127.0.0.1 /club/index.php/Admin/Club/showClub/id/4
INFO: [ app_init ] --START--
INFO: Run Behavior\BuildLiteBehavior [ RunTime:0.000033s ]
INFO: [ app_init ] --END-- [ RunTime:0.000560s ]

[ 2015-09-12T13:05:52+08:00 ] 127.0.0.1 /club/index.php/Admin/Club/showClub/id/6
INFO: [ app_init ] --START--
INFO: Run Behavior\BuildLiteBehavior [ RunTime:0.000016s ]
INFO: [ app_init ] --END-- [ RunTime:0.000428s ]

[ 2015-09-12T13:05:54+08:00 ] 127.0.0.1 /club/index.php/Admin/Club/showClub/id/8
INFO: [ app_init ] --START--
INFO: Run Behavior\BuildLiteBehavior [ RunTime:0.000017s ]
INFO: [ app_init ] --END-- [ RunTime:0.000436s ]

[ 2015-09-12T13:06:11+08:00 ] 127.0.0.1 /club/index.php/Admin/Club/showClub/id/8
INFO: [ app_init ] --START--
INFO: Run Behavior\BuildLiteBehavior [ RunTime:0.000025s ]
INFO: [ app_init ] --END-- [ RunTime:0.000593s ]

[ 2015-09-12T13:09:34+08:00 ] 127.0.0.1 /club/index.php/Admin/Club/index
INFO: [ app_init ] --START--
INFO: Run Behavior\BuildLiteBehavior [ RunTime:0.000016s ]
INFO: [ app_init ] --END-- [ RunTime:0.000567s ]

[ 2015-09-12T13:09:35+08:00 ] 127.0.0.1 /club/index.php/Admin/Club/showClub/id/8
INFO: [ app_init ] --START--
INFO: Run Behavior\BuildLiteBehavior [ RunTime:0.000027s ]
INFO: [ app_init ] --END-- [ RunTime:0.000578s ]

[ 2015-09-12T13:09:39+08:00 ] 127.0.0.1 /club/index.php/Admin/Club/showClub/id/4
INFO: [ app_init ] --START--
INFO: Run Behavior\BuildLiteBehavior [ RunTime:0.000029s ]
INFO: [ app_init ] --END-- [ RunTime:0.000469s ]

[ 2015-09-12T13:10:01+08:00 ] 127.0.0.1 /club/index.php/Admin/Club/showClub/id/4
INFO: [ app_init ] --START--
INFO: Run Behavior\BuildLiteBehavior [ RunTime:0.000017s ]
INFO: [ app_init ] --END-- [ RunTime:0.000416s ]

[ 2015-09-12T13:10:05+08:00 ] 127.0.0.1 /club/index.php/Admin/Club/delete?id=4
INFO: [ app_init ] --START--
INFO: Run Behavior\BuildLiteBehavior [ RunTime:0.000016s ]
INFO: [ app_init ] --END-- [ RunTime:0.000457s ]
INFO: [ app_begin ] --START--
INFO: Run Behavior\ReadHtmlCacheBehavior [ RunTime:0.000820s ]
INFO: [ app_begin ] --END-- [ RunTime:0.000905s ]
SQL: SHOW COLUMNS FROM `club_club` [ RunTime:0.0043s ]
SQL: UPDATE `club_club` SET `status`='3' WHERE `id` = 4 [ RunTime:0.0004s ]

[ 2015-09-12T13:10:05+08:00 ] 127.0.0.1 /club/index.php/Admin/Club
INFO: [ app_init ] --START--
INFO: Run Behavior\BuildLiteBehavior [ RunTime:0.000030s ]
INFO: [ app_init ] --END-- [ RunTime:0.000726s ]

[ 2015-09-12T13:10:07+08:00 ] 127.0.0.1 /club/index.php/Admin/Club/passedClub
INFO: [ app_init ] --START--
INFO: Run Behavior\BuildLiteBehavior [ RunTime:0.000037s ]
INFO: [ app_init ] --END-- [ RunTime:0.000767s ]

[ 2015-09-12T13:10:09+08:00 ] 127.0.0.1 /club/index.php/Admin/Club/index
INFO: [ app_init ] --START--
INFO: Run Behavior\BuildLiteBehavior [ RunTime:0.000040s ]
INFO: [ app_init ] --END-- [ RunTime:0.000717s ]

[ 2015-09-12T13:13:06+08:00 ] 127.0.0.1 /club/index.php/Admin/Club/passedClub
INFO: [ app_init ] --START--
INFO: Run Behavior\BuildLiteBehavior [ RunTime:0.000028s ]
INFO: [ app_init ] --END-- [ RunTime:0.000665s ]

[ 2015-09-12T13:13:08+08:00 ] 127.0.0.1 /club/index.php/Admin/Club/index
INFO: [ app_init ] --START--
INFO: Run Behavior\BuildLiteBehavior [ RunTime:0.000071s ]
INFO: [ app_init ] --END-- [ RunTime:0.001462s ]

[ 2015-09-12T13:13:09+08:00 ] 127.0.0.1 /club/index.php/Admin/Club/passedClub
INFO: [ app_init ] --START--
INFO: Run Behavior\BuildLiteBehavior [ RunTime:0.000024s ]
INFO: [ app_init ] --END-- [ RunTime:0.000601s ]

[ 2015-09-12T13:14:03+08:00 ] 127.0.0.1 /club/index.php/Admin/Club/passedClub
INFO: [ app_init ] --START--
INFO: Run Behavior\BuildLiteBehavior [ RunTime:0.000021s ]
INFO: [ app_init ] --END-- [ RunTime:0.000590s ]

[ 2015-09-12T13:14:05+08:00 ] 127.0.0.1 /club/index.php/Admin/Club/passedClub
INFO: [ app_init ] --START--
INFO: Run Behavior\BuildLiteBehavior [ RunTime:0.000049s ]
INFO: [ app_init ] --END-- [ RunTime:0.000834s ]

[ 2015-09-12T13:14:06+08:00 ] 127.0.0.1 /club/index.php/Admin/Club/passedClub
INFO: [ app_init ] --START--
INFO: Run Behavior\BuildLiteBehavior [ RunTime:0.000029s ]
INFO: [ app_init ] --END-- [ RunTime:0.000587s ]

[ 2015-09-12T13:15:15+08:00 ] 127.0.0.1 /club/index.php/Admin/Club/passedClub
INFO: [ app_init ] --START--
INFO: Run Behavior\BuildLiteBehavior [ RunTime:0.000015s ]
INFO: [ app_init ] --END-- [ RunTime:0.000481s ]

[ 2015-09-12T13:15:17+08:00 ] 127.0.0.1 /club/index.php/Admin/Club/showPassedClub/id/3
INFO: [ app_init ] --START--
INFO: Run Behavior\BuildLiteBehavior [ RunTime:0.000017s ]
INFO: [ app_init ] --END-- [ RunTime:0.000528s ]

[ 2015-09-12T13:15:36+08:00 ] 127.0.0.1 /club/index.php/Admin/Club/showPassedClub/id/2
INFO: [ app_init ] --START--
INFO: Run Behavior\BuildLiteBehavior [ RunTime:0.000032s ]
INFO: [ app_init ] --END-- [ RunTime:0.000534s ]

[ 2015-09-12T13:15:39+08:00 ] 127.0.0.1 /club/index.php/Admin/Club/showPassedClub/id/2
INFO: [ app_init ] --START--
INFO: Run Behavior\BuildLiteBehavior [ RunTime:0.000025s ]
INFO: [ app_init ] --END-- [ RunTime:0.000491s ]

[ 2015-09-12T13:17:06+08:00 ] 127.0.0.1 /club/index.php/Admin/Club/passedClub
INFO: [ app_init ] --START--
INFO: Run Behavior\BuildLiteBehavior [ RunTime:0.000026s ]
INFO: [ app_init ] --END-- [ RunTime:0.000565s ]

[ 2015-09-12T13:17:06+08:00 ] 127.0.0.1 /club/index.php/Admin/Club/showPassedClub/id/3
INFO: [ app_init ] --START--
INFO: Run Behavior\BuildLiteBehavior [ RunTime:0.000030s ]
INFO: [ app_init ] --END-- [ RunTime:0.000655s ]

[ 2015-09-12T13:17:12+08:00 ] 127.0.0.1 /club/index.php/Admin/Club/showPassedClub/id/2
INFO: [ app_init ] --START--
INFO: Run Behavior\BuildLiteBehavior [ RunTime:0.000021s ]
INFO: [ app_init ] --END-- [ RunTime:0.000481s ]

[ 2015-09-12T13:17:35+08:00 ] 127.0.0.1 /club/index.php/Admin/Club/showPassedClub/id/2
INFO: [ app_init ] --START--
INFO: Run Behavior\BuildLiteBehavior [ RunTime:0.000016s ]
INFO: [ app_init ] --END-- [ RunTime:0.000513s ]

[ 2015-09-12T13:17:39+08:00 ] 127.0.0.1 /club/index.php/Admin/Club/showPassedClub/id/2
INFO: [ app_init ] --START--
INFO: Run Behavior\BuildLiteBehavior [ RunTime:0.000018s ]
INFO: [ app_init ] --END-- [ RunTime:0.000454s ]

[ 2015-09-12T13:17:59+08:00 ] 127.0.0.1 /club/index.php/Admin/Club/passedClub
INFO: [ app_init ] --START--
INFO: Run Behavior\BuildLiteBehavior [ RunTime:0.000018s ]
INFO: [ app_init ] --END-- [ RunTime:0.000527s ]

[ 2015-09-12T13:18:00+08:00 ] 127.0.0.1 /club/index.php/Admin/Club/showPassedClub/id/3
INFO: [ app_init ] --START--
INFO: Run Behavior\BuildLiteBehavior [ RunTime:0.000017s ]
INFO: [ app_init ] --END-- [ RunTime:0.000434s ]

[ 2015-09-12T13:18:03+08:00 ] 127.0.0.1 /club/index.php/Admin/Club/showPassedClub/id/2
INFO: [ app_init ] --START--
INFO: Run Behavior\BuildLiteBehavior [ RunTime:0.000045s ]
INFO: [ app_init ] --END-- [ RunTime:0.000898s ]

[ 2015-09-12T13:18:57+08:00 ] 127.0.0.1 /club/index.php/Admin/Club/passedClub
INFO: [ app_init ] --START--
INFO: Run Behavior\BuildLiteBehavior [ RunTime:0.000016s ]
INFO: [ app_init ] --END-- [ RunTime:0.000416s ]

[ 2015-09-12T13:18:57+08:00 ] 127.0.0.1 /club/index.php/Admin/Club/showPassedClub/id/3
INFO: [ app_init ] --START--
INFO: Run Behavior\BuildLiteBehavior [ RunTime:0.000016s ]
INFO: [ app_init ] --END-- [ RunTime:0.000418s ]

[ 2015-09-12T13:19:00+08:00 ] 127.0.0.1 /club/index.php/Admin/Club/showPassedClub/id/2
INFO: [ app_init ] --START--
INFO: Run Behavior\BuildLiteBehavior [ RunTime:0.000025s ]
INFO: [ app_init ] --END-- [ RunTime:0.000602s ]

[ 2015-09-12T13:19:26+08:00 ] 127.0.0.1 /club/index.php/Admin/Club/recycle
INFO: [ app_init ] --START--
INFO: Run Behavior\BuildLiteBehavior [ RunTime:0.000019s ]
INFO: [ app_init ] --END-- [ RunTime:0.000495s ]

[ 2015-09-12T13:20:14+08:00 ] 127.0.0.1 /club/index.php/Admin/Club/passedClub
INFO: [ app_init ] --START--
INFO: Run Behavior\BuildLiteBehavior [ RunTime:0.000017s ]
INFO: [ app_init ] --END-- [ RunTime:0.000550s ]

[ 2015-09-12T13:20:15+08:00 ] 127.0.0.1 /club/index.php/Admin/Club/showPassedClub/id/3
INFO: [ app_init ] --START--
INFO: Run Behavior\BuildLiteBehavior [ RunTime:0.000018s ]
INFO: [ app_init ] --END-- [ RunTime:0.000443s ]

[ 2015-09-12T13:20:18+08:00 ] 127.0.0.1 /club/index.php/Admin/Club/passedClub
INFO: [ app_init ] --START--
INFO: Run Behavior\BuildLiteBehavior [ RunTime:0.000019s ]
INFO: [ app_init ] --END-- [ RunTime:0.000457s ]

[ 2015-09-12T13:20:19+08:00 ] 127.0.0.1 /club/index.php/Admin/Club/recycle
INFO: [ app_init ] --START--
INFO: Run Behavior\BuildLiteBehavior [ RunTime:0.000017s ]
INFO: [ app_init ] --END-- [ RunTime:0.000426s ]

[ 2015-09-12T13:20:26+08:00 ] 127.0.0.1 /club/index.php/Admin/Club/passedMember
INFO: [ app_init ] --START--
INFO: Run Behavior\BuildLiteBehavior [ RunTime:0.000019s ]
INFO: [ app_init ] --END-- [ RunTime:0.000446s ]
ERR: 非法操作:passedMember

[ 2015-09-12T13:21:17+08:00 ] 127.0.0.1 /club/index.php/Admin/Club/recycle
INFO: [ app_init ] --START--
INFO: Run Behavior\BuildLiteBehavior [ RunTime:0.000018s ]
INFO: [ app_init ] --END-- [ RunTime:0.000491s ]

[ 2015-09-12T13:21:18+08:00 ] 127.0.0.1 /club/index.php/Admin/Club/index
INFO: [ app_init ] --START--
INFO: Run Behavior\BuildLiteBehavior [ RunTime:0.000021s ]
INFO: [ app_init ] --END-- [ RunTime:0.000511s ]

[ 2015-09-12T13:21:19+08:00 ] 127.0.0.1 /club/index.php/Admin/Club/passedClub
INFO: [ app_init ] --START--
INFO: Run Behavior\BuildLiteBehavior [ RunTime:0.000021s ]
INFO: [ app_init ] --END-- [ RunTime:0.000504s ]

[ 2015-09-12T13:21:21+08:00 ] 127.0.0.1 /club/index.php/Admin/Club/recycle
INFO: [ app_init ] --START--
INFO: Run Behavior\BuildLiteBehavior [ RunTime:0.000019s ]
INFO: [ app_init ] --END-- [ RunTime:0.000483s ]

[ 2015-09-12T13:21:24+08:00 ] 127.0.0.1 /club/index.php/Admin/Club/showDeleteClub/id/5
INFO: [ app_init ] --START--
INFO: Run Behavior\BuildLiteBehavior [ RunTime:0.000024s ]
INFO: [ app_init ] --END-- [ RunTime:0.000514s ]

[ 2015-09-12T13:21:32+08:00 ] 127.0.0.1 /club/index.php/Admin/Club/recycle
INFO: [ app_init ] --START--
INFO: Run Behavior\BuildLiteBehavior [ RunTime:0.000018s ]
INFO: [ app_init ] --END-- [ RunTime:0.000498s ]

[ 2015-09-12T13:21:33+08:00 ] 127.0.0.1 /club/index.php/Admin/Club/showDeleteClub/id/5
INFO: [ app_init ] --START--
INFO: Run Behavior\BuildLiteBehavior [ RunTime:0.000017s ]
INFO: [ app_init ] --END-- [ RunTime:0.000527s ]

[ 2015-09-12T13:21:57+08:00 ] 127.0.0.1 /club/index.php/Admin/Club/passedClub
INFO: [ app_init ] --START--
INFO: Run Behavior\BuildLiteBehavior [ RunTime:0.000019s ]
INFO: [ app_init ] --END-- [ RunTime:0.000513s ]

[ 2015-09-12T13:21:57+08:00 ] 127.0.0.1 /club/index.php/Admin/Club/showPassedClub/id/3
INFO: [ app_init ] --START--
INFO: Run Behavior\BuildLiteBehavior [ RunTime:0.000018s ]
INFO: [ app_init ] --END-- [ RunTime:0.000437s ]

[ 2015-09-12T13:22:00+08:00 ] 127.0.0.1 /club/index.php/Admin/Club/index
INFO: [ app_init ] --START--
INFO: Run Behavior\BuildLiteBehavior [ RunTime:0.000030s ]
INFO: [ app_init ] --END-- [ RunTime:0.000616s ]

[ 2015-09-12T13:22:01+08:00 ] 127.0.0.1 /club/index.php/Admin/Club/showClub/id/8
INFO: [ app_init ] --START--
INFO: Run Behavior\BuildLiteBehavior [ RunTime:0.000027s ]
INFO: [ app_init ] --END-- [ RunTime:0.000837s ]

[ 2015-09-12T13:22:04+08:00 ] 127.0.0.1 /club/index.php/Admin/Club/recycle
INFO: [ app_init ] --START--
INFO: Run Behavior\BuildLiteBehavior [ RunTime:0.000026s ]
INFO: [ app_init ] --END-- [ RunTime:0.000682s ]

[ 2015-09-12T13:22:44+08:00 ] 127.0.0.1 /club/index.php/Admin/Club/recycle
INFO: [ app_init ] --START--
INFO: Run Behavior\BuildLiteBehavior [ RunTime:0.000016s ]
INFO: [ app_init ] --END-- [ RunTime:0.000474s ]

[ 2015-09-12T13:22:45+08:00 ] 127.0.0.1 /club/index.php/Admin/Club/showDeleteClub/id/5
INFO: [ app_init ] --START--
INFO: Run Behavior\BuildLiteBehavior [ RunTime:0.000020s ]
INFO: [ app_init ] --END-- [ RunTime:0.000468s ]

[ 2015-09-12T13:24:01+08:00 ] 127.0.0.1 /club/index.php/Admin/Club/passedClub
INFO: [ app_init ] --START--
INFO: Run Behavior\BuildLiteBehavior [ RunTime:0.000029s ]
INFO: [ app_init ] --END-- [ RunTime:0.000644s ]

[ 2015-09-12T13:24:02+08:00 ] 127.0.0.1 /club/index.php/Admin/Club/showPassedClub/id/3
INFO: [ app_init ] --START--
INFO: Run Behavior\BuildLiteBehavior [ RunTime:0.000030s ]
INFO: [ app_init ] --END-- [ RunTime:0.000746s ]

[ 2015-09-12T13:24:04+08:00 ] 127.0.0.1 /club/index.php/Admin/Club/index
INFO: [ app_init ] --START--
INFO: Run Behavior\BuildLiteBehavior [ RunTime:0.000017s ]
INFO: [ app_init ] --END-- [ RunTime:0.000409s ]

[ 2015-09-12T13:24:04+08:00 ] 127.0.0.1 /club/index.php/Admin/Club/showClub/id/8
INFO: [ app_init ] --START--
INFO: Run Behavior\BuildLiteBehavior [ RunTime:0.000028s ]
INFO: [ app_init ] --END-- [ RunTime:0.000745s ]

[ 2015-09-12T13:24:06+08:00 ] 127.0.0.1 /club/index.php/Admin/Club/recycle
INFO: [ app_init ] --START--
INFO: Run Behavior\BuildLiteBehavior [ RunTime:0.000025s ]
INFO: [ app_init ] --END-- [ RunTime:0.000709s ]

[ 2015-09-12T13:24:08+08:00 ] 127.0.0.1 /club/index.php/Admin/Club/showDeleteClub/id/5
INFO: [ app_init ] --START--
INFO: Run Behavior\BuildLiteBehavior [ RunTime:0.000018s ]
INFO: [ app_init ] --END-- [ RunTime:0.000436s ]

[ 2015-09-12T13:24:09+08:00 ] 127.0.0.1 /club/index.php/Admin/Club/showDeleteClub/id/5
INFO: [ app_init ] --START--
INFO: Run Behavior\BuildLiteBehavior [ RunTime:0.000025s ]
INFO: [ app_init ] --END-- [ RunTime:0.000659s ]

[ 2015-09-12T13:24:33+08:00 ] 127.0.0.1 /club/index.php/Admin/Club/showDeleteClub/id/5
INFO: [ app_init ] --START--
INFO: Run Behavior\BuildLiteBehavior [ RunTime:0.000016s ]
INFO: [ app_init ] --END-- [ RunTime:0.000469s ]

[ 2015-09-12T13:24:36+08:00 ] 127.0.0.1 /club/index.php/Admin/Club/showDeleteClub/id/4
INFO: [ app_init ] --START--
INFO: Run Behavior\BuildLiteBehavior [ RunTime:0.000017s ]
INFO: [ app_init ] --END-- [ RunTime:0.000444s ]

[ 2015-09-12T13:24:47+08:00 ] 127.0.0.1 /club/index.php/Admin/Club/showDeleteClub/id/5
INFO: [ app_init ] --START--
INFO: Run Behavior\BuildLiteBehavior [ RunTime:0.000017s ]
INFO: [ app_init ] --END-- [ RunTime:0.000441s ]

[ 2015-09-12T13:25:02+08:00 ] 127.0.0.1 /club/index.php/Admin/Club/index
INFO: [ app_init ] --START--
INFO: Run Behavior\BuildLiteBehavior [ RunTime:0.000031s ]
INFO: [ app_init ] --END-- [ RunTime:0.000670s ]

[ 2015-09-12T13:25:05+08:00 ] 127.0.0.1 /club/index.php/Admin/Club/passedClub
INFO: [ app_init ] --START--
INFO: Run Behavior\BuildLiteBehavior [ RunTime:0.000024s ]
INFO: [ app_init ] --END-- [ RunTime:0.000617s ]

[ 2015-09-12T13:25:06+08:00 ] 127.0.0.1 /club/index.php/Admin/Club/recycle
INFO: [ app_init ] --START--
INFO: Run Behavior\BuildLiteBehavior [ RunTime:0.000019s ]
INFO: [ app_init ] --END-- [ RunTime:0.000453s ]

[ 2015-09-12T13:25:08+08:00 ] 127.0.0.1 /club/index.php/Admin/Club/showDeleteClub/id/5
INFO: [ app_init ] --START--
INFO: Run Behavior\BuildLiteBehavior [ RunTime:0.000050s ]
INFO: [ app_init ] --END-- [ RunTime:0.001071s ]

[ 2015-09-12T13:25:13+08:00 ] 127.0.0.1 /club/index.php/Admin/Club/showDeleteClub/id/4
INFO: [ app_init ] --START--
INFO: Run Behavior\BuildLiteBehavior [ RunTime:0.000028s ]
INFO: [ app_init ] --END-- [ RunTime:0.000719s ]

[ 2015-09-12T13:25:58+08:00 ] 127.0.0.1 /club/index.php/Admin/Club/showDeleteClub/id/4
INFO: [ app_init ] --START--
INFO: Run Behavior\BuildLiteBehavior [ RunTime:0.000016s ]
INFO: [ app_init ] --END-- [ RunTime:0.000502s ]

[ 2015-09-12T13:26:04+08:00 ] 127.0.0.1 /club/index.php/Admin/Club/showDeleteClub/id/4
INFO: [ app_init ] --START--
INFO: Run Behavior\BuildLiteBehavior [ RunTime:0.000016s ]
INFO: [ app_init ] --END-- [ RunTime:0.000406s ]

[ 2015-09-12T13:26:46+08:00 ] 127.0.0.1 /club/index.php/Admin/Club/showDeleteClub/id/4
INFO: [ app_init ] --START--
INFO: Run Behavior\BuildLiteBehavior [ RunTime:0.000019s ]
INFO: [ app_init ] --END-- [ RunTime:0.000535s ]

[ 2015-09-12T13:27:20+08:00 ] 127.0.0.1 /club/index.php/Admin/Club/showDeleteClub/id/4
INFO: [ app_init ] --START--
INFO: Run Behavior\BuildLiteBehavior [ RunTime:0.000017s ]
INFO: [ app_init ] --END-- [ RunTime:0.000573s ]

[ 2015-09-12T13:27:23+08:00 ] 127.0.0.1 /club/index.php/Admin/Club/recover?id=4
INFO: [ app_init ] --START--
INFO: Run Behavior\BuildLiteBehavior [ RunTime:0.000015s ]
INFO: [ app_init ] --END-- [ RunTime:0.000497s ]
INFO: [ app_begin ] --START--
INFO: Run Behavior\ReadHtmlCacheBehavior [ RunTime:0.000829s ]
INFO: [ app_begin ] --END-- [ RunTime:0.000911s ]
SQL: SHOW COLUMNS FROM `club_club` [ RunTime:0.0037s ]
SQL: UPDATE `club_club` SET `status`='0' WHERE `id` = 4 [ RunTime:0.0006s ]

[ 2015-09-12T13:27:23+08:00 ] 127.0.0.1 /club/index.php/Admin/Club/recycle
INFO: [ app_init ] --START--
INFO: Run Behavior\BuildLiteBehavior [ RunTime:0.000017s ]
INFO: [ app_init ] --END-- [ RunTime:0.000504s ]

[ 2015-09-12T13:27:25+08:00 ] 127.0.0.1 /club/index.php/Admin/Club/index
INFO: [ app_init ] --START--
INFO: Run Behavior\BuildLiteBehavior [ RunTime:0.000023s ]
INFO: [ app_init ] --END-- [ RunTime:0.000502s ]

[ 2015-09-12T13:27:26+08:00 ] 127.0.0.1 /club/index.php/Admin/Club/showClub/id/4
INFO: [ app_init ] --START--
INFO: Run Behavior\BuildLiteBehavior [ RunTime:0.000031s ]
INFO: [ app_init ] --END-- [ RunTime:0.000661s ]

[ 2015-09-12T13:27:28+08:00 ] 127.0.0.1 /club/index.php/Admin/Club/delete?id=4
INFO: [ app_init ] --START--
INFO: Run Behavior\BuildLiteBehavior [ RunTime:0.000015s ]
INFO: [ app_init ] --END-- [ RunTime:0.000514s ]
INFO: [ app_begin ] --START--
INFO: Run Behavior\ReadHtmlCacheBehavior [ RunTime:0.000812s ]
INFO: [ app_begin ] --END-- [ RunTime:0.000881s ]
SQL: SHOW COLUMNS FROM `club_club` [ RunTime:0.0031s ]
SQL: UPDATE `club_club` SET `status`='3' WHERE `id` = 4 [ RunTime:0.0003s ]

[ 2015-09-12T13:27:28+08:00 ] 127.0.0.1 /club/index.php/Admin/Club
INFO: [ app_init ] --START--
INFO: Run Behavior\BuildLiteBehavior [ RunTime:0.000017s ]
INFO: [ app_init ] --END-- [ RunTime:0.000478s ]

[ 2015-09-12T13:27:29+08:00 ] 127.0.0.1 /club/index.php/Admin/Club/passedClub
INFO: [ app_init ] --START--
INFO: Run Behavior\BuildLiteBehavior [ RunTime:0.000025s ]
INFO: [ app_init ] --END-- [ RunTime:0.000589s ]

[ 2015-09-12T13:27:30+08:00 ] 127.0.0.1 /club/index.php/Admin/Club/showPassedClub/id/3
INFO: [ app_init ] --START--
INFO: Run Behavior\BuildLiteBehavior [ RunTime:0.000017s ]
INFO: [ app_init ] --END-- [ RunTime:0.000427s ]

[ 2015-09-12T13:27:32+08:00 ] 127.0.0.1 /club/index.php/Admin/Club/recycle
INFO: [ app_init ] --START--
INFO: Run Behavior\BuildLiteBehavior [ RunTime:0.000016s ]
INFO: [ app_init ] --END-- [ RunTime:0.000540s ]

[ 2015-09-12T13:27:33+08:00 ] 127.0.0.1 /club/index.php/Admin/Club/showDeleteClub/id/5
INFO: [ app_init ] --START--
INFO: Run Behavior\BuildLiteBehavior [ RunTime:0.000025s ]
INFO: [ app_init ] --END-- [ RunTime:0.000560s ]

[ 2015-09-12T13:27:42+08:00 ] 127.0.0.1 /club/index.php/Admin/Club/showDeleteClub/id/5
INFO: [ app_init ] --START--
INFO: Run Behavior\BuildLiteBehavior [ RunTime:0.000016s ]
INFO: [ app_init ] --END-- [ RunTime:0.000424s ]

[ 2015-09-12T13:27:46+08:00 ] 127.0.0.1 /club/index.php/Admin/Activity/index.html
INFO: [ app_init ] --START--
INFO: Run Behavior\BuildLiteBehavior [ RunTime:0.000032s ]
INFO: [ app_init ] --END-- [ RunTime:0.000696s ]

[ 2015-09-12T13:33:11+08:00 ] 127.0.0.1 /club/index.php/Admin/Club/index
INFO: [ app_init ] --START--
INFO: Run Behavior\BuildLiteBehavior [ RunTime:0.000021s ]
INFO: [ app_init ] --END-- [ RunTime:0.000538s ]

[ 2015-09-12T13:33:12+08:00 ] 127.0.0.1 /club/index.php/Admin/Club/passedClub
INFO: [ app_init ] --START--
INFO: Run Behavior\BuildLiteBehavior [ RunTime:0.000029s ]
INFO: [ app_init ] --END-- [ RunTime:0.000670s ]

[ 2015-09-12T13:33:13+08:00 ] 127.0.0.1 /club/index.php/Admin/Club/showPassedClub/id/3
INFO: [ app_init ] --START--
INFO: Run Behavior\BuildLiteBehavior [ RunTime:0.000034s ]
INFO: [ app_init ] --END-- [ RunTime:0.000788s ]

[ 2015-09-12T13:37:43+08:00 ] 127.0.0.1 /club/index.php/Admin/Activity/index.html
INFO: [ app_init ] --START--
INFO: Run Behavior\BuildLiteBehavior [ RunTime:0.000026s ]
INFO: [ app_init ] --END-- [ RunTime:0.000486s ]

[ 2015-09-12T13:39:04+08:00 ] 127.0.0.1 /club/index.php/Admin/Club/passedClub
INFO: [ app_init ] --START--
INFO: Run Behavior\BuildLiteBehavior [ RunTime:0.000024s ]
INFO: [ app_init ] --END-- [ RunTime:0.000588s ]

[ 2015-09-12T13:39:05+08:00 ] 127.0.0.1 /club/index.php/Admin/Activity/index.html
INFO: [ app_init ] --START--
INFO: Run Behavior\BuildLiteBehavior [ RunTime:0.000025s ]
INFO: [ app_init ] --END-- [ RunTime:0.000629s ]

[ 2015-09-12T13:39:10+08:00 ] 127.0.0.1 /club/index.php/Admin/Activity/index.html
INFO: [ app_init ] --START--
INFO: Run Behavior\BuildLiteBehavior [ RunTime:0.000021s ]
INFO: [ app_init ] --END-- [ RunTime:0.000538s ]

[ 2015-09-12T13:39:11+08:00 ] 127.0.0.1 /club/index.php/Admin/Club/index.html
INFO: [ app_init ] --START--
INFO: Run Behavior\BuildLiteBehavior [ RunTime:0.000033s ]
INFO: [ app_init ] --END-- [ RunTime:0.000867s ]

[ 2015-09-12T13:39:12+08:00 ] 127.0.0.1 /club/index.php/Admin/Club/index.html
INFO: [ app_init ] --START--
INFO: Run Behavior\BuildLiteBehavior [ RunTime:0.000019s ]
INFO: [ app_init ] --END-- [ RunTime:0.000759s ]

[ 2015-09-12T13:42:54+08:00 ] 127.0.0.1 /club/index.php/Admin/Club/index.html
INFO: [ app_init ] --START--
INFO: Run Behavior\BuildLiteBehavior [ RunTime:0.000025s ]
INFO: [ app_init ] --END-- [ RunTime:0.000733s ]

[ 2015-09-12T13:42:55+08:00 ] 127.0.0.1 /club/index.php/Admin/Activity/index.html
INFO: [ app_init ] --START--
INFO: Run Behavior\BuildLiteBehavior [ RunTime:0.000060s ]
INFO: [ app_init ] --END-- [ RunTime:0.000627s ]

[ 2015-09-12T13:43:45+08:00 ] 127.0.0.1 /club/index.php/Admin/Activity/index.html
INFO: [ app_init ] --START--
INFO: Run Behavior\BuildLiteBehavior [ RunTime:0.000016s ]
INFO: [ app_init ] --END-- [ RunTime:0.000435s ]

[ 2015-09-12T13:43:46+08:00 ] 127.0.0.1 /club/index.php/Admin/Activity/showActivity/id/12
INFO: [ app_init ] --START--
INFO: Run Behavior\BuildLiteBehavior [ RunTime:0.000018s ]
INFO: [ app_init ] --END-- [ RunTime:0.000449s ]

[ 2015-09-12T13:43:48+08:00 ] 127.0.0.1 /club/index.php/Admin/Activity/index.html
INFO: [ app_init ] --START--
INFO: Run Behavior\BuildLiteBehavior [ RunTime:0.000018s ]
INFO: [ app_init ] --END-- [ RunTime:0.000453s ]

[ 2015-09-12T13:44:03+08:00 ] 127.0.0.1 /club/index.php/Admin/Activity/index.html
INFO: [ app_init ] --START--
INFO: Run Behavior\BuildLiteBehavior [ RunTime:0.000025s ]
INFO: [ app_init ] --END-- [ RunTime:0.000451s ]

[ 2015-09-12T13:46:47+08:00 ] 127.0.0.1 /club/index.php/Admin/Activity/index.html
INFO: [ app_init ] --START--
INFO: Run Behavior\BuildLiteBehavior [ RunTime:0.000018s ]
INFO: [ app_init ] --END-- [ RunTime:0.000438s ]

[ 2015-09-12T13:46:49+08:00 ] 127.0.0.1 /club/index.php/Admin/Activity/showActivity/id/14
INFO: [ app_init ] --START--
INFO: Run Behavior\BuildLiteBehavior [ RunTime:0.000022s ]
INFO: [ app_init ] --END-- [ RunTime:0.000581s ]

[ 2015-09-12T13:46:54+08:00 ] 127.0.0.1 /club/index.php/Admin/Activity/showActivity/id/12
INFO: [ app_init ] --START--
INFO: Run Behavior\BuildLiteBehavior [ RunTime:0.000017s ]
INFO: [ app_init ] --END-- [ RunTime:0.000446s ]

[ 2015-09-12T13:46:56+08:00 ] 127.0.0.1 /club/index.php/Admin/Activity/showActivity/id/7
INFO: [ app_init ] --START--
INFO: Run Behavior\BuildLiteBehavior [ RunTime:0.000018s ]
INFO: [ app_init ] --END-- [ RunTime:0.000573s ]

[ 2015-09-12T13:47:37+08:00 ] 127.0.0.1 /club/index.php/Admin/Activity/showActivity/id/7
INFO: [ app_init ] --START--
INFO: Run Behavior\BuildLiteBehavior [ RunTime:0.000018s ]
INFO: [ app_init ] --END-- [ RunTime:0.000463s ]

[ 2015-09-12T13:47:39+08:00 ] 127.0.0.1 /club/index.php/Admin/Activity/showActivity/id/7
INFO: [ app_init ] --START--
INFO: Run Behavior\BuildLiteBehavior [ RunTime:0.000027s ]
INFO: [ app_init ] --END-- [ RunTime:0.000815s ]

[ 2015-09-12T13:47:40+08:00 ] 127.0.0.1 /club/index.php/Admin/Activity/showActivity/id/12
INFO: [ app_init ] --START--
INFO: Run Behavior\BuildLiteBehavior [ RunTime:0.000016s ]
INFO: [ app_init ] --END-- [ RunTime:0.000370s ]

[ 2015-09-12T13:47:42+08:00 ] 127.0.0.1 /club/index.php/Admin/Activity/showActivity/id/12
INFO: [ app_init ] --START--
INFO: Run Behavior\BuildLiteBehavior [ RunTime:0.000024s ]
INFO: [ app_init ] --END-- [ RunTime:0.000545s ]

[ 2015-09-12T13:47:43+08:00 ] 127.0.0.1 /club/index.php/Admin/Activity/showActivity/id/14
INFO: [ app_init ] --START--
INFO: Run Behavior\BuildLiteBehavior [ RunTime:0.000045s ]
INFO: [ app_init ] --END-- [ RunTime:0.000625s ]

[ 2015-09-12T13:48:36+08:00 ] 127.0.0.1 /club/index.php/Admin/Activity/showActivity/id/12
INFO: [ app_init ] --START--
INFO: Run Behavior\BuildLiteBehavior [ RunTime:0.000019s ]
INFO: [ app_init ] --END-- [ RunTime:0.000519s ]

[ 2015-09-12T13:48:40+08:00 ] 127.0.0.1 /club/index.php/Admin/Activity/delete?id=12
INFO: [ app_init ] --START--
INFO: Run Behavior\BuildLiteBehavior [ RunTime:0.000015s ]
INFO: [ app_init ] --END-- [ RunTime:0.000474s ]
INFO: [ app_begin ] --START--
INFO: Run Behavior\ReadHtmlCacheBehavior [ RunTime:0.001672s ]
INFO: [ app_begin ] --END-- [ RunTime:0.001874s ]
SQL: SHOW COLUMNS FROM `club_activity` [ RunTime:0.0031s ]
SQL: UPDATE `club_activity` SET `status`='3' WHERE `id` = 12 [ RunTime:0.0004s ]

[ 2015-09-12T13:48:40+08:00 ] 127.0.0.1 /club/index.php/Admin/Activity
INFO: [ app_init ] --START--
INFO: Run Behavior\BuildLiteBehavior [ RunTime:0.000023s ]
INFO: [ app_init ] --END-- [ RunTime:0.000532s ]

[ 2015-09-12T13:50:22+08:00 ] 127.0.0.1 /club/index.php/Admin/Activity
INFO: [ app_init ] --START--
INFO: Run Behavior\BuildLiteBehavior [ RunTime:0.000016s ]
INFO: [ app_init ] --END-- [ RunTime:0.000431s ]

[ 2015-09-12T13:50:23+08:00 ] 127.0.0.1 /club/index.php/Admin/Activity/passedActivity
INFO: [ app_init ] --START--
INFO: Run Behavior\BuildLiteBehavior [ RunTime:0.000017s ]
INFO: [ app_init ] --END-- [ RunTime:0.000448s ]

[ 2015-09-12T13:50:24+08:00 ] 127.0.0.1 /club/index.php/Admin/Activity/showActivity/id/1
INFO: [ app_init ] --START--
INFO: Run Behavior\BuildLiteBehavior [ RunTime:0.000018s ]
INFO: [ app_init ] --END-- [ RunTime:0.000519s ]

[ 2015-09-12T13:51:06+08:00 ] 127.0.0.1 /club/index.php/Admin/Activity/passedActivity
INFO: [ app_init ] --START--
INFO: Run Behavior\BuildLiteBehavior [ RunTime:0.000018s ]
INFO: [ app_init ] --END-- [ RunTime:0.000440s ]

[ 2015-09-12T13:51:07+08:00 ] 127.0.0.1 /club/index.php/Admin/Activity/showActivity/id/1
INFO: [ app_init ] --START--
INFO: Run Behavior\BuildLiteBehavior [ RunTime:0.000024s ]
INFO: [ app_init ] --END-- [ RunTime:0.000569s ]

[ 2015-09-12T13:51:27+08:00 ] 127.0.0.1 /club/index.php/Admin/Activity/passedActivity
INFO: [ app_init ] --START--
INFO: Run Behavior\BuildLiteBehavior [ RunTime:0.000017s ]
INFO: [ app_init ] --END-- [ RunTime:0.000380s ]

[ 2015-09-12T13:51:29+08:00 ] 127.0.0.1 /club/index.php/Admin/Activity/showPassedActivity/id/1
INFO: [ app_init ] --START--
INFO: Run Behavior\BuildLiteBehavior [ RunTime:0.000018s ]
INFO: [ app_init ] --END-- [ RunTime:0.000468s ]

[ 2015-09-12T13:51:32+08:00 ] 127.0.0.1 /club/index.php/Admin/Activity/showPassedActivity/id/1
INFO: [ app_init ] --START--
INFO: Run Behavior\BuildLiteBehavior [ RunTime:0.000017s ]
INFO: [ app_init ] --END-- [ RunTime:0.000440s ]

[ 2015-09-12T13:51:36+08:00 ] 127.0.0.1 /club/index.php/Admin/Activity/recycle
INFO: [ app_init ] --START--
INFO: Run Behavior\BuildLiteBehavior [ RunTime:0.000018s ]
INFO: [ app_init ] --END-- [ RunTime:0.000548s ]

[ 2015-09-12T13:54:16+08:00 ] 127.0.0.1 /club/index.php/Admin/Activity/passedActivity
INFO: [ app_init ] --START--
INFO: Run Behavior\BuildLiteBehavior [ RunTime:0.000019s ]
INFO: [ app_init ] --END-- [ RunTime:0.000502s ]

[ 2015-09-12T13:54:17+08:00 ] 127.0.0.1 /club/index.php/Admin/Activity/recycle
INFO: [ app_init ] --START--
INFO: Run Behavior\BuildLiteBehavior [ RunTime:0.000017s ]
INFO: [ app_init ] --END-- [ RunTime:0.000449s ]

[ 2015-09-12T13:54:33+08:00 ] 127.0.0.1 /club/index.php/Admin/Activity/passedActivity
INFO: [ app_init ] --START--
INFO: Run Behavior\BuildLiteBehavior [ RunTime:0.000019s ]
INFO: [ app_init ] --END-- [ RunTime:0.000462s ]

[ 2015-09-12T13:54:34+08:00 ] 127.0.0.1 /club/index.php/Admin/Activity/recycle
INFO: [ app_init ] --START--
INFO: Run Behavior\BuildLiteBehavior [ RunTime:0.000031s ]
INFO: [ app_init ] --END-- [ RunTime:0.000776s ]

[ 2015-09-12T13:54:45+08:00 ] 127.0.0.1 /club/index.php/Admin/Activity/showDeleteActivity/id/12
INFO: [ app_init ] --START--
INFO: Run Behavior\BuildLiteBehavior [ RunTime:0.000020s ]
INFO: [ app_init ] --END-- [ RunTime:0.000481s ]

[ 2015-09-12T13:55:17+08:00 ] 127.0.0.1 /club/index.php/Admin/Activity/recycle
INFO: [ app_init ] --START--
INFO: Run Behavior\BuildLiteBehavior [ RunTime:0.000019s ]
INFO: [ app_init ] --END-- [ RunTime:0.000445s ]

[ 2015-09-12T13:55:18+08:00 ] 127.0.0.1 /club/index.php/Admin/Activity/recycle
INFO: [ app_init ] --START--
INFO: Run Behavior\BuildLiteBehavior [ RunTime:0.000017s ]
INFO: [ app_init ] --END-- [ RunTime:0.000428s ]

[ 2015-09-12T13:55:18+08:00 ] 127.0.0.1 /club/index.php/Admin/Activity/showDeleteActivity/id/12
INFO: [ app_init ] --START--
INFO: Run Behavior\BuildLiteBehavior [ RunTime:0.000034s ]
INFO: [ app_init ] --END-- [ RunTime:0.000690s ]

[ 2015-09-12T13:55:25+08:00 ] 127.0.0.1 /club/index.php/Admin/Club/recover
INFO: [ app_init ] --START--
INFO: Run Behavior\BuildLiteBehavior [ RunTime:0.000027s ]
INFO: [ app_init ] --END-- [ RunTime:0.000576s ]
INFO: [ app_begin ] --START--
INFO: Run Behavior\ReadHtmlCacheBehavior [ RunTime:0.000772s ]
INFO: [ app_begin ] --END-- [ RunTime:0.000852s ]

[ 2015-09-12T13:55:51+08:00 ] 127.0.0.1 /club/index.php/Admin/Activity/recycle
INFO: [ app_init ] --START--
INFO: Run Behavior\BuildLiteBehavior [ RunTime:0.000021s ]
INFO: [ app_init ] --END-- [ RunTime:0.000501s ]

[ 2015-09-12T13:55:52+08:00 ] 127.0.0.1 /club/index.php/Admin/Activity/showDeleteActivity/id/12
INFO: [ app_init ] --START--
INFO: Run Behavior\BuildLiteBehavior [ RunTime:0.000017s ]
INFO: [ app_init ] --END-- [ RunTime:0.000430s ]

[ 2015-09-12T13:55:55+08:00 ] 127.0.0.1 /club/index.php/Admin/Club/recover?id=12
INFO: [ app_init ] --START--
INFO: Run Behavior\BuildLiteBehavior [ RunTime:0.000019s ]
INFO: [ app_init ] --END-- [ RunTime:0.000474s ]
INFO: [ app_begin ] --START--
INFO: Run Behavior\ReadHtmlCacheBehavior [ RunTime:0.000862s ]
INFO: [ app_begin ] --END-- [ RunTime:0.000929s ]
SQL: SHOW COLUMNS FROM `club_club` [ RunTime:0.0043s ]
SQL: UPDATE `club_club` SET `status`='0' WHERE `id` = 12 [ RunTime:0.0003s ]

[ 2015-09-12T13:55:58+08:00 ] 127.0.0.1 /club/index.php/Admin/Club/recover?id=12
INFO: [ app_init ] --START--
INFO: Run Behavior\BuildLiteBehavior [ RunTime:0.000028s ]
INFO: [ app_init ] --END-- [ RunTime:0.000625s ]
INFO: [ app_begin ] --START--
INFO: Run Behavior\ReadHtmlCacheBehavior [ RunTime:0.001113s ]
INFO: [ app_begin ] --END-- [ RunTime:0.001242s ]
SQL: SHOW COLUMNS FROM `club_club` [ RunTime:0.0036s ]
SQL: UPDATE `club_club` SET `status`='0' WHERE `id` = 12 [ RunTime:0.0003s ]

[ 2015-09-12T13:56:45+08:00 ] 127.0.0.1 /club/index.php/Admin/Activity/showDeleteActivity/id/12
INFO: [ app_init ] --START--
INFO: Run Behavior\BuildLiteBehavior [ RunTime:0.000023s ]
INFO: [ app_init ] --END-- [ RunTime:0.000600s ]

[ 2015-09-12T13:56:47+08:00 ] 127.0.0.1 /club/index.php/Admin/Club/recover?id=12
INFO: [ app_init ] --START--
INFO: Run Behavior\BuildLiteBehavior [ RunTime:0.000017s ]
INFO: [ app_init ] --END-- [ RunTime:0.000461s ]
INFO: [ app_begin ] --START--
INFO: Run Behavior\ReadHtmlCacheBehavior [ RunTime:0.000571s ]
INFO: [ app_begin ] --END-- [ RunTime:0.000635s ]
SQL: SHOW COLUMNS FROM `club_club` [ RunTime:0.0036s ]
SQL: UPDATE `club_club` SET `status`='0' WHERE `id` = 12 [ RunTime:0.0004s ]

[ 2015-09-12T13:56:50+08:00 ] 127.0.0.1 /club/index.php/Admin/Activity/showDeleteActivity/id/12
INFO: [ app_init ] --START--
INFO: Run Behavior\BuildLiteBehavior [ RunTime:0.000016s ]
INFO: [ app_init ] --END-- [ RunTime:0.000468s ]

[ 2015-09-12T13:56:50+08:00 ] 127.0.0.1 /club/index.php/Admin/Activity/showDeleteActivity/id/12
INFO: [ app_init ] --START--
INFO: Run Behavior\BuildLiteBehavior [ RunTime:0.000018s ]
INFO: [ app_init ] --END-- [ RunTime:0.000457s ]

[ 2015-09-12T13:56:52+08:00 ] 127.0.0.1 /club/index.php/Admin/Club/recover?id=12
INFO: [ app_init ] --START--
INFO: Run Behavior\BuildLiteBehavior [ RunTime:0.000015s ]
INFO: [ app_init ] --END-- [ RunTime:0.000487s ]
INFO: [ app_begin ] --START--
INFO: Run Behavior\ReadHtmlCacheBehavior [ RunTime:0.001192s ]
INFO: [ app_begin ] --END-- [ RunTime:0.001468s ]
SQL: SHOW COLUMNS FROM `club_club` [ RunTime:0.0040s ]
SQL: UPDATE `club_club` SET `status`='0' WHERE `id` = 12 [ RunTime:0.0004s ]

[ 2015-09-12T13:57:40+08:00 ] 127.0.0.1 /club/index.php/Admin/Activity/showDeleteActivity/id/12
INFO: [ app_init ] --START--
INFO: Run Behavior\BuildLiteBehavior [ RunTime:0.000020s ]
INFO: [ app_init ] --END-- [ RunTime:0.000550s ]

[ 2015-09-12T13:57:42+08:00 ] 127.0.0.1 /club/index.php/Admin/Activity/recover?id=12
INFO: [ app_init ] --START--
INFO: Run Behavior\BuildLiteBehavior [ RunTime:0.000016s ]
INFO: [ app_init ] --END-- [ RunTime:0.000568s ]
INFO: [ app_begin ] --START--
INFO: Run Behavior\ReadHtmlCacheBehavior [ RunTime:0.000757s ]
INFO: [ app_begin ] --END-- [ RunTime:0.000824s ]
SQL: SHOW COLUMNS FROM `club_activity` [ RunTime:0.0031s ]
SQL: UPDATE `club_activity` SET `status`='0' WHERE `id` = 12 [ RunTime:0.0004s ]

[ 2015-09-12T13:57:42+08:00 ] 127.0.0.1 /club/index.php/Admin/Activity/recycle
INFO: [ app_init ] --START--
INFO: Run Behavior\BuildLiteBehavior [ RunTime:0.000017s ]
INFO: [ app_init ] --END-- [ RunTime:0.000513s ]

[ 2015-09-12T13:57:43+08:00 ] 127.0.0.1 /club/index.php/Admin/Activity/index
INFO: [ app_init ] --START--
INFO: Run Behavior\BuildLiteBehavior [ RunTime:0.000021s ]
INFO: [ app_init ] --END-- [ RunTime:0.000489s ]

[ 2015-09-12T13:57:47+08:00 ] 127.0.0.1 /club/index.php/Admin/Activity/showActivity/id/12
INFO: [ app_init ] --START--
INFO: Run Behavior\BuildLiteBehavior [ RunTime:0.000026s ]
INFO: [ app_init ] --END-- [ RunTime:0.000748s ]

[ 2015-09-12T13:57:49+08:00 ] 127.0.0.1 /club/index.php/Admin/Activity/showActivity/id/7
INFO: [ app_init ] --START--
INFO: Run Behavior\BuildLiteBehavior [ RunTime:0.000030s ]
INFO: [ app_init ] --END-- [ RunTime:0.000633s ]

[ 2015-09-12T13:57:53+08:00 ] 127.0.0.1 /club/index.php/Admin/Activity/delete?id=7
INFO: [ app_init ] --START--
INFO: Run Behavior\BuildLiteBehavior [ RunTime:0.000016s ]
INFO: [ app_init ] --END-- [ RunTime:0.000453s ]
INFO: [ app_begin ] --START--
INFO: Run Behavior\ReadHtmlCacheBehavior [ RunTime:0.000957s ]
INFO: [ app_begin ] --END-- [ RunTime:0.001169s ]
SQL: SHOW COLUMNS FROM `club_activity` [ RunTime:0.0031s ]
SQL: UPDATE `club_activity` SET `status`='3' WHERE `id` = 7 [ RunTime:0.0004s ]

[ 2015-09-12T13:57:53+08:00 ] 127.0.0.1 /club/index.php/Admin/Activity
INFO: [ app_init ] --START--
INFO: Run Behavior\BuildLiteBehavior [ RunTime:0.000015s ]
INFO: [ app_init ] --END-- [ RunTime:0.000418s ]

[ 2015-09-12T13:57:54+08:00 ] 127.0.0.1 /club/index.php/Admin/Activity/recycle
INFO: [ app_init ] --START--
INFO: Run Behavior\BuildLiteBehavior [ RunTime:0.000019s ]
INFO: [ app_init ] --END-- [ RunTime:0.000447s ]

[ 2015-09-12T13:57:55+08:00 ] 127.0.0.1 /club/index.php/Admin/Activity/passedActivity
INFO: [ app_init ] --START--
INFO: Run Behavior\BuildLiteBehavior [ RunTime:0.000018s ]
INFO: [ app_init ] --END-- [ RunTime:0.000434s ]

[ 2015-09-12T13:57:56+08:00 ] 127.0.0.1 /club/index.php/Admin/Activity/recycle
INFO: [ app_init ] --START--
INFO: Run Behavior\BuildLiteBehavior [ RunTime:0.000035s ]
INFO: [ app_init ] --END-- [ RunTime:0.000636s ]

[ 2015-09-12T13:57:57+08:00 ] 127.0.0.1 /club/index.php/Admin/Activity/showDeleteActivity/id/7
INFO: [ app_init ] --START--
INFO: Run Behavior\BuildLiteBehavior [ RunTime:0.000016s ]
INFO: [ app_init ] --END-- [ RunTime:0.000533s ]

[ 2015-09-12T13:58:01+08:00 ] 127.0.0.1 /club/index.php/Admin/Activity/recover?id=7
INFO: [ app_init ] --START--
INFO: Run Behavior\BuildLiteBehavior [ RunTime:0.000016s ]
INFO: [ app_init ] --END-- [ RunTime:0.000498s ]
INFO: [ app_begin ] --START--
INFO: Run Behavior\ReadHtmlCacheBehavior [ RunTime:0.000741s ]
INFO: [ app_begin ] --END-- [ RunTime:0.000802s ]
SQL: SHOW COLUMNS FROM `club_activity` [ RunTime:0.0218s ]
SQL: UPDATE `club_activity` SET `status`='0' WHERE `id` = 7 [ RunTime:0.0004s ]

[ 2015-09-12T13:58:01+08:00 ] 127.0.0.1 /club/index.php/Admin/Activity/recycle
INFO: [ app_init ] --START--
INFO: Run Behavior\BuildLiteBehavior [ RunTime:0.000018s ]
INFO: [ app_init ] --END-- [ RunTime:0.000525s ]

[ 2015-09-12T13:58:01+08:00 ] 127.0.0.1 /club/index.php/Admin/Activity/index
INFO: [ app_init ] --START--
INFO: Run Behavior\BuildLiteBehavior [ RunTime:0.000020s ]
INFO: [ app_init ] --END-- [ RunTime:0.000482s ]

[ 2015-09-12T13:58:02+08:00 ] 127.0.0.1 /club/index.php/Admin/Activity/showActivity/id/12
INFO: [ app_init ] --START--
INFO: Run Behavior\BuildLiteBehavior [ RunTime:0.000017s ]
INFO: [ app_init ] --END-- [ RunTime:0.000434s ]

[ 2015-09-12T13:58:05+08:00 ] 127.0.0.1 /club/index.php/Admin/Activity/delete?id=12
INFO: [ app_init ] --START--
INFO: Run Behavior\BuildLiteBehavior [ RunTime:0.000028s ]
INFO: [ app_init ] --END-- [ RunTime:0.000683s ]
INFO: [ app_begin ] --START--
INFO: Run Behavior\ReadHtmlCacheBehavior [ RunTime:0.001099s ]
INFO: [ app_begin ] --END-- [ RunTime:0.001206s ]
SQL: SHOW COLUMNS FROM `club_activity` [ RunTime:0.0031s ]
SQL: UPDATE `club_activity` SET `status`='3' WHERE `id` = 12 [ RunTime:0.0003s ]

[ 2015-09-12T13:58:05+08:00 ] 127.0.0.1 /club/index.php/Admin/Activity
INFO: [ app_init ] --START--
INFO: Run Behavior\BuildLiteBehavior [ RunTime:0.000024s ]
INFO: [ app_init ] --END-- [ RunTime:0.000624s ]

[ 2015-09-12T13:58:06+08:00 ] 127.0.0.1 /club/index.php/Admin/Activity/passedActivity
INFO: [ app_init ] --START--
INFO: Run Behavior\BuildLiteBehavior [ RunTime:0.000032s ]
INFO: [ app_init ] --END-- [ RunTime:0.000787s ]

[ 2015-09-12T13:58:13+08:00 ] 127.0.0.1 /club/index.php/Admin/Club/index.html
INFO: [ app_init ] --START--
INFO: Run Behavior\BuildLiteBehavior [ RunTime:0.000033s ]
INFO: [ app_init ] --END-- [ RunTime:0.000805s ]

[ 2015-09-12T13:58:15+08:00 ] 127.0.0.1 /club/index.php/Admin/Index/loginOut.html
INFO: [ app_init ] --START--
INFO: Run Behavior\BuildLiteBehavior [ RunTime:0.000023s ]
INFO: [ app_init ] --END-- [ RunTime:0.000612s ]

[ 2015-09-12T13:58:15+08:00 ] 127.0.0.1 /club/index.php/Admin/Login/index.html
INFO: [ app_init ] --START--
INFO: Run Behavior\BuildLiteBehavior [ RunTime:0.000016s ]
INFO: [ app_init ] --END-- [ RunTime:0.000426s ]

[ 2015-09-12T14:17:21+08:00 ] 127.0.0.1 /club/index.php/Admin/Register/index.html
INFO: [ app_init ] --START--
INFO: Run Behavior\BuildLiteBehavior [ RunTime:0.000038s ]
INFO: [ app_init ] --END-- [ RunTime:0.000753s ]
ERR: 无法加载控制器:Register

[ 2015-09-12T14:17:52+08:00 ] 127.0.0.1 /club/index.php/Admin/Login/index.html
INFO: [ app_init ] --START--
INFO: Run Behavior\BuildLiteBehavior [ RunTime:0.000036s ]
INFO: [ app_init ] --END-- [ RunTime:0.000722s ]

[ 2015-09-12T14:18:16+08:00 ] 127.0.0.1 /club/index.php/Admin/Login/index.html
INFO: [ app_init ] --START--
INFO: Run Behavior\BuildLiteBehavior [ RunTime:0.000018s ]
INFO: [ app_init ] --END-- [ RunTime:0.000449s ]

[ 2015-09-12T14:18:27+08:00 ] 127.0.0.1 /club/index.php/Admin/Login/index.html
INFO: [ app_init ] --START--
INFO: Run Behavior\BuildLiteBehavior [ RunTime:0.000017s ]
INFO: [ app_init ] --END-- [ RunTime:0.000491s ]

[ 2015-09-12T14:19:39+08:00 ] 127.0.0.1 /club/index.php/Admin/Login/index.html
INFO: [ app_init ] --START--
INFO: Run Behavior\BuildLiteBehavior [ RunTime:0.000026s ]
INFO: [ app_init ] --END-- [ RunTime:0.000624s ]

[ 2015-09-12T14:20:26+08:00 ] 127.0.0.1 /club/index.php/Admin/Login/index.html
INFO: [ app_init ] --START--
INFO: Run Behavior\BuildLiteBehavior [ RunTime:0.000018s ]
INFO: [ app_init ] --END-- [ RunTime:0.000518s ]

[ 2015-09-12T14:20:53+08:00 ] 127.0.0.1 /club/index.php/Admin/Login/handle
INFO: [ app_init ] --START--
INFO: Run Behavior\BuildLiteBehavior [ RunTime:0.000016s ]
INFO: [ app_init ] --END-- [ RunTime:0.000375s ]
INFO: [ app_begin ] --START--
INFO: Run Behavior\ReadHtmlCacheBehavior [ RunTime:0.000570s ]
INFO: [ app_begin ] --END-- [ RunTime:0.000638s ]
NOTIC: [2] Missing argument 1 for I(), called in D:\WWW\club\Application\Admin\Controller\LoginController.class.php on line 28 and defined D:\WWW\club\ThinkPHP\Common\functions.php 第 271 行.
NOTIC: [8] Undefined variable: name D:\WWW\club\ThinkPHP\Common\functions.php 第 273 行.
NOTIC: [8] Undefined variable: name D:\WWW\club\ThinkPHP\Common\functions.php 第 278 行.
NOTIC: [8] Undefined variable: name D:\WWW\club\ThinkPHP\Common\functions.php 第 339 行.
SQL: SHOW COLUMNS FROM `club_admin` [ RunTime:0.0037s ]
SQL: SELECT * FROM `club_admin` WHERE `username` = 'admin' LIMIT 1   [ RunTime:0.0004s ]

[ 2015-09-12T14:20:53+08:00 ] 127.0.0.1 /club/index.php/Admin/Club/index
INFO: [ app_init ] --START--
INFO: Run Behavior\BuildLiteBehavior [ RunTime:0.000015s ]
INFO: [ app_init ] --END-- [ RunTime:0.000462s ]

[ 2015-09-12T14:20:57+08:00 ] 127.0.0.1 /club/index.php/Admin/Club/passedClub
INFO: [ app_init ] --START--
INFO: Run Behavior\BuildLiteBehavior [ RunTime:0.000023s ]
INFO: [ app_init ] --END-- [ RunTime:0.000544s ]

[ 2015-09-12T14:20:58+08:00 ] 127.0.0.1 /club/index.php/Admin/Club/recycle
INFO: [ app_init ] --START--
INFO: Run Behavior\BuildLiteBehavior [ RunTime:0.000019s ]
INFO: [ app_init ] --END-- [ RunTime:0.000397s ]

[ 2015-09-12T14:20:59+08:00 ] 127.0.0.1 /club/index.php/Admin/Club/index
INFO: [ app_init ] --START--
INFO: Run Behavior\BuildLiteBehavior [ RunTime:0.000021s ]
INFO: [ app_init ] --END-- [ RunTime:0.000441s ]

[ 2015-09-12T14:21:00+08:00 ] 127.0.0.1 /club/index.php/Admin/Club/showClub/id/8
INFO: [ app_init ] --START--
INFO: Run Behavior\BuildLiteBehavior [ RunTime:0.000019s ]
INFO: [ app_init ] --END-- [ RunTime:0.000429s ]

[ 2015-09-12T14:21:06+08:00 ] 127.0.0.1 /club/index.php/Admin/Club/showClub/id/8
INFO: [ app_init ] --START--
INFO: Run Behavior\BuildLiteBehavior [ RunTime:0.000027s ]
INFO: [ app_init ] --END-- [ RunTime:0.000663s ]

[ 2015-09-12T14:21:10+08:00 ] 127.0.0.1 /club/index.php/Admin/Club/delete?id=8
INFO: [ app_init ] --START--
INFO: Run Behavior\BuildLiteBehavior [ RunTime:0.000016s ]
INFO: [ app_init ] --END-- [ RunTime:0.000477s ]
INFO: [ app_begin ] --START--
INFO: Run Behavior\ReadHtmlCacheBehavior [ RunTime:0.000936s ]
INFO: [ app_begin ] --END-- [ RunTime:0.001006s ]
SQL: SHOW COLUMNS FROM `club_club` [ RunTime:0.0035s ]
SQL: UPDATE `club_club` SET `status`='3' WHERE `id` = 8 [ RunTime:0.0005s ]

[ 2015-09-12T14:21:10+08:00 ] 127.0.0.1 /club/index.php/Admin/Club
INFO: [ app_init ] --START--
INFO: Run Behavior\BuildLiteBehavior [ RunTime:0.000017s ]
INFO: [ app_init ] --END-- [ RunTime:0.000420s ]

[ 2015-09-12T14:21:12+08:00 ] 127.0.0.1 /club/index.php/Admin/Club/passedClub
INFO: [ app_init ] --START--
INFO: Run Behavior\BuildLiteBehavior [ RunTime:0.000028s ]
INFO: [ app_init ] --END-- [ RunTime:0.000666s ]

[ 2015-09-12T14:21:13+08:00 ] 127.0.0.1 /club/index.php/Admin/Club/recycle
INFO: [ app_init ] --START--
INFO: Run Behavior\BuildLiteBehavior [ RunTime:0.000021s ]
INFO: [ app_init ] --END-- [ RunTime:0.000458s ]

[ 2015-09-12T14:21:14+08:00 ] 127.0.0.1 /club/index.php/Admin/Club/showDeleteClub/id/8
INFO: [ app_init ] --START--
INFO: Run Behavior\BuildLiteBehavior [ RunTime:0.000034s ]
INFO: [ app_init ] --END-- [ RunTime:0.000668s ]

[ 2015-09-12T14:21:17+08:00 ] 127.0.0.1 /club/index.php/Admin/Club/recover?id=8
INFO: [ app_init ] --START--
INFO: Run Behavior\BuildLiteBehavior [ RunTime:0.000016s ]
INFO: [ app_init ] --END-- [ RunTime:0.000450s ]
INFO: [ app_begin ] --START--
INFO: Run Behavior\ReadHtmlCacheBehavior [ RunTime:0.000773s ]
INFO: [ app_begin ] --END-- [ RunTime:0.000834s ]
SQL: SHOW COLUMNS FROM `club_club` [ RunTime:0.0032s ]
SQL: UPDATE `club_club` SET `status`='0' WHERE `id` = 8 [ RunTime:0.0004s ]

[ 2015-09-12T14:21:17+08:00 ] 127.0.0.1 /club/index.php/Admin/Club/recycle
INFO: [ app_init ] --START--
INFO: Run Behavior\BuildLiteBehavior [ RunTime:0.000024s ]
INFO: [ app_init ] --END-- [ RunTime:0.000571s ]

[ 2015-09-12T14:21:18+08:00 ] 127.0.0.1 /club/index.php/Admin/Club/index
INFO: [ app_init ] --START--
INFO: Run Behavior\BuildLiteBehavior [ RunTime:0.000020s ]
INFO: [ app_init ] --END-- [ RunTime:0.000469s ]

[ 2015-09-12T14:21:20+08:00 ] 127.0.0.1 /club/index.php/Admin/Club/passedClub
INFO: [ app_init ] --START--
INFO: Run Behavior\BuildLiteBehavior [ RunTime:0.000024s ]
INFO: [ app_init ] --END-- [ RunTime:0.000602s ]

[ 2015-09-12T14:21:22+08:00 ] 127.0.0.1 /club/index.php/Admin/Club/showPassedClub/id/3
INFO: [ app_init ] --START--
INFO: Run Behavior\BuildLiteBehavior [ RunTime:0.000017s ]
INFO: [ app_init ] --END-- [ RunTime:0.000438s ]

[ 2015-09-12T14:21:26+08:00 ] 127.0.0.1 /club/index.php/Admin/Club/recycle
INFO: [ app_init ] --START--
INFO: Run Behavior\BuildLiteBehavior [ RunTime:0.000018s ]
INFO: [ app_init ] --END-- [ RunTime:0.000449s ]

[ 2015-09-12T14:21:28+08:00 ] 127.0.0.1 /club/index.php/Admin/Club/showDeleteClub/id/5
INFO: [ app_init ] --START--
INFO: Run Behavior\BuildLiteBehavior [ RunTime:0.000018s ]
INFO: [ app_init ] --END-- [ RunTime:0.000539s ]

[ 2015-09-12T14:21:31+08:00 ] 127.0.0.1 /club/index.php/Admin/Activity/index.html
INFO: [ app_init ] --START--
INFO: Run Behavior\BuildLiteBehavior [ RunTime:0.000028s ]
INFO: [ app_init ] --END-- [ RunTime:0.001045s ]

[ 2015-09-12T14:21:32+08:00 ] 127.0.0.1 /club/index.php/Admin/Activity/showActivity/id/14
INFO: [ app_init ] --START--
INFO: Run Behavior\BuildLiteBehavior [ RunTime:0.000017s ]
INFO: [ app_init ] --END-- [ RunTime:0.000436s ]

[ 2015-09-12T14:21:35+08:00 ] 127.0.0.1 /club/index.php/Admin/Activity/passedActivity
INFO: [ app_init ] --START--
INFO: Run Behavior\BuildLiteBehavior [ RunTime:0.000033s ]
INFO: [ app_init ] --END-- [ RunTime:0.000687s ]

[ 2015-09-12T14:21:36+08:00 ] 127.0.0.1 /club/index.php/Admin/Activity/recycle
INFO: [ app_init ] --START--
INFO: Run Behavior\BuildLiteBehavior [ RunTime:0.000017s ]
INFO: [ app_init ] --END-- [ RunTime:0.000432s ]

[ 2015-09-12T14:54:16+08:00 ] 127.0.0.1 /club/index.php/Admin/Login
INFO: [ app_init ] --START--
INFO: Run Behavior\BuildLiteBehavior [ RunTime:0.000031s ]
INFO: [ app_init ] --END-- [ RunTime:0.000611s ]

[ 2015-09-12T14:54:25+08:00 ] 127.0.0.1 /club/index.php/Admin/Login/handle
INFO: [ app_init ] --START--
INFO: Run Behavior\BuildLiteBehavior [ RunTime:0.000017s ]
INFO: [ app_init ] --END-- [ RunTime:0.000519s ]
INFO: [ app_begin ] --START--
INFO: Run Behavior\ReadHtmlCacheBehavior [ RunTime:0.000756s ]
INFO: [ app_begin ] --END-- [ RunTime:0.000838s ]
NOTIC: [2] Missing argument 1 for I(), called in D:\WWW\club\Application\Admin\Controller\LoginController.class.php on line 28 and defined D:\WWW\club\ThinkPHP\Common\functions.php 第 271 行.
NOTIC: [8] Undefined variable: name D:\WWW\club\ThinkPHP\Common\functions.php 第 273 行.
NOTIC: [8] Undefined variable: name D:\WWW\club\ThinkPHP\Common\functions.php 第 278 行.
NOTIC: [8] Undefined variable: name D:\WWW\club\ThinkPHP\Common\functions.php 第 339 行.
SQL: SHOW COLUMNS FROM `club_admin` [ RunTime:0.0037s ]
SQL: SELECT * FROM `club_admin` WHERE `username` = 'admin' LIMIT 1   [ RunTime:0.0005s ]

[ 2015-09-12T14:54:25+08:00 ] 127.0.0.1 /club/index.php/Admin/Club/index
INFO: [ app_init ] --START--
INFO: Run Behavior\BuildLiteBehavior [ RunTime:0.000017s ]
INFO: [ app_init ] --END-- [ RunTime:0.000658s ]

[ 2015-09-12T14:54:28+08:00 ] 127.0.0.1 /club/index.php/Admin/Activity/index.html
INFO: [ app_init ] --START--
INFO: Run Behavior\BuildLiteBehavior [ RunTime:0.000026s ]
INFO: [ app_init ] --END-- [ RunTime:0.000715s ]

[ 2015-09-12T14:54:29+08:00 ] 127.0.0.1 /club/index.php/Admin/Activity/showActivity/id/14
INFO: [ app_init ] --START--
INFO: Run Behavior\BuildLiteBehavior [ RunTime:0.000017s ]
INFO: [ app_init ] --END-- [ RunTime:0.000442s ]

[ 2015-09-12T14:54:31+08:00 ] 127.0.0.1 /club/index.php/Admin/Activity/showActivity/id/7
INFO: [ app_init ] --START--
INFO: Run Behavior\BuildLiteBehavior [ RunTime:0.000018s ]
INFO: [ app_init ] --END-- [ RunTime:0.000446s ]

[ 2015-09-12T14:54:33+08:00 ] 127.0.0.1 /club/index.php/Admin/Activity/passedActivity
INFO: [ app_init ] --START--
INFO: Run Behavior\BuildLiteBehavior [ RunTime:0.000016s ]
INFO: [ app_init ] --END-- [ RunTime:0.000514s ]

[ 2015-09-12T14:54:34+08:00 ] 127.0.0.1 /club/index.php/Admin/Activity/showPassedActivity/id/1
INFO: [ app_init ] --START--
INFO: Run Behavior\BuildLiteBehavior [ RunTime:0.000017s ]
INFO: [ app_init ] --END-- [ RunTime:0.000457s ]

[ 2015-09-12T14:54:36+08:00 ] 127.0.0.1 /club/index.php/Admin/Activity/recycle
INFO: [ app_init ] --START--
INFO: Run Behavior\BuildLiteBehavior [ RunTime:0.000017s ]
INFO: [ app_init ] --END-- [ RunTime:0.000503s ]

[ 2015-09-12T14:54:37+08:00 ] 127.0.0.1 /club/index.php/Admin/Activity/showDeleteActivity/id/12
INFO: [ app_init ] --START--
INFO: Run Behavior\BuildLiteBehavior [ RunTime:0.000029s ]
INFO: [ app_init ] --END-- [ RunTime:0.000570s ]

[ 2015-09-12T14:55:22+08:00 ] 127.0.0.1 /club/index.php/Admin/Activity/recycle
INFO: [ app_init ] --START--
INFO: Run Behavior\BuildLiteBehavior [ RunTime:0.000021s ]
INFO: [ app_init ] --END-- [ RunTime:0.000572s ]

[ 2015-09-12T14:55:23+08:00 ] 127.0.0.1 /club/index.php/Admin/Activity/index
INFO: [ app_init ] --START--
INFO: Run Behavior\BuildLiteBehavior [ RunTime:0.000025s ]
INFO: [ app_init ] --END-- [ RunTime:0.000523s ]

[ 2015-09-12T14:55:27+08:00 ] 127.0.0.1 /club/index.php/Admin/Activity/passedActivity
INFO: [ app_init ] --START--
INFO: Run Behavior\BuildLiteBehavior [ RunTime:0.000018s ]
INFO: [ app_init ] --END-- [ RunTime:0.000536s ]

[ 2015-09-12T14:55:30+08:00 ] 127.0.0.1 /club/index.php/Admin/Activity/showPassedActivity/id/1
INFO: [ app_init ] --START--
INFO: Run Behavior\BuildLiteBehavior [ RunTime:0.000017s ]
INFO: [ app_init ] --END-- [ RunTime:0.000551s ]

[ 2015-09-12T14:55:34+08:00 ] 127.0.0.1 /club/index.php/Admin/Club/index.html
INFO: [ app_init ] --START--
INFO: Run Behavior\BuildLiteBehavior [ RunTime:0.000030s ]
INFO: [ app_init ] --END-- [ RunTime:0.000958s ]

[ 2015-09-12T14:55:35+08:00 ] 127.0.0.1 /club/index.php/Admin/Club/showClub/id/8
INFO: [ app_init ] --START--
INFO: Run Behavior\BuildLiteBehavior [ RunTime:0.000026s ]
INFO: [ app_init ] --END-- [ RunTime:0.000722s ]

